ARM GAS  C:\Users\SevenI7\AppData\Local\Temp\cc8GX6hm.s 			page 1


   1              		.cpu cortex-m4
   2              		.eabi_attribute 20, 1
   3              		.eabi_attribute 21, 1
   4              		.eabi_attribute 23, 3
   5              		.eabi_attribute 24, 1
   6              		.eabi_attribute 25, 1
   7              		.eabi_attribute 26, 1
   8              		.eabi_attribute 30, 6
   9              		.eabi_attribute 34, 1
  10              		.eabi_attribute 18, 4
  11              		.file	"chmemcore.c"
  12              		.section	.gnu.lto_.inline.1d3565a,"",%progbits
  13 0000 789C6363 		.ascii	"x\234cc``\330\304\200\000\034\014\014,\314\014\014L"
  13      6060D8C4 
  13      80001C0C 
  13      0C2CCC0C 
  13      0C4C
  14 0012 2C1FF418 		.ascii	",\037\364\030X\030\230@B\214\030\"L\014,<@\222i\201"
  14      58189840 
  14      428C1822 
  14      4C0C2C3C 
  14      40926981 
  15 0026 3C5C0D17 		.ascii	"<\\\015\027\220`\306.\314\302\300\312\002\024f;`\007"
  15      9060C62E 
  15      CCC2C0CA 
  15      0214663B 
  15      6007
  16 0038 13E66010 		.ascii	"\023\346`\020\025\001\212\250\035\330\301\004\023\342"
  16      15018AA8 
  16      1DD8C104 
  16      13E2
  17 0046 64E052C1 		.ascii	"d\340R\301\242\227\225\017h\354\004?\020\004\363\271"
  17      A297950F 
  17      68EC043F 
  17      1004F3B9 
  18 0056 18D85881 		.ascii	"\030\330X\201\3128&\370\301\2241\000\000R\206\014\254"
  18      CA3826F8 
  18      C1943100 
  18      0052860C 
  18      AC
  19              		.text
  20              		.section	.gnu.lto_port_lock.1d3565a,"",%progbits
  21 0000 789C7D50 		.ascii	"x\234}P\317K\025Q\024>\337\334\361\031jQ\213v.\346-"
  21      CF4B1551 
  21      143EDFDC 
  21      F1196A51 
  21      8B762EE6 
  22 0015 5E21C4BB 		.ascii	"^!\304\273\272\210jYo\345\342A\370\376\000\311i\310"
  22      BA886A59 
  22      6FE5E241 
  22      F8FE00C9 
  22      69C8
  23 0027 81C69199 		.ascii	"\201\306\221\231W\350\312\313\313xV\356z\251<\206,-"
  23      57E8CACB 
  23      CB7856EE 
  23      7AA93C86 
  23      2C2D
ARM GAS  C:\Users\SevenI7\AppData\Local\Temp\cc8GX6hm.s 			page 2


  24 0039 AA4556F6 		.ascii	"\252EV\366\303|\246N\265\211\240(\241] \250\025\025"
  24      C37CA64E 
  24      B589A028 
  24      A15D20A8 
  24      1515
  25 004b 14458B56 		.ascii	"\024E\213V\326\271\243H\253\016\367\007\347\334\363"
  25      D6B9A348 
  25      AB0EF707 
  25      E7DCF3
  26 005a 7DE7FB6E 		.ascii	"}\347\373n\212\210&@t\231\357\335\274I\020\014\342\015"
  26      8A882640 
  26      7499EFDD 
  26      BC49100C 
  26      E20D
  27 006c 2E1268C0 		.ascii	".\022h\300\300\000\206EE\340Y\371\343\254\321rCq\304"
  27      C0008645 
  27      45E059F9 
  27      E3ACD172 
  27      4371C4
  28 007f A3BFF63C 		.ascii	"\243\277\366<=\253\316\267F\202hDP\022\270\217\026\342"
  28      3DABCEB7 
  28      46826844 
  28      5012B88F 
  28      16E2
  29 0091 BE957BEB 		.ascii	"\276\225{\353\227\266\247\314\215:\036 \305,\004~x;"
  29      97B6A7CC 
  29      8D3A1E20 
  29      C52C047E 
  29      783B
  30 00a3 78371217 		.ascii	"x7\022\027D$\000\223\323\037\257\252\253;tj\300\342"
  30      44240093 
  30      D31FAFAA 
  30      AB3B746A 
  30      C0E2
  31 00b5 F4FACBA5 		.ascii	"\364\372\313\245\305Fq\020\232\342\326\324\325\261\246"
  31      C5467110 
  31      9AE2D6D4 
  31      D5B1A6
  32 00c4 CCA45225 		.ascii	"\314\244R%\025\277\301\013eFB`\006\202)\361\010\315"
  32      15BFC10B 
  32      65464260 
  32      068229F1 
  32      08CD
  33 00d6 7888E68D 		.ascii	"x\210\346\215\221\217\221\271\263T\027\253\365?e\025"
  33      918F91B9 
  33      B35417AB 
  33      F53F6515 
  34 00e6 AF5DC3CC 		.ascii	"\257]\303\314\247m\246\221\224\211\206\022]\347\004"
  34      A76DA691 
  34      94898612 
  34      5DE704
  35 00f5 BB115F50 		.ascii	"\273\021_P*RU\030\314]\376\254\346M=V\300\302,\023}"
  35      2A525518 
  35      CC5DFEAC 
  35      E64D3D56 
  35      C0C22C13 
  36 010a 45696572 		.ascii	"Eier\270\266\214-\355\203\211\307\213\225\275H\230\264"
ARM GAS  C:\Users\SevenI7\AppData\Local\Temp\cc8GX6hm.s 			page 3


  36      B8B68C2D 
  36      ED8389C7 
  36      8B95BD48 
  36      98B4
  37 011c 8711817F 		.ascii	"\207\021\201\177\275\241\206\024\346\2645>\300\006\317"
  37      BDA18614 
  37      E6B4353E 
  37      C006CF
  38 012b 68F4C4F8 		.ascii	"h\364\304\370\364\357\206t\005\343j\314\212\204\251"
  38      F4EF8674 
  38      05E36ACC 
  38      8A84A9
  39 013a 01B757E7 		.ascii	"\001\267W\347\224\226Dx\2024\351\312\373j\255\322\240"
  39      94964478 
  39      8234E9CA 
  39      FB6AADD2 
  39      A0
  40 014b 45CEC3AC 		.ascii	"E\316\303\254jqXH\276\343\346\302\363\017M\351\321M"
  40      6A715848 
  40      BEE3E6C2 
  40      F30F4DE9 
  40      D14D
  41 015d 709D6EFD 		.ascii	"p\235n\37595\375\2561\001/j0b\230\364\015\245+\337_"
  41      3935FDAE 
  41      31012F6A 
  41      306298F4 
  41      0DA52BDF 
  42 0172 EF4AFE55 		.ascii	"\357J\376U\307\020\013#n\331\237\315J^v\267\333\345"
  42      C7100B23 
  42      6ED99FCD 
  42      4A5E76B7 
  42      DBE5
  43 0184 FA61DBA1 		.ascii	"\372a\333\2416\351\207\322\366=\317\357\221\275~P\014"
  43      36E987D2 
  43      F63DCFEF 
  43      91BD7E50 
  43      0C
  44 0195 E5E18E7C 		.ascii	"\345\341\216|.\337\307\035\266\0378\235\247\017x\331"
  44      2EDFC71D 
  44      B61F389D 
  44      A70F78D9 
  45 01a5 6EAAEF3A 		.ascii	"n\252\357:\026:G\003\367\310\177\320N_Qce._h/\310\034"
  45      163A4703 
  45      F7C87FD0 
  45      4E5F5163 
  45      652E5F68 
  46 01bc 83657B8F 		.ascii	"\203e{\217}\362\324qG\332^\350\206\235'l\233\251v\346"
  46      7DF2D471 
  46      47DA5EE8 
  46      869D276C 
  46      9BA976E6 
  47 01d0 0B1D96A6 		.ascii	"\013\035\226\246\353\015\334}V\246\225\214\200\352="
  47      EB0DDC7D 
  47      56A6958C 
  47      80EA3D
  48 01df C7F3837E 		.ascii	"\307\363\203~\372\013%-\256\273"
  48      FA0B252D 
ARM GAS  C:\Users\SevenI7\AppData\Local\Temp\cc8GX6hm.s 			page 4


  48      AEBB
  49              		.text
  50              		.section	.gnu.lto_port_unlock.1d3565a,"",%progbits
  51 0000 789C7D50 		.ascii	"x\234}P\317KTQ\024>\337\273\317\231P\213Z\270s1\263"
  51      CF4B5451 
  51      143EDFBB 
  51      CF99508B 
  51      5AB87331 
  52 0015 184488B9 		.ascii	"\030D\210\271\272\210jY\263r1\020\316\037 \371z\344"
  52      BA886A59 
  52      B3723110 
  52      CE1F20F9 
  52      7AE4
  53 0027 839E4FDE 		.ascii	"\203\236O\336\233\302V^FEKwM\243\014\217,-\252EV\366"
  53      9BC2565E 
  53      46454B77 
  53      4DA30C8F 
  53      2C2DAA45 
  54 003d D3B1F465 		.ascii	"\323\261\364e\233\010\302\222\332H\020(%\024\004\375"
  54      9B08C292 
  54      DA481028 
  54      251404FD 
  55 004d 58B4B2CE 		.ascii	"X\264\262\316}\206\264\352p\177p\316=\337w\276\357&"
  55      7D86B4EA 
  55      707F70CE 
  55      3DDF77BE 
  55      EF26
  56 005f 88681A44 		.ascii	"\210h\032D\227\370n\342M\202`\020op\221@\003\006\006"
  56      97F86EE2 
  56      4D826010 
  56      6F709140 
  56      030606
  57 0072 302ECA02 		.ascii	"0.\312\002\313#\237\346\215\326\353\212#\232x\333\362"
  57      CB239FE6 
  57      8DD6EB8A 
  57      239A78DB 
  57      F2
  58 0083 6C589D6F 		.ascii	"lX\235o\013\005QEP\034\270\207V\342\276\365\273[\027"
  58      0B055145 
  58      501CB887 
  58      56E2BEF5 
  58      BB5B17
  59 0096 7727CCED 		.ascii	"w'\314\355:\356#\301,\004~x3t'\024c\"\024\200\311\351"
  59      3AEE23C1 
  59      2C047E78 
  59      33742714 
  59      63221480 
  60 00ac B757D58D 		.ascii	"\267W\325\215=:5\220\342\364\332\313\325\245\006q\010"
  60      3D3A3590 
  60      E2F4DACB 
  60      D5A50671 
  60      08
  61 00bd 9AE2E6EC 		.ascii	"\232\342\346\354\225\311\306\314\214R%\025\275\306\013"
  61      95C9C6CC 
  61      8C522515 
  61      BDC60B
  62 00cc 658642E0 		.ascii	"e\206B\340\021\004S\342!\232\361\000\315\333#\037#s"
ARM GAS  C:\Users\SevenI7\AppData\Local\Temp\cc8GX6hm.s 			page 5


  62      110453E2 
  62      219AF100 
  62      CDDB231F 
  62      2373
  63 00de 7BB52E52 		.ascii	"{\265.R[\277GT\364\363*~l\3562\215\270L4\032\353:'\330"
  63      5BBF4754 
  63      F4F32A7E 
  63      6CEE328D 
  63      B84C341A 
  64 00f6 8DF88C52 		.ascii	"\215\370\214R\221\252\302`\356\312\360\362JR\217\025"
  64      91AAC260 
  64      EECAF0F2 
  64      4A528F15 
  65 0106 20CC33D1 		.ascii	" \3143\321\027\224\326g\306k\037\260\243}(\366xa\255"
  65      1794D667 
  65      C66B1FB0 
  65      A37D28F6 
  65      7861AD
  66 0119 053193F6 		.ascii	"\0051\223\366P\021\370\327\033jH`A[\343\203yhP\243\247"
  66      5011F8D7 
  66      1B6A4860 
  66      415BE383 
  66      796850A3 
  67 012e A7E67ED5 		.ascii	"\247\346~\325\247\313\230R\223\251P\230\032pkcAiI\204"
  67      A7CB9852 
  67      93A95098 
  67      1A706B63 
  67      41694984 
  68 0142 274893AE 		.ascii	"'H\223\256\274\257\326\312\365Z\344S\230U-\016\213\361"
  68      BCAFD6CA 
  68      F55AE453 
  68      98552D0E 
  68      8BF1
  69 0154 77DC587C 		.ascii	"w\334X|\376\2611=\361\027\\\247[\277\317\316\275k\210"
  69      FEB1313D 
  69      F1175CA7 
  69      5BBFCFCE 
  69      BD6B88
  70 0167 C14B1A8C 		.ascii	"\301K\032\214\010&}E\351\362\346\312\276\370_u\214\262"
  70      08267D45 
  70      E9F2E6CA 
  70      BEF85F75 
  70      8CB2
  71 0179 30E29603 		.ascii	"0\342\226\003\331\254\344e\3658\335\216\027\264\037"
  71      D9ACE465 
  71      F538DD8E 
  71      17B41F
  72 0188 6E975E20 		.ascii	"n\227^ -\317u\275^\331\347\371\305@\036\351\314\347"
  72      2DCF75BD 
  72      5ED9E7F9 
  72      C5401EE9 
  72      CCE7
  73 019a F2FDDC61 		.ascii	"\362\375\334ay\276\335u\346\240\233\355\241d\367\361"
  73      79BEDD75 
  73      E6A09BED 
  73      A164F7F1 
  74 01aa C03EE63B 		.ascii	"\300>\346;G\377\203\266\373\213\032+s\371BGA\346\030"
ARM GAS  C:\Users\SevenI7\AppData\Local\Temp\cc8GX6hm.s 			page 6


  74      47FF83B6 
  74      FB8B1A2B 
  74      73F94247 
  74      41E618
  75 01bd 2C3B7AAD 		.ascii	",;z\255S\247O\330\322r\003'\350:iYL\2657_\350Li\272"
  75      53A74FD8 
  75      D2720327 
  75      E83A6959 
  75      4CB5375F 
  76 01d5 3EDFD99F 		.ascii	">\337\331\237\312\264\221\341S\322\265]\317?K\177\000"
  76      CAB491E1 
  76      53D2B55D 
  76      CF3F4B7F 
  76      00
  77 01e6 8568AF09 		.ascii	"\205h\257\011"
  78              		.text
  79              		.section	.gnu.lto_chSysLock.1d3565a,"",%progbits
  80 0000 789C6363 		.ascii	"x\234cc``X\010\304\232@,\012\304\014\314\014\214L\014"
  80      60605808 
  80      C49A402C 
  80      0AC40CCC 
  80      0C8C4C0C 
  81 0014 40CCC808 		.ascii	"@\314\310\010\34402\32431\3263\3660Oaf<\324\376l'\223"
  81      E43032D4 
  81      3331D633 
  81      F6304F61 
  81      663CD4FE 
  82 002b E6F20620 		.ascii	"\346\362\006 80}\222\370\232\206\013\015\314s\230\031"
  82      38307D92 
  82      F89A860B 
  82      0DCC7398 
  82      19
  83 003c 18A63133 		.ascii	"\030\24613\200\001\343fFM\006\240\272G\033\377M\345"
  83      8001E366 
  83      464D06A0 
  83      BA471BFF 
  83      4DE5
  84 004e 65638188 		.ascii	"ec\201\2103nadc\000\231\264\376\022\353\201\206\177"
  84      336E6164 
  84      630099B4 
  84      FE12EB81 
  84      867F
  85 0060 FFDB1B0E 		.ascii	"\377\333\033\016<Y\30287\034(\327\001\326\327\311\014"
  85      3C59C238 
  85      371C28D7 
  85      01D6D7C9 
  85      0C
  86 0071 B48DF90D 		.ascii	"\264\215\371\015c\363\202\365\353\230\301\252\201F\354"
  86      63F382F5 
  86      EB98C1AA 
  86      8146EC
  87 0080 DCF9E636 		.ascii	"\334\371\3466{\375\337\006\2169\314\214\323\230\201"
  87      7BFDDF06 
  87      8E39CC8C 
  87      D39881
  88 008f DA19B732 		.ascii	"\332\031\2672\3263\314\001*}\307\330\264`\367:F\260"
  88      D633CC01 
ARM GAS  C:\Users\SevenI7\AppData\Local\Temp\cc8GX6hm.s 			page 7


  88      2A7DC7D8 
  88      B460F73A 
  88      46B0
  89 00a1 4210E800 		.ascii	"B\020\350\000\311\002MP\327\323\323\007\242\344\214"
  89      C9024D50 
  89      D7D3D307 
  89      A2E48C
  90 00b0 CCA4CCFC 		.ascii	"\314\244\314\374bCKC\375\374b\375\242\022\375\314\274"
  90      62434B43 
  90      FDFC62FD 
  90      A212FDCC 
  90      BC
  91 00c1 E49CD294 		.ascii	"\344\234\322\224T\240Dqe\261^\006\003\0003\244=z"
  91      54A04471 
  91      65B15E06 
  91      030033A4 
  91      3D7A
  92              		.text
  93              		.section	.gnu.lto_chSysUnlock.1d3565a,"",%progbits
  94 0000 789C6363 		.ascii	"x\234cc``X\013\304\232@,\003\304\014,\014\214L\014@"
  94      6060580B 
  94      C49A402C 
  94      03C40C2C 
  94      0C8C4C0C 
  95 0015 CCC80C24 		.ascii	"\314\310\014$\231\031\031\201B\214\014\365L\314\214"
  95      99191981 
  95      428C0CF5 
  95      4CCC8C
  96 0024 F58C3DCC 		.ascii	"\365\214=\314S\230\031\017\265?\333\311\244\271\274"
  96      5398190F 
  96      B53FDBC9 
  96      A4B9BC
  97 0033 01080E4C 		.ascii	"\001\010\016L\337%\276\246\341B\003\363\034\240\332"
  97      DF25BEA6 
  97      E14203F3 
  97      1CA0DA
  98 0042 69CC0C60 		.ascii	"i\314\014`\300\270\231Q\223\001\250\356\321\306\177"
  98      C0B89951 
  98      9301A8EE 
  98      D1C67F
  99 0051 5379D958 		.ascii	"Sy\331X\026\300\244\030\2670\262\001Mb`\004\212\254"
  99      16C0A418 
  99      B730B201 
  99      4D626004 
  99      8AAC
 100 0063 BFC47AA0 		.ascii	"\277\304z\240\341\337\377\366\206\003_\2260~\017\007"
 100      E1DFFFF6 
 100      86035F96 
 100      307E0F07 
 101 0073 4A778075 		.ascii	"Jw\200uw0\003\255f\356d\006r\230\33706/x\275\236\031"
 101      773003AD 
 101      66EE6406 
 101      7298DF30 
 101      362F78BD 
 102 0089 AC0D68DC 		.ascii	"\254\015h\334\316\235on\263\327\377m\340\230\303\314"
 102      CE9D6F6E 
 102      B3D7FF6D 
ARM GAS  C:\Users\SevenI7\AppData\Local\Temp\cc8GX6hm.s 			page 8


 102      E098C3CC 
 103 0099 388D1964 		.ascii	"8\215\031d\316V\306z\2069@\015\357\030\233\026\274_"
 103      CE56C67A 
 103      8639400D 
 103      EF189B16 
 103      BC5F
 104 00ab CF085608 		.ascii	"\317\010V\0101\004(\0134G]OO\037\210\22232\2232\363"
 104      3104280B 
 104      34475D4F 
 104      4F1F8892 
 104      33329332 
 105 00c0 8B0D2D0D 		.ascii	"\213\015-\015\365\363\213\365\213J\3643\363\222sJSR"
 105      F5F38BF5 
 105      8B4AF433 
 105      F392734A 
 105      5352
 106 00d2 8112C595 		.ascii	"\201\022\305\225\305z\031\014\000\002|@u"
 106      C57A190C 
 106      00027C40 
 106      75
 107              		.text
 108              		.section	.gnu.lto__core_init.1d3565a,"",%progbits
 109 0000 789C8591 		.ascii	"x\234\205\221\301KTQ\024\306\317\367\316\314\323Ec\004"
 109      C14B5451 
 109      14C6CFF7 
 109      CECCD345 
 109      6304
 110 0012 05212DDA 		.ascii	"\005!-\332\314\302\240y\270\314\177\240\377\242\207"
 110      CCC2A079 
 110      B8CC7FA0 
 110      FFA287
 111 0021 333D7020 		.ascii	"3=p \033q\240\355\\\015\233\251\254\205\250E<\342\201"
 111      1B71A0ED 
 111      5C0D9BA9 
 111      AC85A845 
 111      3CE281
 112 0034 8B562543 		.ascii	"\213V%C\343\350\323\324\361Y\012-\022\334\004\025\021"
 112      E3E8D3D4 
 112      F1590A2D 
 112      12DC0415 
 112      11
 113 0045 662E2202 		.ascii	"f.\"\002\2116\211\332\271\327\207\246\202]\356\343\335"
 113      893689DA 
 113      B9D787A6 
 113      825DEEE3 
 113      DD
 114 0056 73EEF9BE 		.ascii	"s\356\371\276\373;\367\332Dt\315\"\272*\377s\362\021"
 114      FB3BF7DA 
 114      4474CD22 
 114      BA2AFF73 
 114      F211
 115 0068 13248405 		.ascii	"\023$\204\005H\000*Y(a\220\207\031Qy#\264\332\236)\031"
 115      48002A59 
 115      28619087 
 115      19517923 
 115      B4DA9E29 
 116 007d 8D47ABF6 		.ascii	"\215G\253\366\0355p\336g\242Q&3\360\022m$e\277\357\375"
ARM GAS  C:\Users\SevenI7\AppData\Local\Temp\cc8GX6hm.s 			page 9


 116      1D3570DE 
 116      67A25126 
 116      33F0126D 
 116      2465BFEF 
 117 0092 FA96E2CB 		.ascii	"\372\226\342\313\320\353`>Z9\235\036S_D\262\361\344"
 117      D0EB603E 
 117      5A399D1E 
 117      535F44B2 
 117      F1E4
 118 00a4 EC900A1E 		.ascii	"\354\220\012\036\253\204\317@\015\034\353\364\222t\355"
 118      AB84CF40 
 118      0D1CEBF4 
 118      9274ED
 119 00b3 FBF55A15 		.ascii	"\373\365Z\025\334at\237\303\027U;\326}h\355SQ\337E\255"
 119      DC61749F 
 119      C317553B 
 119      D67D68ED 
 119      5351DF45 
 120 00c8 AA1FA8EA 		.ascii	"\252\037\250\352\261j\255\2723\222\262\023\230D\032"
 120      B16AADBA 
 120      3392B213 
 120      98441A
 121 00d7 1348EFD1 		.ascii	"\023H\357\321`\0126i\374\361\325dC\355\354\226U\343"
 121      600A3669 
 121      FCF1D564 
 121      43EDEC96 
 121      55E3
 122 00e9 5DEB786D 		.ascii	"]\353xm\375L\202\250b\014\356\262\364\310\337\321\377"
 122      FD4C82A8 
 122      620CEEB2 
 122      F4C8DFD1 
 122      FF
 123 00fa A7BC3D31 		.ascii	"\247\274=1\005-\020\263\321\201h\245\351>\373l\031\212"
 123      052D10B3 
 123      D18168A5 
 123      E93EFB6C 
 123      198A
 124 010c 30FCF1B1 		.ascii	"0\374\361\261\251\264\255\232%\021h\231\344j\2677\207"
 124      A9B4AD9A 
 124      25116899 
 124      E46AB737 
 124      87
 125 011d 5A023C85 		.ascii	"Z\002<\205\317\214i\271\232\020\027\314F}\371\323V\263"
 125      CF8C69B9 
 125      9A1017CC 
 125      467DF9D3 
 125      56B3
 126 012f F35CDF4E 		.ascii	"\363\\\337Np\313\347\004f\020`\304\034\206Wp\376uO\036"
 126      70CBE704 
 126      661060C4 
 126      1C865770 
 126      FE754F1E 
 127 0143 754F068C 		.ascii	"uO\006\214\243\356\300\234\270\317\306\356s\233o\277"
 127      A3EEC09C 
 127      B8CFC6EE 
 127      739B6FBF 
 128 0153 B6487145 		.ascii	"\266HqE\334\327\240-\346\305^\254\033(\221i\343\301"
ARM GAS  C:\Users\SevenI7\AppData\Local\Temp\cc8GX6hm.s 			page 10


 128      DCD7A02D 
 128      E6C55EAC 
 128      1B289169 
 128      E3C1
 129 0165 E47E1BFF 		.ascii	"\344~\033\377\345^8\211;2\334\346\361\027\015\367aP"
 129      E55E3889 
 129      3B32DCE6 
 129      F1170DF7 
 129      6150
 130 0177 EB38E8EB 		.ascii	"\3538\350\353\023A\337\354\201.\011\350O\364\007c\017"
 130      1341DFEC 
 130      812E09E8 
 130      4FF40763 
 130      0F
 131 0188 0DA679C5 		.ascii	"\015\246y\305\212>F\014/e2\216\314\\W>\233/\024\333"
 131      8A3E460C 
 131      2F65328E 
 131      CC5C573E 
 131      9B2F14DB 
 132 019c AFB43B85 		.ascii	"\257\264;\205\242\314\033\371\254S\354\315I\276\333"
 132      A2CC1BF9 
 132      AC53ECCD 
 132      49BEDB
 133 01ab EBCE157A 		.ascii	"\353\316\025z\275L\216N\271n\227\327\331\343z7\257\273"
 133      BD4C8E4E 
 133      B96E97D7 
 133      D9E37A37 
 133      AFBB
 134 01bd 6E2A0EB2 		.ascii	"n*\016\262\235E\317u\377\002\321\233\337O"
 134      9D45CF75 
 134      FF02D19B 
 134      DF4F
 135              		.text
 136              		.section	.gnu.lto_chCoreAllocAlignedWithOffsetI.1d3565a,"",%progbits
 137 0000 789C8D54 		.ascii	"x\234\215T\353K\024Q\024\277g\317\235\231m\267]5\023"
 137      EB4B1451 
 137      14BF67CF 
 137      9D996DB7 
 137      5D3513
 138 0013 0DA4FC90 		.ascii	"\015\244\374\220HA.EA}\352KA\377B\337J\331j\241\332"
 138      48412E45 
 138      417DEA4B 
 138      41FF42DF 
 138      4AD96AA1 
 139 0028 7023A22F 		.ascii	"p#\242/N\256i\333\003\242RiYd\323\304$\304\"{h\0177"
 139      4EAE69DB 
 139      03A25269 
 139      5964D3C4 
 139      24C4227B 
 140 003f CDB49765 		.ascii	"\315\264\227eY\204YI\017\250\210\240\007\201\231\332"
 140      59845949 
 140      0FA888A0 
 140      078199DA 
 141 004f 39F7AE9A 		.ascii	"9\367\256\232%\3410s\346\316\357\234\337y\316\275\246"
 141      25E13073 
 141      E6CEEF9C 
 141      DF79CEBD 
ARM GAS  C:\Users\SevenI7\AppData\Local\Temp\cc8GX6hm.s 			page 11


 141      A6
 142 0060 10A2D410 		.ascii	"\020\242\324\020b-\275\327\320#\234\002\034\202\036"
 142      622DBDD7 
 142      D0239C02 
 142      1C821E
 143 006f 4092E820 		.ascii	"@\222\350 \225\355\220$\244\324k\223\327\006X\2445\225"
 143      95ED9024 
 143      A4D46B93 
 143      D70658A4 
 143      3595
 144 0081 B4008806 		.ascii	"\264\000\210\006\242\330\201\3220-(\206Cx\034\241\267"
 144      A2D881D2 
 144      302D2886 
 144      43781CA1 
 144      B7
 145 0092 F46C0C0F 		.ascii	"\364l\014\017b\014\005H\372\374r?\372\306\313\237\000"
 145      620C0548 
 145      FAFC723F 
 145      FAC6CB9F 
 145      00
 146 00a3 39F4D950 		.ascii	"9\364\331P\376\255\327\\To\333%v\242\352\241U\037\336"
 146      FEADD75C 
 146      546FDB25 
 146      76A2EAA1 
 146      551FDE
 147 00b6 B72E860E 		.ascii	"\267.\206\016QI\326\315\220\015\347!\233}^\200Ed[\263"
 147      5149D6CD 
 147      900DE721 
 147      9B7D5E80 
 147      45645BB3 
 148 00ca F7C95D0F 		.ascii	"\367\311]\017.\001A\353\301H\343a\231W\247xo\353\320"
 148      2E0141EB 
 148      C148E361 
 148      9957A778 
 148      6FEBD0
 149 00dd 5E184384 		.ascii	"^\030C\204\213\200\177\022\011\022p\011\362\310\374"
 149      8B807F12 
 149      09127009 
 149      F2C8FC
 150 00ec C8F0C8A0 		.ascii	"\310\360\310\240\205\313\024\265\241\253b\277+I\355"
 150      85CB14B5 
 150      A1AB62BF 
 150      2B49ED
 151 00fb A9CEAE0B 		.ascii	"\251\316\256\013\333\024R\302\345\277\311R@\213\"\177"
 151      DB1452C2 
 151      E5BFC952 
 151      408B227F 
 152 010b 3FD6FFCA 		.ascii	"?\326\377\312\213+\025\271\357i\331\212$\367iu\226\346"
 152      8B2B15B9 
 152      EF69D98A 
 152      24F76975 
 152      96E6
 153 011d 22B44E13 		.ascii	"\"\264N\023\370\012\3441\341\310\300\320U7\256V\344"
 153      F80AE431 
 153      E1C8C0D0 
 153      5537AE56 
 153      E4
ARM GAS  C:\Users\SevenI7\AppData\Local\Temp\cc8GX6hm.s 			page 12


 154 012e 0376DB59 		.ascii	"\003v\333Y\310\255U\354\227\325\2515a\273\333\22614"
 154      C8AD55EC 
 154      97D5A935 
 154      61BBDB96 
 154      3134
 155 0140 E0EA543E 		.ascii	"\340\352T>_d~/\021ir\341\032E\035\256jy'\223\324\267"
 155      5F647E2F 
 155      116972E1 
 155      1A451DAE 
 155      6A792793 
 156 0156 27D13E65 		.ascii	"'\321>e;\230x}Z\342\353s\243\025\036SB\033\344\3025"
 156      3B98787D 
 156      5AE2EB73 
 156      A3151E53 
 156      421BE4C2 
 157 016b C88DD304 		.ascii	"\310\215\323\004\311\212\372\230\000\223\006$x\016'"
 157      C98AFA98 
 157      00930624 
 157      780E27
 158 017a FA1EF7A6 		.ascii	"\372\036\367\246\260\303\243v\342\353\202\350\351Di"
 158      B0C3A376 
 158      E2EB82E8 
 158      E94469
 159 0189 CEBF8D27 		.ascii	"\316\277\215'\312\015\3621\351\247\351\221\221\260G"
 159      CA0DF231 
 159      E9A7E991 
 159      91B047
 160 0198 C7CAA9FA 		.ascii	"\307\312\251\372\371\237\232o\315\231\007T\254\003\271"
 160      F99F9A6F 
 160      CD990754 
 160      AC03B9
 161 01a7 5B9285C1 		.ascii	"[\222\205\301\302$aX,\234\3749\213\205\213\205\233\305"
 161      C2246158 
 161      2C9CFC39 
 161      8B858B85 
 161      9BC5
 162 01b9 6C161ED6 		.ascii	"l\026\036\326zY\244\000w9\025xPij\\\351\300\275\233"
 162      7A59A400 
 162      77391578 
 162      50696A5C 
 162      E9C0BD9B 
 163 01cd 2B386C86 		.ascii	"+8l\206\340\300\231\034$\213\205\020\373\271\020\222"
 163      E0C0991C 
 163      248B8510 
 163      FBB91092 
 164 01dd B4C408F5 		.ascii	"\264\304\010\365Y\340G\010W\226\035n\333\302\325E\021"
 164      59E04708 
 164      57961D6E 
 164      DBC2D545 
 164      11
 165 01ee A39812C5 		.ascii	"\243\230\022\305T\241P\320\230$\230J~\321\335pF\375"
 165      54A150D0 
 165      9824984A 
 165      7ED1DD70 
 165      46FD
 166 0200 8912C6E8 		.ascii	"\211\022\306\350J\201v*\362#\224<\033\2673\210\313\304"
 166      4A81762A 
ARM GAS  C:\Users\SevenI7\AppData\Local\Temp\cc8GX6hm.s 			page 13


 166      F223943C 
 166      1BB73388 
 166      CBC4
 167 0212 5F6511D4 		.ascii	"_e\021\324H\232\"\033l\325\372a\250\303\245Q\223\234"
 167      489A221B 
 167      6CD5FA61 
 167      A8C3A551 
 167      939C
 168 0224 55EE6B7F 		.ascii	"U\356k\177`\2613S\315\247\245\345\323s\253x\304v\022"
 168      60B13353 
 168      CDA7A5E5 
 168      D373AB78 
 168      C47612
 169 0237 10475063 		.ascii	"\020GPch\016\1779\352\215C5\304\320\202\233\264\037"
 169      680E7F39 
 169      EA8D4335 
 169      C4D0829B 
 169      B41F
 170 0249 3AB8A9A4 		.ascii	":\270\251\244\270\33050\354\3645\332t\345\360\024;!"
 170      B8D83530 
 170      ECF435DA 
 170      74E5F014 
 170      3B21
 171 025b 0E15AA2E 		.ascii	"\016\025\252.\270\005>\316 6\236\222E\321\242\230\316"
 171      B8053ECE 
 171      20369E92 
 171      45D1A298 
 171      CE
 172 026c 097C2D4F 		.ascii	"\011|-ObN\202\247\3247K\325\354\234\202\271\010\376"
 172      624E82A7 
 172      D4374BD5 
 172      EC9C82B9 
 172      08FE
 173 027e A740F744 		.ascii	"\247@\367D\201I`\2662tk\367\35356\227`\235Cc\333\006"
 173      814960B6 
 173      32746BF7 
 173      EB353697 
 173      609D4363 
 174 0294 0D652834 		.ascii	"\015e(4M\267a\244\326\253Q\317L\352\356\372O\335\335"
 174      4DB761A4 
 174      D6AB51CF 
 174      4CEAEEFA 
 174      4FDDDD
 175 02a7 AA6E756A 		.ascii	"\252nuj\334\246\272\337A\351\263\216\345\023\021=\352"
 175      DCA6BADF 
 175      41E9B38E 
 175      E513113D 
 175      EA
 176 02b8 078CD03E 		.ascii	"\007\214\320>\344\031\227\264\336\016j\225w&a\357\374"
 176      E41997B4 
 176      DE0E6A95 
 176      772661EF 
 176      FC
 177 02c9 27ECDDC9 		.ascii	"'\354\335\311v\337\323a{:\372\344D\\o2\256\241\343~"
 177      76DFD361 
 177      7B3AFAE4 
 177      445C6F32 
ARM GAS  C:\Users\SevenI7\AppData\Local\Temp\cc8GX6hm.s 			page 14


 177      AEA1E37E 
 178 02dd 7F3F1AB6 		.ascii	"\177?\032\266\2642\013\362\263\225\312\324\252\312\017"
 178      B4320BF2 
 178      B395CAD4 
 178      AACA0F
 179 02ec 914E37AB 		.ascii	"\221N7\253f\222\321\375\3513\212\357\342\224z&Sz\000"
 179      6692D1FD 
 179      E9338AEF 
 179      E2947A26 
 179      537A00
 180 02ff 3E4A4328 		.ascii	">JC(\367\007;M\0359\223\006\240\"\323A\213\357\351\240"
 180      F7073B4D 
 180      1D399306 
 180      A022D341 
 180      8BEFE9A0 
 181 0313 ADA20DF0 		.ascii	"\255\242\015\360\231\016\350\250j\337\017\000\312\316"
 181      990EE8A8 
 181      6ADF0F00 
 181      CACE
 182 0321 E81F1BA4 		.ascii	"\350\037\033\244w\246\371\263\246\027h\213\220\206v"
 182      77A6F9B3 
 182      A617688B 
 182      908676
 183 0330 C9E2FC7C 		.ascii	"\311\342\374|\037\335\205[\002\005\201`h\351\252\245"
 183      1FDD855B 
 183      02058160 
 183      68E9AAA5 
 184 0340 BE6088EE 		.ascii	"\276`\210\356\255\201\002_\250\250\220\360m\376m\205"
 184      AD81025F 
 184      A8A890F0 
 184      6DFE6D85 
 185 0350 C1227F7E 		.ascii	"\301\"\177~\241\220\241\300\036\277\261qk`\363v3\270"
 185      A190A1C0 
 185      1EBFB171 
 185      6B60F376 
 185      33B8
 186 0362 6953C8BF 		.ascii	"iS\310\277Sn\367\357\336\011;~\003\024@\270\357"
 186      536EF7EF 
 186      DE093B7E 
 186      031440B8 
 186      EF
 187              		.text
 188              		.section	.gnu.lto_chCoreAllocAlignedWithOffset.1d3565a,"",%progbits
 189 0000 789C7552 		.ascii	"x\234uR\315k\023A\024\177\277\274\335M\033h\205\"\036"
 189      CD6B1341 
 189      147FBFBC 
 189      DD4D1B68 
 189      85221E
 190 0013 A4871E0C 		.ascii	"\244\207\036\014\241\005\023*\010z\322\243\377F\033"
 190      A105132A 
 190      087AD2A3 
 190      FF461B
 191 0022 525D688D 		.ascii	"R]h\215t=y\311\232\265M\202\012\242&\305e\017\255%\224"
 191      743D79C9 
 191      9AB54D82 
 191      0AA226C5 
 191      650FAD25 
ARM GAS  C:\Users\SevenI7\AppData\Local\Temp\cc8GX6hm.s 			page 15


 192 0037 46A48AF5 		.ascii	"F\244\212\365#j5\012~\200zH[ETh\321\203\325\206\212"
 192      236A350A 
 192      7E807A48 
 192      5B455468 
 192      D183D586 
 193 004c 282248A3 		.ascii	"(\"H\243o69\330\242\313\354\356\274\231\337\307{o\306"
 193      6F3639D8 
 193      A2CBECEE 
 193      BC99DFC7 
 193      7B6FC6
 194 005f 20A24C80 		.ascii	" \242L\200h\277\374;\345%\215 !\002`\3712 K\240T\200"
 194      68BFFC3B 
 194      E5258D20 
 194      210260F9 
 194      32204BA0 
 195 0075 91C2293E 		.ascii	"\221\302)>\317\250\236\270\342\361I\366\230\240I\370"
 195      CFA89EB8 
 195      E2F149F6 
 195      98A049F8 
 196 0085 F585FBA1 		.ascii	"\365\205\373\241]\205@\227\204\323\231oU\243{\312\266"
 196      5D854097 
 196      84D3996F 
 196      55A37BCA 
 196      B6
 197 0096 D37665EC 		.ascii	"\323ve\354uh\312\0319\340q\200\012\202\236E'\256Ay\340"
 197      7568CA19 
 197      39E07180 
 197      0A829E45 
 197      27AE4179 
 198 00ab 3ABA057B 		.ascii	":\272\005{\361\370\313gm\274\023$\363\345\334\345\323"
 198      F1F8CB67 
 198      6DBC1324 
 198      F3E5DCE5 
 198      D3
 199 00bc 5AA4E8F3 		.ascii	"Z\244\350\363\336\025\331\336\3411\343\006\370o\242"
 199      DE15D9DE 
 199      E131E306 
 199      F86FA2
 200 00cb 2C116E22 		.ascii	",\021n\"\"\3603\277\326\227\203\274\313\247N?\311gC"
 200      22F033BF 
 200      D69783BC 
 200      CBA74E3F 
 200      C96743
 201 00de 4DEA5A69 		.ascii	"M\352Zi{\321\261\305R\303\255\315d)\254\354\223\277"
 201      7BD1B1C5 
 201      52C3ADCD 
 201      6429ACEC 
 201      93BF
 202 00f0 9F7BB3D4 		.ascii	"\237{\263\324\316{|\362\342\253\321\335M\356\217\322"
 202      CE7B7CF2 
 202      E2ABD1DD 
 202      4DEE8FD2 
 203 0100 B6069771 		.ascii	"\266\006\227q\373\037\306w\020Q\204\347\225\334L\210"
 203      FB1FC677 
 203      105184E7 
 203      95DC4C88 
 204 0110 F7F9E4C7 		.ascii	"\367\371\344\307?'\373\302\223>\271^\352\230p\354\247"
ARM GAS  C:\Users\SevenI7\AppData\Local\Temp\cc8GX6hm.s 			page 16


 204      3F27FBC2 
 204      933EB95E 
 204      EA9870EC 
 204      A7
 205 0121 B626D5E2 		.ascii	"\266&\325\342\356F\272z\004\375\376j=\337fh\230CX\365"
 205      EE46BA7A 
 205      04FDFE6A 
 205      3DDF6668 
 205      984358F5 
 206 0135 43DA700F 		.ascii	"C\332p\017\206\364\226\002\262yaq\241\272Ei\235\225"
 206      86F49602 
 206      B2796171 
 206      A1BA4569 
 206      9D95
 207 0147 222E6D9D 		.ascii	"\".m\235pF\032Z\264Y\010\367\021V\0223\363z\305\256"
 207      70461A5A 
 207      B45908F7 
 207      11561233 
 207      F37AC5AE 
 208 015b FFCE48DE 		.ascii	"\377\316H\336=\253\263K\035!9\000\351\215\006U\244\016"
 208      3DABB34B 
 208      1D213900 
 208      E98D0655 
 208      A40E
 209 016d 956E9014 		.ascii	"\225n\220\024\260\225\224\014e\225#\345\324\224kp\306"
 209      B095940C 
 209      659523E5 
 209      D4946B70 
 209      C6
 210 017e 3FE6D9F7 		.ascii	"?\346\331\367\027\357r\271\3666\230Z\267[<\326\013,"
 210      17EF72B9 
 210      F636985A 
 210      B75B3CD6 
 210      0B2C
 211 0190 09A18294 		.ascii	"\011\241\202\224\260\014\252at|5\257+\240\313\301\215"
 211      B00CAA61 
 211      747C35AF 
 211      2BA0CBC1 
 211      8D
 212 01a1 D0604169 		.ascii	"\320`Ai\341\201@]f\2275\227u\217[H\211\177\371\237\270"
 212      E181405D 
 212      66973597 
 212      758F5B48 
 212      897FF99F 
 213 01b6 BA530F9B 		.ascii	"\272S\017\233\342\237\221.|\232{d4\324[\305\300OP \274"
 213      E29F912E 
 213      7C9A7B64 
 213      34D45BC5 
 213      C04F5020 
 214 01cb 22D76E4C 		.ascii	"\"\327nL&kHw5\267U\366Y\225\234\230\366D\2431\031\361"
 214      266B4877 
 214      35B755F6 
 214      59959C98 
 214      F644A331 
 215 01e1 4366BF99 		.ascii	"Cf\277\231\264z\367\366\306\222\226\214A\263?f\015\307"
 215      B47AF7F6 
 215      C692968C 
ARM GAS  C:\Users\SevenI7\AppData\Local\Temp\cc8GX6hm.s 			page 17


 215      41B33F66 
 215      0DC7
 216 01f3 657D2831 		.ascii	"e}(1\024O\016'\242q\322,\363XB\357\0334\017\0366\222"
 216      144F0E27 
 216      A271D22C 
 216      F35842EF 
 216      1B340F1E 
 217 0209 030356E2 		.ascii	"\003\003V\342(\216\374\001\2257\330'"
 217      288EFC01 
 217      9537D827 
 218              		.text
 219              		.section	.gnu.lto_chCoreGetStatusX.1d3565a,"",%progbits
 220 0000 789C8D91 		.ascii	"x\234\215\221MK\033a\020\307\347\277\263\331DZ\025\304"
 220      4D4B1B61 
 220      10C7E7BF 
 220      B3D9445A 
 220      15C4
 221 0012 A3875C3C 		.ascii	"\243\207\\<(\222\305\243_\307 \030P\002\346\003\344"
 221      2892C5A3 
 221      5FC72018 
 221      5002E603 
 221      E4
 222 0023 21A9D562 		.ascii	"!\251\325bO\342\033\262HDD<\004\025\327\227\304\227"
 222      4FE21BB2 
 222      4844443C 
 222      0415D797 
 222      C497
 223 0035 A61EAC1E 		.ascii	"\246\036\254\036J\253\007\241\325\223\275\250\330\200"
 223      4AAB07A1 
 223      D593BDA8 
 223      D880
 224 0043 DE448CCE 		.ascii	"\336D\214\316\354zR\020\227g\237\235\371\317\354\374"
 224      EC7A5210 
 224      97679F9D 
 224      F9CFECFC 
 225 0053 E699C721 		.ascii	"\346\231\307!\242z\213\250C\276-\362\222M\020\027\026"
 225      A27A8BA8 
 225      43BE2DF2 
 225      924D1017 
 225      16
 226 0064 58760644 		.ascii	"Xv\006D\002e-F\026_y\214q\364i\331\343\021\366\230`"
 226      02652D46 
 226      165F798C 
 226      71F469D9 
 226      E311F698 
 227 0079 8B7BF373 		.ascii	"\213{\363s\372_\203\272@\\\334\353\352\276\377\261m"
 227      FA5F83BA 
 227      405CDCEB 
 227      EABEFFB1 
 227      6D
 228 008a C1989CA9 		.ascii	"\301\230\234\251L\316|\230\362\177\233:\217-\232\220"
 228      4CCE7C98 
 228      F27F9B3A 
 228      8F2D9A90 
 229 009a 741F2D58 		.ascii	"t\037-X\205B\260\2066\222\354\363\225\332x\275ckT\304"
 229      8542B086 
 229      3692ECF3 
ARM GAS  C:\Users\SevenI7\AppData\Local\Temp\cc8GX6hm.s 			page 18


 229      95DA78BD 
 229      636B54C4 
 230 00ae 75388222 		.ascii	"u8\202\"H`\345\377\335w\247u\316\230QS9)6\317\346\007"
 230      4860E5FF 
 230      DD77A775 
 230      CE985153 
 230      392936CF 
 231 00c4 0F8CFDBA 		.ascii	"\017\214\375\272\216$o\240u\3518R1\265\307!S\251u|\363"
 231      8E246FA0 
 231      75E93852 
 231      31B5C721 
 231      53A9757C 
 232 00d9 AB4D3190 		.ascii	"\253M1\220\307\222\353\261\315j\331jEt\213\222\326\240"
 232      C792EBB1 
 232      CD6AD96A 
 232      45748B92 
 232      D6A0
 233 00eb 61C5D117 		.ascii	"a\305\321\0275\371\012\271\362\345\337\371F\245O\263"
 233      35F90AB9 
 233      F2E5DFF9 
 233      46A54FB3 
 234 00fb B22706F7 		.ascii	"\262'\006\367~E\365D\021h\217\245\322\365i4\373`b\""
 234      7E45F544 
 234      11688FA5 
 234      D2F56934 
 234      FB606222 
 235 010f 14F447D1 		.ascii	"\024\364G\321\374\374\315hC\0013\360\330AI&\263\251"
 235      FCFCCD68 
 235      430133F0 
 235      D8414926 
 235      B3A9
 236 0121 ED4860FD 		.ascii	"\355H`\375\307\331}\314-\032y\342BF\031\005\214\007"
 236      C7D97DCC 
 236      2D1A79E2 
 236      42461905 
 236      8C07
 237 0133 346CC125 		.ascii	"4l\301%\201\335\016\375\251\013Y\226\340T)\037\246B"
 237      81DD0EFD 
 237      A90B5996 
 237      E054291F 
 237      A642
 238 0145 81DF43DB 		.ascii	"\201\337C\333~\203\266\023\320\202\033\333}I\263\245"
 238      7E83B613 
 238      D0821BDB 
 238      7D49B3A5 
 239 0155 BE28F9A9 		.ascii	"\276(\371\251\317\010\205H\320\201\035f-r(FE\017F#h"
 239      CF088548 
 239      D0811D66 
 239      2D722846 
 239      450F4623 
 240 016a BE90CB9F 		.ascii	"\276\220\313\237\224rU\344\342\317a=\311\260\022dt\355"
 240      947255E4 
 240      E2CF613D 
 240      C9B01264 
 240      74ED
 241 017c 89842B2B 		.ascii	"\211\204++\331\233\352N\2453\235]\235n:#\253/\325\355"
 241      D99BEA4E 
ARM GAS  C:\Users\SevenI7\AppData\Local\Temp\cc8GX6hm.s 			page 19


 241      A5339D5D 
 241      9D6E3A23 
 241      AB2FD5ED 
 242 0190 660692A2 		.ascii	"f\006\222\242\367\367\364'\323\003=\211$=\001\213\365"
 242      F7F7F427 
 242      D3033D89 
 242      243D018B 
 242      F5
 243 01a1 A9F8     		.ascii	"\251\370"
 244              		.text
 245              		.section	.gnu.lto_.symbol_nodes.1d3565a,"",%progbits
 246 0000 789C5DCD 		.ascii	"x\234]\315\273\015\302@\020\204\341\331Y\356\200.\020"
 246      BB0DC240 
 246      1084E1D9 
 246      59EE802E 
 246      10
 247 0011 9DB8B235 		.ascii	"\235\270\2625\001\261\335\203\003\236\216yd\210\234"
 247      01B1DD83 
 247      039E8E79 
 247      64889C
 248 0020 06482CB9 		.ascii	"\006H,\271\017\304\032\354\340.X}\322\257\2216\002x"
 248      0FC41AEC 
 248      E02E587D 
 248      D2AF9136 
 248      0278
 249 0032 FB819518 		.ascii	"\373\201\225\030P\277\000\347V>\312\350\255\026\223"
 249      50BF00E7 
 249      563ECAE8 
 249      AD1693
 250 0041 BC5DC498 		.ascii	"\274]\304\230\267\253\230\346mO\233M\355\276)\200\260"
 250      B7AB98E6 
 250      6D4F9B4D 
 250      EDBE2980 
 250      B0
 251 0052 23B66B7F 		.ascii	"#\266k\177\025\316\224\325`K\016\362@\013\311\224GZ"
 251      15CE94D5 
 251      604B0EF2 
 251      400BC994 
 251      475A
 252 0064 4CCB8936 		.ascii	"L\313\2116O\212\022h\272\217\250\312\337%G\027x\376"
 252      4F8A1268 
 252      BA8FA8CA 
 252      DF254717 
 252      78FE
 253 0076 54F42EBE 		.ascii	"T\364.\276hQ9D"
 253      68513944 
 254              		.text
 255              		.section	.gnu.lto_.refs.1d3565a,"",%progbits
 256 0000 789C0DC3 		.ascii	"x\234\015\303\301\011\200@\020\004\301\236q\373\024"
 256      C1098040 
 256      1004C19E 
 256      71FB14
 257 000f 1F221883 		.ascii	"\037\"\030\203\371\247\250\005\265\200\367?\023\323"
 257      F9A7A805 
 257      B580F73F 
 257      13D3
 258 001d 95D8EE9D 		.ascii	"\225\330\356\235\003\305\013\357\370\364\304\340\306"
ARM GAS  C:\Users\SevenI7\AppData\Local\Temp\cc8GX6hm.s 			page 20


 258      03C50BEF 
 258      F8F4C4E0 
 258      C6
 259 002a 0711F900 		.ascii	"\007\021\371\000\310"
 259      C8
 260              		.text
 261              		.section	.gnu.lto_.decls.1d3565a,"",%progbits
 262 0000 789CAD56 		.ascii	"x\234\255V{PT\347\025\277\347\336eY\226\005\034\264"
 262      7B5054E7 
 262      15BFE7DE 
 262      65599605 
 262      1CB4
 263 0012 A993212D 		.ascii	"\251\223!-U2\322t\\\3044\225\366\217\216\306\351\244"
 263      5532D274 
 263      5CC43495 
 263      F68F8EC6 
 263      E9A4
 264 0024 CED4B613 		.ascii	"\316\324\266\023'\323\332\322\336\340\262\312\266\260"
 264      27D3DAD2 
 264      DEE0B2CA 
 264      B6B0
 265 0032 58776962 		.ascii	"Xwib\373G.\002\212\210\212\212\022\036\312\313\020\020"
 265      FB472E02 
 265      8A888A8A 
 265      121ECACB 
 265      1010
 266 0044 895A9F80 		.ascii	"\211Z\237\200\312\372V\024E-*>\020\021\020\361\001\202"
 266      CAFA5614 
 266      452D2A3E 
 266      101110F1 
 266      0182
 267 0056 0411233D 		.ascii	"\004\021#=\337\343r\227\025l\246\323;|\354\3678\347"
 267      DFE37297 
 267      156CA6D3 
 267      3B7CECF7 
 267      38E7
 268 0068 77CEF99D 		.ascii	"w\316\371\235\363=\364\202 \234\362\027\204t\011\233"
 268      F33DF482 
 268      209CF217 
 268      8474099B 
 269 0078 280843F8 		.ascii	"(\010C\370\371\340\334\021A\373\014\330\252\261\035"
 269      F9E0DC11 
 269      41FB0CD8 
 269      AAB11D
 270 0087 C256C3D7 		.ascii	"\302V\303\327\216a\253\307v\011[\0036T\027\036`{\214"
 270      8E61ABC7 
 270      76095B03 
 270      3654171E 
 270      607B8C
 271 009a AD5B18F9 		.ascii	"\255[\030\371}\002\202\240\307\337\217\261\005b\233"
 271      7D0282A0 
 271      C7DF8FB1 
 271      05629B
 272 00a9 80AD1FDB 		.ascii	"\200\255\037\333\0206\0350\031\221\3330\202\360\312"
 272      10361D30 
 272      1991DB30 
 272      82F0CA
ARM GAS  C:\Users\SevenI7\AppData\Local\Temp\cc8GX6hm.s 			page 21


 273 00b8 F7CF6FA9 		.ascii	"\367\317o\251\177h\014\375\317\200\371G\364}\261_%h"
 273      7F680CFD 
 273      CF80F947 
 273      F47DB15F 
 273      2568
 274 00ca 3A35DCAE 		.ascii	":5\334\256\347\227\364\032\235#\334\0261\365\035\017"
 274      E797F41A 
 274      9D23DC16 
 274      31F51D0F 
 275 00da 7B2BDC7C 		.ascii	"{+\334|}\204\355\015\034w\342o\013\266\357\002\323o"
 275      7D84ED0D 
 275      1C77E26F 
 275      0BB6EF02 
 275      D36F
 276 00ec C7D6C6F5 		.ascii	"\307\326\306\365\011\217\257\343\256\020\030\377j\334"
 276      098FAFE3 
 276      AE1018FF 
 276      6ADC
 277 00fa 32B65A6C 		.ascii	"2\266Zl\3639\246\212\357\211[\317q\277\017\014;\330"
 277      F339A68A 
 277      EF895BCF 
 277      71BF0F0C 
 277      3BD8
 278 010c C3CF2F70 		.ascii	"\303\317/p\3543\006\256\032\357\017\360\367\002\227"
 278      EC3306AE 
 278      1AEF0FF0 
 278      F70297
 279 011b D7092CD7 		.ascii	"\327\011,\3275\034\373\010\2673\311\003\267\034\307"
 279      351CFB08 
 279      B733C903 
 279      B71CC7
 280 012a DE6EB8B5 		.ascii	"\336n\270\265\334\317?x\370\332\306\375%\352\015|\216"
 280      DCCF3F78 
 280      F8DAC6FD 
 280      25EA0D7C 
 280      8E
 281 013b F839D903 		.ascii	"\3709\331\003/S\202\362\365w\263t\267\341\026Y\201q"
 281      2F5382F2 
 281      F577B374 
 281      B7E11659 
 281      8171
 282 014d 00C0B4DC 		.ascii	"\000\300\264\334?2\036R?\262\316\004DP\027\231\324\253"
 282      3F321E52 
 282      3FB2CE04 
 282      44501799 
 282      D4AB
 283 015f B5C165B1 		.ascii	"\265\301e\261\211\202&\253i\270\241\272)\003\375\004"
 283      898226AB 
 283      69B8A1BA 
 283      2903FD04 
 284 016f EA8ABB2F 		.ascii	"\352\212\273/\3243\356\036h\346aXF\225wC\205a\245Q*"
 284      D433EE1E 
 284      68E66158 
 284      46957743 
 284      8561A551 
 285 0184 97E59090 		.ascii	"\227\345\220\220\320\3600\375+S34\241(\246(\303\020"
 285      D0F030FD 
ARM GAS  C:\Users\SevenI7\AppData\Local\Temp\cc8GX6hm.s 			page 22


 285      2B533334 
 285      A128A628 
 285      C310
 286 0196 0764B6A4 		.ascii	"\007d\266\244\377\331*\177I\244\375\322[I\265F\311D"
 286      FFD92A7F 
 286      49A4FDD2 
 286      5B49B546 
 286      C944
 287 01a8 FBF5E74A 		.ascii	"\373\365\347JO\210\346\355\012\373\014v\001\366\201"
 287      4F88E6ED 
 287      0AFB0C76 
 287      01F681
 288 01b7 A4F27962 		.ascii	"\244\362yb\250\337\025\260J\202@#\2108\274\324}n\263"
 288      A8DF15B0 
 288      4A824023 
 288      8838BCD4 
 288      7D6EB3
 289 01ca 2F0E2718 		.ascii	"/\016'\030a\034\016\267\247\017ezM\334D\3642\222\224"
 289      611C0EB7 
 289      A70F657A 
 289      4DDC44F4 
 289      329294
 290 01dd 71227CFC 		.ascii	"q\"|\374\006TB\020\034\200 \364\261\012&\342\177\273"
 290      06544210 
 290      1C8020F4 
 290      B10A26E2 
 290      7FBB
 291 01ef 8E211DC8 		.ascii	"\216!\035\310H\255\017\230T\240\270\\\212k\350\2249"
 291      48AD0F98 
 291      54A0B85C 
 291      8A6BE894 
 291      39
 292 0200 FB5A87A2 		.ascii	"\373Z\207\242\244\241\"\350\210 \354\005\011\366\203"
 292      A4A122E8 
 292      8820EC05 
 292      09F683
 293 020f 99C4BC97 		.ascii	"\231\304\274\227\230\207=\320\014\260\033nc\020\325"
 293      98873DD0 
 293      0CB01B6E 
 293      6310D5
 294 021e 3009019A 		.ascii	"0\011\001\232\363\357m\360\223\022\250\317\307r\212"
 294      F3EF6DF0 
 294      9312A8CF 
 294      C7728A
 295 022d 0F7973B0 		.ascii	"\017ys\260K[\244\034\305\265LQ\012D\212tPC:\350\211"
 295      4B5BA41C 
 295      C5B54C51 
 295      0A448A74 
 295      50433AE8 
 296 0242 748822A5 		.ascii	"t\210\"\245\247lK\364\226\022\201B\335O>~\330\300\241"
 296      A76C4BF4 
 296      96128142 
 296      DD4F3E7E 
 296      D8C0A1
 297 0255 6E9485DC 		.ascii	"n\224\205\334\334\243()\212\342b^\035\326\260\016{b"
 297      DCA32829 
 297      8AE2625E 
ARM GAS  C:\Users\SevenI7\AppData\Local\Temp\cc8GX6hm.s 			page 23


 297      1DD6B00E 
 297      7B62
 298 0267 D550ACFA 		.ascii	"\325P\254\372\307\325\351\276\322n\206\365D\351\352"
 298      C7D5E9BE 
 298      D26E86F5 
 298      44E9EA
 299 0276 038ED5F9 		.ascii	"\003\216\325\371\247\021^\2714$\227'\322\021\212\324"
 299      A7115EB9 
 299      34249727 
 299      D2118AD4 
 300 0286 B9EB66A1 		.ascii	"\271\353f\241\277T\303\220\\\335\247r%D*@\244\253\225"
 300      BF54C390 
 300      5CDDA772 
 300      25442A40 
 300      A4AB95
 301 0299 2139E796 		.ascii	"!9\347\226+\365H\326L\312*\034\325\300\216z\202\035"
 301      2BF548D6 
 301      4CCA2A1C 
 301      D5C08E7A 
 301      821D
 302 02ab A36029B5 		.ascii	"\243`)\265\327\234R\037\303\272u\272\254\\\302\244\315"
 302      D79C521F 
 302      C3BA75BA 
 302      AC5CC2A4 
 302      CD
 303 02bc 370229A3 		.ascii	"7\002)\243\000\234\332\361\260r\300\217M\021\211\255"
 303      009CDAF1 
 303      B072C08F 
 303      4D1189AD 
 304 02cc 035DFB4D 		.ascii	"\003]\373M\322\006V\033\027\223w\346I,\345:\022S]\316"
 304      D206561B 
 304      179377E6 
 304      492CE53A 
 304      12535DCE 
 305 02e0 5D7F96F2 		.ascii	"]\177\226\362\340LI\254\253\357\2572\20014UQ\226)\005"
 305      E04C49AC 
 305      ABEFAF32 
 305      80313455 
 305      51962905 
 306 02f4 498ACF2F 		.ascii	"I\212\317/\0058\203)?\215)\207\263\020J \211kp\022'"
 306      05388329 
 306      3F8D2987 
 306      B3104A20 
 306      896B7012 
 307 0309 4FE06409 		.ascii	"O\340d\011\251\016\327\325\263\223\252\233\024%\030"
 307      A90ED7D5 
 307      B393AA9B 
 307      142518
 308 0318 6AC108A7 		.ascii	"j\301\010\2474\367\347\033Yu\344\265\256^\343\245\303"
 308      34F7E71B 
 308      5975E4B5 
 308      AE5EE3A5 
 308      C3
 309 0329 7D4505B0 		.ascii	"}E\005\260fH\222+\006]\022\235C\314s@\347ZO>j\365\036"
 309      6648922B 
 309      065D129D 
 309      43CC7340 
ARM GAS  C:\Users\SevenI7\AppData\Local\Temp\cc8GX6hm.s 			page 24


 309      E75A4F3E 
 310 0340 96AB6393 		.ascii	"\226\253c\223\355\275U\351\336\356e(\233\334\312\360"
 310      EDBD55E9 
 310      DEEE6528 
 310      9BDCCAF0 
 311 0350 022DC3F3 		.ascii	"\002-\303\363\300\353\260y\347\375\014?d\266\2312\033"
 311      C0EBB079 
 311      E7FD0C3F 
 311      64B69932 
 311      1B
 312 0361 BCE5FC30 		.ascii	"\274\345\3740\263(\010\3075\327\216{2[O\231\275\362"
 312      B32808C7 
 312      35D78E7B 
 312      325B4F99 
 312      BDF2
 313 0373 60FF9720 		.ascii	"`\377\227 \0151\256V7\265\236\364\347`-\357\260\204"
 313      0D31AE56 
 313      37B59EF4 
 313      E7602DEF 
 313      B084
 314 0385 2B2245BA 		.ascii	"+\"E\272\250!]\364D\272D\221v<\331\231\353-\345I\024"
 314      A8215DF4 
 314      44BA4491 
 314      763CD999 
 314      EB2DE549 
 315 039a A977F9B1 		.ascii	"\251w\371\261T\235{\014$>-\210\177\217\330K\311\371"
 315      549D7B0C 
 315      243E2D88 
 315      7F8FD84B 
 315      C9F9
 316 03ac 792B8057 		.ascii	"y+\200W\307\313\355\343\012\223\224R\205\220\213RpY"
 316      C7CBEDE3 
 316      0A939452 
 316      85908B52 
 316      7059
 317 03be B37BD9D3 		.ascii	"\263{\331\323n\003\265\373yG\233\313(U0\2739\325Ok\275"
 317      6E03B5FB 
 317      79479BCB 
 317      285530BB 
 317      39D54F6B 
 318 03d3 58B60D38 		.ascii	"X\266\0158\334\377\270|\277\037\313\266\213,w\256\352"
 318      DCFFB87C 
 318      BF1FCBB6 
 318      8B2C77AE 
 318      EA
 319 03e4 DB2D4A07 		.ascii	"\333-J\007\230\354\216\224\3262\003.\006a!\201[\025"
 319      98EC8E94 
 319      D632032E 
 319      06612181 
 319      5B15
 320 03f6 05B12ADA 		.ascii	"\005\261*\332\343\352\255\320I.*+\356\252h\375\013\204"
 320      E3EAADD0 
 320      492E2A2B 
 320      EEAA68FD 
 320      0B84
 321 0408 1A79F607 		.ascii	"\032y\366\007\314)+\0101M\030\324M\315\301 \222}ZIJ"
 321      CC292B08 
ARM GAS  C:\Users\SevenI7\AppData\Local\Temp\cc8GX6hm.s 			page 25


 321      314D18D4 
 321      4DCDC120 
 321      927D5A49 
 322 041d B1224D14 		.ascii	"\261\"M\024\340\335 \230\206ut\013\353(\210\327\321"
 322      E0DD2098 
 322      8675740B 
 322      EB2888D7 
 322      D1
 323 042e 0DE4E03A 		.ascii	"\015\344\340:r\200\006\312\362K\217\373I\273t\324@S"
 323      728006CA 
 323      F24B8FFB 
 323      49BB74D4 
 323      4053
 324 0440 45D77969 		.ascii	"E\327yi\330\302\205\265\223\017\\!\024\334A\013\267"
 324      D8C285B5 
 324      930F5C21 
 324      14DC410B 
 324      B7
 325 0451 350B6870 		.ascii	"5\013hpt\023\315\243\233\330\266g{I\200)m\270\270)\236"
 325      7413CDA3 
 325      9BD8B667 
 325      7B498029 
 325      6DB8B829 
 326 0466 5ADF02B4 		.ascii	"Z\337\002\264\200\211\037\214O66n\220\244\215^\304\027"
 326      80891F8C 
 326      4F36366E 
 326      90A48D5E 
 326      C417
 327 0478 DD931BAB 		.ascii	"\335\223\033\253\356\350a|HH\350:\232@z\254\011p\015"
 327      EEE8617C 
 327      4848E83A 
 327      9A407AAC 
 327      09700D
 328 048b F5AE52BD 		.ascii	"\365\256R\275V\030OL\301=\264\332\016!\320\006!\364"
 328      56184F4C 
 328      C13DB4DA 
 328      0E21D006 
 328      21F4
 329 049d 842D2286 		.ascii	"\204-\"\206\\\367\312\245\312\244\025\253\225\202\243"
 329      5CF7CAA5 
 329      CAA415AB 
 329      9582A3
 330 04ac 402CC05D 		.ascii	"@,\300]\364\237h\014\357\2530\202q\206 q\215\3167\261"
 330      F49F680C 
 330      EFAB3082 
 330      71862071 
 330      8DCE37B1 
 331 04c0 D692252A 		.ascii	"\326\222%*\3358\252t8\021f\334\234\317\011LD\207\210"
 331      DD38AA74 
 331      381166DC 
 331      9CCF094C 
 331      448788
 332 04d3 90C079E1 		.ascii	"\220\300y\341A\324\037\273\236*Igi\020\342\211\242\276"
 332      41D41FBB 
 332      9E2A4967 
 332      6910E289 
 332      A2BE
ARM GAS  C:\Users\SevenI7\AppData\Local\Temp\cc8GX6hm.s 			page 26


 333 04e5 E522848E 		.ascii	"\345\"\204\216gJWr\365x\031@'\002wht\022\010A\0305H"
 333      674A5772 
 333      F5781940 
 333      27027768 
 333      74120841 
 334 04fc B88FB18D 		.ascii	"\270\217\261\215\025'\332\252\333\273\366_\246\267\213"
 334      1527DAAA 
 334      DBBBF65F 
 334      A6B78B
 335 050b F98916BA 		.ascii	"\371\211\026\272\277\030!\200\342_a\370nt]\241\205\373"
 335      BF182180 
 335      E25F61F8 
 335      6E745DA1 
 335      85FB
 336 051d 00DE46BD 		.ascii	"\000\336F\275\253\255{v\201\324@}\204\276#\273O\353"
 336      ABAD7B76 
 336      81D4407D 
 336      84BE23BB 
 336      4FEB
 337 052f 0333B8FD 		.ascii	"\0033\270\375\231@\322C\357\312G\0208\034\325\301\354"
 337      9940D243 
 337      EFCA4710 
 337      381CD5C1 
 337      EC
 338 0540 97157AB4 		.ascii	"\227\025z\264\324\214a4\345LX\257\024L$\353\360\220"
 338      D48C6134 
 338      E54C58AF 
 338      144C24EB 
 338      F090
 339 0552 5F6BAC03 		.ascii	"_k\254\003\217)|_Zo\233\237t\227\301g\225U\354\223\270"
 339      8F297C5F 
 339      5A6F9B9F 
 339      7497C167 
 339      9555EC93 
 340 0567 66CB9B89 		.ascii	"f\313\233\211\012\346\203(v\251\212\264\003\335TQ=U"
 340      0AE68328 
 340      76A98AB4 
 340      03DD5451 
 340      3D55
 341 0579 A7BC7AAA 		.ascii	"\247\274z\252Na\373\341\322\332\236\255\336R7c\367v"
 341      4E61FBE1 
 341      D2DA9EAD 
 341      DE523763 
 341      F776
 342 058b E3E04DFF 		.ascii	"\343\340M\377\261\316\315>\244k\012/\306\036\234|\242"
 342      B1CECD3E 
 342      A46B0A2F 
 342      C61E9C7C 
 342      A2
 343 059c 9D9B033F 		.ascii	"\235\233\003?\317\356!u\375\024\353\260WK\304\024~n"
 343      CFEE2175 
 343      FD14EBB0 
 343      574BC414 
 343      7E6E
 344 05ae 966D5D57 		.ascii	"\226m]W\244\227\006\231\215\352\334\266\023\342X6\236"
 344      A4970699 
 344      8DEADCB6 
ARM GAS  C:\Users\SevenI7\AppData\Local\Temp\cc8GX6hm.s 			page 27


 344      13E25836 
 344      9E
 345 05bf 8D6903F7 		.ascii	"\215i\003\367N\3075b\243\037m|\255\331xJ\271%\263hh"
 345      4EC73562 
 345      A31F6D7C 
 345      ADD9784A 
 345      B925B368 
 346 05d4 5D77CF06 		.ascii	"]w\317\006\2751\225(\260\215\021\350\276/\006\210(\026"
 346      BD319528 
 346      B08D11E8 
 346      BE2F0688 
 346      2816
 347 05e6 1ED95AE4 		.ascii	"\036\331Z\344\001\362\354\320s\223\224\254\247\233c"
 347      01F2ECD0 
 347      739394AC 
 347      A79B63
 348 05f5 7BD2B66E 		.ascii	"{\322\266n\035\204\006\001J\003\333\256\344\235!\300"
 348      1D840601 
 348      4A03DBAE 
 348      E49D21C0 
 349 0605 4B34F79C 		.ascii	"K4\367\234S\213_\216\202\350\335\237\221i\354\033\350"
 349      538B5F8E 
 349      82E8DD9F 
 349      9169EC1B 
 349      E8
 350 0616 EF281B77 		.ascii	"\357(\033w\020\343xI\315}\203\200/\330\266]V\375xP\347"
 350      10E37849 
 350      CD7D8380 
 350      2FD8B65D 
 350      56FD7850 
 351 062b 5E172F47 		.ascii	"^\027/G\234\236C\244:\230\223t@.\222\301\212*\177v\356"
 351      9C9E43A4 
 351      3A989374 
 351      402E92C1 
 351      8A2A7F76 
 352 0640 E9715873 		.ascii	"\351qXs.\371\240\357\230\341%\212<<E\244\346\236\246"
 352      2EF9A0EF 
 352      98E1258A 
 352      3C3C45A4 
 352      E69EA6
 353 0653 A5F4F32B 		.ascii	"\245\364\363+\322\233\274\246\332\363\326\230\330\241"
 353      D29BBCA6 
 353      DAF3D698 
 353      D8A1
 354 0661 1941DEA0 		.ascii	"\031A\336\240-\231g\301\323\231$1\010\226\211\004,Y"
 354      2D9967C1 
 354      D3992431 
 354      08968904 
 354      2C59
 355 0673 0C5421E9 		.ascii	"\014T!\351\200\324x\373\321hi%\245\013\266Ul\331\351"
 355      80D478FB 
 355      D1686925 
 355      A50BB655 
 355      6CD9E9
 356 0686 2F65B1C1 		.ascii	"/e\261\301\252\243\307\362\364x\335\301rQb\011?U\272"
 356      AAA3C7F2 
 356      F478DDC1 
ARM GAS  C:\Users\SevenI7\AppData\Local\Temp\cc8GX6hm.s 			page 28


 356      72516209 
 356      3F55BA
 357 0699 F708D00B 		.ascii	"\367\010\320\013\260\177\370\242\314\272\\T\3457\346"
 357      B07FF8A2 
 357      CCBA5C54 
 357      E537E6
 358 06a8 336CA548 		.ascii	"3l\245H\256\216T\221\337\035\317\363+\356\210\374\215"
 358      AE8E5491 
 358      DF1DCFF3 
 358      2BEE88FC 
 358      8D
 359 06b9 D2754EBA 		.ascii	"\322uN\272\321\265\006\017\236De\346i\221HB\212\310"
 359      D1B5060F 
 359      9E4465E6 
 359      69914842 
 359      8AC8
 360 06cb F30F2B44 		.ascii	"\363\017+D\035\031\215\274A\322Dr\203\344\277\030\314"
 360      1D198DBC 
 360      41D24472 
 360      83E4BF18 
 360      CC
 361 06dc F6773F25 		.ascii	"\366w?%\311\243D\243k\225HOI\362\213\302\307\033\276"
 361      C9A344A3 
 361      6B95484F 
 361      49F28BC2 
 361      C71BBE
 362 06ef ACF2963A 		.ascii	"\254\362\226:X@\203\035\231\215\300\2303\321\2745\256"
 362      5840831D 
 362      998DC098 
 362      33D1BC35 
 362      AE
 363 0700 0B60CC35 		.ascii	"\013`\3145\223\345\302\272\336MF\351k&{\2651\271\222"
 363      93E5C2BA 
 363      DE4D46E9 
 363      6B267BB5 
 363      31B992
 364 0713 CBFAE230 		.ascii	"\313\372\3420i\373\341}^c\246h\235\232\242\014\226\242"
 364      69FBE17D 
 364      5E63A668 
 364      9D9AA20C 
 364      96A2
 365 0725 C70F4BCA 		.ascii	"\307\017K\312\275<\223\260\006\223\260\232&a=M\002U"
 365      BD3C93B0 
 365      0693B09A 
 365      26613D4D 
 365      0255
 366 0737 22D2BBF2 		.ascii	"\"\322\273\362N\017\370\030y\265\245\376\267j\333w2"
 366      4E0FF818 
 366      79B5A5FE 
 366      B76ADB77 
 366      32
 367 0748 BBCFE88E 		.ascii	"\273\317\350\216\275A|\015v_{\355\312\000<T\352\221"
 367      BD417C0D 
 367      765F7BED 
 367      CA003C54 
 367      EA91
 368 075a F0DB6511 		.ascii	"\360\333e\021M%J\352N,\357L1\020\326\"\331\370\370s"
ARM GAS  C:\Users\SevenI7\AppData\Local\Temp\cc8GX6hm.s 			page 29


 368      4D254AEA 
 368      4E2CEF4C 
 368      3110D622 
 368      D9F8F873 
 369 076e D34DC799 		.ascii	"\323M\307\231?c\2767\212\344\214\371fM\323n\321\235"
 369      3F63BE37 
 369      8AE48CF9 
 369      664DD36E 
 369      D19D
 370 0780 E74EB773 		.ascii	"\347N\267s^\200M\234\347M\224\347\263\331\2533L\356"
 370      5E804D9C 
 370      E74D94E7 
 370      B3D9AB33 
 370      4CEE
 371 0792 C2E4E8D2 		.ascii	"\302\344\350\322\204\263\270p\026\025.\311X]\026 \015"
 371      84B3B870 
 371      16152EC9 
 371      585D1620 
 371      0D
 372 07a3 31A2AB92 		.ascii	"1\242\253\222\312w\3721\242\277\207\303\345\353Z\212"
 372      CA77FA31 
 372      A2BF87C3 
 372      E5EB5A8A 
 373 07b3 F98BAF9B 		.ascii	"\371\213\257\233\\\363E\035ug\370\023\341-\034\276\330"
 373      5CF3451D 
 373      7567F813 
 373      E12D1CBE 
 373      D8
 374 07c4 DC9AE937 		.ascii	"\334\232\3517f\036\362\324<\344\262<"
 374      661EF2D4 
 374      3CE4B23C 
 375 07d0 F43C6F7B 		.ascii	"\364<o{\364\312f\310\301x\263i\274\233)Wy*W\327\033"
 375      F4CA66C8 
 375      C178B369 
 375      BC9B2957 
 375      792A57D7 
 376 07e5 1FA6FA79 		.ascii	"\037\246\372y2;\246tn\347\235/$\316\354\345\312\210"
 376      323BA674 
 376      6EE79D2F 
 376      24CEECE5 
 376      CA88
 377 07f7 2DCB5C4A 		.ascii	"-\313\\J\322L\330\302\211\305\347\232\233\352\347\234"
 377      D24CD8C2 
 377      89C5E79A 
 377      9BEAE79C 
 378 0807 D87C4A6C 		.ascii	"\330|JlZ{O\217~r!=\376\332KE%\325\200{\206\276\360\330"
 378      5A7B4F8F 
 378      7E72213D 
 378      FEDA4B45 
 378      25D5807B 
 379 081f 415F204E 		.ascii	"A_ NF\251\332\304\232\343\276\356\214^\030Q\346\205"
 379      46A9DAC4 
 379      9AE3BEEE 
 379      8C5E1851 
 379      E685
 380 0831 A2493D2A 		.ascii	"\242I=*\013)\251\007\006{*\015\034\265\347G*\350%\025"
 380      0B29A907 
ARM GAS  C:\Users\SevenI7\AppData\Local\Temp\cc8GX6hm.s 			page 30


 380      067B2A0D 
 380      1CB5E747 
 380      2AE82515 
 381 0845 B488827E 		.ascii	"\264\210\202~u\270.\021\270P\313TU\250A\025*\026'\013"
 381      75B82E11 
 381      B850CB54 
 381      55A84115 
 381      2A16270B 
 382 0859 3E8BE397 		.ascii	">\213\343\2278\345\330x\313_\177h6\207\341\237%\306"
 382      38E5D878 
 382      CB5F7F68 
 382      3687E19F 
 382      25C6
 383 086b B6C016EF 		.ascii	"\266\300\026\357\010\377ixX\274\003\377bm\013\302\034"
 383      08FF6978 
 383      58BC03FF 
 383      626D0BC2 
 383      1C
 384 087c 4B2C381F 		.ascii	"K,8\037g\215\263\304/\261\232-\206\017~\375Q\360\354"
 384      678DB3C4 
 384      2FB19A2D 
 384      860F7EFD 
 384      51F0EC
 385 088f F070E1BD 		.ascii	"\360p\341\275\321T,\361qq\361\3660\202\353\010\233\365"
 385      D1542CF1 
 385      7171F1F6 
 385      3082EB08 
 385      9BF5
 386 08a1 E1DCD973 		.ascii	"\341\334\331s?E\011\242)\377}F\2349F\360\245&\023\354"
 386      3F4509A2 
 386      29FF7D46 
 386      9C3946F0 
 386      A52613EC 
 387 08b5 C4A88F25 		.ascii	"\304\250\217%f\336R\307\257\2607e4\254%\3160\233\335"
 387      66DE52C7 
 387      AFB03765 
 387      34AC25CE 
 387      309BDD
 388 08c8 129B106D 		.ascii	"\022\233\020m\305\005\307R\007\321\246\032\037Qm\243"
 388      C505C752 
 388      07D1A61A 
 388      1F516DA3 
 389 08d8 4C616D76 		.ascii	"Lamv\233\363\235o\355\275\360\226%f6\366f\305\"\304"
 389      9BF39D6F 
 389      EDBDF096 
 389      256636F6 
 389      66C522C4 
 390 08ec AC58DB22 		.ascii	"\254X\333\"\2735\372w6g\314o\026.tX\235s\364\016\333"
 390      BB35FA77 
 390      3667CC6F 
 390      162E7458 
 390      9D73F40E 
 391 0901 3FACB233 		.ascii	"?\254\2623\332\362\263H\012\346p&D\333\342#\235\361"
 391      DAF2B348 
 391      0AE67026 
 391      44DBE223 
 391      9DF1
ARM GAS  C:\Users\SevenI7\AppData\Local\Temp\cc8GX6hm.s 			page 31


 392 0913 F1B18EC8 		.ascii	"\361\261\216\310E\366\204`\332\013\216Z\022\027l\215"
 392      45F68460 
 392      DA0B8E5A 
 392      12176C8D 
 393 0923 5B608D8E 		.ascii	"[`\215\216\266FG\3160O\013\236>-|\306\337~\034\211\006"
 393      B64647CE 
 393      304F0B9E 
 393      3E2D7CC6 
 393      DF7E1C89 
 394 0938 2317592C 		.ascii	"#\027Y,\221\270>\325\036o\267N\265F-\260\241\300tsx"
 394      91B83ED5 
 394      1E6FB74E 
 394      B5462DB0 
 394      A1C07473 
 395 094d 240F25D2 		.ascii	"$\017%\322\341D\255\205\030K\320\353<\031\307\026?\260"
 395      E144AD85 
 395      184BD0EB 
 395      3C19C716 
 395      3FB0
 396 095f 3AE739A3 		.ascii	":\3479\243\234\011\216\337\033-12\217\302\333n\375\324"
 396      9C098EDF 
 396      1B2D3132 
 396      8FC2DB6E 
 396      FDD4
 397 0971 897D1F59 		.ascii	"\211}\037YN\260\331\235\021\262s\341\377\350\357H?U"
 397      4EB0D99D 
 397      11B273E1 
 397      FFE8EF48 
 397      3F55
 398 0983 0FE3A210 		.ascii	"\017\343\242\020\313n\215\224\321\317\250\204X\247\354"
 398      CB6E8D94 
 398      D1CFA884 
 398      58A7EC
 399 0992 5CBAD84A 		.ascii	"\\\272\330J\330\367\346\346\376\370\1775\207\231\215"
 399      D8F7E6E6 
 399      FEF87F35 
 399      87998D
 400 09a1 949115C4 		.ascii	"\224\221\025\304F\033z\253=\032c3\217\235Q\255&\324"
 400      461B7AAB 
 400      3D1A6333 
 400      8F9D51AD 
 400      26D4
 401 09b3 ACC6083E 		.ascii	"\254\306\010>\274+;\375d9\306\032\265X^\020\345\260"
 401      BC2B3BFD 
 401      6439C61A 
 401      B5585E10 
 401      E5B0
 402 09c5 CAB2898F 		.ascii	"\312\262\211\217\020T\226\215\214\257w\247\313N\203"
 402      1054968D 
 402      8CAF77A7 
 402      CB4E83
 403 09d4 DAD15962 		.ascii	"\332\321Yb\242\226\240\016R.\277?k\336/~\373\341\034"
 403      A296A00E 
 403      522EBF3F 
 403      6BDE2F7E 
 403      FBE11C
 404 09e7 BFA8D84F 		.ascii	"\277\250\330O\242\226:\260\260b\221\205\367_S\345\230"
ARM GAS  C:\Users\SevenI7\AppData\Local\Temp\cc8GX6hm.s 			page 32


 404      A2963AB0 
 404      B0629185 
 404      F75F53E5 
 404      98
 405 09f8 0652E361 		.ascii	"\006R\343a\263\347\316\2333/\214\344+l\216\352\\\234"
 405      B3E7CE9B 
 405      332F8CE4 
 405      2B6C8EEA 
 405      5C9C
 406 0a0a C3E690B1 		.ascii	"\303\346\220\261\026\3209\204_\230`\267\310\262\371"
 406      16D03984 
 406      5F9860B7 
 406      C8B2F9
 407 0a19 BD88E9E1 		.ascii	"\275\210\351\341\006u\244M\377$\"|\306\177\000\266\242"
 407      0675A44D 
 407      FF24227C 
 407      C67F00B6 
 407      A2
 408 0a2a B069     		.ascii	"\260i"
 409              		.text
 410              		.section	.gnu.lto_.symtab.1d3565a,"",%progbits
 411 0000 5F636F72 		.ascii	"_core_init\000"
 411      655F696E 
 411      697400
 412 000b 00       		.ascii	"\000"
 413 000c 00       		.ascii	"\000"
 414 000d 00       		.ascii	"\000"
 415 000e 00000000 		.ascii	"\000\000\000\000\000\000\000\000"
 415      00000000 
 416 0016 C3000000 		.ascii	"\303\000\000\000"
 417 001a 63685F6D 		.ascii	"ch_memcore\000"
 417      656D636F 
 417      726500
 418 0025 00       		.ascii	"\000"
 419 0026 00       		.ascii	"\000"
 420 0027 00       		.ascii	"\000"
 421 0028 00000000 		.ascii	"\000\000\000\000\000\000\000\000"
 421      00000000 
 422 0030 EB000000 		.ascii	"\353\000\000\000"
 423 0034 6368436F 		.ascii	"chCoreAllocAlignedWithOffsetI\000"
 423      7265416C 
 423      6C6F6341 
 423      6C69676E 
 423      65645769 
 424 0052 00       		.ascii	"\000"
 425 0053 00       		.ascii	"\000"
 426 0054 00       		.ascii	"\000"
 427 0055 00000000 		.ascii	"\000\000\000\000\000\000\000\000"
 427      00000000 
 428 005d D0000000 		.ascii	"\320\000\000\000"
 429 0061 6368436F 		.ascii	"chCoreAllocAlignedWithOffset\000"
 429      7265416C 
 429      6C6F6341 
 429      6C69676E 
 429      65645769 
 430 007e 00       		.ascii	"\000"
 431 007f 00       		.ascii	"\000"
ARM GAS  C:\Users\SevenI7\AppData\Local\Temp\cc8GX6hm.s 			page 33


 432 0080 00       		.ascii	"\000"
 433 0081 00000000 		.ascii	"\000\000\000\000\000\000\000\000"
 433      00000000 
 434 0089 D2000000 		.ascii	"\322\000\000\000"
 435 008d 6368436F 		.ascii	"chCoreGetStatusX\000"
 435      72654765 
 435      74537461 
 435      74757358 
 435      00
 436 009e 00       		.ascii	"\000"
 437 009f 00       		.ascii	"\000"
 438 00a0 00       		.ascii	"\000"
 439 00a1 00000000 		.ascii	"\000\000\000\000\000\000\000\000"
 439      00000000 
 440 00a9 D5000000 		.ascii	"\325\000\000\000"
 441 00ad 5F5F6865 		.ascii	"__heap_base__\000"
 441      61705F62 
 441      6173655F 
 441      5F00
 442 00bb 00       		.ascii	"\000"
 443 00bc 02       		.ascii	"\002"
 444 00bd 00       		.ascii	"\000"
 445 00be 00000000 		.ascii	"\000\000\000\000\000\000\000\000"
 445      00000000 
 446 00c6 EE000000 		.ascii	"\356\000\000\000"
 447 00ca 5F5F6865 		.ascii	"__heap_end__\000"
 447      61705F65 
 447      6E645F5F 
 447      00
 448 00d7 00       		.ascii	"\000"
 449 00d8 02       		.ascii	"\002"
 450 00d9 00       		.ascii	"\000"
 451 00da 00000000 		.ascii	"\000\000\000\000\000\000\000\000"
 451      00000000 
 452 00e2 F0000000 		.ascii	"\360\000\000\000"
 453              		.text
 454              		.section	.gnu.lto_.opts,"",%progbits
 455 0000 272D666D 		.ascii	"'-fmath-errno' '-fsigned-zeros' '-ftrapping-math' '"
 455      6174682D 
 455      6572726E 
 455      6F272027 
 455      2D667369 
 456 0033 2D666E6F 		.ascii	"-fno-trapv' '-fno-strict-overflow' '-fno-openmp' '-"
 456      2D747261 
 456      70762720 
 456      272D666E 
 456      6F2D7374 
 457 0066 666E6F2D 		.ascii	"fno-openacc' '-mcpu=cortex-m4' '-mthumb' '-O0' '-fo"
 457      6F70656E 
 457      61636327 
 457      20272D6D 
 457      6370753D 
 458 0099 6D69742D 		.ascii	"mit-frame-pointer' '-falign-functions=16' '-ffuncti"
 458      6672616D 
 458      652D706F 
 458      696E7465 
 458      72272027 
ARM GAS  C:\Users\SevenI7\AppData\Local\Temp\cc8GX6hm.s 			page 34


 459 00cc 6F6E2D73 		.ascii	"on-sections' '-fdata-sections' '-fno-common' '-flto"
 459      65637469 
 459      6F6E7327 
 459      20272D66 
 459      64617461 
 460 00ff 2700     		.ascii	"'\000"
 461              		.text
 462              		.comm	__gnu_lto_v1,1,1
 463              		.comm	__gnu_lto_slim,1,1
 464              		.ident	"GCC: (GNU Tools for Arm Embedded Processors 7-2017-q4-major) 7.2.1 20170904 (release) [ARM
ARM GAS  C:\Users\SevenI7\AppData\Local\Temp\cc8GX6hm.s 			page 35


DEFINED SYMBOLS
                            *ABS*:00000000 chmemcore.c
                            *COM*:00000001 __gnu_lto_v1
                            *COM*:00000001 __gnu_lto_slim

NO UNDEFINED SYMBOLS
