ARM GAS  C:\Users\SevenI7\AppData\Local\Temp\ccWsVNob.s 			page 1


   1              		.cpu cortex-m4
   2              		.eabi_attribute 20, 1
   3              		.eabi_attribute 21, 1
   4              		.eabi_attribute 23, 3
   5              		.eabi_attribute 24, 1
   6              		.eabi_attribute 25, 1
   7              		.eabi_attribute 26, 1
   8              		.eabi_attribute 30, 6
   9              		.eabi_attribute 34, 1
  10              		.eabi_attribute 18, 4
  11              		.file	"hal.c"
  12              		.section	.gnu.lto_.inline.1d344ab,"",%progbits
  13 0000 789C6363 		.ascii	"x\234cc``\360b@\000&\006\006f fbZ \317\300\002\3421"
  13      6060F062 
  13      40002606 
  13      06662066 
  13      625A20CF 
  14 0018 30303270 		.ascii	"002p\235`@\023\342\"H0\000\000\245\004\003\012"
  14      9D604013 
  14      E2224830 
  14      0000A504 
  14      030A
  15              		.text
  16              		.section	.gnu.lto_osalInit.1d344ab,"",%progbits
  17 0000 789C6363 		.ascii	"x\234cc``(\005bM \026\005b\006f\006F&\006 fd\004r\030"
  17      60602805 
  17      624D2016 
  17      05620666 
  17      06462606 
  18 001a 19EA9918 		.ascii	"\031\352\231\030\353\031{\230\24703\036j\177\266\223"
  18      EB197B98 
  18      A730331E 
  18      6A7FB693 
  19 002a 49737903 		.ascii	"Isy\003\020\034\230~MnM\303\205\006\3469\314\014\014"
  19      101C987E 
  19      4D6E4DC3 
  19      8506E639 
  19      CC0C0C
  20 003d D39819C0 		.ascii	"\323\230\031\300\200q3\243&\003P\335\243\215\377\246"
  20      807133A3 
  20      260350DD 
  20      A38DFFA6 
  21 004d F2B2B140 		.ascii	"\362\262\261@\304\031\2670\2621\200LZ\177\211\365@\303"
  21      C419B730 
  21      B231804C 
  21      5A7F89F5 
  21      40C3
  22 005f BFFFED0D 		.ascii	"\277\377\355\015\007\356,a\274\035\007\264\242\003\254"
  22      07EE2C61 
  22      BC1D07B4 
  22      A203AC
  23 006e AF9319C8 		.ascii	"\257\223\031\310d~\307\330\244\000V\012\002\035\314"
  23      647EC7D8 
  23      A400560A 
  23      021DCC
  24 007d 400D4051 		.ascii	"@\015@Qu==} J\316\310L\312\314/6\2644\324\317/\326\317"
  24      753D3D7D 
ARM GAS  C:\Users\SevenI7\AppData\Local\Temp\ccWsVNob.s 			page 2


  24      204ACEC8 
  24      4CCACC2F 
  24      36B434D4 
  25 0095 48CC0152 		.ascii	"H\314\001R@\242\250\004L\353e0\000\000\001\253.\206"
  25      40A2A804 
  25      4CEB6530 
  25      000001AB 
  25      2E86
  26              		.text
  27              		.section	.gnu.lto_halInit.1d344ab,"",%progbits
  28 0000 789C6363 		.ascii	"x\234cc``\350gd`P\001\322\242@\314\300\314\300\310\304"
  28      6060E867 
  28      64605001 
  28      D2A240CC 
  28      C0CCC0C8 
  29 0015 00C48C40 		.ascii	"\000\304\214@A\006F\206z&\306z\306\036\346)\314\214"
  29      41064686 
  29      7A26C67A 
  29      C61EE629 
  29      CC8C
  30 0027 87DA9FED 		.ascii	"\207\332\237\355d\322\\\336\000\004\007\246\177\220"
  30      64D25CDE 
  30      000407A6 
  30      7F90
  31 0035 6C587180 		.ascii	"lXq\200q\0163\003\3034f\0060`\334\314\250\311\000T\366"
  31      710E3303 
  31      C3346606 
  31      3060DCCC 
  31      A8C90054 
  32 004a 68E3BFA9 		.ascii	"h\343\277\251\274l,\020q\306-\214l\014 \203\326_b=\320"
  32      BC6C2C10 
  32      71C62D8C 
  32      6C0C2083 
  32      D65F623D 
  33 005f F0EF7F7B 		.ascii	"\360\357\177{\303\201'\213\030?zq20t\200\365u2\003-"
  33      C381278B 
  33      183F7A71 
  33      32307480 
  33      F5753203 
  34 0074 637EC3D8 		.ascii	"c~\303\330\274\340\2754X1\320\204\235;\337\334f\257"
  34      BCE0BD34 
  34      5831D084 
  34      9D3BDFDC 
  34      66AF
  35 0086 FFDBC031 		.ascii	"\377\333\3001\207\231q\0323P7\343V\306z\2069@\225 u"
  35      8799711A 
  35      335037E3 
  35      56C67A86 
  35      39409520 
  36 009b 3F99B1AB 		.ascii	"?\231\261\253\0039z\033\222\272\225<\330\325\001\255"
  36      03397A1B 
  36      92BA953C 
  36      D8D501AD 
  37 00ab 65DC8EA4 		.ascii	"e\334\216\244n'\037vu,@u;\220\324}\304\241\216\025\250"
  37      6E271F76 
  37      752C4075 
  37      3B90D47D 
ARM GAS  C:\Users\SevenI7\AppData\Local\Temp\ccWsVNob.s 			page 3


  37      C4A18E15 
  38 00c0 6E2792BA 		.ascii	"n'\222\272\277\"\330\325\261\001\325\355B\266W\024\273"
  38      BF22D8D5 
  38      B101D5ED 
  38      42B65714 
  38      BB
  39 00d1 3A76A0BA 		.ascii	":v\240\272\335Pu\357\030\233\026<\236\312\010V\010\002"
  39      DD5075EF 
  39      189B163C 
  39      9ECA0856 
  39      0802
  40 00e3 1DA0D000 		.ascii	"\035\240\320\000zTIOO\037\210\22232\2232\363\213\015"
  40      7A54494F 
  40      4F1F8892 
  40      33329332 
  40      F38B0D
  41 00f6 2D0DF5F3 		.ascii	"-\015\365\363\213\3653\022s\364\213\213\222A\264^2\003"
  41      8BF53312 
  41      73F48B8B 
  41      9241B45E 
  41      3203
  42 0108 008FBC86 		.ascii	"\000\217\274\206\274"
  42      BC
  43              		.text
  44              		.section	.gnu.lto_.symbol_nodes.1d344ab,"",%progbits
  45 0000 789C55C8 		.ascii	"x\234U\310\313\011\302@\024F\341s\377I&m\305\312\356"
  45      CB09C240 
  45      1446E173 
  45      FF49266D 
  45      C5CAEE
  46 0013 880DD843 		.ascii	"\210\015\330C\026\326`v\022\020\237\251AI\037\301q@"
  46      16D66076 
  46      12109FA9 
  46      41491FC1 
  46      7140
  47 0025 70168703 		.ascii	"p\026\207\003_\004\3169t\220\303~\206\274c:\245\230"
  47      5F04CE39 
  47      7490C37E 
  47      86BC633A 
  47      A598
  48 0037 ED22B79F 		.ascii	"\355\"\267\237\215\333\015\330,W\021H\251\317\360\224"
  48      8DDB0DD8 
  48      2C571148 
  48      A9CFF094 
  49 0047 870A1EF2 		.ascii	"\207\012\036\362\246\202\273\274\255\340&\217\025\\"
  49      A682BBBC 
  49      ADE0268F 
  49      155C
  50 0055 E5DD3F04 		.ascii	"\345\335?\004\203\341\265Z\260\216\251<\262\224\267"
  50      83E1B55A 
  50      B08EA93C 
  50      B294B7
  51 0064 ECDEDF37 		.ascii	"\354\336\3377\014\345\201\251\\,\371|\000\333\2115\002"
  51      0CE581A9 
  51      5C2CF97C 
  51      00DB8935 
  51      02
ARM GAS  C:\Users\SevenI7\AppData\Local\Temp\ccWsVNob.s 			page 4


  52              		.text
  53              		.section	.gnu.lto_.refs.1d344ab,"",%progbits
  54 0000 789C6363 		.ascii	"x\234cc```\004b\006\000\000D\000\010"
  54      60606004 
  54      62060000 
  54      440008
  55              		.text
  56              		.section	.gnu.lto_.decls.1d344ab,"",%progbits
  57 0000 789C8D92 		.ascii	"x\234\215\222YL\023A\030\200\347\357\024,P\224\0305"
  57      594C1341 
  57      1880E7EF 
  57      142C5094 
  57      1835
  58 0012 3EF880BC 		.ascii	">\370\200\274\210F\273V\211A\023}\361@\023\004\243\362"
  58      8846BB56 
  58      8941137D 
  58      F1401304 
  58      A3F2
  59 0024 E08356AE 		.ascii	"\340\203V\256\244M*m\272U1\274\254\367E\274BP\010*\211"
  59      A44D2A6D 
  59      BA5531BC 
  59      ACF745BC 
  59      4250082A 
  60 0039 BE706850 		.ascii	"\276phP@\221C\212P\012R\3053\232(GD\3616\022\036\324"
  60      4091438A 
  60      500A52C5 
  60      339A2847 
  60      44F13612 
  61 004f 68C47F66 		.ascii	"h\304\177fg\331\006B\344\317\316\356N\347\377\276\377"
  61      67D90642 
  61      E4CFCEEE 
  61      4EE7FFBE 
  61      FF
  62 0060 9FE98613 		.ascii	"\237\351\206\023B\206(!\177\201\220:|\037\301\300)i"
  62      42862821 
  62      7F81903A 
  62      7C1FC1C0 
  62      2969
  63 0072 217A9870 		.ascii	"!z\230p4\340h\302\321,\326Zq\370q\004pt\222\361\261"
  63      34E068C2 
  63      D12CD65A 
  63      71F87104 
  63      707492F1 
  64 0087 177D7891 		.ascii	"\027}x\221\235b\016\30216\362p\201\212\274 \216\372"
  64      9D620EC2 
  64      3136F270 
  64      818ABC20 
  64      8EFA
  65 0099 909A4D82 		.ascii	"\220\232M\202\351\024u\374\242n\213\350cl\024P\2508"
  65      E91475FC 
  65      A26E8BE8 
  65      636C1450 
  65      A838
  66 00ab 3770DED8 		.ascii	"7p\336\330\007=\254\034\304\000\210.B\003\304.y\260"
  66      073DAC1C 
  66      C400882E 
  66      4203C42E 
ARM GAS  C:\Users\SevenI7\AppData\Local\Temp\ccWsVNob.s 			page 5


  66      79B0
  67 00bd 7535C100 		.ascii	"u5\301\000\332\242\2325\026\343k\240\016\003\321su\""
  67      DAA29A35 
  67      16E36BA0 
  67      0E03D173 
  67      7522
  68 00cf C41A0203 		.ascii	"\304\032\002\003\017\302[\011\355\205w&\332\003\275"
  68      0FC25B09 
  68      ED857726 
  68      DA03BD
  69 00de 3C8CE668 		.ascii	"<\214\346h\371!V\030\205\306wG\324sd\207\360\374K\376"
  69      F9215618 
  69      85C67747 
  69      D4736487 
  69      F0FC4BFE 
  70 00f2 75733FF4 		.ascii	"us?\364b\3526B\316\230v\001\373\365B\371\331\322(j\340"
  70      62EA3642 
  70      CE987601 
  70      FBF542F9 
  70      D9D2286A 
  71 0107 EF03D76E 		.ascii	"\357\003\327n\224\031h\024\177?\371\372j\005\265T*j"
  71      94196814 
  71      7F3FF9FA 
  71      6A05B554 
  71      2A6A
  72 0119 98B613B8 		.ascii	"\230\266\023\270\005T;O\377\310\017\337\264\223\024"
  72      05543B4F 
  72      FFC80FDF 
  72      B49314
  73 0128 A6478201 		.ascii	"\246G\202\001\247O\276\007/F\341tF$\304\340\2642\177"
  73      A74FBE07 
  73      2F46E174 
  73      4624C4E0 
  73      B4327F
  74 013b A4206C76 		.ascii	"\244 lv!\343\316\034Tb\014\260s\026\334\2019P\007s\260"
  74      21E3CE1C 
  74      54620CB0 
  74      7316DC81 
  74      39500773 
  75 0150 C77A988D 		.ascii	"\307z\230\215\367\034\243jz\361\360e;\215+U|>\305\367"
  75      F71CA36A 
  75      7AF1F065 
  75      3B8D2B55 
  75      7C3EC5F7 
  76 0164 637041C0 		.ascii	"cpA\300\177Dy\204\334z\236\007\265@\3416X\330\226kY"
  76      7F447984 
  76      DC7A9E07 
  76      B540E136 
  76      58D8966B 
  77 0179 75A8817E 		.ascii	"u\250\201~\200j\350\303=4@\034\362\337\253\2257\221"
  77      806AE8C3 
  77      3D34401C 
  77      F2DFAB95 
  77      3791
  78 018b 74076FF9 		.ascii	"t\007o\371\312\365g_\315\350*e\256\222\330\3675\212"
  78      CAF5675F 
  78      CDE82A65 
ARM GAS  C:\Users\SevenI7\AppData\Local\Temp\ccWsVNob.s 			page 6


  78      AE92D8F7 
  78      358A
  79 019d 72185D46 		.ascii	"r\030]F\256j\324U\215cUM\\u\364\346\267\2760z\034\270"
  79      AE6AD455 
  79      8D63554D 
  79      5C75F4E6 
  79      B7BE307A 
  80 01b3 2BFF6D43 		.ascii	"+\377mC\3554t\365+\212/P\236X\\\365A9\026\2516uW7\335"
  80      ED3474F5 
  80      2B8A2F50 
  80      9E585CF5 
  80      413916A9 
  81 01cc 154702CD 		.ascii	"\025G\002\315\334\020\034\354\311\243\365\252\240\302"
  81      DC101CEC 
  81      C9A3F5AA 
  81      A0C2
  82 01da 7F62BF51 		.ascii	"\177b\277Q\010\006\352\022_\371\217\3706\251\274O\347"
  82      0806EA12 
  82      5FF98FF8 
  82      36A9BC4F 
  82      E7
  83 01eb 7D1ADFC2 		.ascii	"}\032\337\302\371\266\347\237\216\205\321\021UP?\\("
  83      F9B6E79F 
  83      8E85D111 
  83      55503F5C 
  83      28
  84 01fc 0BFE77C7 		.ascii	"\013\376w\307\302\2775\312\2410\216\337\323\361{\032"
  84      C2BF35CA 
  84      A1308EDF 
  84      D3F17B1A 
  85 020c DECAF1EE 		.ascii	"\336\312\361\356\373W\376D\323\233\352\177\371\264\240"
  85      FB57FE44 
  85      D39BEA7F 
  85      F9B4A0
  86 021b EC57B4E0 		.ascii	"\354W\264\340\273\272\343\203\243|\233\316\267i\274"
  86      BBBAE383 
  86      A37C9BCE 
  86      B769BC
  87 022a 9FF3E595 		.ascii	"\237\363\345\225E\357\"\350{\225\177\266\377\324L\201"
  87      45EF22E8 
  87      7B957FB6 
  87      FFD44C81 
  88 023a 7FEE8DD7 		.ascii	"\177\356\215\327\313\267\353x\273\206\0078^t\351t\025"
  88      CBB7EB78 
  88      BB860738 
  88      5E74E974 
  88      15
  89 024b A5D594E3 		.ascii	"\245\325\224\343\337\232\207?j\333o\375\231\36090\272"
  89      DF9A873F 
  89      6ADB6FFD 
  89      99F03930 
  89      BA
  90 025c FD0E5DD0 		.ascii	"\375\016]\320\241\011:\271\340\361\241\252\022\252~"
  90      A1093AB9 
  90      E0F1A1AA 
  90      12AA7E
  91 026b 55469C0E 		.ascii	"UF\234\016=(\036\230\252~U\2618\275\374\347w\321T\363"
ARM GAS  C:\Users\SevenI7\AppData\Local\Temp\ccWsVNob.s 			page 7


  91      3D281E98 
  91      AA7E55B1 
  91      38BDFCE7 
  91      77D154F3 
  92 027f 094539A0 		.ascii	"\011E9\240\224\036T\"\326sY\027~V\367\371g\025\0043"
  92      941E5422 
  92      D6735917 
  92      7E56F7F9 
  92      67150433 
  93 0293 57B1A7C9 		.ascii	"W\261\247\311%\247;7\3448\274s-\026\011\257L\273#\303"
  93      25A73B37 
  93      E438BC73 
  93      2D1609AF 
  93      4CBB23C3 
  94 02a7 E192ADCB 		.ascii	"\341\222\255\313\255\222K\226\354\351NI\366d\262\247"
  94      AD924B96 
  94      ECE94E49 
  94      F664B2A7 
  95 02b7 25D39494 		.ascii	"%\323\224\224\222\026\273\332j%\363&Je.\311\343\345"
  95      9216BBDA 
  95      6A25F326 
  95      4A652EC9 
  95      E3E5
  96 02c9 4F8B9D4C 		.ascii	"O\213\235L\261\253\352\270\377\252I\270\354e\231\363"
  96      B1ABEAB8 
  96      FFAA49B8 
  96      EC6599F3 
  97 02d9 27CA74E4 		.ascii	"'\312t\344d:wge\263w\233\354EwD\206+\335\223\305\230"
  97      643A7767 
  97      65B3779B 
  97      EC457744 
  97      862BDD93 
  98 02ef 1513313C 		.ascii	"\025\0231<C\226\266l\265\245\244\255N^\233\272,\301"
  98      4396B66C 
  98      B5A5A4AD 
  98      4E5E9BBA 
  98      2CC1
  99 0301 B62E61B1 		.ascii	"\266.a\261u\363Zu\2055(\273\035L\261`Re\335\016D\302"
  99      75F35A75 
  99      853528BB 
  99      1D4CB160 
  99      5265DD0E 
 100 0317 655E74D1 		.ascii	"e^t\321\244\210l\217\203\037D\264\315\215S\2473\313"
 100      A4886C8F 
 100      831F44B4 
 100      CD8D53A7 
 100      33CB
 101 0329 E64076E5 		.ascii	"\346@v\345D\254\333\345\361\262~7.]\"%'\257\221\222"
 101      44ACDBE5 
 101      F1B27E37 
 101      2E5D2225 
 101      27AF9192 
 102 033d 366D48DD 		.ascii	"6mH\335\263\204\253\004\217.\263=D\265j2*~_\227\220"
 102      B384AB04 
 102      8F2EB33D 
 102      44B56A32 
 102      2A7E5F97 
ARM GAS  C:\Users\SevenI7\AppData\Local\Temp\ccWsVNob.s 			page 8


 103 0352 9B2B69A8 		.ascii	"\233+i\250w\237;\333\212\256\177\300\321\306v"
 103      779F3BDB 
 103      8AAE7FC0 
 103      D1C676
 104              		.text
 105              		.section	.gnu.lto_.symtab.1d344ab,"",%progbits
 106 0000 68616C49 		.ascii	"halInit\000"
 106      6E697400 
 107 0008 00       		.ascii	"\000"
 108 0009 00       		.ascii	"\000"
 109 000a 00       		.ascii	"\000"
 110 000b 00000000 		.ascii	"\000\000\000\000\000\000\000\000"
 110      00000000 
 111 0013 BD000000 		.ascii	"\275\000\000\000"
 112 0017 7374496E 		.ascii	"stInit\000"
 112      697400
 113 001e 00       		.ascii	"\000"
 114 001f 02       		.ascii	"\002"
 115 0020 00       		.ascii	"\000"
 116 0021 00000000 		.ascii	"\000\000\000\000\000\000\000\000"
 116      00000000 
 117 0029 BF000000 		.ascii	"\277\000\000\000"
 118 002d 626F6172 		.ascii	"boardInit\000"
 118      64496E69 
 118      7400
 119 0037 00       		.ascii	"\000"
 120 0038 02       		.ascii	"\002"
 121 0039 00       		.ascii	"\000"
 122 003a 00000000 		.ascii	"\000\000\000\000\000\000\000\000"
 122      00000000 
 123 0042 C1000000 		.ascii	"\301\000\000\000"
 124 0046 73706949 		.ascii	"spiInit\000"
 124      6E697400 
 125 004e 00       		.ascii	"\000"
 126 004f 02       		.ascii	"\002"
 127 0050 00       		.ascii	"\000"
 128 0051 00000000 		.ascii	"\000\000\000\000\000\000\000\000"
 128      00000000 
 129 0059 C3000000 		.ascii	"\303\000\000\000"
 130 005d 7364496E 		.ascii	"sdInit\000"
 130      697400
 131 0064 00       		.ascii	"\000"
 132 0065 02       		.ascii	"\002"
 133 0066 00       		.ascii	"\000"
 134 0067 00000000 		.ascii	"\000\000\000\000\000\000\000\000"
 134      00000000 
 135 006f C5000000 		.ascii	"\305\000\000\000"
 136 0073 5F70616C 		.ascii	"_pal_lld_init\000"
 136      5F6C6C64 
 136      5F696E69 
 136      7400
 137 0081 00       		.ascii	"\000"
 138 0082 02       		.ascii	"\002"
 139 0083 00       		.ascii	"\000"
 140 0084 00000000 		.ascii	"\000\000\000\000\000\000\000\000"
 140      00000000 
 141 008c C7000000 		.ascii	"\307\000\000\000"
ARM GAS  C:\Users\SevenI7\AppData\Local\Temp\ccWsVNob.s 			page 9


 142 0090 68616C5F 		.ascii	"hal_lld_init\000"
 142      6C6C645F 
 142      696E6974 
 142      00
 143 009d 00       		.ascii	"\000"
 144 009e 02       		.ascii	"\002"
 145 009f 00       		.ascii	"\000"
 146 00a0 00000000 		.ascii	"\000\000\000\000\000\000\000\000"
 146      00000000 
 147 00a8 C9000000 		.ascii	"\311\000\000\000"
 148              		.text
 149              		.section	.gnu.lto_.opts,"",%progbits
 150 0000 272D666D 		.ascii	"'-fmath-errno' '-fsigned-zeros' '-ftrapping-math' '"
 150      6174682D 
 150      6572726E 
 150      6F272027 
 150      2D667369 
 151 0033 2D666E6F 		.ascii	"-fno-trapv' '-fno-strict-overflow' '-fno-openmp' '-"
 151      2D747261 
 151      70762720 
 151      272D666E 
 151      6F2D7374 
 152 0066 666E6F2D 		.ascii	"fno-openacc' '-mcpu=cortex-m4' '-mthumb' '-O0' '-fo"
 152      6F70656E 
 152      61636327 
 152      20272D6D 
 152      6370753D 
 153 0099 6D69742D 		.ascii	"mit-frame-pointer' '-falign-functions=16' '-ffuncti"
 153      6672616D 
 153      652D706F 
 153      696E7465 
 153      72272027 
 154 00cc 6F6E2D73 		.ascii	"on-sections' '-fdata-sections' '-fno-common' '-flto"
 154      65637469 
 154      6F6E7327 
 154      20272D66 
 154      64617461 
 155 00ff 2700     		.ascii	"'\000"
 156              		.text
 157              		.comm	__gnu_lto_v1,1,1
 158              		.comm	__gnu_lto_slim,1,1
 159              		.ident	"GCC: (GNU Tools for Arm Embedded Processors 7-2017-q4-major) 7.2.1 20170904 (release) [ARM
ARM GAS  C:\Users\SevenI7\AppData\Local\Temp\ccWsVNob.s 			page 10


DEFINED SYMBOLS
                            *ABS*:00000000 hal.c
                            *COM*:00000001 __gnu_lto_v1
                            *COM*:00000001 __gnu_lto_slim

NO UNDEFINED SYMBOLS
