ARM GAS  C:\Users\SevenI7\AppData\Local\Temp\cc0A0XKc.s 			page 1


   1              		.cpu cortex-m4
   2              		.eabi_attribute 20, 1
   3              		.eabi_attribute 21, 1
   4              		.eabi_attribute 23, 3
   5              		.eabi_attribute 24, 1
   6              		.eabi_attribute 25, 1
   7              		.eabi_attribute 26, 1
   8              		.eabi_attribute 30, 6
   9              		.eabi_attribute 34, 1
  10              		.eabi_attribute 18, 4
  11              		.file	"hal_st.c"
  12              		.section	.gnu.lto_.inline.1d35b6b,"",%progbits
  13 0000 789C6363 		.ascii	"x\234cc``8\310\200\000\234\014\014l\254\014\014L\034"
  13      606038C8 
  13      80009C0C 
  13      0C6CAC0C 
  13      0C4C1C
  14 0013 13FC1858 		.ascii	"\023\374\030X\030\230@B\214\014,\314@\021\226\017z0"
  14      18984042 
  14      8C0C2CCC 
  14      4011960F 
  14      7A30
  15 0025 11260C11 		.ascii	"\021&\014\021f\014\021\026\006\026\036\240\010\323\002"
  15      660C1116 
  15      06161EA0 
  15      08D302
  16 0034 79B8395C 		.ascii	"y\2709\\@\202\225\201\225\027U\230\211\033(5\301\217"
  16      40829581 
  16      95175598 
  16      891B2835 
  16      C18F
  17 0046 0DBB7A76 		.ascii	"\015\273zv\\\3529\260J00\000\000\353\310\013\277"
  17      5CEA39B0 
  17      4A303000 
  17      00EBC80B 
  17      BF
  18              		.text
  19              		.section	.gnu.lto_st_lld_start_alarm.1d35b6b,"",%progbits
  20 0000 789C8D91 		.ascii	"x\234\215\221\317k\023A\024\307\347;o\177`\240z\362"
  20      CF6B1341 
  20      14C7E73B 
  20      6F7F60A0 
  20      7AF2
  21 0012 96430F42 		.ascii	"\226C\017B\251\207\014\253\027E\360 ^\304\366\324\336"
  21      A9870CAB 
  21      1745F020 
  21      5EC4F6D4 
  21      DE
  22 0023 8BBF2081 		.ascii	"\213\277 \201H\304\004\217v\032*m\265G\0331,u/\326\212"
  22      48C4048F 
  22      761A2A6D 
  22      B5471B31 
  22      2C752FD6 
  23 0038 96AA5563 		.ascii	"\226\252Uck\324u\025i\325\372\353\340\037\240\264J\017"
  23      6BD47515 
  23      69D5FAEB 
  23      E01FA0B4 
ARM GAS  C:\Users\SevenI7\AppData\Local\Temp\cc0A0XKc.s 			page 2


  23      4A0F
  24 004a 452128A2 		.ascii	"E!(\242D\337L\010x\260\340cwv\337\276\357{\237\357\354"
  24      44DF4C08 
  24      78B0E063 
  24      7776DFBE 
  24      EF7B9FEF 
  25 005f 7842889C 		.ascii	"xB\210\234\024b\037?\267\362-H\200SH\200\023\210A\211"
  25      14621F3F 
  25      B7F22D48 
  25      80534880 
  25      13884189 
  26 0073 418CD379 		.ascii	"A\214\323yB2\262:/\273\257h\216\370B3u]\277\321\024"
  26      4232B23A 
  26      2FBBAF68 
  26      8EF84233 
  26      755DBFD1 
  27 0088 92101512 		.ascii	"\222\020\025\02260\207n\226\275\035\276\021\3229\256"
  27      3630876E 
  27      96BD1DBE 
  27      11D239AE 
  28 0098 000EA75F 		.ascii	"\000\016\247_\227\253\0377\233T\242\223\323\261\370"
  28      97AB1F37 
  28      9B54A293 
  28      D3B1F8
  29 00a7 ECD314ED 		.ascii	"\354\323\024\355\205\340\367\237\337>]\333\322uY\353"
  29      85E0F79F 
  29      DF3E5DDB 
  29      D27559EB 
  30 00b7 B28E5F4E 		.ascii	"\262\216_N\221\336\026\022\341.\210\007\342\016\322"
  30      91DE1612 
  30      E12E8807 
  30      E20ED2
  31 00c6 B88DB4E0 		.ascii	"\270\215\264\340O\0025t\031\375\207\233\315\211\016"
  31      4F023574 
  31      19FD879B 
  31      CD890E
  32 00d5 CF690171 		.ascii	"\317i\001q\017\2360\026g\337\271\261n\376\036\321\361"
  32      0F9E3016 
  32      67DFB9B1 
  32      6EFE1ED1 
  32      F1
  33 00e6 AF295C3C 		.ascii	"\257)\\<\270\011\334\343H\263\220Y\\\330v1j]\216\021"
  33      B809DCE3 
  33      48B39059 
  33      5CD87631 
  33      6A5D8E11 
  34 00fa EF8DD650 		.ascii	"\357\215\326Pn|^Z\361\315\214*\201G\277\232\371\376"
  34      6E7C5E5A 
  34      F1CD8C2A 
  34      8147BF9A 
  34      F9FE
  35 010c 25655C3A 		.ascii	"%e\\:0\373s0\317\3545$\325\245]F\304\212\312\231\344"
  35      30FB7330 
  35      CFEC3524 
  35      D5A55D46 
  35      C48ACA99 
  36 0121 B5DF5218 		.ascii	"\265\337R\030/\365d\371\231\027ar\210\325\321i\006\271"
ARM GAS  C:\Users\SevenI7\AppData\Local\Temp\cc0A0XKc.s 			page 3


  36      2FF564F9 
  36      99176172 
  36      88D5D169 
  36      06B9
  37 0133 3C080BDC 		.ascii	"<\010\013\334e\252\357k\013\265\0165\243\207\207tgH"
  37      65AAEF6B 
  37      0BB50E35 
  37      A3878774 
  37      6748
  38 0145 1EEE23C2 		.ascii	"\036\356#\302\2045\300\305\351\365\037\213~0k\212\321"
  38      8435C0C5 
  38      E9F51F8B 
  38      7E306B8A 
  38      D1
  39 0156 2D84E4A3 		.ascii	"-\204\344\243\016\205\355i\373\017\037 \250\222+\254"
  39      0E85ED69 
  39      FB0F1F20 
  39      A8922BAC 
  40 0166 C3E76D87 		.ascii	"\303\347m\207\262m\247\261\330\266\363/\276\334\200"
  40      B26DA7B1 
  40      D8B6F32F 
  40      BEDC80
  41 0175 EFE3A1E5 		.ascii	"\357\343\241\345\333\003}\004\365\367n|\010\304vx\271"
  41      DB037D04 
  41      F5F76E7C 
  41      08C47678 
  41      B9
  42 0186 31FDC26D 		.ascii	"1\375\302m\361\350\377x\264!\357\261\345I\303K,\257"
  42      F1E8FF78 
  42      B421EFB1 
  42      E549C34B 
  42      2CAF
  43 0198 7E69FC6A 		.ascii	"~i\374j\252\305\223x\302]\353(Gs\025\330S41j\334q\303"
  43      AAC59378 
  43      C25DEB28 
  43      477315D8 
  43      5334316A 
  44 01af 9E4C46F1 		.ascii	"\236LF\361u$\233;\234+\024\203\335\201*\024U\366P^\235"
  44      75249B3B 
  44      9C2B1483 
  44      DD812A14 
  44      55F6505E 
  45 01c4 289C2C15 		.ascii	"(\234,\025U_\177\357\316\035\252\247g\277\352?\320{"
  45      555F7FEF 
  45      CE1DAAA7 
  45      67BFEA3F 
  45      D07B
  46 01d6 2A309581 		.ascii	"*0\225\201bi \237?\232\311\012\247\224;~\354\017\033"
  46      6269209F 
  46      3F9AC90A 
  46      A7943B7E 
  46      EC0F1B
  47 01e9 F6D683   		.ascii	"\366\326\203"
  48              		.text
  49              		.section	.gnu.lto_st_lld_stop_alarm.1d35b6b,"",%progbits
  50 0000 789C4D4F 		.ascii	"x\234MO=HBQ\024>\337\273\257'\024BK[C\253\313\273XS"
  50      3D484251 
ARM GAS  C:\Users\SevenI7\AppData\Local\Temp\cc0A0XKc.s 			page 4


  50      143EDFBB 
  50      AF271442 
  50      4B5B43AB 
  51 0018 445B4BA4 		.ascii	"D[K\244S\356\322\317\360\004\301\350Ic^\245\320\250"
  51      53EED2CF 
  51      F004C1E8 
  51      49635EA5 
  51      D0A8
  52 002a 310D42E2 		.ascii	"1\015B\342-\321\222DT\232Q o\210\226~hhk\211\212p\210"
  52      2DD19244 
  52      549A5120 
  52      6F88967E 
  52      68686B89 
  53 0041 06A121B0 		.ascii	"\006\241!\260\316}.\035\356\341\3009\337\337\265\210"
  53      CE7D2E1D 
  53      EEE1C039 
  53      DFDFB588 
  54 0051 68104493 		.ascii	"h\020D\223<\207\270I\020\014\342\006/\011\2243\220\303"
  54      3C87B849 
  54      100CE206 
  54      2F099433 
  54      90C3
  55 0063 96D816F0 		.ascii	"\226\330\026\360\213\357M#r\240\270Z;\365\201C\365\240"
  55      8BEF4D23 
  55      72A0B85A 
  55      3BF58143 
  55      F5A0
  56 0075 44551055 		.ascii	"DU\020U\004\005\205\023D\210q/\307\335r\3302{{\234\302"
  56      04058513 
  56      4488712F 
  56      C7DD72D8 
  56      327B7B9C 
  57 008a 22AD74F4 		.ascii	"\"\255t\364\330\327R\335\337\242j\275\356\343j\306\004"
  57      D8D752DD 
  57      DFA26ABD 
  57      EEE36AC6 
  57      04
  58 009b 5505EF4B 		.ascii	"U\005\357K\001yC\260\245h\243\320\371x~\013i\316\256"
  58      017943B0 
  58      A568A3D0 
  58      F9787E0B 
  58      69CEAE
  59 00ae 004BDDD5 		.ascii	"\000K\335\325\276\277\3727\331\005\320\266&\3160Lm\370"
  59      BEBFFA37 
  59      D905D0B6 
  59      26CE304C 
  59      6DF8
  60 00c0 9D1B5B83 		.ascii	"\235\033[\203\030QY\367\357C=\204\366\276\364o\257-"
  60      185159F7 
  60      EF433D84 
  60      F6BEF46F 
  60      AF2D
  61 00d2 0F7B7946 		.ascii	"\017{yF{\253la\260\020\352\314\322\327\247\306E#,kj"
  61      7BAB6C61 
  61      B010EACC 
  61      D2D7A7C6 
  61      45232C6B 
ARM GAS  C:\Users\SevenI7\AppData\Local\Temp\cc0A0XKc.s 			page 5


  62 00e7 2DAF46AA 		.ascii	"-\257F\252B\240\001\017\345 \000\316!\377\253q44\231"
  62      42A0010F 
  62      E52000CE 
  62      21FFAB71 
  62      343499
  63 00fa F58982F7 		.ascii	"\365\211\202\367SA\360\013]%\235\231\263N\330\266\344"
  63      5341F00B 
  63      5D259D99 
  63      B34ED8B6 
  63      E4
  64 010b B7E0A4E6 		.ascii	"\267\340\244\346S\0317:\036\225\031W:si\271\224Y\316"
  64      5319373A 
  64      1E951957 
  64      3A7369B9 
  64      9459CE
  65 011e BA723611 		.ascii	"\272r6\021\037\033\225\261\330\224LL\307W\242\372\222"
  65      1F1B95B1 
  65      D8944C4C 
  65      C757A2FA 
  65      92
  66 012f 74B3C974 		.ascii	"t\263\311tz\321v\350\017\262\034g\251"
  66      7AD176E8 
  66      0FB21C67 
  66      A9
  67              		.text
  68              		.section	.gnu.lto_st_lld_set_alarm.1d35b6b,"",%progbits
  69 0000 789C2550 		.ascii	"x\234%P;H\\A\024\275g\357\333\267\240\250\225\335\026"
  69      3B485C41 
  69      14BD67EF 
  69      DBB7A0A8 
  69      95DD16
  70 0013 5B08A2C5 		.ascii	"[\010\242\305\016O\233\004!\205\330\004\265\322^4\021"
  70      0E4F9B04 
  70      2185D804 
  70      B5D25E34 
  70      11
  71 0024 7661C38A 		.ascii	"va\303\212\273\244\324qQ\374\245\364\003\313C^\243\011"
  71      BBA4D471 
  71      51FCA5F4 
  71      03CB435E 
  71      A309
  72 0036 A81893E8 		.ascii	"\250\030\223\350Fc\340\261\210h\341')R\246\210$\212"
  72      4663E0B1 
  72      8868E127 
  72      2952A688 
  72      248A
  73 0048 09A2E007 		.ascii	"\011\242\340\0071\250w\236\227\031f\356\234s\357=gl"
  73      31A8779E 
  73      971966EE 
  73      9C73EF3D 
  73      676C
  74 005a 22EA0351 		.ascii	"\"\352\003Q\243\234\225\262\211\011!\222\015y$P\177"
  74      A39C95B2 
  74      89092192 
  74      0D792450 
  74      7F
  75 006b 08FD78C3 		.ascii	"\010\375x\303\023\214\342\360\237\265P\315[-\341O\377"
ARM GAS  C:\Users\SevenI7\AppData\Local\Temp\cc0A0XKc.s 			page 6


  75      138CE2F0 
  75      9FB550CD 
  75      5B2DE14F 
  75      FF
  76 007c 2C5DD007 		.ascii	",]\320\007\232]&\232b\012\002\037Q#\264o\203\357]\036"
  76      9A5D269A 
  76      620A021F 
  76      5123B46F 
  76      83EF5D1E 
  77 0090 1704B024 		.ascii	"\027\004\260$=\337\315\037\226\2334\204\230\244\243"
  77      3DDFCD1F 
  77      969B3484 
  77      98A4A3
  78 009f FED86609 		.ascii	"\376\330f\011?\003\311\375\366\352h\276\242zV\353\234"
  78      3F03C9FD 
  78      F6EA68BE 
  78      A27A56EB 
  78      9C
  79 00b0 F6FFCFB2 		.ascii	"\366\377\317\262\256r\231\261\012\226\206XA\024\237"
  79      AE7299B1 
  79      0A968658 
  79      41149F
  80 00bf 10257922 		.ascii	"\020%y\"\024Pm\370\277\226\357&\313l\353q >\303&#q\351"
  80      14506DF8 
  80      BF96EF26 
  80      CB6CEB71 
  80      203EC326 
  81 00d6 7BD8D777 		.ascii	"{\330\327w\367\303\332\3777\207\313\3460\244\306\222"
  81      F7C3DAFF 
  81      3787CBE6 
  81      30A4C692 
  82 00e6 E1A68846 		.ascii	"\341\246\210F\002m\243,\216\370\004\271\213\343\233"
  82      026DA32C 
  82      8EF804B9 
  82      8BE39B
  83 00f5 DF115399 		.ascii	"\337\021S\231gH\303\275\305\353\263\022\243\315\202"
  83      6748C3BD 
  83      C5EBB312 
  83      A3CD82
  84 0104 7165614D 		.ascii	"qeaM&\236\240\230\337ybH\302\230\032*\356G\036\031F"
  84      269EA098 
  84      DF796248 
  84      C2981A2A 
  84      EE471E19 
  85 0119 C1467177 		.ascii	"\301Fqw\313\36603 l\257O\006\205\245\021\326\245\312"
  85      CBF63033 
  85      206CAF4F 
  85      0685A511 
  85      D6A5CA
  86 012c A03F0AEB 		.ascii	"\240?\012\353\2052\265\250\007\007t\314e\033_\340a2"
  86      8532B5A8 
  86      070774CC 
  86      651B5FE0 
  86      6132
  87 013e 1020E0BB 		.ascii	"\020 \340\273\323\233\355\210\263d@\357\003\\\216`\003"
  87      D39BED88 
  87      B36440EF 
ARM GAS  C:\Users\SevenI7\AppData\Local\Temp\cc0A0XKc.s 			page 7


  87      035C8E60 
  87      03
  88 014f 0AB5D1E0 		.ascii	"\012\265\321\340\347\276\302\311\213\321S\344\274\277"
  88      E7BEC2C9 
  88      8BD153E4 
  88      BCBF
  89 015d D308AC99 		.ascii	"\323\010\254\231\030a1(\322\033\342q%\353E\"\331\225"
  89      18613128 
  89      D21BE271 
  89      25EB4522 
  89      D995
  90 016f 4C679CA7 		.ascii	"Lg\234\247\216JgT\2423\245z\322\275\331\214jko\255\257"
  90      8E4A6754 
  90      A233A57A 
  90      D2BDD98C 
  90      6A6B6FAD 
  91 0184 532D2D4D 		.ascii	"S--M\252\375y\353k\307 \035\231lG*\3652\236 +\233|\325"
  91      AAFD79EB 
  91      6BC7201D 
  91      996C472A 
  91      F5329E20 
  92 019c FD005A7B 		.ascii	"\375\000Z{\214\232"
  92      8C9A
  93              		.text
  94              		.section	.gnu.lto_st_lld_get_alarm.1d35b6b,"",%progbits
  95 0000 789C6550 		.ascii	"x\234eP=,dQ\024>\337;\317\023\233\245@%\012\215\302"
  95      3D2C6451 
  95      143EDF3B 
  95      CF139BA5 
  95      40250A8D 
  96 0015 1673F356 		.ascii	"\026s\363VCD\247\221P\255^\260\305\330L2bd[\327,\361"
  96      4344A791 
  96      50AD5EB0 
  96      C5D84C32 
  96      62645BD7 
  97 002b DF082391 		.ascii	"\337\010#\221\227\315\023\211\321L\020\263;\014\221"
  97      97CD1389 
  97      D14C10B3 
  97      3B0C91
  98 003a D9291805 		.ascii	"\331)\030\005v\025J\005\315D\326\204D\"\032\234;tn\356"
  98      76154A05 
  98      CD44D684 
  98      44221A9C 
  98      3B746EEE 
  99 004e CF39F7FB 		.ascii	"\3179\367\373\356\371\276s\035\"\232\002Q\253\234\265"
  99      EEF9BE73 
  99      1D229A02 
  99      51AB9CB5 
 100 005e B2C82658 		.ascii	"\262\310&X$\013,;C \002\015[\214a\314\360<\343\337\350"
 100      240B2C3B 
 100      4320020D 
 100      5B8C61CC 
 100      F03CE3DF 
 101 0073 86C7D3EC 		.ascii	"\206\307\323\3541\301\226\364\356x\351\252\302\244@"
 101      31C196F4 
 101      EE78E9AA 
 101      C2A440
ARM GAS  C:\Users\SevenI7\AppData\Local\Temp\cc0A0XKc.s 			page 8


 102 0082 9DA4FF0B 		.ascii	"\235\244\377\013\007\311\217\015q\255\243:\263\030\253"
 102      07C98F0D 
 102      71ADA33A 
 102      B318AB
 103 0091 D849FED5 		.ascii	"\330I\376\325e\036[\024\023z\022\265\330\202\021\301"
 103      651E5B14 
 103      137A12B5 
 103      D88211C1 
 104 00a1 2F3490B0 		.ascii	"/4\220\260/7\237\026\312\035\333\240r\371\033\216H\021"
 104      2F379F16 
 104      CA1DDBA0 
 104      72F91B8E 
 104      4811
 105 00b3 04D8BC79 		.ascii	"\004\330\274y\374\343\324\257h=\2473\205\355\352\345"
 105      FCE3D4AF 
 105      683DA733 
 105      85EDEAE5 
 106 00c3 1F63396D 		.ascii	"\037c9m\277\257#\344\024\352\327\317J2\372\351y\\g."
 106      BFAF23E4 
 106      14EAD7CF 
 106      4A32FAE9 
 106      795C672E 
 107 00d7 9AF2C9C3 		.ascii	"\232\362\311\303*\033\34413\031>M\230\3224iB\276F\364"
 107      2A1BE431 
 107      33193E4D 
 107      98D23469 
 107      42BE46F4 
 108 00eb 3E3F1BAF 		.ascii	">?\033\2574JKltN\022\017\267\037\214{\206\226ac[\352"
 108      344A4B6C 
 108      744E120F 
 108      B71F8C7B 
 108      86966163 
 109 0101 5E23BB7F 		.ascii	"^#\273\177T\363J2\035\307\306\262\247\245\257$cz/{|"
 109      54F34A32 
 109      1DC7C6B2 
 109      A7A5AF24 
 109      637A2F7B 
 110 0116 E0F8F839 		.ascii	"\340\370\3709\"\017\374UKdl)\206\035\343H\340\363T:"
 110      220FFC55 
 110      4B646C29 
 110      861DE348 
 110      E0F3543A 
 111 012a 55AE127A 		.ascii	"U\256\022ztD\327y\\\2024|,\024M\010\270Vx\314\225\272"
 111      7444D779 
 111      5C82347C 
 111      2C144D08 
 111      B85678CC 
 112 0140 EB06F4D3 		.ascii	"\353\006\364\323\226\307\016v\241\360\251\330\013\366"
 112      96C70E76 
 112      A1F0A9D8 
 112      0BF6
 113 014e E016AD0A 		.ascii	"\340\026\255\012\231\363\362\361\213\022\024\020\365"
 113      99F3F2F1 
 113      8B121410 
 113      F5
 114 015b BFBD5931 		.ascii	"\277\275Y1\244\011\361@\322KK \240d\366\005\373{\373"
 114      A409F140 
ARM GAS  C:\Users\SevenI7\AppData\Local\Temp\cc0A0XKc.s 			page 9


 114      D24B4B20 
 114      A064F605 
 114      FB7BFB
 115 016e C311B7D9 		.ascii	"\303\021\267\331U\341\210\012\366\204\324@xp(\242\276"
 115      55E1880A 
 115      F684D440 
 115      787028A2 
 115      BE
 116 017f 7475367E 		.ascii	"tu6~V\035\035m\252\253\275\363\273k\220\356\310Pw(\364"
 116      561D1D6D 
 116      AAABBDF3 
 116      BB6B90EE 
 116      C8507728 
 117 0194 3510A417 		.ascii	"5\020\244\027\370\366\214\037"
 117      F8F68C1F 
 118              		.text
 119              		.section	.gnu.lto_stInit.1d35b6b,"",%progbits
 120 0000 789C254D 		.ascii	"x\234%M?\017\301p\020\275\327\243$b4\210Y\304\322\306"
 120      3F0FC170 
 120      10BDD7A3 
 120      24623488 
 120      59C4D2C6 
 121 0014 E8D3085D 		.ascii	"\350\323\010]H$\022\265\367\027\206\222\030\375Y\032"
 121      482412B5 
 121      F7178692 
 121      18FD591A 
 122 0024 110B9B08 		.ascii	"\021\013\233\010\206n\215\217`e2\230\304,\021\352Z/"
 122      866E8D8F 
 122      60653298 
 122      C42C11EA 
 122      5A2F
 123 0036 F772B9BB 		.ascii	"\367r\271\273\367\336\351D\264\020\226\2049!1A#! \003"
 123      F7DEE944 
 123      B4109684 
 123      39213141 
 123      23212003 
 124 004a C8D1E060 		.ascii	"\310\321\340`\314\023\306\311\275\373Zy\255\004\301"
 124      CC13C6C9 
 124      BDFB5A79 
 124      AD04C1
 125 0059 FC95579B 		.ascii	"\374\225W\233\000\036\023\315\230b`\2172\211\354\266"
 125      001E13CD 
 125      9862608F 
 125      3289ECB6 
 126 0069 FB4EB37A 		.ascii	"\373N\263z\342\277\307\001:EA\333s2P\337\320U\301u\205"
 126      E2BFC701 
 126      3A4541DB 
 126      733250DF 
 126      D055C175 
 127 007e 3029B761 		.ascii	"0)\267a\354\033\261<\343\007\006\313w!\026K\202\357"
 127      EC1BB13C 
 127      E30706CB 
 127      7721164B 
 127      82EF
 128 0090 3F2E29E7 		.ascii	"?.)\347\243\322\036c\306\342\306\021\016y\242|\242\277"
 128      A3D21E63 
 128      C6E2C611 
ARM GAS  C:\Users\SevenI7\AppData\Local\Temp\cc0A0XKc.s 			page 10


 128      0E79A27C 
 128      A2BF
 129 00a2 0C33B12E 		.ascii	"\0143\261.\3020:\212\277h\030\246\224\325l5Z\035\273"
 129      C2303A8A 
 129      BF6818A6 
 129      94D56C35 
 129      5A1DBB
 130 00b5 52AD981D 		.ascii	"R\255\230\035\333l\326\333\246\335\265\242^\263{\206"
 130      DB6CD6DB 
 130      A6DDB5A2 
 130      5EB37B86 
 131 00c5 453F0766 		.ascii	"E?\007f;\240"
 131      3BA0
 132              		.text
 133              		.section	.gnu.lto_stStartAlarm.1d35b6b,"",%progbits
 134 0000 789C358F 		.ascii	"x\2345\217\277K\303P\020\307\357\233KS\027\353\352\320"
 134      BF4BC350 
 134      10C7EF9B 
 134      4B5317EB 
 134      EAD0
 135 0012 C141A95D 		.ascii	"\301A\251]\022:\372\017\370oH\033\204\006\224\202\351"
 135      123AFA0F 
 135      F86F481B 
 135      84069482 
 135      E9
 136 0023 9E47A9B6 		.ascii	"\236G\251\266\242\305E+\224\014A-\005E\254\3703N\301"
 136      A2C5452B 
 136      940C412D 
 136      0545ACF8 
 136      334EC1
 137 0036 DD41C149 		.ascii	"\335A\301I'\005\247 \010nb\365\022\361x\367\356\335"
 137      2705A720 
 137      086E62F5 
 137      12F178F7 
 137      EEDD
 138 0048 BDEF7DDE 		.ascii	"\275\357}\336=\203\210r \262$\346\305I'h$\016\226\235"
 138      3D838872 
 138      20B224E6 
 138      C5492768 
 138      240E969D 
 139 005c 215704F2 		.ascii	"!W\004\3624\206\207M\336f\334\266\336B\2558Pb\321\356"
 139      3486874D 
 139      DE66DCB6 
 139      DE42AD38 
 139      5062D1EE 
 140 0070 8DB1A656 		.ascii	"\215\261\246V'}\221v\231R\303\031\212\242\272o\016}"
 140      277D9176 
 140      9952C319 
 140      8AA2BA6F 
 140      0E7D
 141 0082 DE605F00 		.ascii	"\336`_\000\272\244\037w\275\327\\\222j\230\222\364\353"
 141      BAA41F77 
 141      BDD75C92 
 141      6A9892F4 
 141      EB
 142 0093 70F83CC1 		.ascii	"p\370<\301\263 9\357\035o\365\215B_\251\206\212\342"
 142      B32039EF 
ARM GAS  C:\Users\SevenI7\AppData\Local\Temp\cc0A0XKc.s 			page 11


 142      1D6FF58D 
 142      425FA986 
 142      8AE2
 143 00a5 7D56D33E 		.ascii	"}V\323>3.\301\002\304\005\3628G\236\244D\270B!\321\277"
 143      332EC102 
 143      C405F238 
 143      479EA444 
 143      B84221D1 
 144 00ba 9C8E76C6 		.ascii	"\234\216v\306\015=\370\177\023\3270dB\202TN\0362\221"
 144      0D3DF87F 
 144      13D73064 
 144      4282544E 
 144      1E3291
 145 00cd 1AFDB454 		.ascii	"\032\375\264T\364y\200\307y]C\332E\355t\2706\313\307"
 145      F47980C7 
 145      795D43DA 
 145      45ED74B8 
 145      36CBC7
 146 00e0 785D58C4 		.ascii	"x]X\3041\232\301\240\303i\263@\3030~\312z\337j\314g"
 146      319AC1A0 
 146      C369B340 
 146      C3307ECA 
 146      7ADF6ACC 
 147 00f5 BDCB092D 		.ascii	"\275\313\011-\204G=\326|\316\320;\032\301Q\007\251\366"
 147      84473DD6 
 147      7CCED03B 
 147      1AC15107 
 147      A9F6
 148 0107 8F230241 		.ascii	"\217#\002A\315\230\246%\313\256:\025\247\346\226\346"
 148      CD98A625 
 148      CBAE3A15 
 148      A7E696E6 
 149 0117 4A56CDB5 		.ascii	"JV\315\265\252\345%\313]\261\223\270\340\326M\233\262"
 149      AAE525CB 
 149      5DB193B8 
 149      E0D64D9B 
 149      B2
 150 0128 E58A5B77 		.ascii	"\345\212[w\226\027\177\0019\342]\032"
 150      96177F01 
 150      39E25D1A 
 151              		.text
 152              		.section	.gnu.lto_stStopAlarm.1d35b6b,"",%progbits
 153 0000 789C6363 		.ascii	"x\234cc``X\000\304\352@,\012\304\014\314\014\214L\014"
 153      60605800 
 153      C4EA402C 
 153      0AC40CCC 
 153      0C8C4C0C 
 154 0014 40CCC808 		.ascii	"@\314\310\010\34402\32431\3263\3660Oaf<\324\376l'\223"
 154      E43032D4 
 154      3331D633 
 154      F6304F61 
 154      663CD4FE 
 155 002b E6F20620 		.ascii	"\346\362\006 80\375\033[[C\253\304\034f\006\206i\314"
 155      3830FD1B 
 155      5B5B43AB 
 155      C41C6606 
 155      8669CC
ARM GAS  C:\Users\SevenI7\AppData\Local\Temp\cc0A0XKc.s 			page 12


 156 003e 0C60C0B8 		.ascii	"\014`\300\270\231Q\223\001\250\354\321\306\177Sy\331"
 156      99519301 
 156      A8ECD1C6 
 156      7F5379D9 
 157 004e 5820E28C 		.ascii	"X \342\214[\030\331\030@\006\255\277\304z\240\341\337"
 157      5B18D918 
 157      4006ADBF 
 157      C47AA0E1 
 157      DF
 158 005f FFF68603 		.ascii	"\377\366\206\003G\0263\376u\003\312u\200\365u2\003-"
 158      471633FE 
 158      7503CA75 
 158      80F57532 
 158      032D
 159 0071 637EC3D8 		.ascii	"c~\303\330\274\340{/3X5\320\210\235;\337\334f\257\377"
 159      BCE07B2F 
 159      335835D0 
 159      889D3BDF 
 159      DC66AFFF 
 160 0085 DBC03187 		.ascii	"\333\3001\207\231q\0323P;\343V\306z\2069@\245\357\030"
 160      99711A33 
 160      503BE356 
 160      C67A8639 
 160      40A5EF18 
 161 0099 9B16FCEE 		.ascii	"\233\026\374\356e\004+\004\201\016\220,\320\004U==}"
 161      65042B04 
 161      810E902C 
 161      D004553D 
 161      3D7D
 162 00ab 204ACEC8 		.ascii	" J\316\310L\312\314/6\2644\324\317/\326\317H\314\321"
 162      4CCACC2F 
 162      36B434D4 
 162      CF2FD6CF 
 162      48CCD1
 163 00be 2F2E4A06 		.ascii	"/.J\006\321\361\305%z\311\014\000s\271<_"
 163      D1F1C525 
 163      7AC90C00 
 163      73B93C5F 
 164              		.text
 165              		.section	.gnu.lto_stSetAlarm.1d35b6b,"",%progbits
 166 0000 789C358F 		.ascii	"x\2345\217\277K\303P\020\307\357\233K\023\027\353\352"
 166      BF4BC350 
 166      10C7EF9B 
 166      4B1317EB 
 166      EA
 167 0011 90C141A9 		.ascii	"\220\301A\251]\032:\372\027\370gH\033\204\026\224\202"
 167      5D1A3AFA 
 167      17F86748 
 167      1B841694 
 167      82
 168 0022 E99E47A9 		.ascii	"\351\236G\251\266\242\324E+\224\014A-BA\254\277\315"
 168      B6A2D445 
 168      2B940C41 
 168      2D4241AC 
 168      BFCD
 169 0034 20047707 		.ascii	" \004w\007]\355\244\342T\004'\207b\365\022\361x\367"
 169      5DEDA4E2 
ARM GAS  C:\Users\SevenI7\AppData\Local\Temp\cc0A0XKc.s 			page 13


 169      54042787 
 169      62F512F1 
 169      78F7
 170 0046 EEDDBDEF 		.ascii	"\356\335\275\357}\336=\203\210\322 \262%Z\342\244\023"
 170      7DDE3D83 
 170      88D220B2 
 170      255AE2A4 
 170      13
 171 0057 341207CB 		.ascii	"4\022\007\313\316\220+\002y\032\303\3036\3572\356\033"
 171      CE902B02 
 171      791AC3C3 
 171      36EF32EE 
 171      1B
 172 0068 EFA1963D 		.ascii	"\357\241\226=Vb\321\376\271\271\241\326\247}\221\266"
 172      5662D1FE 
 172      B9B9A1D6 
 172      A77D91B6 
 173 0078 9912C305 		.ascii	"\231\022\303\005\262\242z\254\367}\336b_\000\272\244"
 173      B2A27AAC 
 173      F77DDE62 
 173      5F00BAA4 
 174 0088 9F0F9DD7 		.ascii	"\237\017\235\327t\234j\230\221t\324\353\017\246x\036"
 174      749C6A98 
 174      9174D4EB 
 174      0FA6781E 
 175 0098 24E78393 		.ascii	"$\347\203\223\235\256\221\351*US\321\340\220\325\254"
 175      9DAE91E9 
 175      2A5553D1 
 175      E090D5AC 
 176 00a8 CF8C6BB0 		.ascii	"\317\214k\260\000q\005\013\227\260HJ\204\033db\375\313"
 176      0071050B 
 176      97B0484A 
 176      841B6462 
 176      FDCB
 177 00ba D9786FD2 		.ascii	"\331xo\322\320\203\3777q\013C&$H\345\364)\025\251\361"
 177      D083FF37 
 177      710B4326 
 177      2448E5F4 
 177      2915A9F1 
 178 00ce 4F43456F 		.ascii	"OCEoG\270[\3245$]\324L\206k\262|\2147\205E<D=\370jq"
 178      47B85BD4 
 178      35245DD4 
 178      4C866BB2 
 178      7C8C3785 
 179 00e9 D22CD030 		.ascii	"\322,\3200\034>\233\336\267\232\360YosL\013\341Q\207"
 179      1C3E9BDE 
 179      B79AF059 
 179      6F734C0B 
 179      E15187
 180 00fc 359F53F4 		.ascii	"5\237S\364\201Z0j!\321\376qD \250\271\\\316\226\345"
 180      815A306A 
 180      21D1FE71 
 180      4420A8B9 
 180      5CCE96E5 
 181 0110 94CAC572 		.ascii	"\224\312\305r\305\315/\344\355\212k\227\012+\266\273"
 181      C5CD2FE4 
 181      ED8A6B97 
ARM GAS  C:\Users\SevenI7\AppData\Local\Temp\cc0A0XKc.s 			page 14


 181      0A2BB6BB 
 182 0120 E6C471C9 		.ascii	"\346\304q\311\255\346\0342\013E\267Z^]\376\005E\250"
 182      ADE61C32 
 182      0B45B75A 
 182      5E5DFE05 
 182      45A8
 183 0132 5D7E     		.ascii	"]~"
 184              		.text
 185              		.section	.gnu.lto_stGetAlarm.1d35b6b,"",%progbits
 186 0000 789C6550 		.ascii	"x\234eP=K\003A\020\235\271\271\\\024T\020,D\002\006"
 186      3D4B0341 
 186      109DB9B9 
 186      5C145410 
 186      2C440206 
 187 0014 E4903477 		.ascii	"\344\2204w\244\364\327\210^\223\200\020\360\354oI\024"
 187      A4F4D788 
 187      5E938010 
 187      F0EC6F49 
 187      14
 188 0025 0D0A8268 		.ascii	"\015\012\202h\002\361\300\210\205\245\006\317\217\200"
 188      02F1C088 
 188      85A506CF 
 188      8F80
 189 0033 C5D9888D 		.ascii	"\305\331\210\215\242\266v\332X\234\007\332\210\205\211"
 189      A2B676DA 
 189      589C07DA 
 189      888589
 190 0042 6FD14ED8 		.ascii	"o\321N\330\231\331\267\363\346\275\335\265\210h\234"
 190      99D9B7F3 
 190      E6BDDDB5 
 190      88689C
 191 0051 89A651A7 		.ascii	"\211\246Q\247\020\224!6\010\301\202,l\"\233\014\002"
 191      10942136 
 191      08C1822C 
 191      6C229B0C 
 191      02
 192 0062 31058698 		.ascii	"1\005\206\230\034\360\206l\013?,\037\207\262.\241\240"
 192      1CF0866C 
 192      0B3F2C1F 
 192      87B22EA1 
 192      A0
 193 0073 0DF87EDB 		.ascii	"\015\370~\333z\031\321\2209\017\230\244\327\321P\341"
 193      7A19D190 
 193      390F98A4 
 193      D7D150E1 
 194 0083 50A9AA8A 		.ascii	"P\251\252\212\233\037\331\335\350^\015\206bP\003\364"
 194      9B1FD9DD 
 194      E85E0D86 
 194      625003F4 
 195 0093 88737CC2 		.ascii	"\210s|\3029\255x\312\005\002\373\271\323\333\031\266"
 195      39AD78CA 
 195      0502FBB9 
 195      D3DB19B6 
 196 00a3 CC361C41 		.ascii	"\3146\034A\300\371\031[\260#\003\275\316\333\327\225"
 196      C0F9195B 
 196      B02303BD 
 196      CEDBD795 
ARM GAS  C:\Users\SevenI7\AppData\Local\Temp\cc0A0XKc.s 			page 15


 197 00b3 651F28B5 		.ascii	"e\037(\265\245\342tol\277\266r\243\314\377R\030:g\033"
 197      A5E2746F 
 197      6CBFB672 
 197      A3CCFF52 
 197      183A671B 
 198 00c7 0A478F99 		.ascii	"\012G\217\231X\365\372\253*\276\233\274\214\372\243"
 198      58F5FAAB 
 198      2ABE9BBC 
 198      8CFAA3
 199 00d6 A69066D3 		.ascii	"\246\220f\323\232\026F\306V\352\002 \011\327\332\237"
 199      9A1646C6 
 199      56EA0220 
 199      09D7DA9F 
 200 00e6 9B13DAAC 		.ascii	"\233\023\332\254%\372I\335n\362\224\015\276\325@(\322"
 200      25FA49DD 
 200      6EF2940D 
 200      BED54028 
 200      D2
 201 00f7 10F8F305 		.ascii	"\020\370\363\005\007\230\306\027P]gy\305G4\321I\271"
 201      0798C617 
 201      505D6779 
 201      C54734D1 
 201      49B9
 202 0109 9AFF9BFB 		.ascii	"\232\377\233\373U\325\227%\262\035\307\305\362J\345"
 202      55D59725 
 202      B21DC7C5 
 202      F24AE5
 203 0118 F972C52F 		.ascii	"\371r\305/\316\024\335\212\357\226\346\026\\\177\321"
 203      CE14DD8A 
 203      EF96E616 
 203      5C7FD1
 204 0127 D375D65F 		.ascii	"\323u\326_r<\372\001~\276]V"
 204      723CFA01 
 204      7EBE5D56 
 205              		.text
 206              		.section	.gnu.lto_.symbol_nodes.1d35b6b,"",%progbits
 207 0000 789C5DC8 		.ascii	"x\234]\310;\022\2020\030E\341\373\337@\200]\351\312"
 207      3B128230 
 207      1845E1FB 
 207      DF40805D 
 207      E9CA
 208 0012 6ED801AD 		.ascii	"n\330\001\255\217\316UhG\207\240\254\301\306m8d\310"
 208      8FCE5568 
 208      4787A0AC 
 208      C1C66D38 
 208      64C8
 209 0024 5824C599 		.ascii	"X$\305\2313\363y\000\337\030x2\001\303\012\304\335\303"
 209      33F37900 
 209      DF187832 
 209      01C30AC4 
 209      DDC3
 210 0036 187CB4B3 		.ascii	"\030|\264\263\311J\273\230X\332\325\344J\233\250\352"
 210      C94ABB98 
 210      58DAD5E4 
 210      4A9BA8EA 
 211 0046 6F8FFE18 		.ascii	"o\217\376\030\345I\325\271\314\224\317e\241\232\\^T"
 211      E549D5B9 
ARM GAS  C:\Users\SevenI7\AppData\Local\Temp\cc0A0XKc.s 			page 16


 211      CC94CF65 
 211      A19A5C5E 
 211      54
 212 0057 9B89BDA9 		.ascii	"\233\211\275\251n\027 \204\003\340\252\016\267\317\317"
 212      6E172084 
 212      03E0AA0E 
 212      B7CFCF
 213 0066 5C8D746F 		.ascii	"\\\215to\351\015\323[\267\037\033C\353>\360"
 213      E90DD35B 
 213      B71F1B43 
 213      EB3EF0
 214              		.text
 215              		.section	.gnu.lto_.refs.1d35b6b,"",%progbits
 216 0000 789C6363 		.ascii	"x\234cc```\004b\006\000\000D\000\010"
 216      60606004 
 216      62060000 
 216      440008
 217              		.text
 218              		.section	.gnu.lto_.decls.1d35b6b,"",%progbits
 219 0000 789CB557 		.ascii	"x\234\265WyP\024\331\031\357\327o\300a\270\314h,Sq+"
 219      795014D9 
 219      19EFD76F 
 219      C061B8CC 
 219      682C5371 
 220 0015 44B1A42A 		.ascii	"D\261\244*%\210n\305\315\256e\326\035\315\306\252u\223"
 220      25886EC5 
 220      CDAE65D6 
 220      1DCDC6AA 
 220      7593
 221 0027 1A4D5552 		.ascii	"\032MUR\2412\2130\256Tq\030fLe\363G\2669TP\243\242x"
 221      A1328B30 
 221      AE547118 
 221      664C65F3 
 221      47B63954 
 222 003f 801A500E 		.ascii	"\200\032P\016Q\220CD\004DGQ\026\020\024\020P@\004\017"
 222      51904344 
 222      04444751 
 222      16101410 
 222      5040040F 
 223 0053 14D195C3 		.ascii	"\024\321\225\303\003E\205|\357\275n\272\247\031\214"
 223      0345857C 
 223      EFBD6EBA 
 223      A7198C
 224 0062 5B9574F1 		.ascii	"[\225t\361\015\375\275\367\373~\337\361\316v\3468\356"
 224      0DFDBDF7 
 224      FB7EDFF1 
 224      CE76E638 
 224      EE
 225 0073 EF7A8E7B 		.ascii	"\357z\216{\313s\334>\220Qxt\320v\236\223\037\242W\203"
 225      CB73DC3E 
 225      90517874 
 225      D0769E93 
 225      1FA25783 
 226 0087 D4825C01 		.ascii	"\324\202\\\001i\000\271\006\322\014r\035\244\025\244"
 226      6900B906 
 226      D20C721D 
 226      A415A4
ARM GAS  C:\Users\SevenI7\AppData\Local\Temp\cc0A0XKc.s 			page 17


 227 0096 1DA4831B 		.ascii	"\035\244\203\033\377\354B\034\247\205\377_\201\200\033"
 227      FFEC421C 
 227      A785FF5F 
 227      81801B
 228 00a5 6E2A4805 		.ascii	"n*H\005\310\317\241\335\013d\000\336\357\202`\020W\320"
 228      C8CFA1DD 
 228      0B6400DE 
 228      EF826010 
 228      57D0
 229 00b7 DD41DC40 		.ascii	"\335A\334@\220\350S\375$A\207F\344\2238\210=\301Kv\265"
 229      90E853FD 
 229      24418746 
 229      E4933888 
 229      3DC14B76 
 230 00cc 0EEC0EBE 		.ascii	"\016\354\016\276g\034H\214\003\211\271\252\2374\350"
 230      671C488C 
 230      0389B9AA 
 230      9F34E8
 231 00db 98F40338 		.ascii	"\230\364\0038\032D}&\262\3479\202X\316$\236Y\360~Yl"
 231      1A447D26 
 231      B2E73982 
 231      58CE249E 
 231      59F07E59 
 232 00f0 8721A0B5 		.ascii	"\207!\240\265uT\313l\3009;\310\301\033\332\253\024\366"
 232      7554CB6C 
 232      C0393BC8 
 232      C11BDAAB 
 232      14F6
 233 0102 645CAA45 		.ascii	"d\\\252E\277\013T~\363\336\341\227\214\245\243\332\025"
 233      BF0B547E 
 233      F3DEE197 
 233      8CA5A3DA 
 233      15
 234 0113 BEA75F32 		.ascii	"\276\247_2\017\256\210~?Q\371-\006\335Ie\277\010\332"
 234      0FAE887E 
 234      3F51F92D 
 234      06DD4965 
 234      BF08DA
 235 0126 EA15F664 		.ascii	"\352\025\366d\0165\210\357\213\241\357\327*\216D\214"
 235      0E3588EF 
 235      8BA1EFD7 
 235      2A8E448C 
 236 0136 B277DEDD 		.ascii	"\262w\336\335\253\351D\035\244\007MFH\254\262\362!\372"
 236      ABE9441D 
 236      A4074D46 
 236      48ACB2F2 
 236      21FA
 237 0148 A8F4907E 		.ascii	"\250\364\220~\006\340\221\324\311Pj3\332\207\230\360"
 237      06E091D4 
 237      C9506A33 
 237      DA8798F0 
 238 0158 9C8C952D 		.ascii	"\234\214\225-\024\254\012cD\037\216\206\242\214\205"
 238      14AC0A63 
 238      441F8E86 
 238      A28C85
 239 0167 46268687 		.ascii	"F&\206\207d\367h\014#\341\025\254h\314h|t\034\0337R"
 239      64F7680C 
ARM GAS  C:\Users\SevenI7\AppData\Local\Temp\cc0A0XKc.s 			page 18


 239      23E115AC 
 239      68CC687C 
 239      741C1B37 
 240 017c 84E6C75B 		.ascii	"\204\346\307[s\335\272\320-\200\376\211\343vh\303\020"
 240      73DDBAD0 
 240      2D80FE89 
 240      E37668C3 
 240      10
 241 018d 693D54F8 		.ascii	"i=T\370,\331\035\363\364}\350h\332Y'\374c\372\236\025"
 241      2CD91DF3 
 241      F47DE868 
 241      DA5927FC 
 241      63FA9E15 
 242 01a1 9373C1D9 		.ascii	"\223s\301\3317G`\217\366\037\034:\205\260T\317\216\252"
 242      3747608F 
 242      F61F1C3A 
 242      85B054CF 
 242      8EAA
 243 01b3 A3D9780B 		.ascii	"\243\331x\013Fst\210\204\340\011My\217K^\271\263&\202"
 243      46737488 
 243      84E0094D 
 243      798F4B5E 
 243      B9B32682 
 244 01c7 68DC3E98 		.ascii	"h\334>\230>\011\033\350{Cl\376\001\202\326\353\220\006"
 244      3E091BE8 
 244      7B436CFE 
 244      0182D6EB 
 244      9006
 245 01d9 D481BAE4 		.ascii	"\324\201\272\344\273\036\240N\325!\257D\314w\266\276"
 245      BB1EA04E 
 245      D521AF44 
 245      CC77B6BE 
 246 01e9 BEE98174 		.ascii	"\276\351\201t>q\202\020-\244\306\010.\277\345\320\031"
 246      3E718210 
 246      2DA4C608 
 246      2EBFE5D0 
 246      19
 247 01fa 340395A1 		.ascii	"4\003\225\241\031\034:\213|\010c1\362\345P\0114\236"
 247      191C3A8B 
 247      7C086331 
 247      F2E55009 
 247      349E
 248 020c 86C64C12 		.ascii	"\206\306L\022\220m(iq\322\240 x\241r\244C\245\010S\014"
 248      906D2869 
 248      71D2A020 
 248      78A172A4 
 248      43A50853 
 249 0221 94608E8E 		.ascii	"\224`\216\216\205x4=\341\2603.B$\002\276l\177\367%~"
 249      8578343D 
 249      E1B0332E 
 249      422402BE 
 249      6C7FF725 
 250 0236 221FE727 		.ascii	"\"\037\347'\366\2217\263r\203 \360\310\006>\316\311"
 250      F69137B3 
 250      728320F0 
 250      C8063ECE 
 250      C9
ARM GAS  C:\Users\SevenI7\AppData\Local\Temp\cc0A0XKc.s 			page 19


 251 0247 3EC02573 		.ascii	">\300%s\262\275\250\375\215'N\246\325\3437\\=\365pB"
 251      B2BDA8FD 
 251      8D274EA6 
 251      D5E3375C 
 251      3DF57042 
 252 025b 27172774 		.ascii	"'\027't\362\240\366\303\203M$\221\012prAvb\223\234\344"
 252      F2A0F6C3 
 252      834D2491 
 252      0A707241 
 252      7662939C 
 253 0270 E71CEFD0 		.ascii	"\347\034\357\320j`rQD\270\206\264]\032\035\262y\262"
 253      6A607251 
 253      44B886B4 
 253      5D1A1DB2 
 253      79B2
 254 0282 92F2A4DA 		.ascii	"\222\362\244\332\375\265\007]YI'\203*li\332\3519}\017"
 254      FDB5075D 
 254      59492783 
 254      2A6C69DA 
 254      E9397D0F 
 255 0296 A1DF1123 		.ascii	"\241\337\021#L\346\321W\323\320w\340\264\022\234r\250"
 255      4CE6D157 
 255      D3D077E0 
 255      B4129C72 
 255      A8
 256 02a7 0A4D87DF 		.ascii	"\012M\207\337KH\303\350\033\212\237TM\232\231*\330l"
 256      4B48C3E8 
 256      1B8A9F54 
 256      4D9A992A 
 256      D86C
 257 02b9 82ADAF75 		.ascii	"\202\255\257uQ\366\215\036A\330\014\226HC\220\250H\216"
 257      51F68D1E 
 257      41D80C96 
 257      484390A8 
 257      488E
 258 02cb A8884C00 		.ascii	"\250\210L\000t\022u!T\210:a\032U\243\231@\320>Z\222"
 258      74127521 
 258      54883A61 
 258      1A55A399 
 258      40D03E5A 
 259 02e0 EA8EE331 		.ascii	"\352\216\3431\035\353\234\255\243\211N\023\272\276L"
 259      1DEB9CAD 
 259      A3894E13 
 259      BABE4C
 260 02ef 5D878B9E 		.ascii	"]\207\213\236\373\312\313J\260\350\271mn\262`\213\026"
 260      FBCACB4A 
 260      B0E8B96D 
 260      6EB2608B 
 260      16
 261 0300 84549E80 		.ascii	"\204T\236\200P\215\354\265F\355\265\226z=\3670=Y\203"
 261      508DECB5 
 261      46EDB596 
 261      7A3DF730 
 261      3D5983
 262 0313 F733AF8D 		.ascii	"\3673\257\215\203\315\311\356\"\323\260\357\030\023"
 262      83CDC9EE 
 262      22D3B0EF 
ARM GAS  C:\Users\SevenI7\AppData\Local\Temp\cc0A0XKc.s 			page 20


 262      1813
 263 0321 89BF4E66 		.ascii	"\211\277Nf\252S3]\241L\247\366\356^\214s\030\321\233"
 263      AA53335D 
 263      A14CA7F6 
 263      EE5E8C73 
 263      18D19B
 264 0334 ED1B0778 		.ascii	"\355\033\007xe\370\244\344r\374\365v\361\2778\362\264"
 264      65F8A4E4 
 264      72FCF576 
 264      F1BF38F2 
 264      B4
 265 0345 C24DF47A 		.ascii	"\302M\364z\353\264>-F\310\002;o\202BWe\267W\325n\033"
 265      EBB43E2D 
 265      46C8023B 
 265      6F824257 
 265      65B757D5 
 266 035b A8DB4D27 		.ascii	"\250\333M'\236t:\341r\346\267g\347\266e\300\224\012"
 266      9E743AE1 
 266      72E6B767 
 266      E7B665C0 
 266      940A
 267 036d 4C0F5ECE 		.ascii	"L\017^\316{pR\020`\336\011\032Z\213F\231\252QMu\215"
 267      7B705210 
 267      60DE091A 
 267      5A8B4699 
 267      AA514D75 
 268 0382 52C5E4B4 		.ascii	"R\305\344\264mv\302\275\214\252x[w\275\026\270\272\200"
 268      6D76C2BD 
 268      8CAA785B 
 268      77BD16B8 
 268      BA80
 269 0394 ABF727AC 		.ascii	"\253\367'\254\026\002\253E\223\314\324\244fj\246L\325"
 269      1602AB45 
 269      93CCD4A4 
 269      666AA64C 
 269      D5
 270 03a5 AF4F78E0 		.ascii	"\257Ox\340!Ft\366jb\017/\022\265\375t\214\210\204\324"
 270      214674F6 
 270      6A620F2F 
 270      12B5FD74 
 270      8C8884D4 
 271 03b9 2213B5A8 		.ascii	"\"\023\265\250\211\256S\242\235\205C)N8FC\231\272\023"
 271      89AE53A2 
 271      9D854329 
 271      4E384643 
 271      99BA13
 272 03cc 0A5FB988 		.ascii	"\012_\271\210L5\037\330\205tCf\272\241fj\245L9\317\352"
 272      4C351FD8 
 272      85744366 
 272      BAA1666A 
 272      A54C39CF 
 273 03e1 4FB8E36D 		.ascii	"O\270\343m\214\351\355\255[\265Xd\272\2222\355\020+"
 273      8CE9EDAD 
 273      5BB55864 
 273      BA9232ED 
 273      102B
 274 03f3 B9172D79 		.ascii	"\271\027-y\233L\325\246\246j\247T\003[\373R=q\022\243"
ARM GAS  C:\Users\SevenI7\AppData\Local\Temp\cc0A0XKc.s 			page 21


 274      9B4CD5A6 
 274      A66AA754 
 274      035BFB52 
 274      3D7112A3 
 275 0407 1A1DC86D 		.ascii	"\032\035\310mq\"T\002\231\367\336Y\371=B\234\216NQt"
 275      71225402 
 275      99F7DE59 
 275      F93D429C 
 275      8E4E5174 
 276 041b 5366BA29 		.ascii	"Sf\272)nzpv\020\206\342\333\273\317\271\260uw\203\220"
 276      6E7A7076 
 276      1086E2DB 
 276      BBCFB9B0 
 276      75778390 
 277 042f 24973DAB 		.ascii	"$\227=\253qb\272\226t?\311.vg\353\320F\272\257\335?"
 277      7162BA96 
 277      743FC92E 
 277      7667EBD0 
 277      46BAAFDD 
 278 0444 14EBC6BA 		.ascii	"\024\353\306\272\353\211^\321\362]\277\006g\260\000"
 278      EB895ED1 
 278      F25DBF06 
 278      67B000
 279 0453 F635162C 		.ascii	"\3665\026,\323\301f\021\363^;\022\030\324\326\276\256"
 279      D3C16611 
 279      F35E3B12 
 279      18D4D6BE 
 279      AE
 280 0464 73C2D9CC 		.ascii	"s\302\331\314z\313\245\242JqS\255\"zbiE\231+\316e\235"
 280      7ACBA5A2 
 280      4A7153AD 
 280      227A6269 
 280      45992BCE 
 281 047a 7737DFA9 		.ascii	"w7\337\251p\306\205L\221\202\322\213A\245\264?\2075"
 281      70C6854C 
 281      9182D28B 
 281      41A5B43F 
 281      8735
 282 048c 55CC3ACB 		.ascii	"U\314:\313\212\317T\212\011\314Sl$z\266\221\234\272"
 282      8ACF548A 
 282      09CC536C 
 282      247AB691 
 282      9CBA
 283 049e 5F5DA963 		.ascii	"_]\251c\371\010\010\364\362\306\233\237\3423\314\362"
 283      F90808F4 
 283      F2C69B9F 
 283      E233CCF2 
 284 04ae C260FE11 		.ascii	"\302`\376\02117\014j\327\216\212QO\222\216\300\322!"
 284      31370C6A 
 284      D78E8A51 
 284      4F928EC0 
 284      D221
 285 04c0 ED52421C 		.ascii	"\355RB\034\352#\233\031\362\233\201\236\260T\236\357"
 285      EA239B19 
 285      F29B819E 
 285      B0549EEF 
 286 04d0 C8FF8D7E 		.ascii	"\310\377\215~\007]f\202\360\251\206n\260\217\001\375"
ARM GAS  C:\Users\SevenI7\AppData\Local\Temp\cc0A0XKc.s 			page 22


 286      075D6682 
 286      F0A9866E 
 286      B08F01FD 
 287 04e0 88A2FB91 		.ascii	"\210\242\373\221^\262!\340\250\333\031\267<\224\350"
 287      5EB221E0 
 287      A8DB19B7 
 287      3C94E8
 288 04ef BBEF42E7 		.ascii	"\273\357B\347\246e\354\325a\033\013r\377\323\216\207"
 288      A665ECD5 
 288      611B0B72 
 288      FFD38E87 
 289 04ff E278F980 		.ascii	"\342x\371\200\232\371\242,F\213/\262\276]g\017\326M"
 289      9AF9A22C 
 289      468B2FB2 
 289      BE5D670F 
 289      D64D
 290 0511 C2554C91 		.ascii	"\302UL\221\016%==\224P\364\365\317p-\3539\227\260\263"
 290      0E253D3D 
 290      9450F4F5 
 290      CF702DEB 
 290      3997B0B3 
 291 0525 03E17AA6 		.ascii	"\003\341z\246<\211\355\356\022\3533\035\324\335\227"
 291      3C89EDEE 
 291      12EB331D 
 291      D4DD97
 292 0534 1FCDC1CD 		.ascii	"\037\315\301\315\254k\244\252b\016ng\357\225\247\262"
 292      AC6BA4AA 
 292      620E6E67 
 292      EF95A7B2 
 293 0544 8E207C9B 		.ascii	"\216 |\233)\203\311\225\217t\270\233)\251\215\007Nk"
 293      2983C995 
 293      8F74B89B 
 293      29A98D07 
 293      4E6B
 294 0556 710F5332 		.ascii	"q\017S2_\356\311t\303\3373\245\251\2449\316\025\017"
 294      5FEEC974 
 294      C3DF33A5 
 294      A9A439CE 
 294      150F
 295 0568 3225AEA0 		.ascii	"2%\256\240`\237+~\301\224\350\262\326\004q\263\357\""
 295      609F2B7E 
 295      C194E8B2 
 295      D60471B3 
 295      EF22
 296 057a FABD8C7B 		.ascii	"\372\275\214{\251.\342\2508\203\276\271\261v\010\341"
 296      A92EE2A8 
 296      3883BEB9 
 296      B17608E1 
 297 058a 61064EE8 		.ascii	"a\006N\350\037\334\345<\3418l\340\305q\230G\207\241"
 297      1FDCE53C 
 297      E1386CE0 
 297      C5719847 
 297      87A1
 298 059c B828AD4F 		.ascii	"\270(\255O\253\036\207.@wR\364F^/\331\020\364\305\213"
 298      AB1E872E 
 298      407752F4 
 298      465E2FD9 
ARM GAS  C:\Users\SevenI7\AppData\Local\Temp\cc0A0XKc.s 			page 23


 298      10F4C58B 
 299 05b0 E56F917A 		.ascii	"\345o\221z\034&BO\263mJ\335\340\212\274\3313\305[z|"
 299      1C26424F 
 299      B36D4ADD 
 299      E08ABCD9 
 299      33C55B7A 
 300 05c5 C8CF6121 		.ascii	"\310\317a!6F\260\215\246\340\370\202{\015QB\372tJ\365"
 300      3646B08D 
 300      A6E0F882 
 300      7B0D5142 
 300      FA744AF5 
 301 05d9 0C96DD76 		.ascii	"\014\226\335v~\212\274\016\236R\3363\344\227c&w\276"
 301      7E8ABC0E 
 301      9E52DE33 
 301      E4976326 
 301      77BE
 302 05eb 85DD2316 		.ascii	"\205\335#\026S\370k5\374\025\205\373\313\350\013\012"
 302      53F86B35 
 302      FC1585FB 
 302      CBE80B0A 
 303 05fb F4A81ADD 		.ascii	"\364\250\032\335i\207\216\202=.\016GQ\370\000\322\243"
 303      69878E82 
 303      3D2E0E47 
 303      51F800D2 
 303      A3
 304 060c EF45B834 		.ascii	"\357E\2704\315P\357\270Xj\024\354#\216\331\225\360F"
 304      CD50EFB8 
 304      586A14EC 
 304      238ED995 
 304      F046
 305 061e 05FCAD1A 		.ascii	"\005\374\255\032\376H\035\372`\034\226\341\367\325\360"
 305      FE481DFA 
 305      601C96E1 
 305      F7D5F0
 306 062d 6E057B82 		.ascii	"n\005{\2028\036p`s(\206\237\201\242y\322I\360\260\201"
 306      381E7060 
 306      7328869F 
 306      81A279D2 
 306      49F0B081 
 307 0641 A024DE07 		.ascii	"\240$\336\007\355\342\275\321\016\220\315 [A\376\005"
 307      EDE2BDD1 
 307      0E90CD20 
 307      5B41FE05 
 308 0651 B21F241E 		.ascii	"\262\037$\036$\001d7H\"\310A\2208\220\003 [@\366\202"
 308      24016437 
 308      4822C841 
 308      90389003 
 308      205B40F6 
 309 0666 EC04D906 		.ascii	"\354\004\331\006\222\014\262\007d\037\357M7D\026\346"
 309      920CB207 
 309      641FEF4D 
 309      374416E6 
 310 0676 F03FE528 		.ascii	"\360?\345(\005^\025\245\237\272\004\275\212\022\014"
 310      055E15A5 
 310      9FBA04BD 
 310      8A120C
 311 0685 3B1E3D3B 		.ascii	";\036=;\270\262\006\017\034\327@Y2E,Q\016cQ\200\207"
ARM GAS  C:\Users\SevenI7\AppData\Local\Temp\cc0A0XKc.s 			page 24


 311      B8B2060F 
 311      1CD74059 
 311      32452C51 
 311      0E635180 
 312 069a 15A10CA9 		.ascii	"\025\241\014\251\251_\214\013eP\001\177\351\030\256"
 312      A95F8C0B 
 312      6550017F 
 312      E918AE
 313 06a9 9C77F18A 		.ascii	"\234w\361\212\300\357\250\341\267\307\317je\242\017"
 313      C0EFA8E1 
 313      B7C7CF6A 
 313      65A20F
 314 06b8 D5F81E7B 		.ascii	"\325\370\036{<\314\321\232xq\246n\342\365(VLUZ\210p"
 314      3CCCD19A 
 314      7871A66E 
 314      E2F52856 
 314      4C555A88 
 315 06cd C11F0B87 		.ascii	"\301\037\013\207\3350\237\214\350\243`z\020\024'\236"
 315      DD309F8C 
 315      E8A3607A 
 315      1014279E 
 316 06dd 6BF2088E 		.ascii	"k\362\010\216\304\341\022\270n\304;S\347\367\034\007"
 316      C4E112B8 
 316      6EC43B53 
 316      E7F71C07 
 317 06ed ABC8AD4D 		.ascii	"\253\310\255MQ\2117\216\247\261\335\254W\2466\250\306"
 317      5189378E 
 317      A7B1DDAC 
 317      57A636A8 
 317      C6
 318 06fe F78EAB9C 		.ascii	"\367\216\253\234\022\376\334\361~@\341\344#\244\266"
 318      12FEDCF1 
 318      7E40E1E4 
 318      23A4B6
 319 070d 25CB0397 		.ascii	"%\313\003\227:\321\313wQ\\k\216'\362\231\3022n\211\307"
 319      3AD1CB77 
 319      515C6B8E 
 319      27F299C2 
 319      326E89C7 
 320 0721 3124E354 		.ascii	"1$\343T\260\3767?v\230\223\002L\260`P\012\254\223\377"
 320      B0FE373F 
 320      76989302 
 320      4CB06050 
 320      0AAC93FF 
 321 0735 F79A81A0 		.ascii	"\367\232\201\240K\317\035*\326\270m\036\373D\240!\312"
 321      4BCF1D2A 
 321      D6B86D1E 
 321      FB44A021 
 321      CA
 322 0746 FBF321DE 		.ascii	"\373\363!\336\215\3366\340?9\323\363\316\227\270\316"
 322      8DDE36E0 
 322      3F39D3F3 
 322      CE97B8CE 
 323 0756 3A4453EA 		.ascii	":DS\352k\375\350t\264\020M.\324\364\006\311n%\207\371"
 323      6BFDE874 
 323      B4104D2E 
 323      D4F406C9 
ARM GAS  C:\Users\SevenI7\AppData\Local\Temp\cc0A0XKc.s 			page 25


 323      6E2587F9 
 324 076a 59E4447F 		.ascii	"Y\344D\177\363:\311CIJ.12i\232H\232FI\033\267o)\362"
 324      F33AC943 
 324      494A2E31 
 324      32699A48 
 324      9A46491B 
 325 0782 5482ABEC 		.ascii	"T\202\253\354\300\351\"8\235\202[\016\217\244\363\270"
 325      C0E92238 
 325      9D825B0E 
 325      8FA4F3B8 
 326 0792 92D618A5 		.ascii	"\222\326\030\245\365\226T\210w\005wPo\036N\314\320\260"
 326      F5965488 
 326      77057750 
 326      6F1E4ECC 
 326      D0B0
 327 07a4 63A8877E 		.ascii	"c\250\207~I\326=\335\243\303M\014\373\272'\261\0251"
 327      49D63DDD 
 327      A3C34D0C 
 327      FBBA27B1 
 327      1531
 328 07b6 2CE1B95F 		.ascii	",\341\271_\232xQ7\341\251tL:\225\216\362\364Xj~Y>\354"
 328      9A785137 
 328      E1A9744C 
 328      3A958EF2 
 328      F4586A7E 
 329 07cd 863B28   		.ascii	"\206;("
 330 07d0 932627E6 		.ascii	"\223&'\346X\277\006\371\314@\000G\272L\351\203\224C"
 330      58BF06F9 
 330      CC400047 
 330      BA4CE983 
 330      9443
 331 07e2 79BC0E65 		.ascii	"y\274\016e\363X\372\314M\026\200\276\377[\322\014\357"
 331      F358FACC 
 331      4D1680BE 
 331      FF5BD20C 
 331      EF
 332 07f3 5AFA9F7E 		.ascii	"Z\372\237~\212\011i\002\236\316\241\005\364\320C90\266"
 332      8A096902 
 332      9ECEA105 
 332      F4D04339 
 332      30B6
 333 0805 79D45F2E 		.ascii	"y\324_.\014\375q\346P\020\352\373\234\344\223\015Q\356"
 333      0CFD71E6 
 333      5010EAFB 
 333      9CE4930D 
 333      51EE
 334 0817 23D09F49 		.ascii	"#\320\237I\367\322|z\262\035\223\316\301\202\003U\257"
 334      F7D27C7A 
 334      B21D93CE 
 334      C1820355 
 334      AF
 335 0828 5C742277 		.ascii	"\\t\"w\334\177\343\036\335{``\222\222\273\340]\334\307"
 335      DC7FE31E 
 335      DD7B6060 
 335      9292BBE0 
 335      5DDCC7
 336 083b ABF667B8 		.ascii	"\253\366g\270\314N\023\352\351\227\300\242\244L!.\037"
ARM GAS  C:\Users\SevenI7\AppData\Local\Temp\cc0A0XKc.s 			page 26


 336      CC4E13EA 
 336      E997C0A2 
 336      A44C212E 
 336      1F
 337 084c 9239010B 		.ascii	"\2229\001\013=\013&2\334\322\025\266\031\320\362\027"
 337      3D0B2632 
 337      DCD215B6 
 337      19D0F217 
 338 085c 9E4385FC 		.ascii	"\236C\205\374l\362\025\3608~\204\307wX\375\257\267\306"
 338      6CF215F0 
 338      387E84C7 
 338      7758FDAF 
 338      B7C6
 339 086e 9688F577 		.ascii	"\226\210\365wU\334[\247\212\367\326\267\375\365o\305"
 339      55DC5BA7 
 339      8AF7D6B7 
 339      FDF56FC5 
 340 087e CB9B8E8C 		.ascii	"\313\233\216\214V\325\306\0244\341\360\234\226\206\247"
 340      56D5C614 
 340      34E1F09C 
 340      9686A7
 341 088d 986574F6 		.ascii	"\230et\366rc\253\207\272Z\247 \252\"\032U\011\315\350"
 341      7263AB87 
 341      BA5AA720 
 341      AA221A55 
 341      09CDE8
 342 08a0 B49451D3 		.ascii	"\264\224Q\323\255\255\006u\372\023\202\263\273k\036"
 342      ADAD0675 
 342      FA1382B3 
 342      BB6B1E
 343 08af B98AE9B7 		.ascii	"\271\212\351\267}\020\225j\213\362B\245b\356\3609\240"
 343      7D10956A 
 343      8BF242A5 
 343      62EEF039 
 343      A0
 344 08c0 303C29E6 		.ascii	"0<)\346^Fs\277\220\333\362\330E9\251\353\355&\365\031"
 344      5E4673BF 
 344      90DBF2D8 
 344      4539A9EB 
 344      ED26F519 
 345 08d4 71529FA1 		.ascii	"qR\237\241\223\272\263\264\345\241\006\367\263BeW\367"
 345      93BAB3B4 
 345      E5A106F7 
 345      B3426557 
 345      F7
 346 08e5 0DBB491E 		.ascii	"\015\273I\036\177f\357\261\335\316c\271\350\361,\365"
 346      7F66EFB1 
 346      DDCE63B9 
 346      E8F12CF5 
 347 08f5 B82773CF 		.ascii	"\270's\317/\304\245\371\"\205\027\342\264ta\266K\013"
 347      2FC4A5F9 
 347      228517E2 
 347      B47461B6 
 347      4B0B
 348 0907 F31C3F8B 		.ascii	"\363\034?\213\323[\254\246\320\320`\223\305\032\030"
 348      D35BACA6 
 348      D0D06093 
ARM GAS  C:\Users\SevenI7\AppData\Local\Temp\cc0A0XKc.s 			page 27


 348      C51A18
 349 0916 69350586 		.ascii	"i5\005\206\006F\206y\373\372\372\301_\320\332\220\325"
 349      06468679 
 349      FBFAFAC1 
 349      5FD0DA90 
 349      D5
 350 0927 211116FF 		.ascii	"!\021\026\377_\371\373EX\374\326\006\206\372Y\"\203"
 350      5FF9FB45 
 350      58FCD606 
 350      86FA5922 
 350      83
 351 0938 C87FC0FA 		.ascii	"\310\177\300\372\006i?\377\362\017^\006\177\177Ng2\255"
 351      06693FFF 
 351      F20F5E06 
 351      7F7F4E67 
 351      32AD
 352 094a 0F09B72E 		.ascii	"\017\011\267.\230o\262\256\011\3728\200ZY\254\353\203"
 352      986FB2AE 
 352      09FA3880 
 352      5A59ACEB 
 352      83
 353 095b 432202AC 		.ascii	"C\"\002\254\021\021\241\226\200\257\303\327{\3217/\340"
 353      1111A196 
 353      80AFC3D7 
 353      7BD1372F 
 353      E0
 354 096c F63287AD 		.ascii	"\3662\207\2556\007\007\233\203\003\026\372\316\363\232"
 354      3607079B 
 354      830316FA 
 354      CEF39A
 355 097b 3FCF7FE1 		.ascii	"?\317\177\341_?\014\200\366\271\341\021\341\346\271"
 355      5F3F0C80 
 355      F6B9E111 
 355      E1E6B9
 356 098a E6C0D521 		.ascii	"\346\300\325!\001!\341A\241\353\203\315\001a\201\300"
 356      0121E141 
 356      A1EB83CD 
 356      016181C0 
 357 099a 156E0E30 		.ascii	"\025n\0160\005\233\327\004\256\017\265\232\254\337\254"
 357      059BD704 
 357      AE0FB59A 
 357      ACDFAC
 358 09a9 335B7CD7 		.ascii	"3[|\327rZ\311\337\237\377\247\376,\337X\002 \265` \007"
 358      725AC9DF 
 358      9FFFA7FE 
 358      2CDF5802 
 358      20B56020 
 359 09be 272EA05A 		.ascii	"'.\240ZC\302\314&\253\217\243rDZ\375D;\350 80\371d\242"
 359      43C2CC26 
 359      AB8FA372 
 359      445AFD44 
 359      3BE82038 
 360 09d6 BAAD8B88 		.ascii	"\272\255\213\210\264Z\374V\256Z\261`\276\337\027_,\365"
 360      B45AFC56 
 360      AE5AB160 
 360      BEDF175F 
 360      2CF5
ARM GAS  C:\Users\SevenI7\AppData\Local\Temp\cc0A0XKc.s 			page 28


 361 09e8 5BB57CC5 		.ascii	"[\265|\305\337\374\305J\222\342\203\355\217\306\206"
 361      DFFCC54A 
 361      92E283ED 
 361      8FC686
 362 09f7 21621D1B 		.ascii	"!b\035\033\205\311R\213\331j\337\360\265\324\340l\261"
 362      85C9528B 
 362      D96ADFF0 
 362      B5D4E06C 
 362      B1
 363 0a08 2E0F0FB1 		.ascii	".\017\017\261\316~\237\341\342\334,\326\225d\210\227"
 363      CE7E9FE1 
 363      E2DC2CD6 
 363      95648897 
 364 0a18 104B57A2 		.ascii	"\020KW\242D\254\243\357:x7[\245\327\317\315c\010\352"
 364      44ACA3EF 
 364      3A78375B 
 364      A5D7CFCD 
 364      6308EA
 365 0a2b 2C041C38 		.ascii	",\004\0348\031\014+\214\013\370\337\0315KW,1\342\245"
 365      190C2B8C 
 365      0BF8DF19 
 365      354B572C 
 365      31E2A5
 366 0a3e 06A3E6B3 		.ascii	"\006\243\346\263\245\253\214\330`0b#\310\022\243\021"
 366      A5AB8CD8 
 366      60306223 
 366      C812A311 
 367 0a4e FF7EA501 		.ascii	"\377~\245\001\033\276\\\2451\030\226\031)~>\375\365"
 367      1BBE5CA5 
 367      31189619 
 367      297E3EFD 
 367      F5
 368 0a5f C7CB3E37 		.ascii	"\307\313>7\362+\301r\3712\243f\345\012@\033\214\363"
 368      F22BC172 
 368      F932A366 
 368      E50A401B 
 368      8CF3
 369 0a71 41FC01F9 		.ascii	"A\374\001\371G\343\307?\254b\026k\030\031\366\2200("
 369      47E3C73F 
 369      AC62166B 
 369      1819F690 
 369      3028
 370 0a83 98EB9862 		.ascii	"\230\353\230b\262\272\233Lk\326\207\007\231L\276\013"
 370      B2BA9B4C 
 370      6BD68707 
 370      994CBE0B 
 371 0a93 7F39CF5F 		.ascii	"\1779\317_+i\232\240\265\201\221v}\037)5\377\371\377"
 371      2B699AA0 
 371      B5819176 
 371      7D1F2935 
 371      FFF9FF
 372 0aa6 0193E65E 		.ascii	"\001\223\346^\303"
 372      C3
 373              		.text
 374              		.section	.gnu.lto_.symtab.1d35b6b,"",%progbits
 375 0000 7374496E 		.ascii	"stInit\000"
 375      697400
ARM GAS  C:\Users\SevenI7\AppData\Local\Temp\cc0A0XKc.s 			page 29


 376 0007 00       		.ascii	"\000"
 377 0008 00       		.ascii	"\000"
 378 0009 00       		.ascii	"\000"
 379 000a 00000000 		.ascii	"\000\000\000\000\000\000\000\000"
 379      00000000 
 380 0012 D3000000 		.ascii	"\323\000\000\000"
 381 0016 73745374 		.ascii	"stStartAlarm\000"
 381      61727441 
 381      6C61726D 
 381      00
 382 0023 00       		.ascii	"\000"
 383 0024 00       		.ascii	"\000"
 384 0025 00       		.ascii	"\000"
 385 0026 00000000 		.ascii	"\000\000\000\000\000\000\000\000"
 385      00000000 
 386 002e D5000000 		.ascii	"\325\000\000\000"
 387 0032 73745374 		.ascii	"stStopAlarm\000"
 387      6F70416C 
 387      61726D00 
 388 003e 00       		.ascii	"\000"
 389 003f 00       		.ascii	"\000"
 390 0040 00       		.ascii	"\000"
 391 0041 00000000 		.ascii	"\000\000\000\000\000\000\000\000"
 391      00000000 
 392 0049 D7000000 		.ascii	"\327\000\000\000"
 393 004d 73745365 		.ascii	"stSetAlarm\000"
 393      74416C61 
 393      726D00
 394 0058 00       		.ascii	"\000"
 395 0059 00       		.ascii	"\000"
 396 005a 00       		.ascii	"\000"
 397 005b 00000000 		.ascii	"\000\000\000\000\000\000\000\000"
 397      00000000 
 398 0063 D9000000 		.ascii	"\331\000\000\000"
 399 0067 73744765 		.ascii	"stGetAlarm\000"
 399      74416C61 
 399      726D00
 400 0072 00       		.ascii	"\000"
 401 0073 00       		.ascii	"\000"
 402 0074 00       		.ascii	"\000"
 403 0075 00000000 		.ascii	"\000\000\000\000\000\000\000\000"
 403      00000000 
 404 007d DB000000 		.ascii	"\333\000\000\000"
 405 0081 73745F6C 		.ascii	"st_lld_init\000"
 405      6C645F69 
 405      6E697400 
 406 008d 00       		.ascii	"\000"
 407 008e 02       		.ascii	"\002"
 408 008f 00       		.ascii	"\000"
 409 0090 00000000 		.ascii	"\000\000\000\000\000\000\000\000"
 409      00000000 
 410 0098 DD000000 		.ascii	"\335\000\000\000"
 411              		.text
 412              		.section	.gnu.lto_.opts,"",%progbits
 413 0000 272D666D 		.ascii	"'-fmath-errno' '-fsigned-zeros' '-ftrapping-math' '"
 413      6174682D 
 413      6572726E 
ARM GAS  C:\Users\SevenI7\AppData\Local\Temp\cc0A0XKc.s 			page 30


 413      6F272027 
 413      2D667369 
 414 0033 2D666E6F 		.ascii	"-fno-trapv' '-fno-strict-overflow' '-fno-openmp' '-"
 414      2D747261 
 414      70762720 
 414      272D666E 
 414      6F2D7374 
 415 0066 666E6F2D 		.ascii	"fno-openacc' '-mcpu=cortex-m4' '-mthumb' '-O0' '-fo"
 415      6F70656E 
 415      61636327 
 415      20272D6D 
 415      6370753D 
 416 0099 6D69742D 		.ascii	"mit-frame-pointer' '-falign-functions=16' '-ffuncti"
 416      6672616D 
 416      652D706F 
 416      696E7465 
 416      72272027 
 417 00cc 6F6E2D73 		.ascii	"on-sections' '-fdata-sections' '-fno-common' '-flto"
 417      65637469 
 417      6F6E7327 
 417      20272D66 
 417      64617461 
 418 00ff 2700     		.ascii	"'\000"
 419              		.text
 420              		.comm	__gnu_lto_v1,1,1
 421              		.comm	__gnu_lto_slim,1,1
 422              		.ident	"GCC: (GNU Tools for Arm Embedded Processors 7-2017-q4-major) 7.2.1 20170904 (release) [ARM
ARM GAS  C:\Users\SevenI7\AppData\Local\Temp\cc0A0XKc.s 			page 31


DEFINED SYMBOLS
                            *ABS*:00000000 hal_st.c
                            *COM*:00000001 __gnu_lto_v1
                            *COM*:00000001 __gnu_lto_slim

NO UNDEFINED SYMBOLS
