ARM GAS  C:\Users\SevenI7\AppData\Local\Temp\cceDTSZG.s 			page 1


   1              		.cpu cortex-m4
   2              		.eabi_attribute 20, 1
   3              		.eabi_attribute 21, 1
   4              		.eabi_attribute 23, 3
   5              		.eabi_attribute 24, 1
   6              		.eabi_attribute 25, 1
   7              		.eabi_attribute 26, 1
   8              		.eabi_attribute 30, 6
   9              		.eabi_attribute 34, 1
  10              		.eabi_attribute 18, 4
  11              		.file	"board.c"
  12              		.section	.gnu.lto_.inline.1d35db9,"",%progbits
  13 0000 789C6363 		.ascii	"x\234cc``hd@\000\026\006\006A\001\006\006&\271\206_"
  13      60606864 
  13      40001606 
  13      06410106 
  13      0626B986 
  14 0015 8C400E13 		.ascii	"\214@\016\023H\214\221A\371\006\003\232\0303\017\003"
  14      488C9141 
  14      F906039A 
  14      18330F03 
  15 0025 88410CC5 		.ascii	"\210A\014\305\300*\006d0-\220\207\233\307\005#X\030"
  15      C02A0664 
  15      302D9087 
  15      9BC70523 
  15      5818
  16 0037 989950E5 		.ascii	"\230\231P\345\030\000u3\007 "
  16      18007533 
  16      0720
  17              		.text
  18              		.section	.gnu.lto_gpio_init.1d35db9,"",%progbits
  19 0000 789CA594 		.ascii	"x\234\245\224\315k\023A\024\300\337\333\331\217&5=\010"
  19      CD6B1341 
  19      14C0DFDB 
  19      D98F2635 
  19      3D08
  20 0012 82420F3D 		.ascii	"\202B\017=\010\241\227\254\201\"(x*\025\004Q\360\343"
  20      08A197AC 
  20      81222878 
  20      2A150451 
  20      F0E3
  21 0024 5C9A886D 		.ascii	"\\\232\210m@L1\177@7\241\322j<\210\230\026B\324\034"
  21      404C317F 
  21      4037A1D2 
  21      6A3C8898 
  21      1642D41C 
  22 0038 14ADDA46 		.ascii	"\024\255\332F\32166\326\032c\033?c?\255=[TZ\202\320"
  22      D13636D6 
  22      1A631B3F 
  22      633FAD3D 
  22      5B545A82 
  23 004d 7F20FADE 		.ascii	"\177 \372\336l\027\244=\310\222a\347\355\316\316\274"
  23      6C17A43D 
  23      C89261E7 
  23      EDCECEBC 
  24 005d DFFE6686 		.ascii	"\337\376f\206Y\035\000\2065\200ct\337C\025\004\240\002"
  24      591D0086 
ARM GAS  C:\Users\SevenI7\AppData\Local\Temp\cceDTSZG.s 			page 2


  24      35806374 
  24      DF431504 
  24      A002
  25 006f 5411A981 		.ascii	"T\021\251\201\320\247`\037^\0237\005\226\006~N*\255"
  25      D0A7601F 
  25      5E133705 
  25      96067E4E 
  25      2AAD
  26 0081 F72D2AC5 		.ascii	"\367-*\305\341i\357-k\336\022\031\0010$@\026|\206\255"
  26      E169EF2D 
  26      6BDE1219 
  26      01302440 
  26      167C86AD 
  27 0095 346CA1FF 		.ascii	"4l\241\377IF$\251\007Q\245\346f%\275\326\304M\005[\250"
  27      494624A9 
  27      0751A5E6 
  27      6625BDD6 
  27      C44D055B 
  28 00aa 99FCF120 		.ascii	"\231\374\361 \256\210#\010\364l\215\247\253\350\277"
  28      AE882308 
  28      F46C8DA7 
  28      ABE8BF
  29 00b9 675909AB 		.ascii	"gY\011\253X\275+\254\375\031!p\002\005\001q\034\233"
  29      58BD2BAC 
  29      FD192170 
  29      02050171 
  29      1C9B
  30 00cb F1393603 		.ascii	"\36196\003\275\002\314\243\237\206\257\327r\277T\321"
  30      BD02CCA3 
  30      9F86AFD7 
  30      72BF54D1 
  31 00db 2E5327AA 		.ascii	".S'\252w\312\215[\2513{\323VQ\315\010\025_l\317U\001"
  31      77CA8D5B 
  31      A9337BD3 
  31      5651CD08 
  31      155F6CCF 
  32 00f1 27D1CF09 		.ascii	"'\321\317\011\337\237\326R>]\265e\261\200:\360\364r"
  32      DF9FD652 
  32      3E5DB565 
  32      B1803AF0 
  32      F472
  33 0103 8B5AD1AA 		.ascii	"\213Z\321\252\375\031 \310\276\364\230g7R\216\246p\020"
  33      FD1920C8 
  33      BEF49867 
  33      37528EA6 
  33      7010
  34 0115 1C540E1A 		.ascii	"\034T\016\032\007\235\203\301\301\203\214\364\"K\001"
  34      079D83C1 
  34      C1838CF4 
  34      224B01
  35 0124 0CCAB95F 		.ascii	"\014\312\271_\021\264bb\003\023\205\365\221\331&\246"
  35      11B46262 
  35      031385F5 
  35      91D926A6 
  36 0134 A705D247 		.ascii	"\247\005\322G\207.\227\346\014\236\273*\245\247J\225"
  36      872E97E6 
  36      0C9EBB2A 
ARM GAS  C:\Users\SevenI7\AppData\Local\Temp\cceDTSZG.s 			page 3


  36      A5A74A95 
  37 0144 B29EC5DB 		.ascii	"\262\236\305\333qZ\301\226\214\240A\036|I\236\334\267"
  37      715AC196 
  37      8CA0411E 
  37      7C499EDC 
  37      B7
  38 0155 99BCB18A 		.ascii	"\231\274\261\212\346\250u]v\0318\205YLI8\276B\0236\260"
  38      E6A8755D 
  38      76193885 
  38      594C4938 
  38      BE421336 
  39 016a B47C7544 		.ascii	"\264|uDc\364\277\\\261\203\233\015\221dCZxqz\213\274"
  39      63F4BF5C 
  39      B1839B0D 
  39      9164435A 
  39      78717A8B 
  40 017f 922FE47D 		.ascii	"\222/\344}D\356\2173\331\203\257%Ynn\021M\022\005)\376"
  40      44EE8F33 
  40      D983AF25 
  40      596E6E11 
  40      4D120529 
  41 0194 D011575C 		.ascii	"\320\021W\\\232\276\221<\205y\245\035\246\356\324\336"
  41      9ABE913C 
  41      8579A51D 
  41      A6EED4DE 
  42 01a4 4A94DCA1 		.ascii	"J\224\334\241\031VSl\265G\216\232p\2516+y*\363\312u"
  42      1956536C 
  42      B5478E9A 
  42      70A9362B 
  42      792AF3CA 
  43 01b9 AABD9328 		.ascii	"\252\275\223(\215Q\357YM\330j\217\0355\325\245\332\007"
  43      8D51EF59 
  43      4DD86A8F 
  43      1D35D5A5 
  43      DA07
  44 01cb C9D399F7 		.ascii	"\311\323\231\367\261N\265O\022e0\3523\253\251\266\332"
  44      B14EB54F 
  44      126530EA 
  44      33ABA9B6 
  44      DA
  45 01dc A8A3A6B9 		.ascii	"\250\243\246\271T\253H^\003\363\276\324\2516'Q\036F"
  45      54AB485E 
  45      03F3BED4 
  45      A9362751 
  45      1E46
  46 01ee CDB39A66 		.ascii	"\315\263\232f\253\2159j\333\211\377S[\220</\363\026"
  46      AB8D396A 
  46      DB89FF53 
  46      5B903C2F 
  46      F316
  47 0200 EB545B92 		.ascii	"\353T[\222\250FF-\263\232n\253\345\0345\303\245\332"
  47      A846462D 
  47      B39A6EAB 
  47      E51C35C3 
  47      A5DA
  48 0212 57C9DBC5 		.ascii	"W\311\333\305\274\225:\325\276I\224\217Q\253\254f\300"
  48      BC953AD5 
ARM GAS  C:\Users\SevenI7\AppData\Local\Temp\cceDTSZG.s 			page 4


  48      BE49948F 
  48      51ABAC66 
  48      C0
  49 0223 6F4C64D7 		.ascii	"oLd\327R(\377[\\\006\371\374\322\221;\034\010\230t\205"
  49      5228FF5B 
  49      5C06F9FC 
  49      D2913B1C 
  49      08987485 
  50 0237 7B22A148 		.ascii	"{\"\241H4\026<\0244\2431\263\247\353\202\031\212v]:"
  50      34163C14 
  50      34A331B3 
  50      A7EB8219 
  50      8A765D3A 
  51 024b 17334F9F 		.ascii	"\0273O\237\351<q\266\375x\307\311\203m\235G\333\016"
  51      E93C71B6 
  51      FD78C7C9 
  51      836D9D47 
  51      DB0E
  52 025d 044F75D8 		.ascii	"\004Ou\330=\2010h\335\275\221h\257\036\216^<\037\351"
  52      3D813068 
  52      DDBD9168 
  52      AF1E8E5E 
  52      3C1FE9
  53 0270 FE0B6055 		.ascii	"\376\013`U\334\233"
  53      DC9B
  54              		.text
  55              		.section	.gnu.lto_stm32_gpio_init.1d35db9,"",%progbits
  56 0000 789C8D96 		.ascii	"x\234\215\226mh\024G\030\307\347\271\331\335\333Kr\227"
  56      6D681447 
  56      18C7E7B9 
  56      D9DDDB4B 
  56      7297
  57 0012 0431AD10 		.ascii	"\0041\255\0200P\362A\204\254\001\021\024\374$\226~("
  57      3050F241 
  57      84AC0111 
  57      14FC2496 
  57      7E28
  58 0024 16FAF259 		.ascii	"\026\372\362Y|\003\005!\320@\277\336&\236\315iED\343"
  58      7C030521 
  58      D040BFDE 
  58      269ECD69 
  58      4544E3
  59 0037 D51E6B39 		.ascii	"\325\036k9\260\245B\260i\2515\271D\315\365b\322V\033"
  59      B0A542B0 
  59      69A935B9 
  59      44CDF562 
  59      D2561B
  60 004a 359AA6B5 		.ascii	"5\232\246\265\251/\2115j\0225\321\323\266Z\275>\317"
  60      A92F8935 
  60      6A1235D1 
  60      D3B65ABD 
  60      3ECF
  61 005c CC9E9B5C 		.ascii	"\314\236\233\\n\327;r\223gwf\376\377\337\177vv\022\215"
  61      6ED73B72 
  61      93677766 
  61      FEFFDF7F 
  61      7676128D 
ARM GAS  C:\Users\SevenI7\AppData\Local\Temp\cceDTSZG.s 			page 5


  62 0070 31D61D60 		.ascii	"1\326\035`\354-\374\375\006~\231\312\300\307\360\013"
  62      EC2DFCFD 
  62      067E99CA 
  62      C0C7F00B 
  63 0080 1C5B0E0A 		.ascii	"\034[\016\012\266\012\000v\000\013\373\270\002a\330"
  63      B60A0076 
  63      000BFBB8 
  63      0261D8
  64 008f C35B39A4 		.ascii	"\303[9\244[\306\223\276%_\231\370I}\232)9l^4\271\205"
  64      5BC693BE 
  64      255F99F8 
  64      497D9A29 
  64      396C5E34 
  65 00a5 53629C89 		.ascii	"Sb\234\211\017|\007K\030\216\033\373\366\305\301\240"
  65      0F7C074B 
  65      188E1BFB 
  65      F6C5C1A0 
  66 00b5 A6C8FB70 		.ascii	"\246\310\373p\0344\324a>\354\030\214|c\361Op\016\200"
  66      1C34D461 
  66      3EEC188C 
  66      7C63F14F 
  66      700E80
  67 00c8 82973303 		.ascii	"\202\2273\003\361\233!\272\364A\015^>\356\216\\\011"
  67      F19B21BA 
  67      F4410D5E 
  67      3EEE8E5C 
  67      09
  68 00d9 F1D54012 		.ascii	"\361\325@\022\235\017[\256\351\265GL\263\331L=i\323"
  68      9D0F5BAE 
  68      E9B5474C 
  68      B3D94C3D 
  68      69D3
  69 00eb E2475391 		.ascii	"\342GS\221\032\213s\350\000\216\252p\002\252\341{\250"
  69      1A8B73E8 
  69      008EAA70 
  69      02AAE17B 
  69      A8
  70 00fc 96AE9D50 		.ascii	"\226\256\235P\2133vO\246\367\226\3625bvlo\177\023\330"
  70      8B33764F 
  70      A6F796F2 
  70      3562766C 
  70      6F7F13D8 
  71 0110 B39F2E7D 		.ascii	"\263\237.}99Y`r\027\324\266_RS\346\213l\213\231\032"
  71      39395960 
  71      7217D4B6 
  71      5F5253E6 
  71      8B6C8B99 
  72 0125 5E7A2ED3 		.ascii	"^z.\323\267\240\006\230\305\025\0376\234S\245P\245R"
  72      B7A00698 
  72      C5151F36 
  72      9C53A550 
  72      A552
  73 0137 A551E5A7 		.ascii	"\245Q\345\247J\247*@U\0115\245tYFU\220\252\020U\345"
  73      4AA72A40 
  73      550935A5 
  73      74594655 
  73      90AA1055 
ARM GAS  C:\Users\SevenI7\AppData\Local\Temp\cceDTSZG.s 			page 6


  74 014c 54555055 		.ascii	"TUPUI\325Bj\252\350r\021U\214E\305\252\355\342\270\362"
  74      49D5426A 
  74      AAE87211 
  74      558C45C5 
  74      AAEDE2B8 
  75 0161 7C029A33 		.ascii	"|\002\2323wNo\241\265\212s\300\004\221\303}\343\001"
  75      774E6FA1 
  75      B58A73C0 
  75      0491C37D 
  75      E301
  76 0173 5A1A05CC 		.ascii	"Z\032\005\314\351\250\251@7\002O@\272+ \307\320j\306"
  76      E9A8A940 
  76      37024F40 
  76      BA2B20C7 
  76      D06AC6
  77 0186 76A62FF8 		.ascii	"v\246/\370\345\030\012}2=\320\257%\340\363&|<\030WE"
  77      E5180A7D 
  77      323DD0AF 
  77      25E0F326 
  77      7C3C1857 
  78 019b 21384931 		.ascii	"!8I1\261o\270\243\253#h\0343#`q\015NA\002\016\012w8"
  78      B16FB8A3 
  78      AB23681C 
  78      33236071 
  78      0D4E4102 
  79 01b3 0D062373 		.ascii	"\015\006#s]\312r\333g\307?\037\203\274\243H\257\003"
  79      5DCA72DB 
  79      67C73F1F 
  79      83BCA348 
  79      AF03
  80 01c5 5F7C9D0C 		.ascii	"_|\235\014\222\027\207\305\320#Y\206v\2131\005\255\271"
  80      921787C5 
  80      D0235986 
  80      768B3105 
  80      ADB9
  81 01d7 8B75CAB1 		.ascii	"\213u\312\261\376\001\014\224\237\355\256\346\247,\254"
  81      FE010C94 
  81      9FEDAEE6 
  81      A72CAC
  82 01e6 ADBA68A7 		.ascii	"\255\272h\247\035\355\336\271\261\374\271X\377\345b"
  82      1DEDDEB9 
  82      B1FCB958 
  82      FFE562
  83 01f5 E952FCF2 		.ascii	"\351R\374\362\350\231\230*c\335\310f\263\345p\346\325"
  83      E899982A 
  83      63DDC866 
  83      B3E570E6 
  83      D5
  84 0206 D1FC2EF6 		.ascii	"\321\374.\366}\216}?E\323g\023\004\362\243-,\250\035"
  84      7D8E7D3F 
  84      45D36713 
  84      04F2A32D 
  84      2CA81D
  85 0219 98AFDD44 		.ascii	"\230\257\335D]\032\374\350\250\377d\207;\332\243J\255"
  85      5D1AFCE8 
  85      A8FF6487 
  85      3BDAA34A 
ARM GAS  C:\Users\SevenI7\AppData\Local\Temp\cceDTSZG.s 			page 7


  85      AD
  86 022a 927CF1D2 		.ascii	"\222|\361\322\202\342%.\340?\013i\361\272\237\235\273"
  86      82E2252E 
  86      E03F0B69 
  86      F1BA9F9D 
  86      BB
  87 023b 6E65F3B6 		.ascii	"ne\363\266C\020\305\213y\376e.^\347\034\257_h\221\202"
  87      4310C58B 
  87      79FE652E 
  87      5EE71CAF 
  87      5F689182 
  88 024f E215E0F6 		.ascii	"\342\025\340\366+`\333\206\362\363\224\027\364\010\271"
  88      2B60DB86 
  88      F2F39417 
  88      F408B9
  89 025e 780C080F 		.ascii	"x\014\010\017\037y\234\237\233\247b^\236J\024/&O\205"
  89      1F799C9F 
  89      9BA7625E 
  89      9E4A142F 
  89      264F85
  90 0271 8BD705C7 		.ascii	"\213\327\005\307\353\"\345\251\024y\224\271y\252\362"
  90      EB22E5A9 
  90      147994B9 
  90      79AAF2
  91 0280 F32C2AE8 		.ascii	"\363,*\350Q\345\372\360\007\035\227K\230h\012v&\216"
  91      51E5FAF0 
  91      071D974B 
  91      98680A76 
  91      268E
  92 0292 55898315 		.ascii	"U\211\203\025\007'\223S#\376\360sS\267\270?FK\013\227"
  92      07279353 
  92      23FEF073 
  92      53B7B83F 
  92      464B0B97 
  93 02a6 214C1D99 		.ascii	"!L\035\231\221\261\363@\233[\007\323\2443d\010\252g"
  93      91B1F340 
  93      9B5B07D3 
  93      A4336408 
  93      AA67
  94 02b8 1F1B0171 		.ascii	"\037\033\001ql\354x\332\363(\204\323_\307\033\011\332"
  94      6CEC78DA 
  94      F32884D3 
  94      5FC71B09 
  94      DA
  95 02c9 6078EFDF 		.ascii	"`x\357\337\301{\321Rb\253\260p\327\014\343\371\377\253"
  95      C17BD152 
  95      62ABB070 
  95      D70CE3F9 
  95      FFAB
  96 02db 4DD61BCF 		.ascii	"M\326\033\317N\227!\331>\323L\214\371,\334\014\277\011"
  96      4E9721D9 
  96      3ED34C8C 
  96      F92CDC0C 
  96      BF09
  97 02ed 367BE2B3 		.ascii	"6{\342\263/\367\237\320Q\354\020v\207,\334\005\277\203"
  97      2FF79FD0 
  97      51EC1076 
ARM GAS  C:\Users\SevenI7\AppData\Local\Temp\cceDTSZG.s 			page 8


  97      872CDC05 
  97      BF83
  98 02ff 21FF005C 		.ascii	"!\377\000\\\201\260\205O\233\320\223\036\350\177H\364"
  98      81B0854F 
  98      9BD0931E 
  98      E87F48F4 
  99 030f 78FA596F 		.ascii	"x\372Yo\300F\217\022\372\210@\1775\353\237\236\254W"
  99      C0468F12 
  99      FA88407F 
  99      35EB9F9E 
  99      AC57
 100 0321 05ABE2C2 		.ascii	"\005\253\342\302z-\307z\335a\275\345\301zC\262\266\246"
 100      7A2DC77A 
 100      DD61BDE5 
 100      C17A43B2 
 100      B6A6
 101 0333 3F1B0ADA 		.ascii	"?\033\012\332\254\373\210u\264H\3261O\326\233\202Uu"
 101      ACFB8875 
 101      B448D631 
 101      4FD69B82 
 101      5575
 102 0345 61FD2BC7 		.ascii	"a\375+\307z\313a\235\361`\035\227\254\321\266\326#\334"
 102      7ACB619D 
 102      F1601D97 
 102      ACD1B6D6 
 102      23DC
 103 0357 663D44AC 		.ascii	"f=D\254\267\213d\275\343\311zW\260j.\254\0239\326I\207"
 103      B78B64BD 
 103      E3C97A57 
 103      B06A2EAC 
 103      1339D649 
 104 036c F5B907EB 		.ascii	"\365\271\007\353\224d\035i\037\230\324m\326\004\261"
 104      94641D69 
 104      1F98D46D 
 104      D604B1
 105 037b DE2B92F5 		.ascii	"\336+\222\365\276'\353\003\301\352wa\235\316\261\316"
 105      BE27EB03 
 105      C1EA7761 
 105      9DCEB1CE 
 106 038b 38ACA3AF 		.ascii	"8\254\243\257\271\263>\224\254}\307\333\206T\233\265"
 106      B9B33E94 
 106      AC7DC7DB 
 106      86549BB5 
 107 039b 93581F15 		.ascii	"\223X\037\025\311\232\361d},Xu\027\326'9\326\277%\353"
 107      C99AF164 
 107      7D2C5875 
 107      17D62739 
 107      D6BF25EB 
 108 03af 7D684EB4 		.ascii	"}hN\264[\342\014\023\377\333D\211\020\017\215Uuu\006"
 108      5BE20C13 
 108      FFDB4489 
 108      100F8D55 
 108      757506
 109 03c2 FE6CDABA 		.ascii	"\376l\332\272m\343\266\206\306\372\225\365FC\243\261"
 109      6DE3B686 
 109      C6FA95F5 
 109      4643A3B1 
ARM GAS  C:\Users\SevenI7\AppData\Local\Temp\cceDTSZG.s 			page 9


 110 03d2 75C37663 		.ascii	"u\303vcc\303\206\01777\032\357\275\277~\335\007k\336"
 110      63C3860F 
 110      37371AEF 
 110      BDBF7EDD 
 110      076BDE
 111 03e5 5EFBCE8A 		.ascii	"^\373\316\212\345\353\337\\\276\254\376\335\265\262"
 111      E5EBDF5C 
 111      BEACFEDD 
 111      B5B2
 112 03f3 A76E1353 		.ascii	"\247n\023S?j\330^\267L\264\365\377\003\267_(\330"
 112      3F6AD85E 
 112      B74CB4F5 
 112      FF03B75F 
 112      28D8
 113              		.text
 114              		.section	.gnu.lto_gpio_default_config.1d35db9,"",%progbits
 115 0000 789CAD91 		.ascii	"x\234\255\221\321J\002Q\020\206\317\354qW]\253}\201"
 115      D14A0251 
 115      1086CFEC 
 115      71575DAB 
 115      7D81
 116 0012 9EA027F0 		.ascii	"\236\240'\360qz\204\036ao\002\267\010\202\334$\020Z"
 116      717A841E 
 116      616F02B7 
 116      0882DC24 
 116      105A
 117 0024 02A18C54 		.ascii	"\002\241\214Tp\3332\323\314\314\262\253ZZ((\244\233"
 117      70DB32D3 
 117      CCCCB2AB 
 117      5A5A2828 
 117      A49B
 118 0036 30C8EA4E 		.ascii	"0\310\352N,j\233\323,\202]\210A\347\342\374\314w\206"
 118      2C6A9BD3 
 118      2C825D88 
 118      41E7E2FC 
 118      CC7786
 119 0049 7F7ECE28 		.ascii	"\177~\316(\214\261\232\304\0300:I\016\371\347R\177r"
 119      8CB19AC4 
 119      18303A49 
 119      0EF9E752 
 119      7F72
 120 005b 91A73942 		.ascii	"\221\2479B,3\357\037o\234J\337\347\010\226\334WO&p\231"
 120      2C33EF1F 
 120      6F9C4ADF 
 120      E70896DC 
 120      574F2670 
 121 0070 F5B232A2 		.ascii	"\365\2622\242\373\363\255\355A\217\357k\210\272\246"
 121      FBF3ADED 
 121      418FEF6B 
 121      88BAA6
 122 007f 519E8A3B 		.ascii	"Q\236\212;z\302\322\347\322\034L|*\302\264\311\201D"
 122      7AC2D2E7 
 122      D21C4C7C 
 122      2AC2B4C9 
 122      8144
 123 0091 02470887 		.ascii	"\002G\010\207]!!\260\205\310\364\246\010\021\243\335"
 123      5D2121B0 
ARM GAS  C:\Users\SevenI7\AppData\Local\Temp\cceDTSZG.s 			page 10


 123      85C8F4A6 
 123      0811A3DD 
 124 00a1 5C261122 		.ascii	"\\&\021\"[/\230\364p\325Y\327\306\260\335\037a\373\037"
 124      5B2F98F4 
 124      70D559D7 
 124      C6B0DD1F 
 124      61FB1F
 125 00b4 1E9F6BD5 		.ascii	"\036\237k\325\2762\210\246\"i\264\333vl\014\327\362"
 125      BE3288A6 
 125      2269B4DB 
 125      766C0CD7 
 125      F2
 126 00c5 0857E7B1 		.ascii	"\010W\347\261\325T\311U\007\254[\306\315\305\257O\254"
 126      D554C955 
 126      07AC5BC6 
 126      CDC5AF4F 
 126      AC
 127 00d6 FC35E942 		.ascii	"\3745\351B\302JE\002\317\332\014\202\324\246\261\022"
 127      C24A4502 
 127      CFDA0C82 
 127      D4A6B112 
 128 00e6 0DC08B98 		.ascii	"\015\300\213\230\342\356\024\236\302\004\332?\033^\256"
 128      E2EE149E 
 128      C204DA3F 
 128      1B5EAE
 129 00f5 94EA1A81 		.ascii	"\224\352\032\201\371\015\317R\020\025\235\356j\320\223"
 129      F90DCF52 
 129      10159DEE 
 129      6AD093
 130 0104 EFD186ED 		.ascii	"\357\321\206\355\302W'\350\262\014\375ZB\224\274\315"
 130      C25727E8 
 130      B20CFD5A 
 130      4294BCCD 
 131 0114 F5E5E1BC 		.ascii	"\365\345\341\274\215\241\274'\224\267Ny\217)o\215\362"
 131      8DA1BC27 
 131      94B74E79 
 131      8F296F8D 
 131      F2
 132 0125 1E51DEB3 		.ascii	"\036Q\336\263d\357\216\223\307l\232K&\017\303)\304M"
 132      64EF8E93 
 132      C76C9A4B 
 132      260FC329 
 132      C44D
 133 0137 1E81AA90 		.ascii	"\036\201\252\220(\034\012Q\341@H\014JB&`\017\342\014"
 133      281C0A51 
 133      E140480C 
 133      4A422660 
 133      0FE20C
 134 014a 9A787D03 		.ascii	"\232x}\003xH\331u"
 134      7848D975 
 135              		.text
 136              		.section	.gnu.lto___early_init.1d35db9,"",%progbits
 137 0000 789C6363 		.ascii	"x\234cc``8\001\3046@,\012\304\014\314\014\214L\014@"
 137      60603801 
 137      C436402C 
 137      0AC40CCC 
 137      0C8C4C0C 
ARM GAS  C:\Users\SevenI7\AppData\Local\Temp\cceDTSZG.s 			page 11


 138 0015 CCC808E4 		.ascii	"\314\310\010\34402\32431\3263\3660Oaf<\324\376l'\223"
 138      3032D433 
 138      31D633F6 
 138      304F6166 
 138      3CD4FE6C 
 139 002b E6F20620 		.ascii	"\346\362\006 80\375\012_[C\253\304\034f\006\206i\314"
 139      3830FD0A 
 139      5F5B43AB 
 139      C41C6606 
 139      8669CC
 140 003e 0C60C0B8 		.ascii	"\014`\300\270\231Q\223\001\250\354\321\306\177Sy\331"
 140      99519301 
 140      A8ECD1C6 
 140      7F5379D9 
 141 004e 5820E28C 		.ascii	"X \342\214[\030\331\030@\006\255\277\304z\240\341\337"
 141      5B18D918 
 141      4006ADBF 
 141      C47AA0E1 
 141      DF
 142 005f FFF68603 		.ascii	"\377\366\206\003g\0263\336\365ca`\350\000\353\353d\006"
 142      671633DE 
 142      F5636160 
 142      E800EBEB 
 142      6406
 143 0071 5AC6FC86 		.ascii	"Z\306\374\206\261y\301\346\271\314`\325@#v\356|s\233"
 143      B179C1E6 
 143      B9CC60D5 
 143      402376EE 
 143      7C739B
 144 0084 BDFE6F03 		.ascii	"\275\376o\003\307\034f\306i\314@\355\214[\031\353\031"
 144      C71C66C6 
 144      69CC40ED 
 144      8C5B19EB 
 144      19
 145 0095 E6009582 		.ascii	"\346\000\225\202\024n\225\305\256\016\344\352mPu\357"
 145      146E95C5 
 145      AE0EE4EA 
 145      6D5075EF 
 146 00a5 189B16EC 		.ascii	"\030\233\026\354\236\313\010V\010\002\035 S\200\012"
 146      9ECB0856 
 146      08021D20 
 146      53800A
 147 00b4 ACF4F4F4 		.ascii	"\254\364\364\364\201(9#3)3\277\330\320\322P?\277X?#"
 147      81283923 
 147      332933BF 
 147      D8D0D250 
 147      3FBF583F 
 148 00c9 31473F29 		.ascii	"1G?)?\261(\245X?8$\336/\324\331\307\325\337\314$\336"
 148      3FB128A5 
 148      583F3824 
 148      DE2FD4D9 
 148      C7D5DFCC 
 149 00df CDC4C030 		.ascii	"\315\304\3000\310\025\"\243\227\314\000\000\257\204"
 149      C81522A3 
 149      97CC0000 
 149      AF84
 150 00ed 4EA7     		.ascii	"N\247"
ARM GAS  C:\Users\SevenI7\AppData\Local\Temp\cceDTSZG.s 			page 12


 151              		.text
 152              		.section	.gnu.lto_boardInit.1d35db9,"",%progbits
 153 0000 789C6363 		.ascii	"x\234cc``(\001b\033 \026\005b\006f\006F&\006 fd\004"
 153      60602801 
 153      621B2016 
 153      05620666 
 153      06462606 
 154 0018 721819EA 		.ascii	"r\030\031\352\231\030\353\031{\230\24703\036j\177\266"
 154      9918EB19 
 154      7B98A730 
 154      331E6A7F 
 154      B6
 155 0029 93497379 		.ascii	"\223Isy\003\020\034\230\276A\250\255\241Ub\0163\003"
 155      03101C98 
 155      BE41A8AD 
 155      A155620E 
 155      3303
 156 003b C3346606 		.ascii	"\3034f\0060`\334\314\250\311\000T\366h\343\277\251\274"
 156      3060DCCC 
 156      A8C90054 
 156      F668E3BF 
 156      A9BC
 157 004d 6C2C1071 		.ascii	"l,\020q\306-\214l\014 \203\326_b=\320\360\357\177{\303"
 157      C62D8C6C 
 157      0C2083D6 
 157      5F623DD0 
 157      F0EF7F7B 
 158 0062 812F8B18 		.ascii	"\201/\213\030\267\006\001m\350\000\353\353d\0062\231"
 158      B706016D 
 158      E800EBEB 
 158      64063299 
 159 0072 DF313629 		.ascii	"\33716)\200\225\202@\0073P\003P\324JOO\037\210\2223"
 159      80958240 
 159      07335003 
 159      50D44A4F 
 159      4F1F8892 
 160 0087 329332F3 		.ascii	"2\2232\363\213\015-\015\365\363\213\3653\022s\364\223"
 160      8B0D2D0D 
 160      F5F38BF5 
 160      331273F4 
 160      93
 161 0098 F2138B52 		.ascii	"\362\023\213R\212\365\203C\342\375B\235}\\\375\315L"
 161      8AF58343 
 161      E2FD429D 
 161      7D5CFDCD 
 161      4C
 162 00a9 E2DD4C0C 		.ascii	"\342\335L\014\014\203\\!2z\311\014\000\377:2\302"
 162      0C835C21 
 162      327AC90C 
 162      00FF3A32 
 162      C2
 163              		.text
 164              		.section	.gnu.lto_.symbol_nodes.1d35db9,"",%progbits
 165 0000 789C6363 		.ascii	"x\234cc``X\001\304\014L'\231\352\031\030&\234c`\000"
 165      60605801 
 165      C40C4C27 
 165      99EA1918 
ARM GAS  C:\Users\SevenI7\AppData\Local\Temp\cceDTSZG.s 			page 13


 165      269C6360 
 166 0015 523B1A0F 		.ascii	"R;\032\0176\260\001\305N1\3253\242\211\261\236`bhQb"
 166      36B001C5 
 166      4E31D533 
 166      A289B19E 
 166      60626851 
 167 002a 6060663A 		.ascii	"``f:\315T\317\004\223\334\325\350\010T~\206\251\236"
 167      CD54CF04 
 167      93DCD5E8 
 167      08547E86 
 167      A99E
 168 003c 194584F1 		.ascii	"\031E\204\361,S=\013X\204\201\241\241\301\001\250\213"
 168      2C533D0B 
 168      588481A1 
 168      A1C101A8 
 168      8B
 169 004d 91816171 		.ascii	"\221\201aq\337\033y\020}\030J?\206\322\315\375\020z"
 169      DF1B7910 
 169      7D184A3F 
 169      86D2CDFD 
 169      107A
 170 005f 31943E0C 		.ascii	"1\224>\014\242\201\214\305\017\376123\2632\034\006\322"
 170      A2818CC5 
 170      0FFE3132 
 170      33B3321C 
 170      06D2
 171 0071 0C00E0B0 		.ascii	"\014\000\340\260-\331"
 171      2DD9
 172              		.text
 173              		.section	.gnu.lto_.refs.1d35db9,"",%progbits
 174 0000 789C6363 		.ascii	"x\234cc``\020\005b6F&&I&&)&&i&&\031&&Y&&9\006\000\012"
 174      60601005 
 174      62364626 
 174      26492626 
 174      29262669 
 175 0020 5D00E0   		.ascii	"]\000\340"
 176              		.text
 177              		.section	.gnu.lto_.decls.1d35db9,"",%progbits
 178 0000 789CCD58 		.ascii	"x\234\315X}PTW\226\177\367\335\356\246\273i\300\001"
 178      7D505457 
 178      967FF7DD 
 178      EEA6BB69 
 178      C001
 179 0012 2A6336A6 		.ascii	"*c6\246\312J1\206\251\231\310\207\216\316LMMm\002$X"
 179      CA4A3186 
 179      A999C887 
 179      8ECE4C4D 
 179      4D6D0224 
 180 0027 E344B631 		.ascii	"\343D\26613\225Z\222\016\2016\262\203\264\013\355VR"
 180      33955A92 
 180      0E8136B2 
 180      83B40BED 
 180      5652
 181 0039 5B5BF5F8 		.ascii	"[[\365\370P\024A>\374\006?\001?\010\014\232\004T@\264"
 181      5014413E 
 181      FC063F01 
 181      3F080C9A 
ARM GAS  C:\Users\SevenI7\AppData\Local\Temp\cceDTSZG.s 			page 14


 181      045440B4 
 182 004d 4541C5A0 		.ascii	"EA\305\240\210\212\"\240\210\212\010~\3601\"*\312\236"
 182      888A22A0 
 182      888A087E 
 182      F031222A 
 182      CA9E
 183 005f 7BEF6BDE 		.ascii	"{\357k\336\353\307c\307\235\332?\266\213\303\275\347"
 183      EBC763C7 
 183      9DDA3FB6 
 183      8BC3BDE7 
 184 006f DDDF3DE7 		.ascii	"\335\337=\347\334s\356=\367\274\247\3438\356\323\267"
 184      DC73EE3D 
 184      F7BCA7E3 
 184      38EED3B7 
 185 007f 39EE5F34 		.ascii	"9\356_4\034\247\3479n\034~:xv\202\223~Z _\304q?\005"
 185      1CA7E739 
 185      6E1C7E3A 
 185      78768293 
 185      7E5A205F 
 186 0097 7A13E82D 		.ascii	"z\023\350-\240\267\201\340\217\233\2178\227\337\317"
 186      A0B781E0 
 186      8F9B8F38 
 186      97DFCF
 187 00a6 418611DA 		.ascii	"A\206\021\332/\200\274\311<\240\237\000\246\035\332"
 187      2F80BCC9 
 187      3CA09F00 
 187      A61DDA
 188 00b5 7781AE03 		.ascii	"w\201\256\003\375\032\370i@7\241\357\011\324\012\304"
 188      FD1AF869 
 188      4037A1EF 
 188      09D40AC4 
 189 00c5 037F115A 		.ascii	"\003\177\021Z\023\264\227\210Nh/@\213\241\275\002\255"
 189      13B49788 
 189      4E682F40 
 189      8BA1BD02 
 189      AD
 190 00d6 1EDAF3D0 		.ascii	"\036\332\363\320\272C\333\002\255Q\324\357\253\320O"
 190      BA43DB02 
 190      AD51D4EF 
 190      ABD04F
 191 00e5 7E013C93 		.ascii	"~\001<\223+\267\201\350\316\002\354ZQ\357:\304\354\312"
 191      2BB781E8 
 191      CE02EC5A 
 191      51EF3AC4 
 191      ECCA
 192 00f7 069A0794 		.ascii	"\006\232\007\224#\332\350\003\255\001\332\177\203v%"
 192      23DAE803 
 192      AD01DA7F 
 192      837625
 193 0106 D07F0105 		.ascii	"\320\177\001\005\002\275\007\024\000\024\014\364\013"
 193      02BD0714 
 193      00140CF4 
 193      0B
 194 0113 A05F0281 		.ascii	"\240_\002\201\032\352\023\337)|a\003\000\026u_\343\230"
 194      1AEA13DF 
 194      297C6103 
 194      0016755F 
ARM GAS  C:\Users\SevenI7\AppData\Local\Temp\cceDTSZG.s 			page 15


 194      E398
 195 0125 1E0F8ED9 		.ascii	"\036\017\216\331O\326L\326K\326J\326I\326H\3267\225"
 195      4FD64CD6 
 195      4BD64AD6 
 195      49D648D6 
 195      3795
 196 0137 2EB5DF1C 		.ascii	".\265\337\034Q>Yg.`\336\020q\344\331\233b\274\336V\231"
 196      513E5967 
 196      2E60DE10 
 196      71E4D99B 
 196      62BCDE56 
 197 014c 3B9F67F6 		.ascii	";\237g\366~!\362\244\377\226\012n\003F\245y\2677kn\242"
 197      7E21F2A4 
 197      FF960A6E 
 197      0346A579 
 197      B7376B6E 
 198 0161 4E328AA6 		.ascii	"N2\212\246!$\256T\376#\374\270\363G\306\031\200G\316"
 198      2124AE54 
 198      FE23FCB8 
 198      F347C619 
 198      8047CE
 199 0174 41869A2C 		.ascii	"A\206\232,_\304\002\361\234\204\225f\310\244\312&#\372"
 199      5FC402F1 
 199      9C849566 
 199      C8A4CA26 
 199      23FA
 200 0186 E3A82972 		.ascii	"\343\250)r[\250e\242yHR\217&0N\274L*\232\230\244\352"
 200      5BA865A2 
 200      7948528F 
 200      26304EBC 
 200      4C2A9A98 
 201 019c 612C3AE1 		.ascii	"a,:\341\312\203\314rS\027\272\001\320Oa\247\350\227"
 201      CA83CC72 
 201      5317BA01 
 201      D04F61A7 
 201      E897
 202 01ae 21F2F499 		.ascii	"!\362\364\231\243\253\236\307<\355\357\256\311\314\361"
 202      A3AB9EC7 
 202      3CEDEFAE 
 202      C9CCF1
 203 01bd C226DA5F 		.ascii	"\302&\332_y\261\271\037\315.\023\330O\277\016s\350\020"
 203      79B1B91F 
 203      CD2E13D8 
 203      4FBF0E73 
 203      E810
 204 01cf C24E875E 		.ascii	"\302N\207^L;\270\015\257\305\310\333\2104\300\0166\345"
 204      4C3BB80D 
 204      AFC5C8DB 
 204      8834C00E 
 204      36E5
 205 01e1 DFF604D6 		.ascii	"\337\366\004\326\327\210f\002\373(\355n\227;\033\235"
 205      D7886602 
 205      FB28ED6E 
 205      973B1B9D 
 206 01f1 0E6CCBC0 		.ascii	"\016l\313\300\217\333Ev\032\260\035kV\355\320\341ET"
 206      8FDB4576 
 206      1AB01D6B 
ARM GAS  C:\Users\SevenI7\AppData\Local\Temp\cceDTSZG.s 			page 16


 206      56EDD0E1 
 206      4554
 207 0203 4BE79992 		.ascii	"K\347\231\222R\"\347]#\"k\361\202G\007\036T=\363`\217"
 207      5222E75D 
 207      23226BF1 
 207      8247071E 
 207      543DF360 
 208 0218 08A2257B 		.ascii	"\010\242%{\250\330\015/&}\376f\333\213\016Od\364_-\010"
 208      A8D80D2F 
 208      267DFE66 
 208      DB8B0E4F 
 208      64F45F2D 
 209 022d 29C2AE54 		.ascii	")\302\256T\301\020\316\241*4\003\035A38t\002\371\223"
 209      C110CEA1 
 209      2A34031D 
 209      41333874 
 209      02F993
 210 0240 3987D16C 		.ascii	"9\207\321l\016\035\203\207\265\360p/\261\3351^\360\373"
 210      0E1D8387 
 210      B5F0702F 
 210      B1DD315E 
 210      F0FB
 211 0252 AD438230 		.ascii	"\255C\2020\0239\220\021\035G\230b\300[\357\032\331b"
 211      13399011 
 211      1D479862 
 211      C05BEF1A 
 211      D962
 212 0264 4A8A730B 		.ascii	"J\212s\013u\270\001Q\0355\005w\353\371\251t\234\232"
 212      75B80151 
 212      1D350577 
 212      EBF9A974 
 212      9C9A
 213 0276 5A47D53B 		.ascii	"ZG\325;\015+\005\201G'AG\235\244\003T2%\335\325\035"
 213      0D2B0581 
 213      47274147 
 213      9DA40354 
 213      3225DDD5 
 214 028b C93C2E65 		.ascii	"\311<.e\216\316\257\371[\243\226yD\017\354\343\365\365"
 214      8ECEAFF9 
 214      5BA39679 
 214      440FECE3 
 214      F5F5
 215 029d 4D3C3EC0 		.ascii	"M<>\300\306z\256\245n\325\341J\306\344\274l\023t\270"
 215      C67AAEA5 
 215      6ED5E14A 
 215      C6E4BC6C 
 215      1374B8
 216 02b0 9631598F 		.ascii	"\2261Y\217Gwk\360)\306\034\251}\030\314$\314\000\256"
 216      47776BF0 
 216      29C61CA9 
 216      7D18CC24 
 216      CC00AE
 217 02c3 BA73D0E1 		.ascii	"\272s\320\341\316\002\320\205\200oK}\332\352\201\033"
 217      CE02D085 
 217      806F4B7D 
 217      DAEA811B 
 218 02d3 29D49072 		.ascii	")\324\220rm\344\244\026\371\371\371\370\371\371\371"
ARM GAS  C:\Users\SevenI7\AppData\Local\Temp\cceDTSZG.s 			page 17


 218      6DE4A416 
 218      F9F9F9F8 
 218      F9F9F9
 219 02e2 FBF91592 		.ascii	"\373\371\025\222\2259\306\333~\267\361\364*!'\232Z\334"
 219      9539C6DB 
 219      7EB7F1F4 
 219      2A21279A 
 219      5ADC
 220 02f4 04163723 		.ascii	"\004\0267#\037i\245\325\360\217CA\360\217c\370\276="
 220      1F69A5D5 
 220      F08F4341 
 220      F08F63F8 
 220      BE3D
 221 0306 58289E4E 		.ascii	"X(\236N\301\365Jp\215\004\316%\336\310\001B\032\016"
 221      C1F54A70 
 221      8D04CE25 
 221      DEC80142 
 221      1A0E
 222 0318 FD088073 		.ascii	"\375\010\200st\214\300\301#\35028\260\005\371\241V\240"
 222      748CC0C1 
 222      23E83238 
 222      B005F9A1 
 222      56A0
 223 032a 8B409780 		.ascii	"\213@\227\200.\000]\001:\217\374\350\366b\372\256K\372"
 223      2E005D01 
 223      3A8FFCE8 
 223      F662FAAE 
 223      4BFA
 224 033c CE28F535 		.ascii	"\316(\3655(\215k\224\300\215Jp\200\002\333-aO\253\013"
 224      288D6B94 
 224      C08D4A70 
 224      8002DB2D 
 224      614FAB0B 
 225 0350 AE22FFC5 		.ascii	"\256\"\377\305\2706l\304\260\373\011\212\023C*\2318"
 225      B8366CC4 
 225      B0FB098A 
 225      13432A99 
 225      38
 226 0361 B2D12D5F 		.ascii	"\262\321-_p\244a*\353\250\272S\230,\206o\2214\237U\265"
 226      70A4612A 
 226      EBA8BA53 
 226      982C866F 
 226      91349F55 
 227 0376 9281217C 		.ascii	"\222\201!|'\353\266\276r\303\031\230\356\310\262\355"
 227      27EBB6BE 
 227      72C31998 
 227      EEC8B2ED 
 228 0386 B5A346E4 		.ascii	"\265\243F\344\343\257\352Z\324\006\036\375\337xW\\\326"
 228      E3AFEA5A 
 228      D4061EFD 
 228      DF78575C 
 228      D6
 229 0397 3CB2AA6B 		.ascii	"<\262\252k0\357\252\264W\311\"\251\372\316\274\322\007"
 229      30EFAAB4 
 229      57C922A9 
 229      FACEBCD2 
 229      07
ARM GAS  C:\Users\SevenI7\AppData\Local\Temp\cceDTSZG.s 			page 18


 230 03a8 9E3EA2BE 		.ascii	"\236>\242\276\325S\352\343\376\2562\262\023s\033\312"
 230      D553EAE3 
 230      FEAE32B2 
 230      13731BCA 
 231 03b8 0DA68C89 		.ascii	"\015\246\214\211\323\204\256\313\226\315\241vd\022\201"
 231      D384AECB 
 231      96CDA176 
 231      641281
 232 03c7 27DA4FD7 		.ascii	"'\332O\327\2314<{\206\0224\234,\257x\263\274rp|C\227"
 232      99343C7B 
 232      8612349C 
 232      2CAF78B3 
 232      BC72707C 
 233 03dd 07DE4CDD 		.ascii	"\007\336L\335\202\266\264|\027f\204S\232\372Z\247\224"
 233      82B6B47C 
 233      17668453 
 233      9AFA5AA7 
 233      94
 234 03ee 9CC0948A 		.ascii	"\234\300\224\2123\036x\033\233\235\265\241\256N\203"
 234      331E781B 
 234      9B9DB5A1 
 234      AE4E83
 235 03fd 0B1953B4 		.ascii	"\013\031S\26457]\213\3671\246$/\347\240\021\2270\306"
 235      35375D8B 
 235      F731A624 
 235      2FE7A011 
 235      9730C6
 236 0410 99BA7C59 		.ascii	"\231\272|Y\352\252\037\177\352\360b\366\360\304\204"
 236      EAAA1F7F 
 236      EAF062F6 
 236      F0C484
 237 041f 6FAF3E37 		.ascii	"o\257>7\340R\006\335\363\374\305\000Ie\263H*\303\262"
 237      E05206DD 
 237      F3FCC500 
 237      4965B348 
 237      2AC3B2
 238 0432 44368B25 		.ascii	"D6\213%\262\343\347\316\3565\341\357XL\313\363\307\306"
 238      B2E3E7CE 
 238      EE35E1EF 
 238      584CCBF3 
 238      C7C6
 239 0444 BC9C5926 		.ascii	"\274\234Y&'U\320\372s\350\016\230z\227\330\337\017\366"
 239      2755D0FA 
 239      73E80E98 
 239      7A97D8DF 
 239      0FF6
 240 0456 CF12EDEF 		.ascii	"\317\022\355\357\205\207\367d\231l\326\346t\222e\372"
 240      8587F764 
 240      996CD6E6 
 240      749265FA 
 241 0466 600FDD97 		.ascii	"`\017\335\227\"7KL2\307r\333{\214\370(\323\221\322\274"
 241      22374B4C 
 241      32C772DB 
 241      7B8CF828 
 241      D391D2BC 
 242 047a 71784A1D 		.ascii	"qxJ\035\217\246\326Q\025|\212f\262\207\240\343\201\244"
 242      8FA6D651 
ARM GAS  C:\Users\SevenI7\AppData\Local\Temp\cceDTSZG.s 			page 19


 242      157C8A66 
 242      B287A0E3 
 242      81A4
 243 048c A3CF99C9 		.ascii	"\243\317\231\311RF\013\217\352q=U\242\031\331_\331\352"
 243      52460B8F 
 243      EA713D55 
 243      A219D95F 
 243      D9EA
 244 049e 8920B3C8 		.ascii	"\211 \263\310\266'\317\311\002< \356\315aP8\010[c\310"
 244      B627CFC9 
 244      023C20EE 
 244      CD615038 
 244      085B63C8 
 245 04b2 E5945F78 		.ascii	"\345\224_x\026X0tG\0202LT\335cPG&L\230\251<\274}om\025"
 245      16583074 
 245      4710324C 
 245      54DD6350 
 245      47264C98 
 246 04cd 1C299882 		.ascii	"\034)\230\202{T\301wd\207\367F\201\221l\363\001\327"
 246      7B54C177 
 246      6487F746 
 246      81916CF3 
 246      01D7
 247 04df C30B569F 		.ascii	"\303\013V\237\256\353\2570BF\364\365gb[\013\274\213"
 247      AEEBAF30 
 247      4246F4F5 
 247      67625B0B 
 247      BC8B
 248 04f1 52853381 		.ascii	"R\2053\201\364lv\203\334\021\344;E\006\001\261#\005"
 248      F46C7683 
 248      DC11E43B 
 248      450601B1 
 248      2305
 249 0503 9EC9D40A 		.ascii	"\236\311\324\012\242\375\366\324\350<\202\206\315I\017"
 249      A2FDF6D4 
 249      E83C8286 
 249      CD490F
 250 0512 90E41182 		.ascii	"\220\344\021\202&\036y\012\036\371\033x\344\211\313"
 250      261E790A 
 250      1EF91B78 
 250      E489CB
 251 0521 C93C5F30 		.ascii	"\311<_0=\031f\020\224\253\321\250\251:\257\302\340\013"
 251      3D196610 
 251      94ABD1A8 
 251      A93AAFC2 
 251      E00B
 252 0533 4293A716 		.ascii	"B\223\247\026\312\271H\204Ii'\257T\232\360*\015\335"
 252      CAB94884 
 252      496927AF 
 252      549AF02A 
 252      0DDD
 253 0545 8277CF1D 		.ascii	"\202w\317\035H\321\343\014\306\354h*?\247\305\353\030"
 253      48D1E30C 
 253      C6EC682A 
 253      3FA7C5EB 
 253      18
 254 0556 53535ADE 		.ascii	"SSZ\336\302\343\015\214)\253\032X\213\3606\306\014\246"
ARM GAS  C:\Users\SevenI7\AppData\Local\Temp\cceDTSZG.s 			page 20


 254      C2E30D8C 
 254      29AB1A58 
 254      8BF036C6 
 254      0CA6
 255 0568 1FB0E322 		.ascii	"\037\260\343\"\326/\030\356\274o`\333\337\037\330\354"
 255      D62F18EE 
 255      BC6F60DB 
 255      DF1FD8EC 
 256 0578 E69DED7A 		.ascii	"\346\235\355zv8\034\3448\214\356\276\223\307\343\022"
 256      76381CE4 
 256      388CEEBE 
 256      93C7E312 
 257 0588 8A356536 		.ascii	"\2125e6\247^ \227\216\037\271w\374IS(\244\245\012\216"
 257      A75E2097 
 257      8E1FB977 
 257      FC495328 
 257      A4A50A8E 
 258 059c 9E7CD1D5 		.ascii	"\236|\321\3257\301\325/\301y\351\274z\032d\360\272\267"
 258      37C1D52F 
 258      C179E9BC 
 258      7A1A64F0 
 258      BAB7
 259 05ae 588A25E8 		.ascii	"X\212%\350gJ\264k\212%\360\347\377$\301\237\253\303"
 259      674AB46B 
 259      8A25F0E7 
 259      FF24C19F 
 259      ABC3
 260 05c0 8324F490 		.ascii	"\203$\364\220\014\375B\211n\230$\274n\206\004\357R\302"
 260      0CFD4289 
 260      6E9824BC 
 260      6E8604EF 
 260      52C2
 261 05d2 AB657097 		.ascii	"\253ep\227L-\3603\3208\035$x\022\3705\274?\312\340\375"
 261      4C2DF033 
 261      D0381D24 
 261      7812F835 
 261      BC3FCAE0 
 262 05e7 500A5026 		.ascii	"P\012P&\320J\2404\240T\240,\240U@\253\201\326\362\316"
 262      D04AA034 
 262      A054A02C 
 262      A05540AB 
 262      81D6F2CE 
 263 05fb A342B437 		.ascii	"\243B\2647\312\264\337Pj\357\224\226&n\243|o\272\215"
 263      CAB4DF50 
 263      6AEF9496 
 263      266EA37C 
 263      6FBA8D
 264 060e 00E57A71 		.ascii	"\000\345zq\021Q7\3441x\245\032\003\231\227Zd\212\241"
 264      115137E4 
 264      3178A51A 
 264      0399975A 
 264      648AA1
 265 0621 8451532C 		.ascii	"\204QS,\367R\237\314\251c\352Nu\012\207S\364\252\300"
 265      F7529FCC 
 265      A963EA4E 
 265      750A8753 
 265      F4AAC0
ARM GAS  C:\Users\SevenI7\AppData\Local\Temp\cceDTSZG.s 			page 21


 266 0634 C8E0A3B0 		.ascii	"\310\340\243\260\201o\251;5H\274\025\035M\243\025Z\\"
 266      816FA93B 
 266      3548BC15 
 266      1D4DA315 
 266      5A5C
 267 0646 4EF7177F 		.ascii	"N\367\027\177\354\320\236Z7\344\357#\236\364m:r\322"
 267      ECD09E5A 
 267      37E4EF23 
 267      9EF46D3A 
 267      72D2
 268 0658 7360F23A 		.ascii	"s`\362:~\"e\221\305O\021\015\224\015A\370G\003\002\266"
 268      7E226591 
 268      C54F110D 
 268      940D41F8 
 268      470302B6 
 269 066c 6C2F2F1F 		.ascii	"l//\037\304\362k-\207\227_k\271\274I4\002\260\255\351"
 269      C4F26B2D 
 269      87975F6B 
 269      B9BC4934 
 269      02B0ADE9 
 270 0680 2BAF1BE8 		.ascii	"+\257\033\350\315F\036w z\265\335\313}`\231\276\211"
 270      CD461E77 
 270      207AB5DD 
 270      CB7D6099 
 270      BE89
 271 0692 9A962A4C 		.ascii	"\232\226*L\343\321\027oL$2\016\255\347\247\303\377<"
 271      E3D1176F 
 271      4C24320E 
 271      ADE7A7C3 
 271      FF3C
 272 06a4 5EC304DC 		.ascii	"^\303\004\334Z\225W\243}g\227\340p\320\272\255\244\272"
 272      5A9557A3 
 272      7D6797E0 
 272      70D0BAAD 
 272      A4BA
 273 06b6 57108C1A 		.ascii	"W\020\214\032\202B\225R\202\256$\3459\252\200\255\211"
 273      82429552 
 273      82AE24E5 
 273      39AA80AD 
 273      89
 274 06c7 7E00EF73 		.ascii	"~\000\357sh\003\377\016).\307\256\036\301\270F<\332"
 274      6803FF0E 
 274      292EC7AE 
 274      1EC1B846 
 274      3CDA
 275 06d9 99E31BB4 		.ascii	"\231\343\033\264S\252\335D\325&\210Z+\223+\332=D\255"
 275      53AADD44 
 275      D526885A 
 275      2B932BDA 
 275      3D44AD
 276 06ec 2DBF8028 		.ascii	"-\277\200(\245\010\344Z\000\020\332(\371\030\272\256"
 276      A508E45A 
 276      0010DA28 
 276      F918BAAE 
 277 06fc 5A3753AD 		.ascii	"Z7S\255\203\017\263\317{\341sLk\373\332]\267\021H\332"
 277      830FB3CF 
 277      7BE1734C 
ARM GAS  C:\Users\SevenI7\AppData\Local\Temp\cceDTSZG.s 			page 22


 277      6BFBDA5D 
 277      B71148DA 
 278 0710 05925AAB 		.ascii	"\005\222Z\253M.\242\266H\242\266(Em\245\242~\354\351"
 278      4D2EA2B6 
 278      48A2B628 
 278      456DA5A2 
 278      7EECE9
 279 0723 FC4F7C8D 		.ascii	"\374O|\215I\372v\177\356e\243(\251n\201\213\240|IP\276"
 279      49FA767F 
 279      EE65A328 
 279      A96E818B 
 279      A07C4950 
 280 0738 52500115 		.ascii	"RP\001\025$\364\326tx\341n&)\373\333\214c\006\220\324"
 280      24F4D674 
 280      78E16E26 
 280      29FBDB8C 
 280      630690D4 
 281 074c 05BBE7E6 		.ascii	"\005\273\347\346\016|\354eWsr\216/\365\001\332&\211"
 281      0E7CEC65 
 281      5773728E 
 281      2FF501DA 
 281      2689
 282 075e DAC6B377 		.ascii	"\332\306\263w\036\264\235\212\250\337\236\\\353\216"
 282      1EB49D8A 
 282      A8DF9E5C 
 282      EB8E
 283 076c BFD75211 		.ascii	"\277\327R\021\303\373\277\337\241g\351p?)\272\267\247"
 283      C3FBBFDF 
 283      A167E970 
 283      3F29BAB7 
 283      A7
 284 077d 3B2AC462 		.ascii	";*\304b\301a$\316n:\335!\276$\255&\343\343\367\333\212"
 284      C16124CE 
 284      6E3ADD21 
 284      BE24AD26 
 284      E3E3F7DB 
 285 0792 C4F43940 		.ascii	"\304\3649@\346gT\256/\362\302\015L\330\245\236\335i"
 285      E66754AE 
 285      2FF2C20D 
 285      4CD8A59E 
 285      DD69
 286 07a4 2636D84C 		.ascii	"&6\330L\370u\331?|g\304Mlp\177\317\266u\342\340\257"
 286      F875D93F 
 286      7C67C44D 
 286      6C707FCF 
 286      B675E2E0 
 287 07b9 49649A8E 		.ascii	"Id\232\216\334\320\342\313l\254c\2505\335\035\2673\346"
 287      DCD0E2CB 
 287      6CAC63A8 
 287      35DD1DB7 
 287      33E6
 288 07cb C0D8867D 		.ascii	"\300\330\206}:"
 288      3A
 289 07d0 DCCD98B5 		.ascii	"\334\315\230\265+\263\327\270\341\373\224\321?.\035"
 289      2BB3D7B8 
 289      E1FB94D1 
 289      3F2E1D
ARM GAS  C:\Users\SevenI7\AppData\Local\Temp\cceDTSZG.s 			page 23


 290 07df 7178219A 		.ascii	"qx!\232\215!\035\263\213l\274\355\227[\206\322\004!"
 290      8D211DB3 
 290      8B6CBCED 
 290      975B86D2 
 290      0421
 291 07f1 CF444BC1 		.ascii	"\317DK\301\"Xv9l\343\211Z\257\220W\334|\335o&\323\303"
 291      22587639 
 291      6CE3895A 
 291      AF9057DC 
 291      7CDD6F26 
 292 0807 4AD0DF2A 		.ascii	"J\320\337*\321\273y\227\202\027\340-?%\365.\001\357"
 292      D1BB7997 
 292      8217E02D 
 292      3F25F52E 
 292      01EF
 293 0819 5782A74C 		.ascii	"W\202\247L\227\273\340\200\356\244\222\312\305\323\371"
 293      97BBE080 
 293      EEA492CA 
 293      C5D3F9
 294 0828 1D9CCE83 		.ascii	"\035\234\316\203p\372\376\012t\000\350{\240R\240\262"
 294      70FAFE0A 
 294      7400E87B 
 294      A052A0B2 
 295 0838 89F44874 		.ascii	"\211\364Ht\365M\350\332\247\324\265W\271\214\347o8\261"
 295      F54DE8DA 
 295      A7D4B557 
 295      B98CE76F 
 295      38B1
 296 084a 254A6C80 		.ascii	"%Jl\200\"\217>\332D\353\377re\032\245E\364\026\357\365"
 296      228F3EDA 
 296      44EBFF72 
 296      651AA545 
 296      F416EFF5 
 297 085e 0249A344 		.ascii	"\002I\243D\322\036\245\244b\231; \030\015\227\256\276"
 297      D21EA5A4 
 297      62993B20 
 297      180D97AE 
 297      BE
 298 086f D4E0012D 		.ascii	"\324\340\001-{\221\0252\037O*\351\235+G\225\260\340"
 298      7B911532 
 298      1F4F2AE9 
 298      9D2B4795 
 298      B0E0
 299 0881 D75D3CB3 		.ascii	"\327]<\263\362U>M\177\0250\351\007i\357\226\363b=\177"
 299      F2553E4D 
 299      7F1530E9 
 299      0769EF96 
 299      F3623D7F 
 300 0895 7ED5B943 		.ascii	"~\325\271C\036\256\365\274\2322\356\177\324\004rnt>"
 300      1EAEF5BC 
 300      9A32EE7F 
 300      D404726E 
 300      743E
 301 08a7 2A70FF59 		.ascii	"*p\377Y\221\320\014\247\257\247`:,>\034\035\202\271"
 301      91D00CA7 
 301      AFA7603A 
 301      2C3E1C1D 
ARM GAS  C:\Users\SevenI7\AppData\Local\Temp\cceDTSZG.s 			page 24


 301      82B9
 302 08b9 3B984E59 		.ascii	";\230NY\354\310\223\317\241\016<\314\377\214\274O\324"
 302      ECC893CF 
 302      A10E3CCC 
 302      FF8CBC4F 
 302      D4
 303 08ca 56ADF234 		.ascii	"V\255\3624\212o\324\253\377n\255\216\216\360\344\370"
 303      8A6FD4AB 
 303      FF6EAD8E 
 303      8EF0E4F8 
 304 08da 8CEDEF79 		.ascii	"\214\355\357y\003\277b[9w`h\275\216H\020\304t\013'A"
 304      03BF625B 
 304      39776068 
 304      BD8E4810 
 304      C4740B27 
 305 08ef CAB6D53C 		.ascii	"\312\266\325<\224\246\020:\022=\000?).\213\364\316\021"
 305      94A6103A 
 305      123D003F 
 305      292E8BF4 
 305      CE11
 306 0901 B1FFACA1 		.ascii	"\261\377\254\241E\235\004\256\341\275\235S\010\370P"
 306      459D04AE 
 306      E1BD9D53 
 306      08F850
 307 0910 CFD90623 		.ascii	"\317\331\006#;Z\0029\244\305G\272\340\326Z\255\243j"
 307      3B5A0239 
 307      A4C547BA 
 307      E0D65AAD 
 307      A36A
 308 0922 1D0D990F 		.ascii	"\035\015\231\017\021^\317\230\325\267\322/\211\310Q"
 308      115ECF98 
 308      D5B7D22F 
 308      89C851
 309 0931 C21F7E54 		.ascii	"\302\037~Tz\330C<\356\204\037\257{z\315\003o\325\275"
 309      7AD8433C 
 309      EE841FAF 
 309      7B7ACD03 
 309      6FD5BD
 310 0944 86C1754E 		.ascii	"\206\301uN\203\003\251\301\207+\213\036\353\231\305"
 310      8303A9C1 
 310      872B8B1E 
 310      EB99C5
 311 0953 F04FB4D8 		.ascii	"\360O\264\330\001\316d\327\345Ijq\235\323\342\315U\335"
 311      01CE64D7 
 311      E5496A71 
 311      9DD3E2CD 
 311      55DD
 312 0965 039EB848 		.ascii	"\003\236\270H\324s\362\311\260;\336\307\230\216\302"
 312      D473F2C9 
 312      B03BDEC7 
 312      988EC2
 313 0974 0D7B34CC 		.ascii	"\015{4\314\302^zI\215\215\245ip\031\033L\251i\313\025"
 313      C25E7A49 
 313      8D8DA569 
 313      70191B4C 
 313      A969CB15 
 314 0988 DF5DBAE8 		.ascii	"\337]\272\350\253M\312\372b\035>\304\006_<\3327\240"
ARM GAS  C:\Users\SevenI7\AppData\Local\Temp\cceDTSZG.s 			page 25


 314      AB4DCAFA 
 314      621D3EC4 
 314      065F3CDA 
 314      37A0
 315 099a C30EC61C 		.ascii	"\303\016\306\034\276\265\361\270\230\247\256\321\267"
 315      BEB5F1B8 
 315      98A7AED1 
 315      B7
 316 09a7 D1E16D83 		.ascii	"\321\341m\203&\334\310\006W\026_\316t\303\227\0313\334"
 316      26DCC806 
 316      57165FCE 
 316      74C39719 
 316      33DC
 317 09b9 9ED560C2 		.ascii	"\236\325`\3027\030s\352\314\355Kz\334\313\230\265\365"
 317      371873EA 
 317      CCED4B7A 
 317      DCCB98B5 
 317      F5
 318 09ca 950D62EE 		.ascii	"\225\015b\356;C\370\344\336\203\351\030\017\211\012"
 318      3B43F8E4 
 318      DE83E918 
 318      0F890A
 319 09d9 44CF798B 		.ascii	"D\317y\213\236\033l>\231a\300cl\260iM\036\334)in\224"
 319      9E1B6C3E 
 319      9961C063 
 319      6CB0694D 
 319      1EDC2969 
 320 09ef 192F18D8 		.ascii	"\031/\030\330n\302\231\2149Z\264\262D\21771\246\346"
 320      6EC2998C 
 320      395AB4B2 
 320      448F3731 
 320      A6E6
 321 0a01 F0D106F1 		.ascii	"\360\321\006\361\023J \251s\317gu\230\360\0166V\336"
 321      134A20A9 
 321      73CF6775 
 321      98F00E36 
 321      56DE
 322 0a13 9BEE70C3 		.ascii	"\233\356p\303{\305YM\317\312<q\271\310\264W\006\340"
 322      7BC5594D 
 322      CFCA3C71 
 322      B9C8B457 
 322      06E0
 323 0a25 23ACBFBB 		.ascii	"#\254\277\273\267j\275\027>\301\230[\235\3672<q#cV\035"
 323      B76ABD17 
 323      3EC1985B 
 323      9DF7323C 
 323      71236356 
 324 0a3a DF586BC0 		.ascii	"\337Xk\300\227\031s\252\013\252\255N\326\357\317p\264"
 324      971973AA 
 324      0BAAAD4E 
 324      D6EFCF70 
 324      B4
 325 0a4b F1B88731 		.ascii	"\361\270\2071%UY\267\264\3701cn\037N\033\321\340a\306"
 325      255559B7 
 325      B4F83163 
 325      6E1F4E1B 
 325      D1E061C6 
ARM GAS  C:\Users\SevenI7\AppData\Local\Temp\cceDTSZG.s 			page 26


 326 0a5f 948EED68 		.ascii	"\224\216\355h6\340Q\3064Ww\335\365\304p:\251\303N\355"
 326      36E051C6 
 326      345777DD 
 326      F5C4703A 
 326      A9C34EED 
 327 0a73 1F168390 		.ascii	"\037\026\203\220Cv[\343\352\202@\266\205\004\003\260"
 327      43765BE3 
 327      EA8240B6 
 327      850403B0 
 328 0a83 7B2FE50F 		.ascii	"{/\345\017\352p*\305\276\223\321\325_\301\213\031[\355"
 328      EA702AC5 
 328      BE93D1D5 
 328      5FC18B19 
 328      5BED
 329 0a95 E72FB6AC 		.ascii	"\347/\266\254\354\272\271F;Z\232\221%\354\252C\264\364"
 329      ECBAB946 
 329      3B5A9A91 
 329      25ECAA43 
 329      B4F4
 330 0aa7 6A8213D8 		.ascii	"j\202\023\330/\257\245\316\271dA\362\205\3453\351\353"
 330      2FAFA5CE 
 330      B96441F2 
 330      85E533E9 
 330      EB
 331 0ab8 45A7125D 		.ascii	"E\247\022]=\251\256\253\373LV\375*\341S}\001\352\201"
 331      3DA9AEAB 
 331      FB4C56FD 
 331      2AE1537D 
 331      01EA81
 332 0acb 4D7C972A 		.ascii	"M|\227*\356\027\023Z\012\206\267\036H+\017\200\004\354"
 332      EE17135A 
 332      0A86B71E 
 332      482B0F80 
 332      04EC
 333 0add 879E42DB 		.ascii	"\207\236B\333\007\364\012h\024\350>\320\000\320#\240"
 333      07F40A68 
 333      14E83ED0 
 333      00D023A0 
 334 0aed 11528B01 		.ascii	"\021R\213\001\346\031\264/\200\236\220Z\014\370\307"
 334      E619B42F 
 334      809E905A 
 334      0CF8C7
 335 0afc D00E01BD 		.ascii	"\320\016\001\275$u\031\360\275\320\216\003%C?\025\350"
 335      247519F0 
 335      BDD08E03 
 335      25433F15 
 335      E8
 336 0b0d 21F4C780 		.ascii	"!\364\307\200\326@\177\030\332th\323\200\236C\177\320"
 336      D6407F18 
 336      DA7468D3 
 336      809E437F 
 336      D0
 337 0b1e A5A8EE8B 		.ascii	"\245\250\356\213\222\026u[\271\250\000\345}\326ma\327"
 337      9216755B 
 337      B9A800E5 
 337      7DD66D61 
 337      D7
ARM GAS  C:\Users\SevenI7\AppData\Local\Temp\cceDTSZG.s 			page 27


 338 0b2f 1F1C4874 		.ascii	"\037\034HtZD;\217)j\220\373\227\312\2269\254]){r\335"
 338      5A443B8F 
 338      296A90FB 
 338      97CA9639 
 338      AC5D297B 
 339 0b45 DCFDB904 		.ascii	"\334\375\271\004\277\244\204\267\360\223\3402\351\035"
 339      BFA484B7 
 339      F093E032 
 339      E91D
 340 0b53 EAD265B6 		.ascii	"\352\322e\266\\_*\241\357)\321\223/\356\276\317\245"
 340      5C5F2AA1 
 340      EF29D193 
 340      2FEEBECF 
 340      A5
 341 0b64 855E542E 		.ascii	"\205^T.\264y\322u*s\313\011%\372\270\322-\3352\227\337"
 341      B479D275 
 341      2A73CB09 
 341      25FAB8D2 
 341      2DDD3297 
 342 0b79 5175B96C 		.ascii	"Qu\271l\217\266|.\355\321+J\360\336Iv\017}&Yr]i\311"
 342      8FB67C2E 
 342      EDD12B4A 
 342      F0DE4976 
 342      0F7D2659 
 343 0b91 B8D229CF 		.ascii	"\270\322)\317e\226\334R\012\237\374\372\327\"\363\370"
 343      6596DC52 
 343      0A9FFCFA 
 343      D722F3F8 
 344 0ba1 0DF5F322 		.ascii	"\015\365\363\"\023^'\013\3475%\372\352\344RI\014\020"
 344      135E270B 
 344      E73525FA 
 344      EAE45249 
 344      0C10
 345 0bb3 DC4EA84A 		.ascii	"\334N\250J=@2\341\2152\341\255\352n\221oD\213\204\256"
 345      3D4032E1 
 345      8D32E1AD 
 345      EA6E916F 
 345      448B84AE 
 346 0bc7 57A20B95 		.ascii	"W\242\013\225\350!\231\354\013Jt\361$KdN\271\251\236"
 346      E82199EC 
 346      0B4A74F1 
 346      244B644E 
 346      B9A99E
 347 0bda 15E49F40 		.ascii	"\025\344\237@\033-R<\177T\317Pr\227\017\311\"\324\255"
 347      1B2D523C 
 347      7F54CF50 
 347      72970FC9 
 347      22D4AD
 348 0bed 1E21F98B 		.ascii	"\036!\371\213\252l\235\215J\364\031\311rV3\265v\260"
 348      AA6C9D8D 
 348      4AF419C9 
 348      725633B5 
 348      76B0
 349 0bff 37E47ED5 		.ascii	"7\344~\3257\344\233\336\205\023o\310g\325e\311\015m"
 349      37E49BDE 
 349      85136FC8 
 349      67D565C9 
ARM GAS  C:\Users\SevenI7\AppData\Local\Temp\cceDTSZG.s 			page 28


 349      0D6D
 350 0c11 949DAF5A 		.ascii	"\224\235\257Z%\374\350$\370s\231\327\332\3247\207\374"
 350      25FCE824 
 350      F87399D7 
 350      DAD43787 
 350      FC
 351 0c22 F0CA2272 		.ascii	"\360\312\"rY=3\3107\236\314\224c\352\246\310\317\200"
 351      593D33C8 
 351      379ECC94 
 351      63EAA6C8 
 351      CF80
 352 0c34 4CF679F5 		.ascii	"L\366y\365h\273\004D\346\342S\352[i\242\342}RV\326\351"
 352      68BB0444 
 352      E6E253EA 
 352      5B69A2E2 
 352      7D5256D6 
 353 0c49 8E1BE865 		.ascii	"\216\033\350e\306\277\330Y\373W\275\262\342u\336\016"
 353      C6BFD859 
 353      FB57BDB2 
 353      E275DE0E 
 354 0c59 28132E85 		.ascii	"(\023.\205\377o\027\004\333%=\275\264\262^\213}P\006"
 354      FF6F1704 
 354      DB253DBD 
 354      B4B25E8B 
 354      7D5006
 355 0c6c 9EA8ACFB 		.ascii	"\236\250\254\373\235\225\365\310\316[\207\264\362\317"
 355      9D95F5C8 
 355      CE5B87B4 
 355      F2CF
 356 0c7a 000428D5 		.ascii	"\000\004(\325yY\230~\335&-\371|v~\350\204\3137\003\362"
 356      7959987E 
 356      DD262DF9 
 356      7C767EE8 
 356      84CB3703 
 357 0c8f 022F81D7 		.ascii	"\002/\201\327\211\340u\024<z2\331$\307\036r\371\276"
 357      89E07514 
 357      3C7A32D9 
 357      24C71E72 
 357      F9BE
 358 0ca1 902D62B3 		.ascii	"\220-b\263)\366\362\275\224\263\006\365\357\365\334"
 358      29F6F2BD 
 358      94B306F5 
 358      EFF5DC
 359 0cb0 EB7FAC47 		.ascii	"\353\177\254G9\330\007\204\355\034{\261\325S\256y\223"
 359      39D80784 
 359      ED1C7BB1 
 359      D553AE79 
 359      93
 360 0cc1 8B95B9A2 		.ascii	"\213\225\271\242f\322\032\276Z\036g\263\304%\304\331"
 360      66D21ABE 
 360      5A1E67B3 
 360      C425C4D9 
 361 0cd1 7F337B76 		.ascii	"\1773{v\000\374\305,\215\3732\316\226\024\364\233\240"
 361      00FCC52C 
 361      8DFB32CE 
 361      9614F49B 
 361      A0
ARM GAS  C:\Users\SevenI7\AppData\Local\Temp\cceDTSZG.s 			page 29


 362 0ce2 005B52C0 		.ascii	"\000[R\300\322\350\370\200/m\321\211\261I\001\221\213"
 362      D2E8F880 
 362      2F6DD189 
 362      B1490191 
 362      8B
 363 0cf3 2D1F7F12 		.ascii	"-\037\177\022\2620l\321\274\271\226\017\347\006\006"
 363      B2306CD1 
 363      BCB9960F 
 363      E70606
 364 0d02 99C3D8C8 		.ascii	"\231\303\330\310\354\030\375G\037\17723$(\210\323D/"
 364      EC18FD47 
 364      1F7F3233 
 364      242888D3 
 364      442F
 365 0d14 498C375A 		.ascii	"I\2147Z,+\342\022\354s\202-\366%1\277\215\242\362\222"
 365      2C2BE212 
 365      EC73822D 
 365      F62531BF 
 365      8DA2F292 
 366 0d28 EC2B62E3 		.ascii	"\354+b\343lQv\233->)\352\253\204\0253ioft\342\262\231"
 366      6C51769B 
 366      2D3E29EA 
 366      AB841533 
 366      696F6674 
 367 0d3f D6655F5A 		.ascii	"\326e_Zcc\255\261Q\363g\007\316\014\016\014\232\377"
 367      6363ADB1 
 367      51F36707 
 367      CE0C0E0C 
 367      9AFF
 368 0d51 EF73A3E0 		.ascii	"\357s\243\340\371{\011\266\004\353{\326\350/\343\242"
 368      F97B09B6 
 368      04EB7BD6 
 368      E82FE3A2 
 369 0d61 E21262E2 		.ascii	"\342\022b\342W\304Z\243\226E\203\254\004k\224%\326\272"
 369      57C45AA3 
 369      964583AC 
 369      046B9425 
 369      D6BA
 370 0d73 247A45BC 		.ascii	"$zE\274\335b\377f\2715i\366RN\357\324\367\257\377\247"
 370      DD62FF66 
 370      B93569F6 
 370      524EEFD4 
 370      F7AFFFA7 
 371 0d87 FA92BE49 		.ascii	"\372\222\276I\212\262$\331cA8(\301\266\330D\355\362"
 371      8AB224D9 
 371      63413828 
 371      C1B6D844 
 371      EDF2
 372 0d99 15CB6313 		.ascii	"\025\313c\023\335lI\313\255\326\330D\235\215\030\220"
 372      DD6C49CB 
 372      ADD6D844 
 372      9D8D1890 
 373 0da9 A85D668B 		.ascii	"\250]f\213\265&\222\245/\375\355?\354B\316D\343\220"
 373      B52692A5 
 373      2FFDED3F 
 373      EC42CE44 
 373      E390
ARM GAS  C:\Users\SevenI7\AppData\Local\Temp\cceDTSZG.s 			page 30


 374 0dbb 64B5AF58 		.ascii	"d\265\257Xn\261k\336\377\320\274P\273pQ\310\037\314"
 374      6EB16BDE 
 374      FFD0BC50 
 374      BB7051C8 
 374      1FCC
 375 0dcd 9A0F22CD 		.ascii	"\232\017\"\315f\364g\024\256\215\211\267F'\212\316\015"
 375      66F46714 
 375      AE8D89B7 
 375      46278ACE 
 375      0D
 376 0dde 9A67B1EB 		.ascii	"\232g\261\353\235\035\014\263~7\225\346\345\266D;Q\374"
 376      9D1D0CB3 
 376      7E3795E6 
 376      E5B6443B 
 376      51FC
 377 0df0 C739C101 		.ascii	"\3079\301\001\013\027\206\006|\024\261`\321\177\004"
 377      0B178606 
 377      7C14B160 
 377      D17F04
 378 0dff 0724D997 		.ascii	"\007$\331\227\201\303\210N\262\264E\241f\274 \324\254"
 378      81C3884E 
 378      B2B445A1 
 378      66BC20D4 
 378      AC
 379 0e10 8DF82422 		.ascii	"\215\370$\"\324\354\266(2\",,\324\254[\264\370\323\210"
 379      D4ECB628 
 379      32222C2C 
 379      D4AC5BB4 
 379      F8D388
 380 0e23 30B3F68F 		.ascii	"0\263\366\217\213B\303\314\304\242p\2234\313b\367\222"
 380      8B42C3CC 
 380      C4A27093 
 380      34CB62F7 
 380      92
 381 0e34 3164FB98 		.ascii	"1d\373\230,\026\260/\376\033\312\030\350\262\026@o\032"
 381      2C16B02F 
 381      FE1BCA18 
 381      E8B21640 
 381      6F1A
 382 0e46 83C5C4DB 		.ascii	"\203\305\304\333b\376B\207~\377:\226\322\377\037\316"
 382      62FE4287 
 382      7EFF3A96 
 382      D2FF1FCE 
 383 0e56 FDFA6B32 		.ascii	"\375\372k2b\211\217\217\245\261\016\002[}\250B\347\016"
 383      62898F8F 
 383      A5B10E02 
 383      5B7DA842 
 383      E70E
 384 0e68 88B1252C 		.ascii	"\210\261%,\211\373J\027\021\026\032m\217\326E\204\262"
 384      89FB4A17 
 384      11161A6D 
 384      8FD64584 
 384      B2
 385 0e79 2684351F 		.ascii	"&\2045\037\260\346}\326\204\223\306\203\316f\263,v\203"
 385      B0E67DD6 
 385      8493C683 
 385      CE66B32C 
ARM GAS  C:\Users\SevenI7\AppData\Local\Temp\cceDTSZG.s 			page 31


 385      7683
 386 0e8b 392C32CC 		.ascii	"9,2\314\374\247\260\320\371\306\210\205\013\027\004"
 386      FCA7B0D0 
 386      F9C68885 
 386      0B1704
 387 0e9a 47867CF8 		.ascii	"G\206|\370\221Y\033\031\031\362\221ybh\036\016\211\204"
 387      91591B19 
 387      19F29179 
 387      62681E0E 
 387      8984
 388 0eac 20848648 		.ascii	" \204\206H\217~ex?\342\203\340\205\021a\037\233I/\210"
 388      8F7E6578 
 388      3FE283E0 
 388      8511611F 
 388      9B492F88 
 389 0ec0 F59CA373 		.ascii	"\365\234\243s\015\357\207\1770G\034\015\237\300\205"
 389      0DEF877F 
 389      30471C0D 
 389      9FC085
 390 0ecf 2B7173DC 		.ascii	"+qs\334\210\024xB\332 \371H\260\033\221@G\302ED\270"
 390      88147842 
 390      DA20F948 
 390      B01B9140 
 390      47C24544 
 391 0ee4 2B22484F 		.ascii	"+\"HO\346\232#\027\233I'\210t&\306\002\365d6\033\013"
 391      E69A2317 
 391      9B492788 
 391      7426C602 
 391      F564361B 
 392 0ef9 7782C219 		.ascii	"w\202\302\031\010\207,0k\310\"\335`\275\244\345C\314"
 392      08872C30 
 392      6BC822DD 
 392      60BDA4E5 
 392      43CC
 393 0f0b 6EA1217F 		.ascii	"n\241!\177 ]\325\275\033c[\266\314\226\020`\375\332"
 393      205DD5BD 
 393      1B635BB6 
 393      CC961060 
 393      FDDA
 394 0f1d 0E219145 		.ascii	"\016!\221E\205\006u\011\354\340\257\255\020\023wsH\210"
 394      85067509 
 394      ECE0AFAD 
 394      10137773 
 394      4888
 395 0f2f 65310428 		.ascii	"e1\004(\324\272\344\277\001s\355\215\262"
 395      D4BAE4BF 
 395      0173ED8D 
 395      B2
 396              		.text
 397              		.section	.gnu.lto_.symtab.1d35db9,"",%progbits
 398 0000 5F5F6561 		.ascii	"__early_init\000"
 398      726C795F 
 398      696E6974 
 398      00
 399 000d 00       		.ascii	"\000"
 400 000e 00       		.ascii	"\000"
 401 000f 00       		.ascii	"\000"
ARM GAS  C:\Users\SevenI7\AppData\Local\Temp\cceDTSZG.s 			page 32


 402 0010 00000000 		.ascii	"\000\000\000\000\000\000\000\000"
 402      00000000 
 403 0018 19010000 		.ascii	"\031\001\000\000"
 404 001c 626F6172 		.ascii	"boardInit\000"
 404      64496E69 
 404      7400
 405 0026 00       		.ascii	"\000"
 406 0027 00       		.ascii	"\000"
 407 0028 00       		.ascii	"\000"
 408 0029 00000000 		.ascii	"\000\000\000\000\000\000\000\000"
 408      00000000 
 409 0031 1B010000 		.ascii	"\033\001\000\000"
 410 0035 73746D33 		.ascii	"stm32_clock_init\000"
 410      325F636C 
 410      6F636B5F 
 410      696E6974 
 410      00
 411 0046 00       		.ascii	"\000"
 412 0047 02       		.ascii	"\002"
 413 0048 00       		.ascii	"\000"
 414 0049 00000000 		.ascii	"\000\000\000\000\000\000\000\000"
 414      00000000 
 415 0051 1D010000 		.ascii	"\035\001\000\000"
 416              		.text
 417              		.section	.gnu.lto_.opts,"",%progbits
 418 0000 272D666D 		.ascii	"'-fmath-errno' '-fsigned-zeros' '-ftrapping-math' '"
 418      6174682D 
 418      6572726E 
 418      6F272027 
 418      2D667369 
 419 0033 2D666E6F 		.ascii	"-fno-trapv' '-fno-strict-overflow' '-fno-openmp' '-"
 419      2D747261 
 419      70762720 
 419      272D666E 
 419      6F2D7374 
 420 0066 666E6F2D 		.ascii	"fno-openacc' '-mcpu=cortex-m4' '-mthumb' '-O0' '-fo"
 420      6F70656E 
 420      61636327 
 420      20272D6D 
 420      6370753D 
 421 0099 6D69742D 		.ascii	"mit-frame-pointer' '-falign-functions=16' '-ffuncti"
 421      6672616D 
 421      652D706F 
 421      696E7465 
 421      72272027 
 422 00cc 6F6E2D73 		.ascii	"on-sections' '-fdata-sections' '-fno-common' '-flto"
 422      65637469 
 422      6F6E7327 
 422      20272D66 
 422      64617461 
 423 00ff 2700     		.ascii	"'\000"
 424              		.text
 425              		.comm	__gnu_lto_v1,1,1
 426              		.comm	__gnu_lto_slim,1,1
 427              		.ident	"GCC: (GNU Tools for Arm Embedded Processors 7-2017-q4-major) 7.2.1 20170904 (release) [ARM
ARM GAS  C:\Users\SevenI7\AppData\Local\Temp\cceDTSZG.s 			page 33


DEFINED SYMBOLS
                            *ABS*:00000000 board.c
                            *COM*:00000001 __gnu_lto_v1
                            *COM*:00000001 __gnu_lto_slim

NO UNDEFINED SYMBOLS
