ARM GAS  C:\Users\SevenI7\AppData\Local\Temp\ccnynUBg.s 			page 1


   1              		.cpu cortex-m4
   2              		.eabi_attribute 20, 1
   3              		.eabi_attribute 21, 1
   4              		.eabi_attribute 23, 3
   5              		.eabi_attribute 24, 1
   6              		.eabi_attribute 25, 1
   7              		.eabi_attribute 26, 1
   8              		.eabi_attribute 30, 6
   9              		.eabi_attribute 34, 1
  10              		.eabi_attribute 18, 4
  11              		.file	"hal_lld.c"
  12              		.section	.gnu.lto_.inline.1d3520b,"",%progbits
  13 0000 789C6363 		.ascii	"x\234cc``\360e@\000f\006\006~>\006\006&\251\007\267"
  13      6060F065 
  13      40006606 
  13      067E3E06 
  13      0626A907 
  14 0015 18195818 		.ascii	"\030\031X\030\230@b\214\014\252\366@!\207\013\315,p"
  14      9840628C 
  14      0CAAF640 
  14      21870BCD 
  14      2C70
  15 0027 212E1482 		.ascii	"!.\024\202\211\3410\303!\020\335\304\270\240\235\003"
  15      89E130C3 
  15      2110DDC4 
  15      B8A09D03 
  16 0037 A6880100 		.ascii	"\246\210\001\000@\274\007\267"
  16      40BC07B7 
  17              		.text
  18              		.section	.gnu.lto_hal_lld_backup_domain_init.1d3520b,"",%progbits
  19 0000 789C8D92 		.ascii	"x\234\215\222\317k\023Q\020\307g\366\355n\262i\026/"
  19      CF6B1351 
  19      10C767F6 
  19      ED6EB269 
  19      162F
  20 0012 1E4404BD 		.ascii	"\036D\004\275\346\222\265ZE\375\003\024\004Oz\027[\017"
  20      E692B55A 
  20      45FD0314 
  20      044F7A17 
  20      5B0F
  21 0024 2D0422C6 		.ascii	"-\004\"\306C\017B6m\332\246*z\261\015\310\252\361P\374"
  21      430F4236 
  21      6DDAA62A 
  21      7AB10DC8 
  21      AAF150FC 
  22 0038 01B688D5 		.ascii	"\001\266\210\325\330\264\332\230\332\332\372\003A\324"
  22      D8B4DA98 
  22      DADAFA03 
  22      41D4
  23 0046 8B1E44DA 		.ascii	"\213\036D\332R\012\212`@\2135q\346\275\304\330\222\240"
  23      520A8A60 
  23      408B3571 
  23      E6BDC4D8 
  23      92A0
  24 0058 CBEEDBB7 		.ascii	"\313\356\333\267o\276\373\375\314\2747&\000\034\324"
  24      6FBEFBFD 
  24      CCBC3726 
ARM GAS  C:\Users\SevenI7\AppData\Local\Temp\ccnynUBg.s 			page 2


  24      001CD4
  25 0067 01F6D13B 		.ascii	"\001\366\321;D\017\030\200\032\320\243\011\000W\243"
  25      440F1880 
  25      1AD0A309 
  25      0057A3
  26 0076 88AB0BA4 		.ascii	"\210\253\013\244\027\352\210\024F\210kB\3078\236\023"
  26      17EA8814 
  26      46886B42 
  26      C7389E13 
  27 0086 170516FA 		.ascii	"\027\005\026\372\026\307\264\320u\227\256|\372\303\256"
  27      16C7B4D0 
  27      7597AE7C 
  27      FAC3AE
  28 0095 84DBB3C9 		.ascii	"\204\333\263\311\243\377\006\005\310\013\357b\010H\366"
  28      A3FF0605 
  28      C80BEF62 
  28      0848F6
  29 00a4 E94E69C0 		.ascii	"\351Ni\3006u\265\216\243h\002[\215\2746\362n\251\334"
  29      3675B58E 
  29      A368025B 
  29      8DBC36F2 
  29      6EA9DC
  30 00b7 E7E68B43 		.ascii	"\347\346\213C\230>\260\021\301\023\304\366\004\241="
  30      983EB011 
  30      C113C4F6 
  30      04A13D
  31 00c6 66D2CCA0 		.ascii	"f\322\314\240A\230<\363\361\340\347O\213\207\000K\232"
  31      41983CF3 
  31      F1E0E74F 
  31      8B87004B 
  31      9A
  32 00d7 782DC833 		.ascii	"x-\3103\233g\000)\011\356\347\251X\306\256\342\322\312"
  32      9B670029 
  32      09EEE7A9 
  32      58C6AEE2 
  32      D2CA
  33 00e9 6EC65D12 		.ascii	"n\306]\022HY\\\373\225\034\266\316\012R\243\3731\341"
  33      48595CFB 
  33      951CB6CE 
  33      0A52A3FB 
  33      31E1
  34 00fb EA780FB7 		.ascii	"\352x\017\267\3002\026r\226\322h\244\031\354)\274\362"
  34      C0321672 
  34      96D268A4 
  34      19EC29BC 
  34      F2
  35 010c 290D273E 		.ascii	")\015'>Qx9cf\360J\202\012\334\346\011\235\214\360>\375"
  35      51783963 
  35      66F04A82 
  35      0ADCE609 
  35      9D8CF03E 
  36 0121 C5B177D9 		.ascii	"\305\261w\331\\\326vn\273I\364\204\201Y\314\340\200"
  36      5CD6766E 
  36      BB49F484 
  36      8159CCE0 
  36      80
  37 0132 A4E30374 		.ascii	"\244\343\003t\200\341~e+*\234\356\037\275\250Vt\305"
ARM GAS  C:\Users\SevenI7\AppData\Local\Temp\ccnynUBg.s 			page 3


  37      80E17E65 
  37      2B2A9CEE 
  37      1FBDA856 
  37      74C5
  38 0144 1A5E9AF4 		.ascii	"\032^\232\364\002\314\322\320\325pL%\363\346\214\024"
  38      02CCD2D0 
  38      D5704C25 
  38      F3E68C14 
  39 0154 D5658B06 		.ascii	"\325e\213\006\354\\\215=\216\016\371K\374\215\323\212"
  39      EC5C8D3D 
  39      8E0EF94B 
  39      FC8DD38A 
  40 0164 66903E79 		.ascii	"f\220>yyzQ\226.\320\375\232\242\322'\326\226n\376]\272"
  40      797A5196 
  40      2ED0FD9A 
  40      A2D227D6 
  40      966EFE5D 
  41 0179 A8573A1B 		.ascii	"\250W:\033\341\303\365\370\004\207\014|$\023\220\355"
  41      E1C3F5F8 
  41      04870C7C 
  41      241390ED 
  42 0189 31298BEF 		.ascii	"1)\213\357^\355\275i(k\237r\237\037\232\317X\225bM\314"
  42      5EEDBD69 
  42      286B9F72 
  42      9F1F9ACF 
  42      5895624D 
  43 019e 93D10226 		.ascii	"\223\321\002&\337O\265TD\244H\177^\331\\\021\350\370"
  43      DF4FB554 
  43      44A4487F 
  43      5ED95C11 
  43      E8F8
  44 01b0 9849F228 		.ascii	"\230I\362(E\365(K\333\225\326_M\2768\273\265\316VeZ"
  44      45F5284B 
  44      DB95D65F 
  44      4DBE38BB 
  44      B5CE5665 
  45 01c5 4166EB6F 		.ascii	"Af\353o\230m\241\226\355\024:$\270\365\375\3527\235"
  45      986DA196 
  45      ED143A24 
  45      B8F5FDEA 
  45      379D
  46 01d7 D106BAC4 		.ascii	"\321\006\272\304~\"\355i\003\343\012h\375\037\320j\010"
  46      7E22ED69 
  46      03E30A68 
  46      FD1FD06A 
  46      08
  47 01e8 9CAE0167 		.ascii	"\234\256\001g$\360\317V\033\010\370T\226\332O\247V)"
  47      24F0CF56 
  47      1B08F854 
  47      96DA4FA7 
  47      5629
  48 01fa 74AEDBA7 		.ascii	"t\256\333\247\300\201\365\035\332T\267-\002\015\332"
  48      C081F51D 
  48      DA54B72D 
  48      020DDA
  49 0209 62566235 		.ascii	"bVb5\306\316\255m\311`\265%W\253-i+\363\321\013\343"
  49      C6CEAD6D 
ARM GAS  C:\Users\SevenI7\AppData\Local\Temp\ccnynUBg.s 			page 4


  49      C960B525 
  49      57AB2D69 
  49      2BF3D10B 
  50 021e 6F6D7508 		.ascii	"omu\010\345\237\345\362\006|\366\357\256\0146\300?\257"
  50      E59FE5F2 
  50      067CF6EF 
  50      AE0C36C0 
  50      3FAF
  51 0230 E15F7057 		.ascii	"\341_pW\332\360\005\2732#\347\245\223<\334\024\357\011"
  51      DAF005BB 
  51      3223E7A5 
  51      933CDC14 
  51      EF09
  52 0242 09F684C3 		.ascii	"\011\366\204\303\016\335m\355\035\255\035\321X\363\336"
  52      0EDD6DED 
  52      1DAD1DD1 
  52      58F3DE
  53 0251 66271A73 		.ascii	"f'\032s\332\217E\234\023\321\223\247b\316\341#\207v"
  53      DA8F459C 
  53      13D193A7 
  53      62CEE123 
  53      8776
  54 0263 EE50E3FE 		.ascii	"\356P\343\376\226\316N\216\034\215D\216\207\333\340"
  54      96CE4E8E 
  54      1C8D448E 
  54      87DBE0
  55 0272 377B1F5D 		.ascii	"7{\037]I"
  55      49
  56              		.text
  57              		.section	.gnu.lto_hal_lld_init.1d3520b,"",%progbits
  58 0000 789C8D57 		.ascii	"x\234\215W[L\024W\030\236\177\317\354\015\330E\356\367"
  58      5B4C1457 
  58      189E7FCF 
  58      EC0DD845 
  58      EEF7
  59 0012 9B4002C6 		.ascii	"\233@\002\306\354\026\244T\322\364\301\227\366\311'"
  59      EC16A454 
  59      D2F4C197 
  59      F6C927
  60 0021 FBD227D3 		.ascii	"\373\322'\323\322&\232\222`J\323\370\306\000\213P\264"
  60      D2269A92 
  60      604AD3F8 
  60      C6008B50 
  60      B4
  61 0032 262D0513 		.ascii	"&-\005\023\272m\351%\221\306\240\222\266\342\256\322"
  61      BA6DE925 
  61      91C6A092 
  61      B6E2AED2 
  62 0042 2E5B455A 		.ascii	".[EZKQ@Z\252\242\242E\212x\003\254\334\267\347?\263"
  62      4B51405A 
  62      AAA2A245 
  62      8A7803AC 
  62      DCB7E73F 
  63 0057 CBECCECE 		.ascii	"\313\354\316\316\011l\330\217\177v\316\367}\377w.0k"
  63      096CD88F 
  63      7F76CEF7 
  63      7DFF772E 
ARM GAS  C:\Users\SevenI7\AppData\Local\Temp\ccnynUBg.s 			page 5


  63      306B
  64 0069 100461CD 		.ascii	"\020\004a\315\"\010\007\350\357\\\372\026\364\002\350"
  64      220807E8 
  64      EF5CFA16 
  64      F402E8
  65 0078 04FA0642 		.ascii	"\004\372\006B\221\200HQ\004\2407@\250\326\021\021\252"
  65      91804851 
  65      04A03740 
  65      A8D61111 
  65      AA
  66 0089 E108F994 		.ascii	"\341\010\371\224\200\267a\322\245+<.\321\227\347\330"
  66      80B761D2 
  66      A52B3C2E 
  66      D197E7D8 
  67 0099 88F19054 		.ascii	"\210\361\220T\237\354\244\214V\"\260\027|\017\205\002"
  67      9FECA48C 
  67      5622B017 
  67      7C0F8502 
  68 00a9 1D36D1B5 		.ascii	"\0356\321\265\326b1\210\362\347\360\003\030\250\214"
  68      D6623188 
  68      F2E7F003 
  68      18A88C
  69 00b8 60A637AE 		.ascii	"`\2467\256:N;\311a\342$\000\"\275|:\320v\327\212\227"
  69      3A4E3BC9 
  69      61E22400 
  69      22BD7C3A 
  69      D076D78A 
  70 00cd 3AC8A697 		.ascii	":\310\246\227\317\3169\306\254\344e@\211\263\263\015"
  70      CFCE39C6 
  70      ACE46540 
  70      89B3B30D 
  71 00dd E3A6FC6F 		.ascii	"\343\246\374o$\251V\362\364}ih\353\3608\262\235\204"
  71      24A956F2 
  71      F47D6968 
  71      EBF038B2 
  71      9D84
  72 00ef 403710AA 		.ascii	"@7\020\252\012g \035~\204t\331\365,\344SF\323\003\357"
  72      0A67201D 
  72      7E8474D9 
  72      F52CE453 
  72      46D303EF 
  73 0103 D148B28B 		.ascii	"\321H\262\213\261[\217\366\325\200\237=\224\265Nvi\220"
  73      B15B8FF6 
  73      D5809F3D 
  73      94B54E76 
  73      6990
  74 0115 DD8CEC3E 		.ascii	"\335\214\354>v\342\244\205\274\306\310\247;\216L\351"
  74      76E2A485 
  74      BCC6C8A7 
  74      3B8E4CE9 
  75 0125 FDE42BBD 		.ascii	"\375\344+\275\272~ID\3569\015\356y\306\355\364,\354"
  75      BA7E4944 
  75      EE390DEE 
  75      79C6EDF4 
  75      2CEC
  76 0137 22BB1975 		.ascii	"\"\273\031u\362\361\375AC\030\265G\203\372\023\243^"
  76      F2F1FD41 
ARM GAS  C:\Users\SevenI7\AppData\Local\Temp\ccnynUBg.s 			page 6


  76      4318B547 
  76      83FA13A3 
  76      5E
  77 0148 BBFCD519 		.ascii	"\273\374\325\031B\3660\356\354\307\313=\221~\356\204"
  77      42F630EE 
  77      ECC7CB3D 
  77      917EEE84 
  78 0158 D2F3CF1A 		.ascii	"\322\363\317\032d\017#\177V_;i%o0\362\363\346\256\246"
  78      640F237F 
  78      565F3B69 
  78      256F30F2 
  78      F3E6AEA6 
  79 016c 80F1B442 		.ascii	"\200\361\264B\356\325 {\031\271\376\360\215q3\331\313"
  79      EED5207B 
  79      19B9FEF0 
  79      8D7133D9 
  79      CB
  80 017d C8633EF7 		.ascii	"\310c>\367Hx\327\277hp/0\356\322\362\342'\006\362\016"
  80      4878D7BF 
  80      68702F30 
  80      EED2F2E2 
  80      2706F20E 
  81 0191 E336DFFB 		.ascii	"\3436\337\373\272]\014\343^\324\340\3661\256\317\271"
  81      BA5D0CE3 
  81      5ED4E0F6 
  81      31AECFB9 
  82 01a1 74299ABC 		.ascii	"t)\232\274\313\270+]\303s\304\317\365\026\2547}I\203"
  82      CBB82B5D 
  82      C373C4CF 
  82      F516AC37 
  82      7D4983
  83 01b4 DC0FF9A7 		.ascii	"\334\017\371\247\206\364\036i\315\327 yF3]\363#\261"
  83      86F41E69 
  83      CDD72079 
  83      46335DF3 
  83      23B1
  84 01c6 AF80E024 		.ascii	"\257\200\340$\242\216\002!X\211X\351\2612`e\304\312"
  84      A28E0221 
  84      588958E9 
  84      B1326065 
  84      C4CA
  85 01d8 849519AB 		.ascii	"\204\225\031\253\010\204H\204(\004\013\202\025!\032"
  85      08844884 
  85      28040B82 
  85      15211A
  86 01e7 610B8E8B 		.ascii	"a\013\216\213\301*\026\2538\254\342\261J\300*\021\253"
  86      C12A16AB 
  86      38ACE2B1 
  86      4AC02A11 
  86      AB
  87 01f8 24AC9211 		.ascii	"$\254\222\021R\020R\021\322\020\322\0212\0202q\\\026"
  87      52105211 
  87      D210D211 
  87      32103271 
  87      5C16
  88 020a 56D958E5 		.ascii	"V\331X\345`\265\025\253\\\254\362\260*@(\304\313mXm"
  88      60B515AB 
ARM GAS  C:\Users\SevenI7\AppData\Local\Temp\ccnynUBg.s 			page 7


  88      5CACF2B0 
  88      2A4028C4 
  88      CB6D586D 
  89 021e 47B02114 		.ascii	"G\260!\024!\024#\224 \224\"\224!\010B#;]\037\022z@\311"
  89      21142394 
  89      20942294 
  89      21084223 
  89      3B5D1F12 
  90 0235 34D4CE4F 		.ascii	"4\324\316O-\224\343\231j#@\347\320\361\371\305I3\036"
  90      2D94E399 
  90      6A2340E7 
  90      D0F1F9C5 
  90      49331E
  91 0248 2111A427 		.ascii	"!\021\244'\215\222\010\277\322)\233\006\257\333,\217"
  91      8D9208BF 
  91      D2299B06 
  91      AFDB2C8F 
  92 0258 D1E169A8 		.ascii	"\321\341i\250\367\016\032\34518\355\347\275\003}\206"
  92      F70E1AE5 
  92      3138EDE7 
  92      BD037D86 
  93 0268 76F8A286 		.ascii	"v\370\242\206\236b:\341z*\004\277\341D\323{\243\335"
  93      9E623AE1 
  93      7A2A04BF 
  93      E144D37B 
  93      A3DD
  94 027a EE6E8BBD 		.ascii	"\356n\213\275Sr\200\223\030\3402\264C\013s\207\337\301"
  94      53728093 
  94      18E032B4 
  94      430B7387 
  94      DFC1
  95 028c 2EA0B949 		.ascii	".\240\271I\226%~\237\272\205C \177\"\312^\303w.\264"
  95      96257E9F 
  95      BA854320 
  95      7F22CA5E 
  95      C3772EB4 
  96 02a0 EAD18BC0 		.ascii	"\352\321\213\300m\237\317\027\015\003r?#Ml\234\246="
  96      6D9FCF17 
  96      0D03723F 
  96      234D6C9C 
  96      A63D
  97 02b2 E1D8FFA1 		.ascii	"\341\330\377\241\330\017\202\235Z\004w\240W'\325\326"
  97      D80F829D 
  97      5A0477A0 
  97      5727D5D6 
  98 02c2 D673B4AF 		.ascii	"\326s\264\257(\332WC\243\031\003\321V\002\321L\262x"
  98      28DA5743 
  98      A31903D1 
  98      5602D14C 
  98      B278
  99 02d4 F3B7275D 		.ascii	"\363\267']\0269Z\026\014m\034\313\310\261\036V\254G"
  99      16395A16 
  99      0C6D1CCB 
  99      C8B11E56 
  99      AC47
 100 02e6 309629D8 		.ascii	"0\226)\330\335\254\216U\240\251m\016\327\256\301[\006"
 100      DDAC8E55 
ARM GAS  C:\Users\SevenI7\AppData\Local\Temp\ccnynUBg.s 			page 8


 100      A0A96D0E 
 100      D7AEC15B 
 100      06
 101 02f7 B8A6A88F 		.ascii	"\270\246\250\217\372\203u,\021Y+B-\276MS<\202\323\370"
 101      FA83752C 
 101      11592B42 
 101      2DBE4D53 
 101      3C82D3F8 
 102 030b 9F4C9AFD 		.ascii	"\237L\232\375W\370+t\316\"\003\302\362\007\232\252\221"
 102      57F82B74 
 102      CE2203C2 
 102      F2079AAA 
 102      91
 103 031c 1CD53145 		.ascii	"\034\3251E\365o\260\323\3337\373\277;A\344y\366\261"
 103      F56FB0D3 
 103      DB37FBBF 
 103      3B41E479 
 103      F6B1
 104 032e 2D749D69 		.ascii	"-t\235i\257\233E\251Sl\327\364\213\342\370\335P\374"
 104      AF9B45A9 
 104      536CD7F4 
 104      8BE2F8DD 
 104      50FC
 105 0340 6E86A6B0 		.ascii	"n\206\246\260l\"\205\205\243:\256\250\336b)N\315\270"
 105      6C228585 
 105      A33AAEA8 
 105      DE62294E 
 105      CDB8
 106 0352 16FDBB45 		.ascii	"\026\375\273E\200\333\241\011\254\352\0046M/+w\221\357"
 106      80DBA109 
 106      ACEA0436 
 106      4D2F2B77 
 106      91EF
 107 0364 286E1381 		.ascii	"(n\023\201E^\361/r\264Z|\213\246x4'\310]&\255C\351{"
 107      455EF12F 
 107      72B45A7C 
 107      8BA67834 
 107      27C85D26 
 108 037c A1D31313 		.ascii	"\241\323\023\023v\346ce\361\217Vo\365\006-\230\025\376"
 108      76E66365 
 108      F18F566F 
 108      F5062D98 
 108      15FE
 109 038e D9F870C4 		.ascii	"\331\370p\304p\354'\025\373\373x8b\203;\210SG\213\327"
 109      70EC2715 
 109      FBFB7838 
 109      62833B88 
 109      53478BD7 
 110 03a2 D48EE368 		.ascii	"\324\216\343hO)\332\377\206FK\010;\363\211\262x\237"
 110      4F29DAFF 
 110      86464B08 
 110      3BF389B2 
 110      789F
 111 03b4 7B692E4A 		.ascii	"{i.J\216\206\017=\000\323\033GK\340\330?P\354g0Zbp\007"
 111      8E860F3D 
 111      00D31B47 
 111      4BE0D83F 
ARM GAS  C:\Users\SevenI7\AppData\Local\Temp\ccnynUBg.s 			page 9


 111      50EC6730 
 112 03cc 49EA6845 		.ascii	"I\352hE\232\332I\334-\361PQ\177\024\330\022\253\376"
 112      9ADA49DC 
 112      2DF15051 
 112      7F14D812 
 112      ABFE
 113 03de 2D91AC16 		.ascii	"-\221\254\026/\326\024O\3464\376\230I\263g\271'\241"
 113      2FD6144F 
 113      E634FE98 
 113      49B367B9 
 113      27A1
 114 03f0 F396B289 		.ascii	"\363\226\262\211\023\223\302Q}\252\250\316\202]}\310"
 114      1393C251 
 114      7DAAA8CE 
 114      825D7DC8 
 115 0400 53D52D97 		.ascii	"S\325-\227h\212\247r\304\347\024\361\371\320\226\323"
 115      688AA772 
 115      C4E714F1 
 115      F9D096D3 
 116 0410 36D1721A 		.ascii	"6\321r\032G\365\231\242\372\037mYu\252\323\325-\227"
 116      47F599A2 
 116      FA1F6D59 
 116      75AAD3D5 
 116      2D97
 117 0422 6A8AA773 		.ascii	"j\212\247s\227\360\271\"\277\020X\302F\275\254\225\241"
 117      97F0B922 
 117      BF1058C2 
 117      46BDAC95 
 117      A1
 118 0433 16CFD414 		.ascii	"\026\317\324\024\317\340t\276\310\244E\224^\012\235"
 118      CFE074BE 
 118      C8A44594 
 118      5E0A9D
 119 0442 8FACB053 		.ascii	"\217\254\260S\235M\3057\263\317\2638^\313\212\327\012"
 119      9D4DC537 
 119      B3CFB338 
 119      5ECB8AD7 
 119      0A
 120 0453 EEF36CF6 		.ascii	"\356\363l\366\364B\374O/~\333\034u\236\255\232\0369"
 120      F442FC4F 
 120      2F7EDB1C 
 120      759EAD9A 
 120      1E39
 121 0465 1C8F55E6 		.ascii	"\034\217U\346\241G\217\265\320<\271ay\362\250\370f\362"
 121      A1478FB5 
 121      D03CB961 
 121      79F2A8F8 
 121      66F2
 122 0477 E472BC7C 		.ascii	"\344r\274|\212\227\244\243y\362X\03614O\241:O\231\246"
 122      8A97A4A3 
 122      79F2581E 
 122      31344FA1 
 122      3A4F99A6 
 123 048b 472177F1 		.ascii	"G!w\361kt\353.\265:\2730\003u\355\235\361\354\273\023"
 123      6B74EB2E 
 123      B53ABB30 
 123      0375ED9D 
ARM GAS  C:\Users\SevenI7\AppData\Local\Temp\ccnynUBg.s 			page 10


 123      F1ECBB13 
 124 049f 1DEC72CD 		.ascii	"\035\354r\315\\7V\257J&'1\266\342\337}\250\323U\323"
 124      5C3756AF 
 124      4A262731 
 124      B6E2DF7D 
 124      A8D355D3 
 125 04b3 A743131B 		.ascii	"\247C\023\033\327\303\031\207\337\350\034A\343\036r"
 125      D7C31987 
 125      DFE81C41 
 125      E31E72
 126 04c2 C6E177BE 		.ascii	"\306\341w\276z\377\270GP\333~\274\205M\022{\362nD7*"
 126      7AFFB847 
 126      50DB7EBC 
 126      854D127B 
 126      F26E4437 
 127 04d7 B4D366B3 		.ascii	"\264\323f\263\323\237\362}\373\337\332_YUTVd\257\254"
 127      D39FF27D 
 127      FBDFDA5F 
 127      59555456 
 127      64AFAC
 128 04ea B2EF7BB3 		.ascii	"\262\357{\263\302~\240\362\275\367\253\354{^\337\275"
 128      C27EA0F2 
 128      BDF7ABEC 
 128      7B5EDFBD 
 129 04fa A358C657 		.ascii	"\243X\306WK\016\036\304;{+*\336\266\225\013\372\017"
 129      4B0E1EC4 
 129      3B7B2B2A 
 129      DEB6950B 
 129      FA0F
 130 050c 2A2B6C2F 		.ascii	"*+l/0,bX\314p\007\303\022\206/2,e\370\022\303\235\377"
 130      302C6258 
 130      CC7007C3 
 130      12862F32 
 130      2C65F812 
 131 0523 03671A5B 		.ascii	"\003g\032[~"
 131      7E
 132              		.text
 133              		.section	.gnu.lto_stm32_clock_init.1d3520b,"",%progbits
 134 0000 789C8D58 		.ascii	"x\234\215Xip\025U\026\356\323\267\337\353\267\277\274"
 134      69701555 
 134      16EED3B7 
 134      DFEBB7BF 
 134      BC
 135 0011 2CC81230 		.ascii	",\310\0220(\021\002\232G HX\204\037R\226\177\360\217"
 135      2811029A 
 135      47204858 
 135      841F5296 
 135      7FF08F
 136 0024 CCCF294B 		.ascii	"\314\317)K\261\\F\252\260\304\262\374gg%AtP\003J|Pa"
 136      B15C46AA 
 136      B0C4B2FC 
 136      67672541 
 136      7450034A 
 137 003b A62C83A2 		.ascii	"\246,\203\242\300\014\312\256\217H\310\002\204A\021"
 137      C00CCAAE 
 137      8F48C802 
 137      844111
ARM GAS  C:\Users\SevenI7\AppData\Local\Temp\ccnynUBg.s 			page 11


 138 004a 59C47174 		.ascii	"Y\304qt\002\031Dq\211l\002\231s\356\362:\257_w\205T"
 138      02194471 
 138      896C0299 
 138      73EEF23A 
 138      AF5F7785 
 139 005f 72F3DDDB 		.ascii	"r\363\335\333\367\235\357;K\237\276\375\374\232\246"
 139      F79DEF3B 
 139      4B9FBEFD 
 139      FC9AA6
 140 006e 850B34ED 		.ascii	"\205\0134\355A\374\177\025\377\264\"\015t\015\377\200"
 140      41FC7F15 
 140      FFB4220D 
 140      740DFF80 
 141 007e E1C8741C 		.ascii	"\341\310t\034-\335\300\3010\300\207+>\335G+~Z\361\203"
 141      2DDDC0C1 
 141      30C0872B 
 141      3EDD472B 
 141      7E5AF183 
 142 0092 892BA66E 		.ascii	"\211+\246n\322J\200V\002\020\304\225\240\036\244\225"
 142      D24A8056 
 142      0210C495 
 142      A01EA495 
 143 00a2 10AD8420 		.ascii	"\020\255\204 \214+a=L+\021Z\211\350Q\302q\302Q=\226"
 143      8C2B613D 
 143      4C2B115A 
 143      89E851C2 
 143      71C2513D 
 144 00b7 C131C8C3 		.ascii	"\3011\310\303\235q>\346A\002\307\204\236\240\253\371"
 144      9D713EE6 
 144      4102C784 
 144      9EA0ABF9 
 145 00c7 74351F50 		.ascii	"t5\037P$\024@!\216\205\000(\024\264\227tf\370\374f "
 145      24144021 
 145      8E850028 
 145      14B49774 
 145      66F8FC66 
 146 00dc 180A47A2 		.ascii	"\030\012G\242\261x^\"\277\240\020^2\231&\177|\012\230"
 146      B1785E22 
 146      BFA0105E 
 146      3299267F 
 146      7C0A98
 147 00ef 0A041508 		.ascii	"\012\004\025\010+\220P`%kf\320\276\374\354N\275\354"
 147      2B905060 
 147      256B66D0 
 147      BEFCEC4E 
 147      BDEC
 148 0101 5D0B7FD2 		.ascii	"]\013\177\322o\016\204\032\254\372\221)4\267F\232\204"
 148      6F0E841A 
 148      ACFA9129 
 148      34B7469A 
 148      84
 149 0112 7F429986 		.ascii	"\177B\231\206\333\276\333zsu\324o\210u\330\006~\300"
 149      DBBEDB7A 
 149      7375D46F 
 149      8875D806 
 149      7EC0
 150 0124 C5A3755B 		.ascii	"\305\243u[R\354e\226b\000\006N\1779\334\362}\214\246"
ARM GAS  C:\Users\SevenI7\AppData\Local\Temp\ccnynUBg.s 			page 12


 150      52EC6596 
 150      6200064E 
 150      7F39DCF2 
 150      7D8CA6
 151 0137 3A94E0B4 		.ascii	":\224\340\264w\335\027g\0156\007\350\343'\332\254\315"
 151      77DD1767 
 151      0D3607E8 
 151      E327DAAC 
 151      CD
 152 0148 91D2BF5B 		.ascii	"\221\322\277[V\215\225\356\355)\336PkuYF\2121\330\016"
 152      568D95EE 
 152      ED29DE50 
 152      6B755946 
 152      8A31D80E 
 153 015c 0C4DC2C7 		.ascii	"\014M\302\307P\014\037A1\247\264\331`\007\224r2\244"
 153      500C1F41 
 153      31A7B4D9 
 153      60079472 
 153      32A4
 154 016e DC89949A 		.ascii	"\334\211\224\232\246\343\305\346\015\227{\242\354~n"
 154      A6E3C5E6 
 154      0D977BA2 
 154      EC7E6E
 155 017d F7D096CE 		.ascii	"\367\320\226\316\207\244\331\003'\375-m\351\272\222"
 155      87A4D903 
 155      27FD2D6D 
 155      E9BA92
 156 018c 14336057 		.ascii	"\0243`W\256U\330\015\245do\363\347\276\264usp\271\225"
 156      AE55D80D 
 156      A5646FF3 
 156      E7BEB475 
 156      7370B995 
 157 01a0 3E3E65EF 		.ascii	">>e\357\300\241\242?\201\226b>\035\007?#d\340`\370\010"
 157      C0A1A23F 
 157      8196623E 
 157      1D073F23 
 157      64E060F8 
 158 01b5 F9099984 		.ascii	"\371\011\231\204\002\204\2024\204h\032&\024!\024%\024"
 158      02848234 
 158      84681A26 
 158      14211425 
 158      14
 159 01c6 23142794 		.ascii	"#\024'\224GC\202\246\371\204\012\010\025\022*\"4\202"
 159      474382A6 
 159      F9840A08 
 159      15122A22 
 159      3482
 160 01d8 86DB683A 		.ascii	"\206\333h:\222\320(B\243\011\215!TL\303X\232\216\243"
 160      92D02842 
 160      A3098D21 
 160      544CC358 
 160      9A8EA3
 161 01eb E1769A96 		.ascii	"\341v\232\226\020\032O\350\016\322w'\241\0114\224\322"
 161      101A4FE8 
 161      0ED27727 
 161      A1093494 
 161      D2
ARM GAS  C:\Users\SevenI7\AppData\Local\Temp\ccnynUBg.s 			page 13


 162 01fc 85BB084D 		.ascii	"\205\273\010M\244a\022M\313h\230L\323)8\230w\023\272"
 162      A461124D 
 162      CB68984C 
 162      D3293898 
 162      7713BA
 163 020f 07874039 		.ascii	"\007\207@9\241$\016\301\2514T\320\276i\2646\235P%\241"
 163      A1240EC1 
 163      A93454D0 
 163      BE69B436 
 163      9D5025A1 
 164 0223 1984EE25 		.ascii	"\031\204\356%4\223\206*\232\316\"4\233\320\034Bs\011"
 164      3493862A 
 164      9ACE2234 
 164      9BD01C42 
 164      7309
 165 0235 DD47681E 		.ascii	"\335Gh\036\241\371\204\026\020Z\250QX\027\321\\\323"
 165      A1F98416 
 165      105AA851 
 165      5817D15C 
 165      D3
 166 0246 1A79D934 		.ascii	"\032y\33141\274\237\330y\250\031\350\357\356\000J`\013"
 166      31BC9FD8 
 166      79A819E8 
 166      EFEE004A 
 166      600B
 167 0258 A37AA95B 		.ascii	"\243z\251[\327q6H\005\342\003\353\347F\313\200=\230"
 167      D7713648 
 167      05E203EB 
 167      E746CB80 
 167      3D98
 168 026a 9CF3D03E 		.ascii	"\234\363\320>\3205\2116\341\2165\365\355GL\261\203\322"
 168      D0358936 
 168      E18E35F5 
 168      ED474CB1 
 168      83D2
 169 027c BBA7FDF0 		.ascii	"\273\247\375\360\001\177+\254\257\306\352l\035\235b"
 169      017F2BAC 
 169      AFC6EA6C 
 169      1D9D62
 170 028b 21B4037B 		.ascii	"!\264\003{)\243x\361\370\366]\333\243\311\017\254\272"
 170      29A378F1 
 170      F8F65DDB 
 170      A3C90FAC 
 170      BA
 171 029c 6A0B931E 		.ascii	"j\013\223\036\206O\240\025Vs~\370\024\222\270a\373\227"
 171      864FA015 
 171      56737EF8 
 171      1492B861 
 171      FB97
 172 02ae 2D3D3E32 		.ascii	"-=>2\026\006*o\2004\247\253\031h\353\365\011QTN\033"
 172      16062A6F 
 172      8034A7AB 
 172      1968EBF5 
 172      0951544E 
 173 02c3 6ED47DC8 		.ascii	"n\324}\310E\371\301\372\266\032E\355S\242\3068E\371"
 173      45F9C1FA 
 173      B61A45ED 
ARM GAS  C:\Users\SevenI7\AppData\Local\Temp\ccnynUBg.s 			page 14


 173      53A2C638 
 173      45F9
 174 02d5 5D4545D0 		.ascii	"]EE\320\016\264{\210\372\214\213\3427\357~.\352\322"
 174      0EB47B88 
 174      FA8C8BE2 
 174      37EF7E2E 
 174      EAD2
 175 02e7 C6DF7747 		.ascii	"\306\337wG\225(\035:\244\244\3763}~\241\211\251\250"
 175      95281D3A 
 175      A4A4FE33 
 175      7D7EA189 
 175      A9A8
 176 02f9 EC0A8A05 		.ascii	"\354\012\212\005\303\301Y\302\343\300r\343\000d\364"
 176      C3C159C2 
 176      E3C072E3 
 176      0064F4
 177 0308 0027D489 		.ascii	"\000'\324\211\260\023\222\334v@\330\361I\303\265W\032"
 177      B01392DC 
 177      7640D8F1 
 177      49C3B557 
 177      1A
 178 0319 644EA4F1 		.ascii	"dN\244\361m\373;\033\002$\311\000\200.A~l\005H\357s"
 178      6DFB3B1B 
 178      0224C900 
 178      802E417E 
 178      6C0548EF 
 179 032e A97D1ED4 		.ascii	"\251}\036\324\3356u\017$\321</\005\246J\341\233>S\320"
 179      DD36750F 
 179      24D13C2F 
 179      05A64AE1 
 179      9B3E53D0 
 180 0342 9A4E0F03 		.ascii	"\232N\017\003\2564\246g\246\017\332D\207\270\217\265"
 180      AE34A667 
 180      A60FDA44 
 180      87B88FB5 
 181 0352 D71BBA65 		.ascii	"\327\033\272eJ\203\302\\\307\340\345t\\\370\244\303"
 181      4A83C25C 
 181      C7E0E574 
 181      5CF8A4C3 
 182 0362 61B4D307 		.ascii	"a\264\323\007u\247>;$\035\017\342\216\315\027v^\215"
 182      75A73E3B 
 182      241D0FE2 
 182      8ECD1776 
 182      5E8D
 183 0374 8A1D1AF4 		.ascii	"\212\035\032\364\312.\321DE,\344^xG\312\0159\345\206"
 183      CA2ED144 
 183      452CE45E 
 183      7847CA0D 
 183      39E586
 184 0387 5DE5863C 		.ascii	"]\345\206<\242r\204\213\345m\363_\331\011\211\250\204"
 184      A272848B 
 184      E56DF35F 
 184      D90989A8 
 184      84
 185 0398 5C570989 		.ascii	"\\W\011\211\012\343\237\\\252\177A(\273>88\030\207\243"
 185      0AE39F5C 
 185      AA7F4128 
ARM GAS  C:\Users\SevenI7\AppData\Local\Temp\ccnynUBg.s 			page 15


 185      BB3E3838 
 185      1887A3
 186 03ab C3E724E2 		.ascii	"\303\347$\342\301\376\271\315\376\005\345$\312\235\364"
 186      C1FEB9CD 
 186      FE05E524 
 186      CA9DF4
 187 03ba 29277FEC 		.ascii	")'\177\354\220N\306\234N\306]ib\23699f\023}\251rrR\346"
 187      904EC69C 
 187      4EC65D69 
 187      629E3939 
 187      66137DA9 
 188 03d2 244F98FB 		.ascii	"$O\230\373\243\277\371$\010\277\"p\\\344\344t&'yC\222"
 188      A3BFF924 
 188      08BF2270 
 188      5CE4E474 
 188      26277943 
 189 03e7 E057FAAE 		.ascii	"\340W\372\256\252\273\"\341\324\227\357\252/\341\021"
 189      AABB22E1 
 189      D497EFAA 
 189      2FE111
 190 03f6 86AFEC8A 		.ascii	"\206\257\354\2129\221\235\204\202\234$\024\012\343\233"
 190      39919D84 
 190      829C2414 
 190      0AE39B
 191 0405 BBEB3BA5 		.ascii	"\273\353;\245\332\253\000'\207OA\201\007\367)\233\373"
 191      DAAB0027 
 191      874F4181 
 191      07F7299B 
 191      FB
 192 0416 34A5A050 		.ascii	"4\245\240P\334\360\327Tg,\262\333\340X\027\343\262\357"
 192      DCF0D754 
 192      672CB2DB 
 192      E05817E3 
 192      B2EF
 193 0428 157946FE 		.ascii	"\025yF\376k;\362gx\213\311\364\2530V\3667\252\301\274"
 193      6B3BF267 
 193      788BC9F4 
 193      AB3056F6 
 193      37AAC1BC 
 194 043c BD5CA67A 		.ascii	"\275\\\246z\2043\224\267\271\2723\302\303\235\177s:"
 194      843394B7 
 194      B9BA33C2 
 194      C39D7F73 
 194      3A
 195 044d 83E8BECD 		.ascii	"\203\350\276\315\016\345\310\234\0063\012\215\337JG"
 195      0EE5C89C 
 195      06330A8D 
 195      DF4A47
 196 045c 19E9C1F5 		.ascii	"\031\351\301\365\037\233\353;\012\335(^\035\246\252"
 196      1F9BEB3B 
 196      0ADD285E 
 196      1DA6AA
 197 046b 8E54A774 		.ascii	"\216T\247ti\264\323\2451\2564\243=c\370\275M\364_gG"
 197      69B4D3A5 
 197      31AE34A3 
 197      3D63F8BD 
 197      4DF45F67 
ARM GAS  C:\Users\SevenI7\AppData\Local\Temp\ccnynUBg.s 			page 16


 198 0480 294673B9 		.ascii	")Fs\271-\244xH\271\006\224\240\367:\345\325\261\271"
 198      2DA47848 
 198      B90694A0 
 198      F73AE5D5 
 198      B1B9
 199 0492 8F36979C 		.ascii	"\2176\227\234\216\365\324\323\307\365\320i\016\316\362"
 199      8EF5D4D3 
 199      C7F5D069 
 199      0ECEF2
 200 04a1 9CF6BC73 		.ascii	"\234\366\274s\346o\362\261\261\252\255\276\012\316\251"
 200      E66FF2B1 
 200      B1AAADBE 
 200      0ACEA9
 201 04b0 B46E3A27 		.ascii	"\264n:'\357\220q\316\030\334\356\032\203q\036\241\356"
 201      EF9071CE 
 201      18DCEE1A 
 201      83711EA1 
 201      EE
 202 04c1 B7ABF47F 		.ascii	"\267\253\364\177\331i-\311I\353xa\374h\337\265#Aq\207"
 202      D9692DC9 
 202      49EB7861 
 202      FC68DFB5 
 202      23417187 
 203 04d5 A0F9009C 		.ascii	"\240\371\000\234\037>\321%\036\354?\330\354\027(\321"
 203      1F3ED125 
 203      1EEC3FD8 
 203      EC1728D1 
 204 04e5 E3795C83 		.ascii	"\343y\\\203*\256;T\242\357POg\345\344\235\2714\021\332"
 204      2AAE3B54 
 204      A2EF504F 
 204      67E5E49D 
 204      B93411DA 
 205 04f9 E6F53CFE 		.ascii	"\346\365<\376\221\023\321\223\011~r&z\2020w\272g\307"
 205      9113D193 
 205      097E7226 
 205      7A823077 
 205      BA67C7
 206 050c 3153B905 		.ascii	"1S\271\005p\321\231\371\011\231\31472<\360\263&\026"
 206      70D199F9 
 206      0999CC37 
 206      323CF0B3 
 206      2616
 207 051e 563A4F9C 		.ascii	"V:O\234\223:K\235\311\270\3135\034\245\236\005\360\263"
 207      933A4B9D 
 207      C9B8CB35 
 207      1CA59E05 
 207      F0B3
 208 0530 1D905F9C 		.ascii	"\035\220_\234:'\012s\007\007W^\364e\302\237\007\277"
 208      3A270A73 
 208      0707575E 
 208      F465C29F 
 208      07BF
 209 0542 3A854E1C 		.ascii	":\205N\034R\242\021%qe\267\274:\351\226\332\316$O\205"
 209      52A21125 
 209      7165B7BC 
 209      3AE996DA 
 209      CE244F85 
ARM GAS  C:\Users\SevenI7\AppData\Local\Temp\ccnynUBg.s 			page 17


 210 0556 BFD96D67 		.ascii	"\277\331mg\200\227\350\266\213\353\255\220<\331\264"
 210      8097E8B6 
 210      8BEBAD90 
 210      3CD9B4
 211 0565 B6EE67F0 		.ascii	"\266\356g\360\273\252\321\215\335&\235\337[\330\302"
 211      BBAAD18D 
 211      DD269DDF 
 211      5BD8C2
 212 0574 A1DD094F 		.ascii	"\241\335\011OEpIm\351i\362\213-ev\265\355]\273\225\211"
 212      4570496D 
 212      E969F28B 
 212      2D6576B5 
 212      ED5DBB95 
 213 0589 C5C9E2A3 		.ascii	"\305\311\342\243\355\277ny7\"<fpYU\333\007k7\002ms:"
 213      EDBF6E79 
 213      37223C66 
 213      705955DB 
 213      076B3702 
 214 05a0 F098C63D 		.ascii	"\360\230\306=(\363\364\340\012\367\200\336\224\260\303"
 214      28F3F4E0 
 214      0AF780DE 
 214      94B0C3
 215 05af 63D14D16 		.ascii	"c\321M\026R.t\313$N\301\317\254\250\335\367\017~62\301"
 215      522E74CB 
 215      244EC1CF 
 215      ACA8DDF7 
 215      0F7E3632 
 216 05c4 4AAFB262 		.ascii	"J\257\262bp-;\257w\017\365\310\3149\037\"\017>\323\247"
 216      702D3BAF 
 216      770FF5C8 
 216      CC391F22 
 216      0F3ED3A7 
 217 05d8 C01F1E12 		.ascii	"\300\037\036\022\256s\011\001\222p\003\323\314\323W"
 217      AE730901 
 217      927003D3 
 217      CCD357
 218 05e7 695B3EFA 		.ascii	"i[>\372j\327ay\327\277\326U\215\307\305\233\231\204"
 218      6AD76179 
 218      D7BFD655 
 218      8DC7C59B 
 218      9984
 219 05f9 466542BB 		.ascii	"FeB\273\376,\266\337\203\333\253w\356i\346\025\021\000"
 219      FE2CB6DF 
 219      83DBAB77 
 219      EE69E615 
 219      1100
 220 060b EB542D8A 		.ascii	"\353T-\212\035\314\026[>Tl\300Ml\014\015\201\245\013"
 220      1DCC165B 
 220      3E546CC0 
 220      4D6C0C0D 
 220      81A50B
 221 061e B1C78E74 		.ascii	"\261\307\216t\354\323Ql3\027\033\207j\235\304\322\013"
 221      ECD3516C 
 221      33171B87 
 221      6A9DC4D2 
 221      0B
 222 062f 25D4E852 		.ascii	"%\324\350R\354\200a\233N\337X\377\021\177\377\213\303"
ARM GAS  C:\Users\SevenI7\AppData\Local\Temp\ccnynUBg.s 			page 18


 222      EC80619B 
 222      4EDF58FF 
 222      117FFF8B 
 222      C3
 223 0640 BEBA4F1B 		.ascii	"\276\272O\033\015\250\325\225\332X\346\300\321-\333"
 223      0DA8D595 
 223      DA58E6C0 
 223      D12DDB
 224 064f 15554CFF 		.ascii	"\025UL\377\226\316k\334\275 XW\350}\240N\367z\037\010"
 224      96CE6BDC 
 224      BD205857 
 224      E87DA04E 
 224      F77A1F08 
 225 0663 E61EBDFF 		.ascii	"\346\036\275\377\202\371\305\223E\022\352u\367\3406"
 225      82F9C593 
 225      4512EA75 
 225      F7E036
 226 0672 70BD21D2 		.ascii	"p\275!\322\273\\'\276\017\267nZ\347\027\341\254\321"
 226      BB5C27BE 
 226      0FB76E5A 
 226      E717E1AC 
 226      D1
 227 0683 A191AB6B 		.ascii	"\241\221\253kbq\251\255\355\242\014\323\324\\\035n\304"
 227      6271A9AD 
 227      EDA20CD3 
 227      D45C1D6E 
 227      C4
 228 0694 533D899B 		.ascii	"S=\211\233l\342\025\2348u\346\267^&\211c\360\262$\316"
 228      6CE2159C 
 228      3875E6B7 
 228      5E268963 
 228      F0B224CE 
 229 06a8 5341697C 		.ascii	"SAi|_V\\\205\263mLsm\033\025\036]t\245\236\271%_\321"
 229      5F565C85 
 229      B36D4C73 
 229      6D1B151E 
 229      5D74A59E 
 230 06c0 B37AF8F4 		.ascii	"\263z\370\364\234\036^\211\306\371Sm\230\216=\335\203"
 230      9C1E5E89 
 230      C6F9536D 
 230      988E3DDD 
 230      83
 231 06d1 EB559BEB 		.ascii	"\353U\233\353\257:\336<\225\334\245\204r\251\351\240"
 231      AF3ADE3C 
 231      95DCA584 
 231      72A9E9A0 
 232 06e1 746986D3 		.ascii	"ti\206\323\245{]ifx\336\245\253l\242\327t\307\301r&"
 232      A57B5D69 
 232      6678DEA5 
 232      AB6CA2D7 
 232      74C7C172 
 233 06f6 9ACB3D49 		.ascii	"\232\313=I\316D+-\273\007zds\014\300\353\231:\314W\372"
 233      CE442B2D 
 233      BB077A64 
 233      730CC0EB 
 233      993ACC57 
 234 070b DE7A46EC 		.ascii	"\336zF\354\255r\312\233\345*\257\312#\012opq\364\325"
ARM GAS  C:\Users\SevenI7\AppData\Local\Temp\ccnynUBg.s 			page 19


 234      AD72CA9B 
 234      E52AAFCA 
 234      230A6F70 
 234      71F4D5
 235 071e 0A346747 		.ascii	"\0124gG|vN\304\347\240q\3764\031&\342\263=\270V\333"
 235      7C764EC4 
 235      E7A071FE 
 235      341926E2 
 235      B33DB856 
 236 0733 5C6B28E2 		.ascii	"\\k(\342s\270G\005\322#I;\327\351\317}\256\034s=8\336"
 236      73B84705 
 236      D223493B 
 236      D7E9CF7D 
 236      AE1C733D 
 237 0749 E41C11E2 		.ascii	"\344\034\021\342x+\333\237y9\376\314G\343\267\342\317"
 237      782BDB9F 
 237      7939FECC 
 237      47E3B7E2 
 237      CF
 238 075a 3C0FAEB5 		.ascii	"<\017\256\2656W\013\3713\237\373S\230\355\317\002\247"
 238      36570BF9 
 238      339FFB53 
 238      98EDCF02 
 238      A7
 239 076b 3F8B5C39 		.ascii	"?\213\\9\026x\226\317\3336K\012=\372\011jZ\317m\002"
 239      167896CF 
 239      DB364B0A 
 239      3DFA096A 
 239      5ACF6D02 
 240 077f F1A5127F 		.ascii	"\361\245\022\177\204\323\267J\232VU^\236\304\337\305"
 240      84D3B74A 
 240      9A56555E 
 240      9EC4DFC5 
 241 078f 4F3DFDD8 		.ascii	"O=\375\330\323K\227U\314\252H.]\226|\352\321%\311g\227"
 241      D34B9755 
 241      CCAA482E 
 241      5D967CEA 
 241      D125C967 
 242 07a4 3EF7FCB2 		.ascii	">\367\374\262\344\303\213\026N\237&\306\007*_|\221\256"
 242      E4C38B16 
 242      4E9F26C6 
 242      072A5F7C 
 242      91AE
 243 07b6 3CB264C9 		.ascii	"<\262d\311\343\345\2135\363\361\305\317,~\342\311\347"
 243      E3E58B35 
 243      F3F1C5CF 
 243      2C7EE2C9 
 243      E7
 244 07c7 7C2F2C5D 		.ascii	"|/,]R>\353\377\242"
 244      523EEBFF 
 244      A2
 245 07d0 F4EAFE   		.ascii	"\364\352\376"
 246              		.text
 247              		.section	.gnu.lto_.symbol_nodes.1d3520b,"",%progbits
 248 0000 789C6363 		.ascii	"x\234cc``\250\005b\006\246\223L\365\014\014\023\316"
 248      6060A805 
 248      6206A693 
ARM GAS  C:\Users\SevenI7\AppData\Local\Temp\ccnynUBg.s 			page 20


 248      4CF50C0C 
 248      13CE
 249 0012 313000A9 		.ascii	"10\000\251\035\215\007\033\330\200b\247\230\352\031"
 249      1D8D071B 
 249      D88062A7 
 249      98EA19
 250 0021 6162BB1A 		.ascii	"ab\273\032\035\201\"\247\231\352\231PDXO01\264*\001"
 250      1D8122A7 
 250      99EA9950 
 250      44584F30 
 250      31B42A01 
 251 0035 0D603CCB 		.ascii	"\015`<\313T\317\014\226b`hhp\000\012\234a\252gA\026"
 251      54CF0C96 
 251      62606868 
 251      70000A9C 
 251      61AA6741 
 252 004a 60666460 		.ascii	"`fd`X<\357\215<3#+\303a0\315\302\360\030H3\000\000\003"
 252      583CEF8D 
 252      3C33232B 
 252      C36130CD 
 252      C2F01848 
 253 0062 F2202C   		.ascii	"\362 ,"
 254              		.text
 255              		.section	.gnu.lto_.refs.1d3520b,"",%progbits
 256 0000 789C6363 		.ascii	"x\234cc```\004b\006\000\000D\000\010"
 256      60606004 
 256      62060000 
 256      440008
 257              		.text
 258              		.section	.gnu.lto_.decls.1d3520b,"",%progbits
 259 0000 789CCD59 		.ascii	"x\234\315Y{TT\311\231\357\272\325\017\032\020g\3213"
 259      7B5454C9 
 259      99EFBAD5 
 259      0F1A1067 
 259      D133
 260 0012 EB66D93D 		.ascii	"\353f\331=\036Cv8\311\031yhV\223\315\356\031ld`\243"
 260      1E437638 
 260      C9197968 
 260      5693CDEE 
 260      196C6460 
 261 0027 194EB793 		.ascii	"\031N\267\223\234d\311\020\007\230\014\211\300D0\253"
 261      9C64C910 
 261      07980C89 
 261      C04430AB 
 262 0037 67FFD8E6 		.ascii	"g\377\330\346\345\203\207\"\202/D\024\332\007\003*F"
 262      E5838722 
 262      822F4414 
 262      DA07032A 
 262      46
 263 0048 51149416 		.ascii	"Q\024\224\026\220\001FQ\3611\240\200\200\210\010\010"
 263      90014651 
 263      F131A080 
 263      80880808 
 264 0058 08E30B18 		.ascii	"\010\343\013\030\331\257\252\356\345V\337n&&g\317\236"
 264      D9AFAAEE 
 264      E556DF6E 
 264      262667CF 
ARM GAS  C:\Users\SevenI7\AppData\Local\Temp\ccnynUBg.s 			page 21


 264      9E
 265 0069 EDC3D775 		.ascii	"\355\303\327u\277[\277\373\373\276\372\276\257\352V"
 265      BF5BBFFB 
 265      FBBEFABE 
 265      AFEA56
 266 0078 355A954A 		.ascii	"5Z\225J\365\335\371*U\266Z\245\312D*\325\024|\340Ru"
 266      F5DDF92A 
 266      55B65AA5 
 266      CA442AD5 
 266      147CE052 
 267 008d 49257F34 		.ascii	"I%\1774 \025 \027@\252\304\276\032\020\200\253\256\253"
 267      20152017 
 267      40AAC4BE 
 267      1A1080AB 
 267      AEAB
 268 009f 6C3FFF09 		.ascii	"l?\377\0117u\320\376\006\244\035\344\035\220%p\357\036"
 268      3775D0FE 
 268      06A41DE4 
 268      1D902570 
 268      EF1E
 269 00b1 B4CD203F 		.ascii	"\264\315 ?\204k\014\355\035\220\177\202\353V\221\247"
 269      846B0CED 
 269      1D907F82 
 269      EB5691A7 
 270 00c1 4265FFF9 		.ascii	"Be\377\371/\350\320\213\\\356 s9>\302C\370\226B{\036"
 270      2FE8D08B 
 270      5CEE2073 
 270      393EC243 
 270      F896427B 
 271 00d6 5A2DE987 		.ascii	"Z-\351\207k/\220\357\200\314\003\361\001\371\001\210"
 271      6B2F90EF 
 271      80CC03F1 
 271      01F90188 
 272 00e6 5AF4BD42 		.ascii	"Z\364\275B\364\373\222\003[\377\015\270\277Q\330\272"
 272      F4FB9203 
 272      5BFF0DB8 
 272      BF51D8BA 
 273 00f6 C2D92363 		.ascii	"\302\331#c\011\204v;\310a\316>\031W\000\\o\003Y\001"
 273      0984763B 
 273      C861CE3E 
 273      1957005C 
 273      6F035901 
 274 010a 620199A5 		.ascii	"b\001\231\245b\266\311\030\377\021\332\357\203,\002"
 274      62B6C918 
 274      FF11DAEF 
 274      832C02
 275 0119 795B1CEF 		.ascii	"y[\034\357\337C\373\257 [@\012@\376\016\344]\304\342"
 275      DF43FBAF 
 275      205B400A 
 275      40FE0EE4 
 275      5DC4E2
 276 012c 50E5C0B7 		.ascii	"P\345\300\267l\214\212\263\036\354R\337G\355\004\202"
 276      6C8C8AB3 
 276      1EEC52DF 
 276      47ED0482 
 277 013c DE424844 		.ascii	"\336BHD\363\037\242OI\037\322\317\000\002\222:\031J"
 277      F31FA24F 
ARM GAS  C:\Users\SevenI7\AppData\Local\Temp\ccnynUBg.s 			page 22


 277      491FD2CF 
 277      0002923A 
 277      194A
 278 014e F918ED43 		.ascii	"\371\030\355CL\004\225\214\225\237\340X\271\207\021"
 278      4C04958C 
 278      959FE058 
 278      B98711
 279 015d FDA8A82B 		.ascii	"\375\250\250+\274/\3243\321=$\233G\323\030\011\317\261"
 279      BC2FD433 
 279      D13D249B 
 279      47D31809 
 279      CFB1
 280 016f A2E987EC 		.ascii	"\242\351\207\354\275S\261z!A\270=\230~\334\265\023u"
 280      BD53B17A 
 280      2141B83D 
 280      987EDCB5 
 280      1375
 281 0181 00F49750 		.ascii	"\000\364\227P\255N\321\210\334\315k)\270(`\201^w\034"
 281      AD4ED188 
 281      DCCD6B29 
 281      B8286081 
 281      5E771C
 282 0194 EB1A998D 		.ascii	"\353\032\231\215\377\201^\347W_jqZXbf\037\247cX\205"
 282      FF815EE7 
 282      575F6A71 
 282      5A586266 
 282      1FA76358 
 283 01a9 CE202C05 		.ascii	"\316 ,\005\364\362\324\013\353\3544\214\334\235\221"
 283      F4F2D40B 
 283      EBEC348C 
 283      DC9D91
 284 01b8 006AF3C8 		.ascii	"\000j\363\310\225<\027P\347:\243\267@-I\237\312\326"
 284      953C1750 
 284      E73AA3B7 
 284      402D499F 
 284      CAD6
 285 01ca CCDB491E 		.ascii	"\314\333I\036\314L2\277%\240\337\274\215\316!\017T\216"
 285      CC4C32BF 
 285      25A0DFBC 
 285      8DCE210F 
 285      548E
 286 01dc 3CC0C9F3 		.ascii	"<\300\311\363h\036|\307\250\031\323P_O\213\353\202\003"
 286      681E7CC7 
 286      A819D350 
 286      5F4F8BEB 
 286      8203
 287 01ee 66ABD56C 		.ascii	"f\253\325l}\221\273\364N\315F\363ux\356=\212Ce\010\243"
 287      7D91BBF4 
 287      4ECD46F3 
 287      7578EE3D 
 287      8A436508 
 288 0203 B3682119 		.ascii	"\263h!\031s\031\261\216N\243N\204N\241\3730\210\012"
 288      7319B18E 
 288      4EA34E84 
 288      4EA1FB30 
 288      880A
 289 0215 B4009EDF 		.ascii	"\264\000\236\337\263\177[)\306\273\020uzx_\332n5\220"
ARM GAS  C:\Users\SevenI7\AppData\Local\Temp\ccnynUBg.s 			page 23


 289      B37F5B29 
 289      C6BB1075 
 289      7A785FDA 
 289      6E3590
 290 0228 1D00B23B 		.ascii	"\035\000\262;\373]\367\232\255\211\300%P\252J\231\252"
 290      FB5DF79A 
 290      AD89C025 
 290      50AA4A99 
 290      AA
 291 0239 52497581 		.ascii	"RIu\201R\231\373*\332fc\013\243\232\354h\335(Q5\377"
 291      5299FB2A 
 291      DA66630B 
 291      A39AEC68 
 291      DD285135 
 292 024e C086E9A2 		.ascii	"\300\206\351\242\314tQ\311TE\231\322\006\306\267!\\"
 292      CC7451C9 
 292      544599D2 
 292      06C6B721 
 292      5C
 293 025f C698122A 		.ascii	"\306\230\022*+j\265\300\324i6[\207Ox5\224\366\2317;"
 293      2B6AB5C0 
 293      D469365B 
 293      874F7835 
 293      94F69937 
 294 0274 B3E15965 		.ascii	"\263\341Ye&\253\030\\t\21124<\252\356\300\370%c(NL\357"
 294      26AB185C 
 294      74893234 
 294      3CAAEEC0 
 294      F8256328 
 295 028b 992532D4 		.ascii	"\231%2\324\324/\375\274f\2435\204\021T\313\004\325\022"
 295      D42FFDBC 
 295      66A33584 
 295      1154CB04 
 295      D512
 296 029d 410D2568 		.ascii	"A\015%h\257/*\306\220\222w\234\021\251\222\331p\353"
 296      AF2F2AC6 
 296      9092779C 
 296      11A992D9 
 296      70EB
 297 02af C4E0B957 		.ascii	"\304\340\271W\263\330-\302\332\274m\324\242\303\025"
 297      B3D82DC2 
 297      DABC6DD4 
 297      A2C315
 298 02be 2CF53792 		.ascii	",\3657\222K\367a\226P5\250O\257\356}\340\306\022:?\033"
 298      4BF76196 
 298      5035A84F 
 298      AFEE7DE0 
 298      C6123A3F 
 299 02d3 0BF75B27 		.ascii	"\013\367['\332\334\220\263\327f\2639\321| \311\254\017"
 299      DADC90B3 
 299      D766B339 
 299      D17C20C9 
 299      AC0F
 300 02e5 52A17A48 		.ascii	"R\241zH\350\027\220P\324\210\274\010%q\003]\206\233"
 300      E8179050 
 300      D488BC08 
 300      2571035D 
ARM GAS  C:\Users\SevenI7\AppData\Local\Temp\ccnynUBg.s 			page 24


 300      869B
 301 02f7 B570F330 		.ascii	"\265p\3630\311\275\365E\313\277\355\0315\233\347\243"
 301      C9BDF545 
 301      CBBFED19 
 301      359BE7A3 
 302 0307 06E48CEA 		.ascii	"\006\344\214\352dW\337qf\271/\262l/\320\342c\230x T"
 302      6457DF71 
 302      66B92FB2 
 302      6C2FD0E2 
 302      63987820 
 303 031c E43EBC2C 		.ascii	"\344>\274,\314d\343\352\3146\206\026\324\245\220\314"
 303      CC64E3EA 
 303      CC368616 
 303      D4A590CC 
 304 032c 5C011B5F 		.ascii	"\\\001\033_\3126\300$3\362h\307\253\327j\030\012\351"
 304      CA36C024 
 304      33F268C7 
 304      ABD76A18 
 304      0AE9
 305 033e 378F6FF4 		.ascii	"7\217o\364\202[\245\226\207\337\305Yj:\360\255G\257"
 305      825BA596 
 305      87DFC559 
 305      6A3AF0AD 
 305      47AF
 306 0350 B569BF57 		.ascii	"\265i\277Wh>PM\352\357'\026\250\277LD\301\327\030\331"
 306      683E504D 
 306      EAEF2716 
 306      A8BF4C44 
 306      C1D718D9 
 307 0364 B4132A7A 		.ascii	"\264\023*z\247\211\270s\035}\017\036\275~\276\363\241"
 307      A789B873 
 307      1D7D0F1E 
 307      BD7EBEF3 
 307      A1
 308 0375 1B2E603C 		.ascii	"\033.`<\273\233O.w\006\337\223\336\310wx`o\305\327\215"
 308      BB9B4F2E 
 308      7706DF93 
 308      DEC87778 
 308      606FC5D7 
 309 038a 1A167127 		.ascii	"\032\026q'P\317\016\025\237\235\305\"n%\335\273\316"
 309      50CF0E15 
 309      9F9DC522 
 309      6E25DDBB 
 309      CE
 310 039b 758FB8E1 		.ascii	"u\217\270\341C\224\\\335V\262i@\213<\347xy\026\230\223"
 310      43945CDD 
 310      56B26940 
 310      8B3CE778 
 310      79169893 
 311 03af 93CCD66B 		.ascii	"\223\314\326k\031\370|qj\0068\215P3\270z\003\034\373"
 311      19F87C71 
 311      6A06388D 
 311      5033B87A 
 311      031CFB
 312 03c2 0ACD916D 		.ascii	"\012\315\221mz\023w}\341K\265\235\316B\020\244V\241"
 312      7A13777D 
 312      E14BB59D 
ARM GAS  C:\Users\SevenI7\AppData\Local\Temp\ccnynUBg.s 			page 25


 312      CE4210A4 
 312      56A1
 313 03d4 5BD07F93 		.ascii	"[\320\177\223\016\205\240\311\340Z\300\271;\310\023"
 313      0E85A0C9 
 313      E05AC0B9 
 313      3BC813
 314 03e3 B5224F5A 		.ascii	"\265\"OZ=,\250u\367\334\023\340\011\202R\211\001%\037"
 314      3D2CA875 
 314      F7DC13E0 
 314      09825289 
 314      01251F
 315 03f6 66BCE39E 		.ascii	"f\274\343\236{A\222\271\336\207Z\276\355\320r=\261A"
 315      7B4192B9 
 315      DE875ABE 
 315      EDD0723D 
 315      B141
 316 0408 07F9A7DA 		.ascii	"\007\371\247\332*\035\356\241\243\0202*&J\021\232\343"
 316      2A1DEEA1 
 316      A310322A 
 316      264A119A 
 316      E3
 317 0419 E5D025D4 		.ascii	"\345\320%\324\006\236|\273W\275\367\264\260\022\241"
 317      069E7CBB 
 317      57BDF7B4 
 317      B012A1
 318 0428 7B00BA2B 		.ascii	"{\000\272+'\232\370Hm\265\26547b\327\324\351\362\241"
 318      279AF848 
 318      6DB5B534 
 318      3762D7D4 
 318      E9F2A1
 319 043b 403979ED 		.ascii	"@9y\355\310\225N\017h\311\022u\365\2136\261\3367#2\335"
 319      C8954E0F 
 319      68C91275 
 319      F58B36B1 
 319      DE372332 
 320 0450 8FF6BE8D 		.ascii	"\217\366\276\215GX*\267\217\214\356\320\222\\\232E\""
 320      47582AB7 
 320      8F8CEED0 
 320      925C9A45 
 320      22
 321 0461 00C93C9D 		.ascii	"\000\311<\235\244\260`\230d\244\000~f)1\271g\212\330"
 321      A4B06098 
 321      64A4007E 
 321      662931B9 
 321      678AD8
 322 0474 F7D4B472 		.ascii	"\367\324\264rdp\027r\227\036!\3403\275\015u\316\314"
 322      64701772 
 322      971E21E0 
 322      33BD0D75 
 322      CECC
 323 0486 AA9958B5 		.ascii	"\252\231X\265\224wN\"<\316\314Z\353\322\237 \234\242"
 323      94774E22 
 323      3CCECC5A 
 323      EBD29F20 
 323      9CA2
 324 0498 A1CAE6AE 		.ascii	"\241\312\346\256M7E\344K\242OU\277h\231\205\3234o\340"
 324      4D3745E4 
ARM GAS  C:\Users\SevenI7\AppData\Local\Temp\ccnynUBg.s 			page 26


 324      4BA24F55 
 324      BF689985 
 324      D3346FE0 
 325 04ac E023C941 		.ascii	"\340#\311A\037\352\340\331\262\302a'\346!|\211\036\312"
 325      1FEAE0D9 
 325      B2C26127 
 325      E6217C89 
 325      1ECA
 326 04be 85D0473D 		.ascii	"\205\320G=|$y8\365\270\265P\317\354\216PS5\317\306\\"
 326      7C247938 
 326      F5B8B550 
 326      CFEC8E50 
 326      5335CFC6 
 327 04d3 700EB3DB 		.ascii	"p\016\263\333V\220}H\315:\373\350\273cr2Y\215\367\262"
 327      56907D48 
 327      CD3AFBE8 
 327      BB637232 
 327      598DF7B2 
 328 04e7 CEC48AD6 		.ascii	"\316\304\212\326\355\342+\241\223./\211;,Zla\235\023"
 328      EDE22BA1 
 328      932E2F89 
 328      3B2C5A6C 
 328      619D13
 329 04fa 434746B4 		.ascii	"CGF\264\3708S\316v\345T\2116Z\210^3\266\357\251+.g\235"
 329      F83853CE 
 329      76E55489 
 329      365A885E 
 329      33B6EFA9 
 330 0512 29965BE9 		.ascii	")\226[\351:\\\315\224\233\275\007\223]\031\362:\321"
 330      3A5CCD94 
 330      9BBD0793 
 330      5D19F23A 
 330      D1
 331 0523 C7EE65D4 		.ascii	"\307\356e\324\271\342+\254\263\266\376\301M'|\207)i"
 331      B9E22BAC 
 331      B3B6FEC1 
 331      4D277C87 
 331      2969
 332 0535 97CBEAC4 		.ascii	"\227\313\352\304|\326\323E\267\257t\023\306\235\242"
 332      7CD6D345 
 332      B7AF7413 
 332      C69DA2
 333 0544 41716EB9 		.ascii	"Aqn\271\213s\353\351\365\232T=\356g\235W\267d\345\010"
 333      8B73EBE9 
 333      F59A543D 
 333      EE679D57 
 333      B764E508 
 334 0558 78942947 		.ascii	"x\224)G{\367m\025\015.%\321\310\035\311s\305\343\254"
 334      7BF76D15 
 334      0D2E25D1 
 334      C81DC973 
 334      C5E3AC
 335 056b AFB230A5 		.ascii	"\257\2620\245\310\011'k\251Rq\266\262N\234\275>\240"
 335      C809276B 
 335      A95271B6 
 335      B24E9CBD 
 335      3EA0
ARM GAS  C:\Users\SevenI7\AppData\Local\Temp\ccnynUBg.s 			page 27


 336 057d 263765B4 		.ascii	"&7e\264\271\342t\326w\274o\223U\207\263\231\222;\326"
 336      B9E274D6 
 336      77BC6F93 
 336      5587B399 
 336      923BD6
 337 0590 FE581C2C 		.ascii	"\376X\034,Yz*\257\276*q\303\373X\237\264\312\272\323"
 337      597A2AAF 
 337      BE2A71C3 
 337      FB589FB4 
 337      CABAD3
 338 05a3 551655DE 		.ascii	"U\026U\336+\363\306\207Y\327\301\276s;f\343\023L\031"
 338      2BF3C687 
 338      59D7C1BE 
 338      733B66E3 
 338      134C19
 339 05b6 4A7ED8E9 		.ascii	"J~\330\351\302p\363@\355j\177\224\352\206\313Y\337\306"
 339      C270F340 
 339      ED6A7F94 
 339      EA86CB59 
 339      DFC6
 340 05c8 AA9C0B7A 		.ascii	"\252\234\013z\\\315\024\351=\354\316\336\303\265\235"
 340      5CCD14E9 
 340      3DECCEDE 
 340      C3B59D
 341 05d7 1D087FC9 		.ascii	"\035\010\177\311\272\006R\255\255\002\276\305\224\242"
 341      BA0652AD 
 341      AD02BEC5 
 341      94A2
 342 05e5 73195D1A 		.ascii	"s\031]\032\334\316\224\007g\223\237\253q\027S\212'\367"
 342      DCCE9407 
 342      67939FAB 
 342      7117538A 
 342      27F7
 343 05f7 5FD7E35E 		.ascii	"_\327\343^\246\214\325\036\035\023S\232I\312\265qs\256"
 343      A68CD51E 
 343      1D13539A 
 343      49CAB571 
 343      73AE
 344 0609 0F5BA2CC 		.ascii	"\017[\242\314zP\017\337\334\373T\213\207(vAj\347\300"
 344      7A500FDF 
 344      DCFB548B 
 344      87287641 
 344      6AE7C0
 345 061c 6901797A 		.ascii	"i\001yzz\316\361t\370\361\022[\266\206\324\335\347\326"
 345      7ACEF174 
 345      F8F1125B 
 345      B686D4DD 
 345      E7D6
 346 062e 905198CC 		.ascii	"\220Q\230\3149\002\267\206\214\240\351\345\253\200L"
 346      3902B786 
 346      8CA0E9E5 
 346      AB804C
 347 063d 67EBDD5F 		.ascii	"g\353\335_\303\0138\231\255\341\233\004\005z\243 /9"
 347      C30B3899 
 347      ADE19B04 
 347      057AA320 
 347      2F39
ARM GAS  C:\Users\SevenI7\AppData\Local\Temp\ccnynUBg.s 			page 28


 348 064f 8CBD5A84 		.ascii	"\214\275Z\204\023\3624%|\213\340xm\314\024<\3206\332"
 348      13F23425 
 348      7C8BE078 
 348      6DCC143C 
 348      D036DA
 349 0662 47E06415 		.ascii	"G\340d\025*\021\274\320~\301\023\355\004\371\034\344"
 349      2A11BCD0 
 349      7EC113ED 
 349      04F91CE4 
 350 0672 204836C8 		.ascii	" H6\310Q\220\002\220\035 {Av\203\034\0009\001R\010r"
 350      51900290 
 350      1D207B41 
 350      76831C00 
 350      39015208 
 351 0687 08241FA4 		.ascii	"\010$\037\244\024d\017\310>\220# \177\002\311\002)\002"
 351      14640FC8 
 351      3E902320 
 351      7F02C902 
 351      2902
 352 0699 29063906 		.ascii	")\0069\006\262\013\3440\310)\220<\220\223 \307A, \271"
 352      B20BE430 
 352      C829903C 
 352      909320C7 
 352      412C20B9 
 353 06ad 8227B7EC 		.ascii	"\202'\267\354\366\207\312\203\332\252\034\2247\037\002"
 353      F687CA83 
 353      DAAA1C94 
 353      371F02
 354 06bc B2567687 		.ascii	"\262Vv\207%P4Lo4(\306wz\251\035\340\343K\271\271\200"
 354      2550344C 
 354      6F3428C6 
 354      777AA91D 
 354      E0E34BB9 
 355 06d2 252BB993 		.ascii	"%+\271\223\354\342\333\375\221\014\177\245L\336Kd\007"
 355      ECE2DBFD 
 355      910C7FA5 
 355      4CDE4B64 
 355      07
 356 06e3 E7D8531C 		.ascii	"\347\330S\034\263s\276\334\375TFoW\242;\220r\240\375"
 356      B373BEDC 
 356      FD54466F 
 356      57A23B90 
 356      72A0FD
 357 06f6 1FC9037D 		.ascii	"\037\311\003}\241\034\350s\233B\002\3648\027\226^%\372"
 357      A11CE873 
 357      9B4202F4 
 357      3817965E 
 357      25FA
 358 0708 A1322CDD 		.ascii	"\2412,\335\\\310o(\307\351\255\250\321\346\217\344\032"
 358      5CC86F28 
 358      C7E9ADA8 
 358      D1E68FE4 
 358      1A
 359 0719 9D548227 		.ascii	"\235T\202'\354\374\036\375\265\354I\242\240\360$A\031"
 359      ECFC1EFD 
 359      B5EC49A2 
 359      A0F02441 
ARM GAS  C:\Users\SevenI7\AppData\Local\Temp\ccnynUBg.s 			page 29


 359      19
 360 072a 9471CE93 		.ascii	"\224q\316\223tePn\332E\274\231\213\370f\307\363\205"
 360      7465506E 
 360      DA45BC99 
 360      8BF866C7 
 360      F385
 361 073c 23AFE6D2 		.ascii	"#\257\346\3229\245\364\374\265\235\347\315b\202\340"
 361      39A5F4FC 
 361      B59DE7CD 
 361      6282E0
 362 074b DD065B5E 		.ascii	"\335\006[^\207\011\342\310\0339\362o\034\207\205/\304"
 362      8709E2C8 
 362      1B39F26F 
 362      1C87852F 
 362      C4
 363 075c 3019DDAF 		.ascii	"0\031\335\257D?V\242G9\356gJ\364\230\235'\\PR\035\257"
 363      443F56A2 
 363      4739EE67 
 363      4AF4989D 
 363      275C5052 
 364 0772 0AD3C384 		.ascii	"\012\323\303\204|6\206\311\371|\352x\205\342C>\312e"
 364      7C3686C9 
 364      F97CEA78 
 364      85E2433E 
 364      CA65
 365 0784 28C37186 		.ascii	"(\303q\2068_\232\271q\016+\311\237\310h\266\361\271"
 365      385F9AB9 
 365      710E2BC9 
 365      9FC868B6 
 365      F1B9
 366 0796 D3C6B663 		.ascii	"\323\306\266c\200r\260\035\343\227\322!\307\\\274\243"
 366      8072B01D 
 366      E397D221 
 366      C75CBCA3 
 367 07a6 8DDCFC7A 		.ascii	"\215\334\374z\240\204w\333\301\307\271\250\231\225\343"
 367      A08477DB 
 367      C1C7B9A8 
 367      9995E3
 368 07b5 7AAD1CD7 		.ascii	"z\255\034\327].#\343\216W\006\276\3608Wz\034\273\302"
 368      5D2E23E3 
 368      8E5706BE 
 368      F038577A 
 368      1CBBC2
 369 07c8 CF018EFB 		.ascii	"\317\001\216\373k\307\331\266"
 369      6BC7D9B6 
 370 07d0 490817E2 		.ascii	"I\010\027\342\333\216Kiz\233\372\254\244\244\335\005"
 370      DB8E4B69 
 370      7A9BFAAC 
 370      A4A4DD05 
 371 07e0 3FA76F32 		.ascii	"?\247o2a\"\377\3021'\3456Uz;\2403\360R\370\377\366\202"
 371      6122FFC2 
 371      3127E536 
 371      557A3BA0 
 371      33F052F8 
 372 07f7 10B7C77D 		.ascii	"\020\267\307}t{\\\006\316\235\026\246\267\307\244f\350"
 372      747B5C06 
 372      CE9D16A6 
ARM GAS  C:\Users\SevenI7\AppData\Local\Temp\ccnynUBg.s 			page 30


 372      B7C7A466 
 372      E8
 373 0808 189FE777 		.ascii	"\030\237\347w\235\321\360\333\3432\201\337\036\237\025"
 373      9DD1F0DB 
 373      E33281DF 
 373      1E9F15
 374 0817 D8F6185A 		.ascii	"\330\366\030Zr\372\237\234\330\343\306\203\311aS\006"
 374      72FA9F9C 
 374      D8E3C683 
 374      C9615306 
 375 0827 978BE072 		.ascii	"\227\213\340r\012~\325\2745E\203\023ut\317P\323^Z\352"
 375      0A7ED5BC 
 375      35458313 
 375      7574CF50 
 375      D35E5AEA 
 376 083b 84B73045 		.ascii	"\204\2670E\332\357\316\025\367\273\337\364Tu\352q&\355"
 376      DAEFCE15 
 376      F7BBDFF4 
 376      5475EA71 
 376      26ED
 377 084d D4268F66 		.ascii	"\324&\217f%\351\020\335\033\314a)\033\252\340J\371<"
 377      25E910DD 
 377      1BCC6129 
 377      1BAAE04A 
 377      F93C
 378 085f 8CA17AA6 		.ascii	"\214\241z\246\005\227V\317O\344\004W*\301\366k\342\350"
 378      059756CF 
 378      4FE40457 
 378      2AC1F66B 
 378      E2E8
 379 0871 BFD82EE6 		.ascii	"\277\330.\346\366\3346e\317\241\3179&\347&hG\005\233"
 379      F6DC3665 
 379      CFA1CF39 
 379      26E72668 
 379      47059B
 380 0884 A0D5B613 		.ascii	"\240\325\266\023\324\246\202*\240\202\330*S-\226\317"
 380      D4A6822A 
 380      A082D82A 
 380      532D96CF 
 381 0894 25289F0B 		.ascii	"%(\237\013\220\306*\020+\310E1\235\3444\331\363M'\302"
 381      90C62A10 
 381      2BC84531 
 381      9DE434D9 
 381      F34D27C2 
 382 08a8 BB68A084 		.ascii	"\273h\240\204\343\273\353?wQ\026\244D\207.\003\313\237"
 382      E3BBEB3F 
 382      775116A4 
 382      44872E03 
 382      CB9F
 383 08ba 63645E36 		.ascii	"cd^6U\252I\201\324\002\270F.\220j\251@*\363\246R\364"
 383      55AA4981 
 383      D402B846 
 383      2E906AA9 
 383      402AF3A6 
 384 08d0 7CCE6B6D 		.ascii	"|\316km\012\244N\314y\035\315\371\323\311\274\263\342"
 384      0AA44ECC 
 384      791DCDF9 
ARM GAS  C:\Users\SevenI7\AppData\Local\Temp\ccnynUBg.s 			page 31


 384      D3C9BCB3 
 384      E2
 385 08e1 B6762E49 		.ascii	"\266v.I\354\375\314L\035K\364\001\222\350\301\335iI"
 385      ECFDCC4C 
 385      1D4BF401 
 385      92E8C1DD 
 385      6949
 386 08f3 B3673CA1 		.ascii	"\263g<\2414\010\342\011\345\013v\024\276\325\376p\247"
 386      3408E209 
 386      E50B7614 
 386      BED5FE70 
 386      A7
 387 0904 ABF28852 		.ascii	"\253\362\210R\017\003\374\202\306\253Qp\227\036\"\350"
 387      0F03FC82 
 387      C6AB5170 
 387      971E22E8 
 388 0914 B2E6AF9E 		.ascii	"\262\346\257\236\353\361aVa\255;S\0075\322\271{\363"
 388      EBF16156 
 388      61AD3B53 
 388      0735D2B9 
 388      7BF3
 389 0926 9B9CBB2D 		.ascii	"\233\234\273-\275'\207\3656\306\204o1VQ\327\334\200"
 389      BD2787F5 
 389      36C6846F 
 389      315651D7 
 389      DC80
 390 0938 70313356 		.ascii	"p13V=ZzD<\035`P;3k\246f\036\344ui\220\327\004vP\314"
 390      3D5A7A44 
 390      3C1D6050 
 390      3B336BA6 
 390      661EE475 
 391 0953 2C0D548E 		.ascii	",\015T\216Q\256\211\033\324\354u\311\354\236\274\376"
 391      51AE891B 
 391      D4EC75C9 
 391      EC9EBCFE 
 392 0963 E382D2C9 		.ascii	"\343\202\322\311\031\321\275\257O5\352p)srG\326\313"
 392      19D1BDAF 
 392      4F35EA70 
 392      29737247 
 392      D6CB
 393 0975 46277C9A 		.ascii	"F'|\232)c\305#\207\264\270\234)\025\011\226\333XI:\343"
 393      2963C523 
 393      87B4B89C 
 393      29150996 
 393      DB58493A 
 394 098a 4970F7AB 		.ascii	"Ip\367\253\203\375\263p%{\364\311\320\344\0117|\211"
 394      83FDB370 
 394      257BF4C9 
 394      D0E40937 
 394      7C89
 395 099c 29C52597 		.ascii	")\305%\227\232\\p\035S&3\363O\351\361\0251@\205\373"
 395      9A5C701D 
 395      532633F3 
 395      4FE9F115 
 395      314085FB 
 396 09b0 B3F4F806 		.ascii	"\263\364\370\006S\24627\357\321\341;L\311n\312.t\301"
 396      53A63237 
ARM GAS  C:\Users\SevenI7\AppData\Local\Temp\ccnynUBg.s 			page 32


 396      EFD1E13B 
 396      4CC96ECA 
 396      2E74C1
 397 09c3 F79832D1 		.ascii	"\367\2302\321\227\335\212X\034]\271\223\343\\\361\344"
 397      97DD8A58 
 397      1C5DB993 
 397      E35CF1E4 
 398 09d3 78FCF9D6 		.ascii	"x\374\371\326].\270\213a\277jM>'b]@M*\271xF3c\314\273"
 398      5D2EB88B 
 398      61BF6A4D 
 398      3E27625D 
 398      404D2AB9 
 399 09ed A59877B1 		.ascii	"\245\230w\261\230\237H\351)r\202\207=\310\306\206\373"
 399      989F48E9 
 399      29728287 
 399      3DC8C686 
 399      FB
 400 09fe 05CC83FD 		.ascii	"\005\314\203\375\002v\332:vL\215\037\262Yv\362X\317"
 400      0276DA3A 
 400      764C8D1F 
 400      B25976F2 
 400      58CF
 401 0a10 EF9097B3 		.ascii	"\357\220\227\263\364\313\325\302\224M\344W\245G\020"
 401      F4CBD5C2 
 401      944DE457 
 401      A54710
 402 0a1f A287F264 		.ascii	"\242\207\362d\361 \301\241\277P\231\013\315x\236\012"
 402      F120C1A1 
 402      BF50990B 
 402      CD789E0A 
 403 0a2f 2DA2C76C 		.ascii	"-\242\307l\324\013\023\317C\254\265\036H\323\003f\277"
 403      D40B13CF 
 403      43ACB51E 
 403      48D30366 
 403      BF
 404 0a40 28FF68ED 		.ascii	"(\377h\355,<\314\014t\034\033n\302\262\205\241\005\247"
 404      2C3CCC0C 
 404      741C1B6E 
 404      C2B285A1 
 404      05A7
 405 0a52 E8EF56FD 		.ascii	"\350\357V\375`\241O\266\360H\230\301\304c\307&2\216"
 405      60A14FB6 
 405      F04898C1 
 405      C463C726 
 405      328E
 406 0a64 5BAAB472 		.ascii	"[\252\264rR\021\345\273\017\375\035\264R\006h\245tK"
 406      5211E5BB 
 406      0FFD1DB4 
 406      520668A5 
 406      744B
 407 0a76 959258BB 		.ascii	"\225\222X\273e\000\261\351\362F\354M\275i\327\\x\366"
 407      6500B1E9 
 407      F246EC4D 
 407      BD69D75C 
 407      78F6
 408 0a88 C16F63BF 		.ascii	"\301oc\277\320\334\366\036~\301\362\366\254\251\255"
 408      D0DCF61E 
ARM GAS  C:\Users\SevenI7\AppData\Local\Temp\ccnynUBg.s 			page 33


 408      7EC1F2F6 
 408      ACA9AD
 409 0a97 0BE109A6 		.ascii	"\013\341\011\246$\177\331pD\207\247\2302Xt\265^\213"
 409      247FD970 
 409      4487A798 
 409      325874B5 
 409      5E8B
 410 0aa9 539CA8D2 		.ascii	"S\234\250\322\323;^\216q*S\016\017\026d\350\3616\246"
 410      D33B5E8E 
 410      712A530E 
 410      0F1664E8 
 410      F136A6
 411 0abc 24F70C35 		.ascii	"$\367\0145\211g\331t\222\273\211\2213\267\244*!?\230"
 411      8967D974 
 411      92BB8991 
 411      33B7A42A 
 411      213F98
 412 0acf F53F7B38 		.ascii	"\365?{8\345\204s(\370oO6_9\240W\236>\345#g6\354\265"
 412      E5847328 
 412      F86F4F36 
 412      5F39A057 
 412      9E3EE523 
 413 0ae7 EFA76972 		.ascii	"\357\247ir\2575\232\331of\202;j\202\230\217\303\012"
 413      AF359AD9 
 413      6F66823B 
 413      6A82988F 
 413      C30A
 414 0af9 37BD90DA 		.ascii	"7\275\220\332n\030\341\211\352\365\360\225\000\305\017"
 414      6E18E189 
 414      EAF5F095 
 414      00C50F
 415 0b08 E84E112D 		.ascii	"\350N\021-\215\335v\027\235M\266t\033\304\375\"D\350"
 415      8DDD7617 
 415      9D4DB674 
 415      1BC4FD22 
 415      44E8
 416 0b1a A6889E5E 		.ascii	"\246\210\236^\213\236s\257#\233e\374\031\360}M\251\306"
 416      8B9E73AF 
 416      239B65FC 
 416      19F07D4D 
 416      A9C6
 417 0b2c C5357C23 		.ascii	"\3055|#\366B[\260'\372\006\326\357M\320\246\203L\301"
 417      F6425BB0 
 417      27FA06D6 
 417      EF4DD0A6 
 417      834CC1
 418 0b3f B519DA97 		.ascii	"\265\031\332\227\320n\2066\025$\011$\005$\031d\002\356"
 418      D06E8636 
 418      15240924 
 418      05241964 
 418      02EE
 419 0b51 A7419B01 		.ascii	"\247A\233\001\362\032\256_\201\274\000\231\004I\204"
 419      F21AAE5F 
 419      81BC0099 
 419      044984
 420 0b60 7B09983F 		.ascii	"{\011\230?I\216\256\227\337m-JOm\266\344$n\335\033\330"
 420      498EAE97 
ARM GAS  C:\Users\SevenI7\AppData\Local\Temp\ccnynUBg.s 			page 34


 420      DF6D2D4A 
 420      4F6DB6E4 
 420      246EDD1B 
 421 0b75 41E52A44 		.ascii	"A\345*D\341K\011-.\227\374VU\334\000\306\312\334\243"
 421      E14B092D 
 421      2E97FC56 
 421      55DC00C6 
 421      CADCA3
 422 0b88 4A6E9BB7 		.ascii	"Jn\233\267,\211Y#\027\263[\216c\306o\3679\356a%z\213"
 422      2C895923 
 422      17B35B8E 
 422      63C66FF7 
 422      39EE6125 
 423 0b9e DD918943 		.ascii	"\335\221\211C\0179F\333l\0176\310\360\347J\270\315\251"
 423      0F3946DB 
 423      6C0F36C8 
 423      F0E74AB8 
 423      CDA9
 424 0bb0 869E3AC5 		.ascii	"\206\236:\305\240\300\333\202\376 a\023\224\307v{\217"
 424      A0C0DB82 
 424      FE206113 
 424      94C7767B 
 424      8F
 425 0bc1 BB5CC4EF 		.ascii	"\273\\\304\357)\311\023\354|\351\347\340\255J\370k;"
 425      29C913EC 
 425      7CE9E7E0 
 425      AD4AF86B 
 425      3B
 426 0bd2 F66E0E7E 		.ascii	"\366n\016~\3271\234\333\253\324\015\263\275\312\270"
 426      D7319CDB 
 426      ABD40DB3 
 426      BDCAB8
 427 0be1 A3C344EF 		.ascii	"\243\303D\357\360\\y\007\366T\311ew\214i\344,\267+\321"
 427      F05C7907 
 427      F654C965 
 427      778C69E4 
 427      2CB72BD1 
 428 0bf5 B6BF1BD0 		.ascii	"\266\277\033\320)\022+\247{\314aq\360G$\216\273\315"
 428      29122BA7 
 428      7BCC6171 
 428      F047248E 
 428      BBCD
 429 0c07 71CCF86C 		.ascii	"q\314\370ls\350\257\034\327\264M\204\271\342\030q<\314"
 429      73E8AF1C 
 429      D7B44D84 
 429      B9E21871 
 429      3CCC
 430 0c19 69C7C94A 		.ascii	"i\307\311J \246\373\016\244\373\266\010\237>\254s\307"
 430      20A6FB0E 
 430      A4FBB608 
 430      9F3EAC73 
 430      C7
 431 0c2a 1AB262DE 		.ascii	"\032\262b\336\317iR\343v\272,\011\355\217O\247\331\355"
 431      CF6952E3 
 431      76BA2C09 
 431      ED8F4FA7 
 431      D9ED
ARM GAS  C:\Users\SevenI7\AppData\Local\Temp\ccnynUBg.s 			page 35


 432 0c3c DCA4298F 		.ascii	"\334\244)\2172a\246\377_\314z\226\367\327\257\350\361"
 432      3261A6FF 
 432      5FCC7A96 
 432      F7D7AFE8 
 432      F1
 433 0c4d 601B9E83 		.ascii	"`\033\236\203\266\342\351\327\315\270\264\373+\354\355"
 433      B6E2E9D7 
 433      CDB8B4FB 
 433      2BECED
 434 0c5c AE51F3BB 		.ascii	"\256Q\363\273?\002\224\337\254\3331\333\375A\013\340"
 434      3F0294DF 
 434      ACDB31DB 
 434      FD410BE0 
 435 0c6c 3B4FF2B2 		.ascii	";O\362\2624\270\227-\324\243{\353\006\234\361 Sr\217"
 435      34B8972D 
 435      D4A37BEB 
 435      069CF120 
 435      53728F
 436 0c7f 7F9E8CF1 		.ascii	"\177\236\214\3610S\332*\023j\335\360\013\246t\345'\366"
 436      3053DA2A 
 436      136ADDF0 
 436      0BA674E5 
 436      27F6
 437 0c91 68F02453 		.ascii	"h\360$S\312/<\361ck\273\007h\347\333\237Z\305\177\037"
 437      CA2F3CF1 
 437      636BBB07 
 437      68E7DB9F 
 437      5AC57F1F 
 438 0ca5 7692A53E 		.ascii	"v\222\245>\177\240\257\323\005\233\365\004\252\257i"
 438      7FA0AFD3 
 438      059BF504 
 438      AAAF69
 439 0cb4 BF5586A4 		.ascii	"\277U\206\244\245\235\373\007Hq\021\367\017\220,\030"
 439      A59DFB07 
 439      487111F7 
 439      0F902C18 
 440 0cc4 511EFED6 		.ascii	"Q\036\376\326\011\336\374\357\266\373\177\007p\376p"
 440      09DEFCEF 
 440      B6FB7F07 
 440      70FE70
 441 0cd3 C1A1B395 		.ascii	"\301\241\263\225\344\334<\260\311\354n\354\201va\322"
 441      E4DC3CB0 
 441      C9EC6EEC 
 441      817661D2 
 442 0ce3 47E024AD 		.ascii	"G\340$\255\007!\255\005\220\212\003 \373@\366\203\344"
 442      0721AD05 
 442      908A0320 
 442      FB40F683 
 442      E4
 443 0cf4 82EC05C9 		.ascii	"\202\354\005\311\267Y\224\0339\203;\034\033\264\231"
 443      B759941B 
 443      39833B1C 
 443      1BB499
 444 0d03 F31C7C8F 		.ascii	"\363\034|\217\022n\367\013\317x\260\214\316Q\242\271"
 444      126EF70B 
 444      CF78B08C 
 444      CE51A2B9 
ARM GAS  C:\Users\SevenI7\AppData\Local\Temp\ccnynUBg.s 			page 36


 445 0d13 55593C48 		.ascii	"UY<H6\260\025\002P\366+\304\363\006\356\214\266\323"
 445      36B01502 
 445      50F62BC4 
 445      F306EE8C 
 445      B6D3
 446 0d25 21973415 		.ascii	"!\2274\0256\266\232[\\\360&\232F\241\276tS\245^9\025"
 446      36B69A5B 
 446      5CF0269A 
 446      46A1BE74 
 446      53A55E39 
 447 0d3a A480A143 		.ascii	"\244\200\241C\020\247\277$f\314\321\241FZ\322\026x\260"
 447      10A7BF24 
 447      66CCD1A1 
 447      465AD216 
 447      78B0
 448 0d4c 502E69E2 		.ascii	"P.i\3426\265\237s\304\322\352\302\227\264\305\246\244"
 448      36B59F73 
 448      C4D2EAC2 
 448      97B4C5A6 
 448      A4
 449 0d5d 0F8B254D 		.ascii	"\017\213%M\332\357|\272zM\330\2325\021a\037\257\016"
 449      DAEF7CBA 
 449      7A4DD89A 
 449      3511611F 
 449      AF0E
 450 0d6f FFFDBACF 		.ascii	"\377\375\272\317\302\"b\243WG\305\204E\305D\305/Y\270"
 450      C22262A3 
 450      5747C584 
 450      45C544C5 
 450      2F59B8
 451 0d82 D01BFEC2 		.ascii	"\320\033\376\302?\215\3728*6\316\367G\276\336\261q\336"
 451      3F8DFA38 
 451      2A36CEF7 
 451      47BEDEB1 
 451      71DE
 452 0d94 00F7FE2C 		.ascii	"\000\367\376,vm|\234\267i\325\312E~\354;p\361\372\365"
 452      766D7C9C 
 452      B769D5CA 
 452      457EEC3B 
 452      70F1FAF5 
 453 0da8 DE22D1C2 		.ascii	"\336\"\321\302p\247\367\177\366\341|\203\257\257j\351"
 453      70A7F77F 
 453      F6E17C83 
 453      AFAF6AE9 
 454 0db8 5F49A072 		.ascii	"_I\240r\225\234\"n\274\025\027\037\275\310/,|Ml\370"
 454      959C226E 
 454      BC15171F 
 454      BDC82F2C 
 454      7C4D6CF8 
 455 0dcc EFE90D5D 		.ascii	"\357\351\015]\324\332?\004C\373\343\277\214\236\321"
 455      D4DA3F04 
 455      43FBE3BF 
 455      8C9ED1
 456 0ddb 44C5AD5D 		.ascii	"D\305\255]\370\251J\027\021\275\372\215)V\254\010\360"
 456      F8A94A17 
 456      11BDFA8D 
 456      2956AC08 
ARM GAS  C:\Users\SevenI7\AppData\Local\Temp\ccnynUBg.s 			page 37


 456      F0
 457 0dec 0E58E9FF 		.ascii	"\016X\351\377G?\221\002\236\005\012\347\260\260uQ1\361"
 457      473F9102 
 457      9E050AE7 
 457      B0B07551 
 457      31F1
 458 0dfe A0C77F12 		.ascii	"\240\307\177\022\376\343PJ\021\027\277.\"*64>6vM\\\350"
 458      FEE3504A 
 458      1117BF2E 
 458      222A3634 
 458      3E36764D 
 459 0e14 6F63D6CD 		.ascii	"oc\326\315\247W\363W\257\215\236\037\031\375qdDDdD\350"
 459      A757F357 
 459      AF8D9E1F 
 459      19FD7164 
 459      44446444 
 460 0e29 92853EF3 		.ascii	"\222\205>\363\375||\227\374aq(\334\1777&6&\362\335\310"
 460      FD7C7C97 
 460      FC617128 
 460      DC7F3726 
 460      3626F2DD 
 461 0e3e D51F4785 		.ascii	"\325\037G\205F\305\204\257Y\027\021\031\032\275\032"
 461      46C584AF 
 461      59171119 
 461      1ABD1A
 462 0e4d B8622243 		.ascii	"\270b\"C\303\"\"?Y\275nM|X\374\206\317\"\343\300\242"
 462      C322223F 
 462      59BD6E4D 
 462      7C58FC86 
 462      CF22E3C0 
 463 0e62 9364EF3F 		.ascii	"\223d\357?\376W\355\305m\210\013\015\213\213\217\000"
 463      FE57EDC5 
 463      6D880B0D 
 463      8B8B8F00 
 464 0e72 723032DB 		.ascii	"r02\333\264!.>2\332\020\2736\322@\".\030\214\330`2:"
 464      B4212E3E 
 464      32DA10BB 
 464      36D24022 
 464      2E188CD8 
 465 0e89 0C54786C 		.ascii	"\014Txlttl\214w\344\372x\210\2242\322\237,\366\361]"
 465      74746C8C 
 465      77E4FA78 
 465      889432D2 
 465      9F2CF6F1 
 466 0e9e 1F098C2E 		.ascii	"\037\011\214.!\2770\206\255\2021\004D~\2427.7-7\376"
 466      21BF3086 
 466      AD823104 
 466      447EA237 
 466      2E372D37 
 467 0eb3 7C79C012 		.ascii	"|y\300\022\347\220\025+\202\375L\206\300\367\215\032"
 467      E790152B 
 467      82FD4C86 
 467      C0F78D1A 
 468 0ec3 93C9F0BE 		.ascii	"\223\311\360\276q\272\353\237\325\313\002\014\262\372"
 468      71BAEB9F 
 468      D5CB020C 
 468      B2FA
ARM GAS  C:\Users\SevenI7\AppData\Local\Temp\ccnynUBg.s 			page 38


 469 0ed1 43BD7FC8 		.ascii	"C\275\177\3102\277\025!\313\177f$W\276\354J\352]\254"
 469      32BF1521 
 469      CB7F6624 
 469      57BEEC4A 
 469      EA5DAC
 470 0ee4 F70F5AB6 		.ascii	"\367\017Z\266H\354\015\232\306\005)q\213t\204\005\356"
 470      48EC0D9A 
 470      C6052971 
 470      8B748405 
 470      EE
 471 0ef5 90D697EF 		.ascii	"\220\326\227\357\361\323\021\006\332\023$\"\202l\021"
 471      F1D31106 
 471      DA132422 
 471      826C11
 472 0f04 BE4EE459 		.ascii	"\276N\344Y\243i\225\221\\\370\222\213\351>\037'\362"
 472      A3699591 
 472      5CF8928B 
 472      E93E1F27 
 472      F2
 473 0f15 34EB0B92 		.ascii	"4\353\013\222@A\014\204\015\301F5\031\240\016\306J\333"
 473      40410C84 
 473      0DC14635 
 473      19A00EC6 
 473      4ADB
 474 0f27 00C34F49 		.ascii	"\000\303OI\353b4\030\244\210h\011e\340\257\264\301\001"
 474      EB623418 
 474      A4886809 
 474      65E0AFB4 
 474      C101
 475 0f39 860F0296 		.ascii	"\206\017\002\226\023\315/\360Wn\001\313\336_i\370P\302"
 475      13CD2FF0 
 475      576E01CB 
 475      DE5F69F8 
 475      50C2
 476 0f4b A8834DFE 		.ascii	"\250\203M\376F\365\312\225\201F\354\037`\304\001\320"
 476      46F5CA95 
 476      8146EC1F 
 476      60C401D0 
 477 0f5b 86041AD5 		.ascii	"\206\004\032\325\376\201&\243zY\240\277Q\003]\000\010"
 477      FE8126A3 
 477      7A59A0BF 
 477      51035D00 
 477      08
 478 0f6c 207A10F9 		.ascii	" z\020\3712\300\227\306\024\004y\303\246\240\020=\253"
 478      32C097C6 
 478      140479C3 
 478      A6A0103D 
 478      AB
 479 0f7d D4A561F1 		.ascii	"\324\245a\361:\261\305\006\310\252\311`\324\370\007"
 479      3AB1C506 
 479      C8AAC960 
 479      D4F807
 480 0f8c 1B0D46F5 		.ascii	"\033\015F\365\317W}`T\007\003Zc\010\37108\000\276\375"
 480      CF577D60 
 480      5407035A 
 480      6308F930 
 480      3800BEFD 
ARM GAS  C:\Users\SevenI7\AppData\Local\Temp\ccnynUBg.s 			page 39


 481 0fa0 0D46FF3F 		.ascii	"\015F\377?\223q\177\343Jo\303JS\260\311\233\324\212"
 481      93717FE3 
 481      4A6FC34A 
 481      53B0C99B 
 481      D48A
 482 0fb2 7730AB26 		.ascii	"w0\253&@\254\215\014\013\217^L\352\325dXF\207\240\371"
 482      40AC8D0C 
 482      0B8F5E4C 
 482      EAD56458 
 482      4687A0F9 
 483 0fc6 206495C1 		.ascii	" d\225\301(\230\214:\270\370\351\362_\032\325\344\013"
 483      28988C3A 
 483      B8F8E9F2 
 483      5F1AD5E4 
 483      0B
 484 0fd7 83112DED 		.ascii	"\203\021-\355\361\235\025\270\302\337\024$\015\367\177"
 484      F19D15B8 
 484      C2DF1424 
 484      0DF77F
 485 0fe6 002FF672 		.ascii	"\000/\366r\225"
 485      95
 486              		.text
 487              		.section	.gnu.lto_.symtab.1d3520b,"",%progbits
 488 0000 68616C5F 		.ascii	"hal_lld_init\000"
 488      6C6C645F 
 488      696E6974 
 488      00
 489 000d 00       		.ascii	"\000"
 490 000e 00       		.ascii	"\000"
 491 000f 00       		.ascii	"\000"
 492 0010 00000000 		.ascii	"\000\000\000\000\000\000\000\000"
 492      00000000 
 493 0018 BD000000 		.ascii	"\275\000\000\000"
 494 001c 73746D33 		.ascii	"stm32_clock_init\000"
 494      325F636C 
 494      6F636B5F 
 494      696E6974 
 494      00
 495 002d 00       		.ascii	"\000"
 496 002e 00       		.ascii	"\000"
 497 002f 00       		.ascii	"\000"
 498 0030 00000000 		.ascii	"\000\000\000\000\000\000\000\000"
 498      00000000 
 499 0038 BF000000 		.ascii	"\277\000\000\000"
 500 003c 53797374 		.ascii	"SystemCoreClock\000"
 500      656D436F 
 500      7265436C 
 500      6F636B00 
 501 004c 00       		.ascii	"\000"
 502 004d 00       		.ascii	"\000"
 503 004e 00       		.ascii	"\000"
 504 004f 00000000 		.ascii	"\000\000\000\000\000\000\000\000"
 504      00000000 
 505 0057 D0000000 		.ascii	"\320\000\000\000"
 506 005b 69727149 		.ascii	"irqInit\000"
 506      6E697400 
 507 0063 00       		.ascii	"\000"
ARM GAS  C:\Users\SevenI7\AppData\Local\Temp\ccnynUBg.s 			page 40


 508 0064 02       		.ascii	"\002"
 509 0065 00       		.ascii	"\000"
 510 0066 00000000 		.ascii	"\000\000\000\000\000\000\000\000"
 510      00000000 
 511 006e C1000000 		.ascii	"\301\000\000\000"
 512 0072 646D6149 		.ascii	"dmaInit\000"
 512      6E697400 
 513 007a 00       		.ascii	"\000"
 514 007b 02       		.ascii	"\002"
 515 007c 00       		.ascii	"\000"
 516 007d 00000000 		.ascii	"\000\000\000\000\000\000\000\000"
 516      00000000 
 517 0085 C3000000 		.ascii	"\303\000\000\000"
 518              		.text
 519              		.section	.gnu.lto_.opts,"",%progbits
 520 0000 272D666D 		.ascii	"'-fmath-errno' '-fsigned-zeros' '-ftrapping-math' '"
 520      6174682D 
 520      6572726E 
 520      6F272027 
 520      2D667369 
 521 0033 2D666E6F 		.ascii	"-fno-trapv' '-fno-strict-overflow' '-fno-openmp' '-"
 521      2D747261 
 521      70762720 
 521      272D666E 
 521      6F2D7374 
 522 0066 666E6F2D 		.ascii	"fno-openacc' '-mcpu=cortex-m4' '-mthumb' '-O0' '-fo"
 522      6F70656E 
 522      61636327 
 522      20272D6D 
 522      6370753D 
 523 0099 6D69742D 		.ascii	"mit-frame-pointer' '-falign-functions=16' '-ffuncti"
 523      6672616D 
 523      652D706F 
 523      696E7465 
 523      72272027 
 524 00cc 6F6E2D73 		.ascii	"on-sections' '-fdata-sections' '-fno-common' '-flto"
 524      65637469 
 524      6F6E7327 
 524      20272D66 
 524      64617461 
 525 00ff 2700     		.ascii	"'\000"
 526              		.text
 527              		.comm	__gnu_lto_v1,1,1
 528              		.comm	__gnu_lto_slim,1,1
 529              		.ident	"GCC: (GNU Tools for Arm Embedded Processors 7-2017-q4-major) 7.2.1 20170904 (release) [ARM
ARM GAS  C:\Users\SevenI7\AppData\Local\Temp\ccnynUBg.s 			page 41


DEFINED SYMBOLS
                            *ABS*:00000000 hal_lld.c
                            *COM*:00000001 __gnu_lto_v1
                            *COM*:00000001 __gnu_lto_slim

NO UNDEFINED SYMBOLS
