ARM GAS  C:\Users\SevenI7\AppData\Local\Temp\cc1OMBjE.s 			page 1


   1              		.cpu cortex-m4
   2              		.eabi_attribute 20, 1
   3              		.eabi_attribute 21, 1
   4              		.eabi_attribute 23, 3
   5              		.eabi_attribute 24, 1
   6              		.eabi_attribute 25, 1
   7              		.eabi_attribute 26, 1
   8              		.eabi_attribute 30, 6
   9              		.eabi_attribute 34, 1
  10              		.eabi_attribute 18, 4
  11              		.file	"hal_pal.c"
  12              		.section	.gnu.lto_.inline.1d35b49,"",%progbits
  13 0000 789C6363 		.ascii	"x\234cc``\310`@\000V\006\006N\016\006\006&\276\206Z"
  13      6060C860 
  13      40005606 
  13      064E0E06 
  13      0626BE86 
  14 0015 06160626 		.ascii	"\006\026\006&\220\020#\203\000?PDf\303+F\230\020\023"
  14      90102383 
  14      003F5044 
  14      66C32B46 
  14      981013
  15 0028 03B73090 		.ascii	"\003\2670\220\344z\020\013\023a\341e``\236\340\007\202"
  15      E47A100B 
  15      1361E165 
  15      60609EE0 
  15      0782
  16 003a CC0CAC2C 		.ascii	"\314\014\254,@I\266\003v0IV\0066\240\271L\034\023\374"
  16      4049B603 
  16      76304956 
  16      0636A0B9 
  16      4C1C13FC 
  17 004e 60220C00 		.ascii	"`\"\014\000\034-\011\252"
  17      1C2D09AA 
  18              		.text
  19              		.section	.gnu.lto_palReadBus.1d35b49,"",%progbits
  20 0000 789C9592 		.ascii	"x\234\225\222\301k\023A\024\306\337\267ow\222hS\020"
  20      C16B1341 
  20      14C6DFB7 
  20      6F779268 
  20      5310
  21 0012 3C78E821 		.ascii	"<x\350!\240\265\004$K\217\3765\322\346\322B\241b\360"
  21      A0B50424 
  21      4B8FFE35 
  21      D2E6D242 
  21      A162F0
  22 0025 DC69DA54 		.ascii	"\334i\332TK\025$\330\246\204\245DT\004A\264\030M\215"
  22      4B1524D8 
  22      A684A544 
  22      540441B4 
  22      184D8D
  23 0038 55B72954 		.ascii	"U\267)T/U\353A\024=\351E\213\006\025/\202T\337\233\264"
  23      2F55EB41 
  23      143DE945 
  23      8B06152F 
  23      8254DF9B 
  24 004d 10D04B61 		.ascii	"\020\320Ka\367\315\274}o~\3377;c\210h\305#:!\343Qy)"
ARM GAS  C:\Users\SevenI7\AppData\Local\Temp\cc1OMBjE.s 			page 2


  24      F7CDBC7D 
  24      6F7EDF37 
  24      3B638868 
  24      C5233A21 
  25 0065 20480A0F 		.ascii	" H\012\017,\221\341K\364\001)\200&<\3661\201\013|\231"
  25      2C91E14B 
  25      F4012980 
  25      263CF631 
  25      810B7C99 
  26 0079 B1357D27 		.ascii	"\2615}'\3429\216X\312\222~\337\254~\354\325\024\310"
  26      E2398E58 
  26      CA927EDF 
  26      AC7EECD5 
  26      14C8
  27 008b 48FAA5BD 		.ascii	"H\372\245\275Q\357\311\336\260\266h\343J\331,\325_\332"
  27      51EFC9DE 
  27      B0B668E3 
  27      4AD92CD5 
  27      5FDA
  28 009d 54C41E2D 		.ascii	"T\304\036-H{\035}\270\213>%\336CV\232K[\225\031\346"
  28      487B1D7D 
  28      B88B3E25 
  28      DE43569A 
  28      4B5B9519 
  29 00b2 2C48E66F 		.ascii	",H\346o\277\335|\337;p\335-\374y\215\355\261\210\031"
  29      BFDD7CDF 
  29      3B70DD2D 
  29      FC798DED 
  29      B18819
  30 00c5 F7C1DD0B 		.ascii	"\367\301\335\013\345\023\241\201\001\355\377\260\274"
  30      E513A181 
  30      01EDFFB0 
  30      BC
  31 00d2 339F367E 		.ascii	"3\2376~M\314J\213 W`\304)yR[\376\372k\315\364_\265\266"
  31      4DCC4A8B 
  31      205760C4 
  31      2979525B 
  31      FEFA6BCD 
  32 00ea 6CE3F6E2 		.ascii	"l\343\366\342\341+S\245g\326\377\327\205,z\200~!\334"
  32      E12B53A5 
  32      67D6FFD7 
  32      852C7A80 
  32      7E21DC
  33 00fd 7E15C476 		.ascii	"~\025\304v\347\3179\033??\362\256\376\364P\312\023)"
  33      E7CF391B 
  33      3F3FF2AE 
  33      FEF450CA 
  33      1329
  34 010f 9F2504BE 		.ascii	"\237%\004\276\004\023\350\314hH@\365\223\2440:\257\272"
  34      0413E8CC 
  34      684840F5 
  34      93A4303A 
  34      AFBA
  35 0121 1265CAB3 		.ascii	"\022e\312\263b\215x\033\305\346\347\213\353F\315TY\255"
  35      628D781B 
  35      C5E6E78B 
  35      EB46CD54 
ARM GAS  C:\Users\SevenI7\AppData\Local\Temp\cc1OMBjE.s 			page 3


  35      59AD
  36 0133 2C945A2F 		.ascii	",\224Z/\022\372{\330\355r\265\265\271ajX\232\264\326"
  36      12FA7BD8 
  36      ED72B5B5 
  36      B9616A58 
  36      9AB4D6
  37 0146 66224E54 		.ascii	"f\"NT9\201\246\232\321?9W~\203\360\226\275\344JI<D\015"
  37      3981A69A 
  37      D13F3957 
  37      7E83F096 
  37      BDE44A49 
  38 015d F34E02AB 		.ascii	"\363N\002\253\010i\033\255f\252\003\346np\352\177\340"
  38      08691BAD 
  38      66AA03E6 
  38      6E70EA7F 
  38      E0
  39 016e 03A28E47 		.ascii	"\003\242\216G\273\340\327\215f#-\340\351I-\035\304c"
  39      BBE0D78D 
  39      66232DE0 
  39      E9492D1D 
  39      C463
  40 0180 077627FB 		.ascii	"\007v'\373\304\201\213{`\177_\026{\020;\222\247\244"
  40      C4818B7B 
  40      607F5F16 
  40      7B103B92 
  40      A7A4
  41 0192 35479AFA 		.ascii	"5G\232\3721\203\016*\020\233\002\354\246\233}\321\323"
  41      31830E2A 
  41      109B02EC 
  41      A69B7DD1 
  41      D3
  42 01a3 6839BA3B 		.ascii	"h9\272;\334\365\016\375\367\036=\351\004\214\224fE\203"
  42      DCF50EFD 
  42      F71E3DE9 
  42      048C9466 
  42      4583
  43 01b5 F8935CD4 		.ascii	"\370\223\\\324\212l\251\215bf\267\243s6z#\210\216\347"
  43      8A6CA98D 
  43      6266B7A3 
  43      73367A23 
  43      888EE7
  44 01c8 72A13CF9 		.ascii	"r\241<\371\221\321\341\321\361\302\340\311\301p\274"
  44      91D1E1D1 
  44      F1C2E0C9 
  44      C170BC
  45 01d7 108E0C8D 		.ascii	"\020\216\014\215\205\2053y\035O\235\036\032\313\345"
  45      85853379 
  45      1D4F9D1E 
  45      1ACBE5
  46 01e6 8987CF16 		.ascii	"\211\207\317\026\376\002\3253\331\264"
  46      FE02D533 
  46      D9B4
  47              		.text
  48              		.section	.gnu.lto_palWriteBus.1d35b49,"",%progbits
  49 0000 789C9593 		.ascii	"x\234\225\223KO\023Q\024\307\357\177\316tZ\372\002v"
  49      4B4F1351 
  49      14C7EF7F 
ARM GAS  C:\Users\SevenI7\AppData\Local\Temp\cc1OMBjE.s 			page 4


  49      CE745AFA 
  49      0276
  50 0012 26B26021 		.ascii	"&\262`!\222.d\202\256\374\006~\013\003\335@B\202\261"
  50      922E6482 
  50      AEFC067E 
  50      0B03DD40 
  50      4282B1
  51 0025 1A970CB5 		.ascii	"\032\227\014\265-\0304!FJR\013i \20211b|T\036b\255\012"
  51      2D183421 
  51      464A520B 
  51      69208231 
  51      31627C54 
  52 003d 3E680416 		.ascii	">h\004\026D\215\211\211&.L\324\232\020\343\202\024\317"
  52      448D8989 
  52      262E4CD4 
  52      9A10E382 
  52      14CF
  53 004f B96DA112 		.ascii	"\271m\241\0227\275\23193\367\334s\177\377s\356\303R"
  53      37BD9939 
  53      33F7DC73 
  53      7FFF73EE 
  53      C352
  54 0061 4A9D3295 		.ascii	"J\2352\225:\301\337\026~\225\251`(~Al\011`\027\324\200"
  54      3AC1DF16 
  54      7E95A960 
  54      287E416C 
  54      096017D4 
  55 0076 4118C065 		.ascii	"A\030\300e\272F\310\017}\2357B\263\016\267\334\370\266"
  55      BA46C80F 
  55      7D9D3742 
  55      B30EB7DC 
  55      F8B6
  56 0088 9570E287 		.ascii	"\225p\342\207\322\034\232$\245\033\356!\304Q\033\261"
  56      D21C9A24 
  56      A51BEE21 
  56      C4511BB1 
  57 0098 B9348D50 		.ascii	"\2714\215P\232\001&w\177\025R_\202\3225\320\312\335"
  57      9A012677 
  57      7F15525F 
  57      82D235D0 
  57      CADD
  58 00aa F8C67882 		.ascii	"\370\306x\202(\004\305\377\357\213\267>\006\333o8N\324"
  58      2804C5FF 
  58      EF8BB73E 
  58      06DB6F38 
  58      4ED4
  59 00bc C9ED4C93 		.ascii	"\311\355L\223s$M\204\207 \006\342\001Zp\037-\212]\012"
  59      73244D84 
  59      872006E2 
  59      015A701F 
  59      2D8A5D0A 
  60 00d0 59B473F8 		.ascii	"Y\264s\370Dij\325G\307\364\324\231\345t\2702smF\317"
  60      44696AD5 
  60      47C7F4D4 
  60      99E574B8 
  60      32736D46 
  61 00e5 34F1E8E0 		.ascii	"4\361\350\340L\256g\036\355\022\376\371ni,`\231\231"
ARM GAS  C:\Users\SevenI7\AppData\Local\Temp\cc1OMBjE.s 			page 5


  61      4CAE671E 
  61      ED12FEF9 
  61      6E692C60 
  61      9999
  62 00f7 6AB65880 		.ascii	"j\266X\200\005\311`}n$H\3075\362\303\372\314l\240mZ"
  62      05C9607D 
  62      6E2448C7 
  62      35F2C3FA 
  62      CC6CA06D 
  63 010c 337F5FB7 		.ascii	"3\177_\267RN.\326\232&\027\026\377\305J\333'b\011m\232"
  63      524E2ED6 
  63      9A261716 
  63      FFC54ADB 
  63      2762096D 
  64 0121 C6CCC7CC 		.ascii	"\306\314\307\314T\312`\021\361\336\331t\345\234\322"
  64      54CA6011 
  64      F1DED974 
  64      E59CD2
  65 0130 EE9093DB 		.ascii	"\356\220\223\333:\374s\373Ss3 \331\030\234\227EbL1."
  65      3AFC73FB 
  65      53733320 
  65      D9189C97 
  65      45624C31 
  66 0145 366E4B8C 		.ascii	"6nK\214[\272\0361\015b\274\342\363\311\237\237\215'"
  66      5BBA1E31 
  66      0D62BCE2 
  66      F3C99F9F 
  66      8D27
  67 0157 08598446 		.ascii	"\010Y\204FMVjX\257\3700\361n\321%^ E\337\020-%\276g"
  67      4D566A58 
  67      AFF830F1 
  67      6ED1255E 
  67      2045DF10 
  68 016f FD92448A 		.ascii	"\375\222D\212\214\024A\261k\241\241\334\227\315K\306"
  68      8C1441B1 
  68      6BA1A1DC 
  68      97CD4BC6 
  69 017f F36FDDB2 		.ascii	"\363o\335\262\017\244\253]\312\027V\254\014&\007y3\271"
  69      0FA4AB5D 
  69      CA1756AC 
  69      0C260779 
  69      33B9
  70 0191 CC861405 		.ascii	"\314\206\024\005\261,\345\311\226\215\\}\007\373\266"
  70      B12CE5C9 
  70      968D5C7D 
  70      07FBB6
  71 01a0 33AA87BC 		.ascii	"3\252\207\274x\202\014\306\264$r\260\031|q'\2012\331"
  71      78820CC6 
  71      B42472B0 
  71      197C7127 
  71      8132D9
  72 01b3 D462542B 		.ascii	"\324bT+\346\252\213\356\303SM\327\207-_\246'\253\364"
  72      E6AA8BEE 
  72      C3534DD7 
  72      872D5FA6 
  72      27ABF4
  73 01c6 0A6DB3B8 		.ascii	"\012m\263\2706\341\223\324\335h\3023\306pL\261\032\343"
ARM GAS  C:\Users\SevenI7\AppData\Local\Temp\cc1OMBjE.s 			page 6


  73      36E193D4 
  73      DD68C233 
  73      C6704CB1 
  73      1AE3
  74 01d8 D64958B5 		.ascii	"\326IX\265\031x\352\254\357\371~}/\016\324\307\363\300"
  74      1978EAAC 
  74      EFF97E7D 
  74      2F0ED4C7 
  74      F3C0
  75 01ea C05ABAB7 		.ascii	"\300Z\272\267\316\372V\366\353[-\323\367r\367i\001\257"
  75      CEFA56F6 
  75      EB5B2DD3 
  75      F772F769 
  75      01AF
  76 01fc F8FE547D 		.ascii	"\370\376T}\215\272$_\255\242\277.E?^jEC\024_i\305|R"
  76      8DBA245F 
  76      ADA2BF2E 
  76      453F5E6A 
  76      4543145F 
  77 0214 936A4F41 		.ascii	"\223jOA\340\177\247 \310Zx]\241ne\027\262\001\246\306"
  77      E07FA720 
  77      C85A785D 
  77      A16E6517 
  77      B201A6C6 
  78 0228 0665A811 		.ascii	"\006e\250\021o4\225\312\307\177qr\352&\366\006\233\260"
  78      6F3495CA 
  78      C77F7172 
  78      EA26F606 
  78      9BB0
  79 023a 067B8CEF 		.ascii	"\006{\214\357\033+\026`s\021\352\007\242\231\335+(_"
  79      1B2B1660 
  79      7311EA07 
  79      A299DD2B 
  79      285F
  80 024c 0D7D58E5 		.ascii	"\015}X\345n(u\264\243\303\346'\334\323\333\335\333\037"
  80      6E2875B4 
  80      A3C3E627 
  80      DCD3DBDD 
  80      DB1F
  81 025e E93CD969 		.ascii	"\351<\331i\367G\354\236\256>;r6,\337\323g\272\372:\302"
  81      F747EC9E 
  81      AE3E3B72 
  81      362CDFD3 
  81      67BAFA3A 
  82 0273 8ABACF47 		.ascii	"\212\272\317G\314\356\336s\021\\\370\013\321\375PR"
  82      CCEEDE73 
  82      115CF80B 
  82      D1FD5052 
  83              		.text
  84              		.section	.gnu.lto_palSetBusMode.1d35b49,"",%progbits
  85 0000 789C9591 		.ascii	"x\234\225\221\317k\023A\024\307\337w\337f\267im\317"
  85      CF6B1341 
  85      14C7DF77 
  85      DF66B769 
  85      6DCF
  86 0012 1E72C841 		.ascii	"\036r\310A\0149\230%G\377\002\377\014i\243\320@%b\360"
  86      0C399825 
ARM GAS  C:\Users\SevenI7\AppData\Local\Temp\cc1OMBjE.s 			page 7


  86      47FF02FF 
  86      0C69A3D0 
  86      402562F0 
  87 0026 9C319AB4 		.ascii	"\2341\232\264RAQ\233B\\$\007\243 \210J\353\217\264U"
  87      5241519B 
  87      425C2407 
  87      A320884A 
  87      EB8FB455 
  88 003a D71C3C59 		.ascii	"\327\034<Y\244=)\3768(\010J,-^\265\372\235\211\036\364"
  88      A43D29FE 
  88      3828084A 
  88      2C2D5EB5 
  88      FA9D891E 
  89 004f D661F7CD 		.ascii	"\326a\367\315\274\231\367>\363}o\002\021){\"E\316\031"
  89      BC99F73E 
  89      F37D6F02 
  89      11297B22 
  89      45CE19
  90 0062 FEE20BE8 		.ascii	"\376\342\013\350\302\203\322*\300-H\315S\324pA\257*"
  90      C283D22A 
  90      C02D48CD 
  90      53D47041 
  90      AF2A
  91 0074 FAB39F7B 		.ascii	"\372\263\237{^\376\226\341H\0267\303\246i\354\217\031"
  91      5EFE96E1 
  91      481637C3 
  91      A669EC8F 
  91      19
  92 0085 DA527103 		.ascii	"\332Rq\003K\3103j\343\334\275X\3475&\300\247\273\263"
  92      4BC8336A 
  92      E3DCBD58 
  92      E73526C0 
  92      A7BBB3
  93 0098 DEFE3461 		.ascii	"\336\3764a]\017Y\272\215\215\305\246j\036\302\365\233"
  93      5D0F59BA 
  93      8D8DC5A6 
  93      6A1EC2F5 
  93      9B
  94 00a9 EDDBEF26 		.ascii	"\355\333\357&r]c\352&yyC\315\201X\025\017\241\004\342"
  94      725D63EA 
  94      26797943 
  94      CD815815 
  94      0FA104E2 
  95 00bd 01325846 		.ascii	"\0012XFF\270%x\204\034\303\277/u\257\214\351!\227\372"
  95      46B82578 
  95      841CC3BF 
  95      2F75AF8C 
  95      E92197FA 
  96 00d1 616BF9DA 		.ascii	"ak\371\332\350\237\324\037]\227\352\343\361\377\251"
  96      E89FD41F 
  96      5D97EAE3 
  96      F1FFA9
  97 00e0 2CA8879C 		.ascii	",\250\207\234\215\377x\177wa<\360;\177\345b\005\001"
  97      8DFF787F 
  97      77613CF0 
  97      3B7FE562 
  97      0501
ARM GAS  C:\Users\SevenI7\AppData\Local\Temp\cc1OMBjE.s 			page 8


  98 00f2 8B1370E7 		.ascii	"\213\023p\347\356f*1\273\277fM2\270\211\367G\322\036"
  98      EE662A31 
  98      BBBF664D 
  98      32B889F7 
  98      47D21E
  99 0105 33534A13 		.ascii	"3SJ\023\3704a\312\256\002X\021!\034O\346\\\305s\312"
  99      F83461CA 
  99      AE025811 
  99      211C4FE6 
  99      5CC573CA 
 100 0119 6EE9790A 		.ascii	"n\351y\012\024\375\212\372\312\227o%\213m\253\307\013"
 100      14FD8AFA 
 100      CA976F25 
 100      8B6DABC7 
 100      0B
 101 012a 5B8DFEAB 		.ascii	"[\215\376\253\320\226\255N\357Z\177\375E\320\301\365"
 101      D096AD4E 
 101      EF5A7FFD 
 101      45D0C1F5 
 102 013a 33EC5D36 		.ascii	"3\354]6\326\221\266\006X\245F{\2663\177\3715\242;\346"
 102      D691B606 
 102      58A5467B 
 102      B6337FF9 
 102      35A23BE6 
 103 014e 923B4A63 		.ascii	"\222;Jc\015\035,\270\033\360\004\221Xtz\010\326=\221"
 103      0D1D2CB8 
 103      1BF00491 
 103      58747A08 
 103      D63D91
 104 0161 46F1D491 		.ascii	"F\361\324\221\334;>\373\227\344\357\2114\206\304\221"
 104      DC3B3EFB 
 104      97E4EF89 
 104      3486C491 
 105 0171 3C4B7AEE 		.ascii	"<Kz\356Hg\267\233\030\242R\324E\240\014\320\314\272"
 105      4867B79B 
 105      18A252D4 
 105      45A00CD0 
 105      CCBA
 106 0183 B632BDD7 		.ascii	"\2662\275\327\033\274\015k?\315H\254\373ZV\000\372\250"
 106      1BBC0D6B 
 106      3FCD48AC 
 106      FB5A5600 
 106      FAA8
 107 0195 093BE3C2 		.ascii	"\011;\343\302\303X\307e\013\365\316\352E\307\220a7\031"
 107      C358C765 
 107      0BF5CEEA 
 107      45C79061 
 107      3719
 108 01a7 C60B0E16 		.ascii	"\306\013\016\026\012\021\277\322ty\252\\\251\026\017"
 108      0A11BFD2 
 108      7479AA5C 
 108      A9160F
 109 01b6 17A34A35 		.ascii	"\027\243J5\232\236\234\211\252\247Jv>zrr\246P\022\235"
 109      9A9E9C89 
 109      AAA74A76 
 109      3E7A7272 
 109      A650129D 
ARM GAS  C:\Users\SevenI7\AppData\Local\Temp\cc1OMBjE.s 			page 9


 110 01ca 3A5DF54F 		.ascii	":]\365OT\216\035\377\015vs\304|"
 110      548E1DFF 
 110      0D7673C4 
 110      7C
 111              		.text
 112              		.section	.gnu.lto_palSetPadCallbackI.1d35b49,"",%progbits
 113 0000 789C7D52 		.ascii	"x\234}R\321K\223Q\024\277\277\357|\3736-\215\204 B\304"
 113      D14B9351 
 113      14BFBFEF 
 113      7CFB362D 
 113      8D842042 
 114 0015 87CC7CD9 		.ascii	"\207\314|\331X\320\203\320\037\320\177\021sE\012\202"
 114      58D083D0 
 114      1FD07F11 
 114      73450A82 
 115 0025 63EB31D8 		.ascii	"c\3531\330M[S\214\202\230K\326G,R3BL2s\245sm\265\254"
 115      4D5B538C 
 115      82984BD6 
 115      472C5233 
 115      424C3273 
 116 003e 34337A08 		.ascii	"43z\010\204\036\262\014+%ED\"\265s\357V\224\017\035"
 116      841EB20C 
 116      2B254544 
 116      22B573EF 
 116      56940F1D 
 117 0052 BECBFDCE 		.ascii	"\276\313\375\316=\347\367;\277s\317\265\204\020{I\210"
 117      3DE7F73B 
 117      BF73CFB5 
 117      84107B49 
 117      88
 118 0063 63BCEFE3 		.ascii	"c\274\357\343%H\300\020\274\000v \302\006\302\270H1"
 118      2548C010 
 118      BC007620 
 118      C206C2B8 
 118      4831
 119 0075 4236BA90 		.ascii	"B6\272\2202\352nI\266\314\325x\351\005\031\331o30NB"
 119      32EA6E49 
 119      B6CCD578 
 119      E90519D9 
 119      6F33304E 
 120 008a 1BEEA18E 		.ascii	"\033\356\241\216\263f\317\337\265\251\223l\002LvW\246"
 120      B366CFDF 
 120      B5A9936C 
 120      024C7657 
 120      A6
 121 009b 13F3E5CA 		.ascii	"\023\363\345\3125P\315n\356\325\366h)\325A\360\377f"
 121      3550CD6E 
 121      EED5F668 
 121      29D541F0 
 121      FF66
 122 00ad 7E7DC155 		.ascii	"~}\301U\333+e\253\314|\354!y\320&\302\010\210\011q\037"
 122      DB2B65AB 
 122      CC7CEC21 
 122      79D026C2 
 122      08880971 
 123 00c2 951846A5 		.ascii	"\225\030F\245\340#\201\007\250\345\364\330\322\313\012"
 123      E0238107 
ARM GAS  C:\Users\SevenI7\AppData\Local\Temp\cc1OMBjE.s 			page 10


 123      A8E5F4D8 
 123      D2CB0A
 124 00d1 726BE4CC 		.ascii	"rk\344\314\355\371\210\365\033\331\247\221&Fw\"M\201"
 124      EDF988F5 
 124      1BD9A791 
 124      26467722 
 124      4D81
 125 00e3 9446665F 		.ascii	"\224Ff_w\304\367\320\021\015\315\245\322\023eE\350B"
 125      77C4F7D0 
 125      110DCDA5 
 125      D2136545 
 125      E842
 126 00f5 7F554F9B 		.ascii	"\177UO\233<n\223\003\017w\202\035\002\2174\370\253\354"
 126      3C6E9303 
 126      0F77821D 
 126      028F34F8 
 126      ABEC
 127 0107 1C071DD5 		.ascii	"\034\007\035\325\340\336K\033CF\021<U\250kal'\324\022"
 127      E0DE4B1B 
 127      4346113C 
 127      55A86B61 
 127      6C27D412 
 128 011b 1847ADCA 		.ascii	"\030G\255\312o\357\033\355.\241z\215]]\234\332p\324"
 128      6FEF1BED 
 128      2EA17A8D 
 128      5D5D9CDA 
 128      70D4
 129 012d DCD4D8F5 		.ascii	"\334\324\330\365\376\252\033mrR\23269\221\376\027\257"
 129      FEAA1B6D 
 129      72529A36 
 129      3991FE17 
 129      AF
 130 013e 8CD33F0C 		.ascii	"\214\323?\014mu\225Y&&PS\270ad\300\304\274\253\243\301"
 130      6D759559 
 130      26265053 
 130      B86164C0 
 130      C4BCABA3 
 131 0153 378E8CDC 		.ascii	"7\216\214\334\332\216r\017\207\227\327\246*\\\200\352"
 131      DA8E720F 
 131      8797D7A6 
 131      2A5C80EA 
 132 0163 D5102A68 		.ascii	"\325\020*hBI\267\240U\210v=\236\016\342\231\322\027"
 132      4249B7A0 
 132      5588763D 
 132      9E0EE299 
 132      D217
 133 0175 B4FE882E 		.ascii	"\264\376\210.\315\236U\\\0112\270L<\222\235q\252\361"
 133      CD9E555C 
 133      0932B84C 
 133      3C929D71 
 133      AAF1
 134 0187 B8B4C854 		.ascii	"\270\264\310T\352\333\2343\274)]|\220\244\202\222\341"
 134      EADB9C33 
 134      BC295D7C 
 134      90A48292 
 134      E1
 135 0198 B6952BE5 		.ascii	"\266\225+\345I\\\207M%\310\362cx\254Tr\340\332\252\374"
ARM GAS  C:\Users\SevenI7\AppData\Local\Temp\cc1OMBjE.s 			page 11


 135      495C874D 
 135      25C8F263 
 135      78AC5472 
 135      E0DAAAFC 
 136 01ac B9DB3BA8 		.ascii	"\271\333;\250\336Cr\204\243\245\310!\211\004\241\330"
 136      DE437284 
 136      A3A5C821 
 136      8904A1D8 
 137 01bc C2C0F7D5 		.ascii	"\302\300\367\325\224\311dl\325\252\321'\360\262\374"
 137      94C9646C 
 137      D5AAD127 
 137      F0B2FC
 138 01cb A7080BD6 		.ascii	"\247\010\013\326\221X\274\374\311R:\376\026\341\324"
 138      9158BCFC 
 138      C9523AFE 
 138      16E1D4
 139 01da 22C6B2D3 		.ascii	"\"\306\262\323y\213\013\236S\304\007\230\227\245\"_"
 139      798B0B9E 
 139      53C40798 
 139      97A5225F 
 140 01ea 2CFA36FA 		.ascii	",\3726\372\356\375.\317@\221\324\201g\\\262K\267\210"
 140      EEFD2ECF 
 140      4091D481 
 140      675CB24B 
 140      B788
 141 01fc 4978123C 		.ascii	"Ix\022<tM\336\035q\026\311\377\313v'\275\266\356\370"
 141      744DDE1D 
 141      7116C9FF 
 141      CB7627BD 
 141      B6EEF8
 142 020f C366E1B9 		.ascii	"\303f\341\271f\323\017\377\205b\263\3042Z\223\237c\320"
 142      66D30FFF 
 142      8562B3C4 
 142      325A939F 
 142      63D0
 143 0221 B7AFAC5D 		.ascii	"\267\257\254]E\371.\017\271\335\036\376\374\215M\015"
 143      45F92E0F 
 143      B9DD1EFE 
 143      FC8D4D0D 
 144 0231 4D2D216F 		.ascii	"M-!o\275\327\323\022\3624\372\232=\241\240_\355'\002"
 144      BDD7D312 
 144      F234FA9A 
 144      3DA1A05F 
 144      ED2702
 145 0244 BE66B75F 		.ascii	"\276f\267_\230\201\226\340\031\012\370N\032\376\006"
 145      988196E0 
 145      190AF84E 
 145      1AFE06
 146 0253 F2054F53 		.ascii	"\362\005OS\340T\340\027\253\363\011\255"
 146      E054E017 
 146      ABF309AD 
 147              		.text
 148              		.section	.gnu.lto_palSetLineCallbackI.1d35b49,"",%progbits
 149 0000 789C7D52 		.ascii	"x\234}R\337K\223Q\030>\317\367~?\324R\257\002\011\011"
 149      DF4B9351 
 149      183ECFF7 
 149      7E3FD452 
ARM GAS  C:\Users\SevenI7\AppData\Local\Temp\cc1OMBjE.s 			page 12


 149      AF020909 
 150 0014 2FB26117 		.ascii	"/\262a\027\033\273\010\352\257\2119$\205\221\303\375"
 150      1BBB08EA 
 150      AF893924 
 150      8591C3FD 
 151 0024 013B6DB9 		.ascii	"\001;m\271M\014/Bg\254\021\013\323 \321%-\333\312\037"
 151      4D0C2F42 
 151      67AC110B 
 151      D320D125 
 151      2DDBCA1F 
 152 0038 6B961968 		.ascii	"k\226\031h\277(\020\212.\212\014\355\0079D,\314z\317"
 152      BF28108A 
 152      2E8A0CED 
 152      0739442C 
 152      CC7ACF
 153 004b D988F2A2 		.ascii	"\331\210\362\242\227\357\343|\347\234\367y\336\347}"
 153      97EFE37C 
 153      E79CF779 
 153      DEE77D
 154 005a DECF1642 		.ascii	"\336\317\026B\200\2048\311\353!~\005\011\030|d\000\352"
 154      808438C9 
 154      EB217E05 
 154      09187C64 
 154      00EA
 155 006c 46840D84 		.ascii	"F\204\015\204q\201\006\011\245\370Z\301h\273.9\212\303"
 155      71810609 
 155      A5F85AC1 
 155      68BB2E39 
 155      8AC3
 156 007e AB7531D9 		.ascii	"\253u1\331\333\224f`\222\204\016\334B\033g=?\1773M\375"
 156      DB946660 
 156      92840EDC 
 156      421B673D 
 156      3F7F334D 
 157 0093 9426C0E4 		.ascii	"\224&\300\344\355\346J\352}\203\332\032h\341\355\345"
 157      EDE64AEA 
 157      7D83DA1A 
 157      68E1EDE5 
 158 00a3 BD720CD4 		.ascii	"\275r\014\324\006\301\337\321\341\221\220kT\312\210"
 158      06C1DFD1 
 158      E191906B 
 158      54CA88
 159 00b2 2CBEB946 		.ascii	",\276\271F\362h\232\010\323 \346\303m4#\207f\301G\002"
 159      F2689A08 
 159      D320E6C3 
 159      6D342387 
 159      66C14702 
 160 00c6 77E052D5 		.ascii	"w\340R\325\237\365%\033\311\255\221\013\205\271\371"
 160      9FF5251B 
 160      C9AD910B 
 160      85B9F9
 161 00d5 FA2A7477 		.ascii	"\372*twLCM\344\367CM\201\202\206~\222\375\263 \257\206"
 161      4C434DE4 
 161      F7434D81 
 161      82867E92 
 161      FDB320AF 
 162 00ea 8E0EEC4C 		.ascii	"\216\016\354L\031U\350rSJ\026\3154Y\270\273\037k\011"
ARM GAS  C:\Users\SevenI7\AppData\Local\Temp\cc1OMBjE.s 			page 13


 162      1955E872 
 162      534A16CD 
 162      3459B8BB 
 162      1F6B09
 163 00fd DC834B01 		.ascii	"\334\203K\001\022c\371K\265tB\203\313\353\313;V\353"
 163      1263F94B 
 163      B5744283 
 163      CBEBCB3B 
 163      56EB
 164 010f 88066FDF 		.ascii	"\210\006o\3378r5*\227$\343m\314\374\213W\301\351\357"
 164      3872352A 
 164      9724E36D 
 164      CCFC8B57 
 164      C1E9EF
 165 0122 A6F686EA 		.ascii	"\246\366\206\352m\023\263h\255\270\2049\330l\251\200"
 165      6D13B368 
 165      ADB88439 
 165      D86CA980 
 166 0132 3ACABEB0 		.ascii	":\312\276\260\212r\357W\\\026\327\216\017,<\0317j\301"
 166      8A72EF57 
 166      5C16D78E 
 166      0F2C3C19 
 166      376AC1
 167 0145 851DF69D 		.ascii	"\205\035\366\235\033f2N\261\240:p\240\265\210\2046\272"
 167      1B66324E 
 167      B1A03A70 
 167      A0B58884 
 167      36BA
 168 0157 8F783AB4 		.ascii	"\217x:\264\201\350n\354\313\253\034\024e\212\220\"\203"
 168      81E86EEC 
 168      CBAB1C14 
 168      658A9022 
 168      83
 169 0168 0B4E96B7 		.ascii	"\013N\226\267&me\266\203F\314\263\220\015D~\304\277"
 169      266D65B6 
 169      8346CCB3 
 169      900D447E 
 169      C4BF
 170 017a 532549CD 		.ascii	"S%I\3150\331[z\352\250\214\032\335P\241\360\371\265"
 170      30D95B7A 
 170      EAA88C1A 
 170      DD50A1F0 
 170      F9B5
 171 018c 13FE296B 		.ascii	"\023\376)k\370 C\025\325\271\350\346\305\206\014\256"
 171      F8204315 
 171      D5B9E8E6 
 171      C5860CAE 
 172 019c 204DB5B8 		.ascii	" M\265\270\317\303/\252\216\324\354\312r\367\2407\253"
 172      CFC32FAA 
 172      8ED4ECCA 
 172      72F7A037 
 172      AB
 173 01ad E69F99E6 		.ascii	"\346\237\231\346\333:\224\220\341\312\250\266;\361\255"
 173      DB3A9490 
 173      E1CAA8B6 
 173      3BF1AD
 174 01bc 5C30998C 		.ascii	"\\0\231\214\243E\231\262\000/\267\372\000a%#\265\236"
ARM GAS  C:\Users\SevenI7\AppData\Local\Temp\cc1OMBjE.s 			page 14


 174      A34599B2 
 174      002FB7FA 
 174      00612523 
 174      B59E
 175 01ce FD602B1D 		.ascii	"\375`+\035\177\213\260\265\210\231\322\312\242\315\005"
 175      7F8BB0B5 
 175      8899D2CA 
 175      A2CD05
 176 01dd CF29E2C3 		.ascii	"\317)\342\303\314\313R\361\260Z\364e|\365\355\001\317"
 176      CCCB52F1 
 176      B05AF465 
 176      7CF5ED01 
 176      CF
 177 01ee 4495D4C4 		.ascii	"D\225\324\304\"\227\034\322F\340\021<)\036\224&\317"
 177      22971CD2 
 177      46E0113C 
 177      291E9426 
 177      CF
 178 01ff F73A55F2 		.ascii	"\367:U\362\377\262\215\317mm[\177\330,,i6\375\243?V"
 178      FFB28DCF 
 178      6D6D5B7F 
 178      D82C2C69 
 178      36FDA33F 
 179 0214 6C8EF88A 		.ascii	"l\216\370\212H\346\343\220\266U\2171\241n\331\361cn"
 179      48E6E390 
 179      B6558F31 
 179      A16ED9F1 
 179      636E
 180 0226 B7871F7F 		.ascii	"\267\207\037\177gW{Ww\310{\312\353\351\016y:}\001O\250"
 180      67577B57 
 180      77C87BCA 
 180      EBE90E79 
 180      3A7D014F 
 181 023b C7AFD6D3 		.ascii	"\307\257\326\323A_\300\355\027f\240\353l\207\341o'_"
 181      415FC0ED 
 181      1766A0EB 
 181      6C87E16F 
 181      275F
 182 024d CF190A76 		.ascii	"\317\031\012v\004\177\003\222\357\001\205"
 182      047F0392 
 182      EF0185
 183              		.text
 184              		.section	.gnu.lto_.symbol_nodes.1d35b49,"",%progbits
 185 0000 789C6363 		.ascii	"x\234cc``\250\005b\006\246\023L\365\014\014\023\316"
 185      6060A805 
 185      6206A613 
 185      4CF50C0C 
 185      13CE
 186 0012 313000A9 		.ascii	"10\000\251]\215\216@\221\223L\365\214\250\"\247\230"
 186      5D8D8E40 
 186      91934CF5 
 186      8CA822A7 
 186      98
 187 0023 EA995045 		.ascii	"\352\231PEN3\3253\243\210\260^dbP\000\231w\206\251\236"
 187      4E33D533 
 187      A388B05E 
 187      64625000 
ARM GAS  C:\Users\SevenI7\AppData\Local\Temp\cc1OMBjE.s 			page 15


 187      997786A9 
 188 0038 054586F1 		.ascii	"\005E\206\361<S=+X\204\201\241\241\301\201\201\201\231"
 188      3C533D2B 
 188      588481A1 
 188      A1C18181 
 188      8199
 189 004a 898D61F1 		.ascii	"\211\215a\361\303\177\214\014\000\354p\037F"
 189      C37F8C0C 
 189      00EC701F 
 189      46
 190              		.text
 191              		.section	.gnu.lto_.refs.1d35b49,"",%progbits
 192 0000 789C6363 		.ascii	"x\234cc``\340\006bFf&\026FFV&\026&\006\000\001\303\000"
 192      6060E006 
 192      62466626 
 192      16464656 
 192      26162606 
 193 0018 2B       		.ascii	"+"
 194              		.text
 195              		.section	.gnu.lto_.decls.1d35b49,"",%progbits
 196 0000 789CAD58 		.ascii	"x\234\255X{P\024G\032\237\236\336\305eY \007^\312;\255"
 196      7B501447 
 196      1A9F9EDE 
 196      C5655920 
 196      075ECA3B 
 197 0015 941589A1 		.ascii	"\224\025\211\241R\027\020\275\213\346\312\273J\242^"
 197      521710BD 
 197      8BE6CABB 
 197      4AA25E
 198 0024 6245A387 		.ascii	"bE\243\207y\224u\324mVX\225\022\301s\227\\\345\257\033"
 198      799475D4 
 198      6D565895 
 198      12C17397 
 198      5CE5AF1B 
 199 0038 1E2A3E23 		.ascii	"\036*>#>yhD\361\205 \240\"JP\304E\024\025\024APP\024"
 199      3E796844 
 199      F18520A0 
 199      224A50C4 
 199      45141514 
 200 0050 5F208AB8 		.ascii	"_ \212\270\"\"o\356\353\356\031fv\3351\271\253L\321"
 200      22226FEE 
 200      EBEE1966 
 200      76DD31B9 
 200      AB4CD1
 201 0063 CC74F7AF 		.ascii	"\314t\367\257\277\307\357\373z\372\233u\3438n\363\357"
 201      BFC7EFFB 
 201      7AFA9B75 
 201      E3386EF3 
 201      EF
 202 0074 38EE30E6 		.ascii	"8\3560\346\270\020\236\343\006\341r\203\261\323\234"
 202      B8109EE3 
 202      06E17283 
 202      B1D39C
 203 0083 7C91FE9B 		.ascii	"|\221\376\233\210\343FB\033\003m\002\264\311\320>\201"
 203      88E34642 
 203      1B036D02 
 203      B4C9D03E 
ARM GAS  C:\Users\SevenI7\AppData\Local\Temp\cc1OMBjE.s 			page 16


 203      81
 204 0094 067FDC1C 		.ascii	"\006\177\334\034\3049\\\357\203\034/\270\373@\033\016"
 204      C4395CEF 
 204      831C2FB8 
 204      FB401B0E 
 205 00a4 AD149A2F 		.ascii	"\255\024\232/`\006\340\376.\264\271d\016\372_B\373\012"
 205      6006E0FE 
 205      2EB4B964 
 205      0EFA5F42 
 205      FB0A
 206 00b6 5A3FF42F 		.ascii	"Z?\364/@\373\032\236\277\201\246\201g=\334\237\301\335"
 206      40FB1A9E 
 206      BF81A681 
 206      673DDC9F 
 206      C1DD
 207 00c8 13EE5EA2 		.ascii	"\023\356^\242\036b\003\210\346\346\303}\201\223\316"
 207      1E620388 
 207      E6E6C37D 
 207      8193CE
 208 00d7 8930F11B 		.ascii	"\2110\361\033\270\177\253\320Kt\022\3356\205\336\001"
 208      B87FABD0 
 208      4B7412DD 
 208      3685DE01 
 209 00e7 5137D1F3 		.ascii	"Q7\321\363\265\223\015\367E;\264\034\323It\023;z\240"
 209      B5930DF7 
 209      453BB41C 
 209      D3497413 
 209      3B7AA0
 210 00fa DFC8311B 		.ascii	"\337\3101\033F\212\266D8\351\377T\364\331Y\377[*~K\372"
 210      468AB644 
 210      38E9FF54 
 210      F4D959FF 
 210      5B2A7E4B 
 211 010f 1743FB18 		.ascii	"\027C\373\030\032\026}\226\364\022?\307(8\216v\322\267"
 211      1A167D96 
 211      F4123FC7 
 211      28388E76 
 211      D2B7
 212 0121 00001E4E 		.ascii	"\000\000\036N\372\0100\000\332{\320\214\320\375\016"
 212      FA083000 
 212      DA7BD08C 
 212      D0FD0E
 213 0130 EEFF8616 		.ascii	"\356\377\206\026\014\355\357\242\314\231p\377\\\224"
 213      0CEDEFA2 
 213      CC9970FF 
 213      5C94
 214 013e 3941257E 		.ascii	"9A%~\337\273\220=\311I.\361\347u\262'\253\310\336\204"
 214      DFBB903D 
 214      C9492EF1 
 214      E775B227 
 214      ABC8DE84 
 215 0152 51E6867B 		.ascii	"Q\346\206{[5\267Q\003\231Ao $\"\225\027\351\017J\027"
 215      5B35B751 
 215      0399416F 
 215      20242295 
 215      17E90F4A 
 216 0167 9967001E 		.ascii	"\231g\000\036I\223\014\345\274\214\316!\326xN\306\312"
ARM GAS  C:\Users\SevenI7\AppData\Local\Temp\cc1OMBjE.s 			page 17


 216      49930CE5 
 216      BC8CCE21 
 216      D6784EC6 
 216      CA
 217 0178 2B145215 		.ascii	"+\024R\025\213\021\2758j\212\322\026j\231h\036\222\325"
 217      8B11BD38 
 217      6A8AD216 
 217      6A99681E 
 217      92D5
 218 018a A3218C84 		.ascii	"\243!\214\204WHEC\213^\265\216cq&$\324\264\256\3116"
 218      57484543 
 218      8B5EB58E 
 218      63712624 
 218      D4B4AEC9 
 219 019f 34A25B00 		.ascii	"4\242[\000\205\264X\257\203<\200\321;U'\372u\230g\317"
 219      85B458AF 
 219      833C80D1 
 219      3B5527FA 
 219      759867CF 
 220 01b3 ED99AB79 		.ascii	"\355\231\253y\354I\237{\217\245u\353\002\262\004v\351"
 220      EC499F7B 
 220      8FA575EB 
 220      02B20476 
 220      E9
 221 01c4 1671281F 		.ascii	"\026q(\037a\211\317+\361\271\333\360j\214|\364H\003"
 221      6189CF2B 
 221      F1B9DBF0 
 221      6A8C7CF4 
 221      4803
 222 01d6 DD671529 		.ascii	"\335g\025)\367\274\240;\\\217FC7\245\260\343\202\226"
 222      F7BCA03B 
 222      5C8F4643 
 222      37A5B0E3 
 222      8296
 223 01e8 CDEAA03B 		.ascii	"\315\352\240;\2707w\245\016O\246R\033\31222\311\302"
 223      B83777A5 
 223      0E4FA652 
 223      1BCA3232 
 223      C9C2
 224 01fa 77F588D8 		.ascii	"w\365\210\330\356\015C9\255\005\335\236l\210 \252~h"
 224      EE0D4339 
 224      AD05DD9E 
 224      6C8820AA 
 224      7E68
 225 020c DF3D0C7F 		.ascii	"\337=\014\177L\236\371\333u\2757\275\220\336?A\020b"
 225      4C9EF9DB 
 225      75BD37BD 
 225      90DE3F41 
 225      1062
 226 021e 85B438C1 		.ascii	"\205\2648\301\3753\016\025\240Q\3508\032\305\241b\344"
 226      FD330E15 
 226      A051E838 
 226      1AC5A162 
 226      E4
 227 022f 4FD61C43 		.ascii	"O\326\034C\001\034:\011\203'`p/\261\265\2709\371\257"
 227      011C3A09 
 227      83276070 
ARM GAS  C:\Users\SevenI7\AppData\Local\Temp\cc1OMBjE.s 			page 18


 227      2FB1B5B8 
 227      39F9AF
 228 0242 C9ED8230 		.ascii	"\311\355\2020\032\235BzT\2040\305\000;\357\352\231\365"
 228      1A9D427A 
 228      548430C5 
 228      003BEFEA 
 228      99F5
 229 0254 19BB1377 		.ascii	"\031\273\023w\271\341#\210\352(L}P\312\253\351(Q\327"
 229      B9E12388 
 229      EA284C7D 
 229      50CAABE9 
 229      2851D7
 230 0267 91F3F6D9 		.ascii	"\221\363\366\331e\202\300#\033\3508-\353\000\225LI\374"
 230      6582C023 
 230      1BE8382D 
 230      EB00954C 
 230      49FC
 231 0279 99CE444F 		.ascii	"\231\316DO\234D\211\345\233\272\343\363<\324\224\234"
 231      9C4489E5 
 231      9BBAE3F3 
 231      3CD4949C 
 232 0289 5555F2B4 		.ascii	"UU\362\264\334\377\370U\342H)(9#+\261IJj\236\265o\361"
 232      DCFFF855 
 232      E2482928 
 232      39232BB1 
 232      494A6A9E 
 233 02a0 C2F758F4 		.ascii	"\302\367X\364\244(\370\260(\344\016nj\364\304\217\330"
 233      A428F8B0 
 233      28E40E6E 
 233      6AF4C48F 
 233      D8
 234 02b1 5C52D5A1 		.ascii	"\\R\325\241iz\320\036\367\213\\\204\005m\361\017\032"
 234      697AD01E 
 234      F78B5C84 
 234      056DF10F 
 234      1A
 235 02c2 3D98B011 		.ascii	"=\230\260\021\320\275\033\233W\346\211\2372ak7\331l"
 235      D0BD1B9B 
 235      57E6899F 
 235      32616B37 
 235      D96C
 236 02d4 1AFC8275 		.ascii	"\032\374\202u\322\223\023Whq\017\353dlX\237\253\307"
 236      D2931357 
 236      68710FEB 
 236      646C589F 
 236      ABC7
 237 02e6 7DAC5365 		.ascii	"}\254Se/\337\356\301\262\342\015\350\226\016\276,\366"
 237      2FDFEEC1 
 237      B2E20DE8 
 237      960EBE2C 
 237      F6
 238 02f7 66127962 		.ascii	"f\022yb\321\201k=\356x\200A\367\364\364\332IZ\214%i"
 238      D1816B3D 
 238      EE788041 
 238      F7F4F4DA 
 238      495A8C25 
 239 030c 81154931 		.ascii	"\201\025I1\226%\305\251\213\347\367\032p<\246df\247"
ARM GAS  C:\Users\SevenI7\AppData\Local\Temp\cc1OMBjE.s 			page 19


 239      9625C5A9 
 239      8BE7F71A 
 239      703CA664 
 239      66A7
 240 031e F4F5794B 		.ascii	"\364\365yKd\256\217\023\264\376\034\252\004\313\257"
 240      64AE8F13 
 240      B4FE1CAA 
 240      04CBAF
 241 032d 1077AE81 		.ascii	"\020w\256\201;cEw\256\302`\265\"+\306n]A\"V\013d\326"
 241      3B634577 
 241      AEC260B5 
 241      222BC66E 
 241      5D412256 
 242 0344 C8648E15 		.ascii	"\310d\216\025\271,J\274\321\244\307?0\035\261\225\233"
 242      B92C4ABC 
 242      D1A4C73F 
 242      301DB195 
 242      9B
 243 0355 9FABEAA8 		.ascii	"\237\253\352\250W\327\2213\376\014\315\212:\320q]\326"
 243      57D79133 
 243      FE0CCD8A 
 243      3AD0715D 
 243      D6
 244 0366 512B052C 		.ascii	"Q+\005,\266k\327\011\035N\242J4\235\373\217\326z!_?"
 244      B66BD709 
 244      1D4EA24A 
 244      349DFB8F 
 244      D67A215F 
 245 037b 3FFF44B2 		.ascii	"?\377D\262z=4\304\313\241\341\320M\344K$\240\333\240"
 245      7A3D34C4 
 245      CBA1E1D0 
 245      4DE44B24 
 245      A0DBA0
 246 038e B001F9C1 		.ascii	"\260\001\371\301\326\365\243;p\027\261\252\270\371\361"
 246      D6F5A33B 
 246      7017B1AA 
 246      B8F9F1
 247 039d B8D4F6FB 		.ascii	"\270\324\366\373\202\260\312@\325\335\000ud\301\220"
 247      82B0CA40 
 247      D5DD0075 
 247      64C190
 248 03ac 99814444 		.ascii	"\231\201DD\320\250!\374\243\221\311Bq,\246\340*\227"
 248      D0A821FC 
 248      A391C942 
 248      712CA6E0 
 248      2A97
 249 03be E04AA255 		.ascii	"\340J\242Ut\345V\252\036\266=\001q\242\027l\357k\316"
 249      74E556AA 
 249      1EB63D01 
 249      71A2176C 
 249      EF6BCE
 250 03d1 D91EE7E9 		.ascii	"\331\036\347\351\221\237\337p\177&\2666\325'=N(\033"
 250      919FDF70 
 250      7F26B636 
 250      D5273D4E 
 250      281B
 251 03e3 4777C225 		.ascii	"Gw\302%\220{\027\015\227\323\313\301\010\020\333\231"
ARM GAS  C:\Users\SevenI7\AppData\Local\Temp\cc1OMBjE.s 			page 20


 251      907B170D 
 251      97D3CBC1 
 251      0810DB99 
 252 03f3 EA1543AD 		.ascii	"\352\025C\255 \332/\253\2437\0204\344\252\2004JF\010"
 252      20DA2FAB 
 252      A3371034 
 252      E4AA8034 
 252      4A4608
 253 0406 9A30720F 		.ascii	"\2320r\017\030i\004F\356\210\2140\233/\245\216\210\201"
 253      18690446 
 253      EE888C30 
 253      9B2FA58E 
 253      8881
 254 0418 1504E568 		.ascii	"\025\004\345h4\252\370iC\236\373p\020\032\243.\224s"
 254      34AAF869 
 254      439EFB70 
 254      101AA32E 
 254      9473
 255 042a 90A84860 		.ascii	"\220\250H`\037\226\300\361%5G\015\270\216\306\016=\270"
 255      1F96C0F1 
 255      2535470D 
 255      B88EC60E 
 255      3DB8
 256 043c 9813ABC3 		.ascii	"\230\023\253\303\015\254\363cE\366E-\276\303:\205\231"
 256      0DACF363 
 256      45F6452D 
 256      BEC33A85 
 256      99
 257 044d D9553C6E 		.ascii	"\331U<nf\235\254\002\373j\204\237\262\316\263\0259V"
 257      669DAC02 
 257      FB6A849F 
 257      B2CEB315 
 257      3956
 258 045f DCC99E53 		.ascii	"\334\311\236S\2377\264\2703\331\376\320\375\241r\307"
 258      9F37B4B8 
 258      33D9FED0 
 258      FDA172C7 
 259 046f 0D1DDB2B 		.ascii	"\015\035\333+\305dwt\355\274\277\201\307}\024kXS\031"
 259      C5647774 
 259      EDBCBF81 
 259      C77D146B 
 259      585319
 260 0482 77590B8C 		.ascii	"wY\013\214\303\345\353\347On\273\204\3708\241\270)E"
 260      C3E5EBE7 
 260      4F6EBB84 
 260      F838A1B8 
 260      2945
 261 0494 64FE0230 		.ascii	"d\376\0020\377\010\270\354\000N\035\271,@\214z\002\267"
 261      FF08B8EC 
 261      004E1DB9 
 261      2C408C7A 
 261      02B7
 262 04a6 8D4C118A 		.ascii	"\215L\021\212a\017\021t\2233\372\001r\206\367\374^\206"
 262      610F1174 
 262      9333FA01 
 262      7286F7FC 
 262      5E86
ARM GAS  C:\Users\SevenI7\AppData\Local\Temp\cc1OMBjE.s 			page 21


 263 04b8 37BB8607 		.ascii	"7\273\206\007\311\350v\005\372\2413\372\247W\204\333"
 263      C9E87605 
 263      FAA133FA 
 263      A75784DB 
 264 04c8 46C9F072 		.ascii	"F\311\360rg\370E\005\\\336\031\020\262'\200h\245\223"
 264      67F84505 
 264      5CDE1910 
 264      B2278068 
 264      A593
 265 04da 1DE2CEE8 		.ascii	"\035\342\316\350\204<x\011Q{\012\255\033Z;\264g\320"
 265      843C7809 
 265      517B0AAD 
 265      1B5A3BB4 
 265      67D0
 266 04ec ECD07AA0 		.ascii	"\354\320z\240=\207\366\002Z\327\320\316!\332/(\264\237"
 266      3D87F602 
 266      5AD7D0CE 
 266      21DA2F28 
 266      B49F
 267 04fe 77D65E26 		.ascii	"w\326^&\273&fU\212\017\315\252\016\307\255\300D\335"
 267      BB266655 
 267      8A0FCDAA 
 267      0EC7ADC0 
 267      44DD
 268 0510 52C6E0B1 		.ascii	"R\306\340\261\313\030(X\252R(ns\255X\311\322#\005\251"
 268      CB182858 
 268      AA52286E 
 268      73AD58C9 
 268      D22305A9 
 269 0524 2DAE4995 		.ascii	"-\256I\225\204\303\246\032H\3253\370}\310\347\012\327"
 269      84C3A61A 
 269      48D533F8 
 269      7DC8E70A 
 269      D7
 270 0535 A45238E4 		.ascii	"\244R8\344WqEW\236\026\307h\350\313\256(\177\317\311"
 270      57714557 
 270      9E16C768 
 270      E8CBAE28 
 270      7FCFC9
 271 0548 61C8DF57 		.ascii	"a\310\337W\334\370\333\334\310\306\357\207\305\275\362"
 271      DCF8DBDC 
 271      C8C6EF87 
 271      C5BDF2
 272 0557 1B8C38AF 		.ascii	"\033\2148\257\022\015\324\007A\370\177\003\002\266l"
 272      120DD407 
 272      41F87F03 
 272      02B66C
 273 0566 CFCE7E86 		.ascii	"\317\316~\206\015\253\206\216F\252Z\336\235\003\310"
 273      0DAB868E 
 273      46AA5ADE 
 273      9D03C8
 274 0575 201A01D8 		.ascii	" \032\001\330c+\223\232=\361:f\367\365\207EO\206!\203"
 274      632B939A 
 274      3DF13A66 
 274      F7F58745 
 274      4F862183 
 275 0589 BFCA5214 		.ascii	"\277\312R\024\303\373+VKG\252_\241\235\034\251\002o"
ARM GAS  C:\Users\SevenI7\AppData\Local\Temp\cc1OMBjE.s 			page 22


 275      C3FB2B56 
 275      4B47AA5F 
 275      A19D1CA9 
 275      026F
 276 059b 4083B27F 		.ascii	"@\203\262\177\200c\032z\037n\252Clc\032\310\013\273"
 276      80631A7A 
 276      1F6EAA43 
 276      6C631AC8 
 276      0BBB
 277 05ad B02ED19B 		.ascii	"\260.\321\233m\314F2\335\261\261\376\266\027N\3268T"
 277      6DCC4632 
 277      DDB1B1FE 
 277      B6174ED6 
 277      3854
 278 05bf 33735FAD 		.ascii	"3s_\255f\346\262\203\253\265\362r5\302i\314\336\372"
 278      66E6B283 
 278      ABB5F272 
 278      35C269CC 
 278      DEFA
 279 05d1 F62B58AD 		.ascii	"\366+X\255\010X\011\266\316\025\317\224\345\374(\264"
 279      085809B6 
 279      CE15CF94 
 279      E5FC28B4 
 280 05e1 8C1F2A02 		.ascii	"\214\037*\002\326\216i\035 \026'\360z\264\202\037\262"
 280      D68E691D 
 280      201627F0 
 280      7AB4821F 
 280      B2
 281 05f2 782E3B52 		.ascii	"x.;R\264\007w\\X\016o\007_\177\362Z\240\347\302~\334"
 281      B407775C 
 281      580E6F07 
 281      5F7FF25A 
 281      A0E7C27E 
 282 0607 BB67DD5A 		.ascii	"\273g\335Z!\315\206\250\227\347\300\313\325\274\313"
 282      21CD86A8 
 282      97E7C0CB 
 282      D5BCCB
 283 0616 AC748867 		.ascii	"\254t\210g\034\250\215\345\311\034A\223`\256\001\243"
 283      1CA88DE5 
 283      C91C4193 
 283      60AE01A3 
 284 0626 56F17E68 		.ascii	"V\361~h\035\264\265\274\362M;\220\315\366\004 \035\367"
 284      1DB4B5BC 
 284      F24D3B90 
 284      CDF60420 
 284      1DF7
 285 0638 0431A0ED 		.ascii	"\0041\240\355\270\270'\210\305\361\274\223v\207\274"
 285      B8B82788 
 285      C5F1BC93 
 285      7687BC
 286 0647 25F00B93 		.ascii	"%\360\013\223X\332\222\"\247\320\245\255lO\000\235\335"
 286      58DA9222 
 286      A7D0A5AD 
 286      6C4F009D 
 286      DD
 287 0658 19CF3B30 		.ascii	"\031\317;0\316\321R:\317%\364\355\322#_\177\227N\240"
 287      CED1523A 
ARM GAS  C:\Users\SevenI7\AppData\Local\Temp\cc1OMBjE.s 			page 23


 287      CF25F4ED 
 287      D2235F7F 
 287      974EA0
 288 066b 44B0FDE7 		.ascii	"D\260\375\347\375\350<N\223}=\000\177\220\251%^Q}\203"
 288      FDE83C4E 
 288      937D3D00 
 288      7F90A925 
 288      5E517D83 
 289 067f BDE78FF3 		.ascii	"\275\347\217\363\276\242\202\004U\005\334+\322a\355"
 289      BEA28204 
 289      5505DC2B 
 289      D261ED
 290 068e F187E976 		.ascii	"\361\207\351v\2352\2557\360\312\264\336\310\033D\340"
 290      9D32AD37 
 290      F0CAB4DE 
 290      C81B44E0 
 291 069e A5E61DB5 		.ascii	"\245\346\035\265H\303\2631\024\251\241{\342JF\255n\304"
 291      48C3B331 
 291      14A9A17B 
 291      E24A46AD 
 291      6EC4
 292 06b0 16AA384E 		.ascii	"\026\2528Nx\203\247\344H\2075\2076\363#\340\377&^\303"
 292      7883A7E4 
 292      48873587 
 292      36F323E0 
 292      FF265EC3 
 293 06c4 241CDEF8 		.ascii	"$\034\336\370\343f\317\267\323\204\264bH\227l\274\262"
 293      E366CFB7 
 293      D384B462 
 293      48976CBC 
 293      B2
 294 06d5 6405441F 		.ascii	"d\005D\037}D`\350\250\234\343GI\001\217\362\340\230"
 294      7D4460E8 
 294      A89CE347 
 294      49018FF2 
 294      E098
 295 06e7 4347A0A6 		.ascii	"CG\240\246\340\320\026\376mX\275/)\356\242\007\276I"
 295      E0D016FE 
 295      6D58BD2F 
 295      29EEA207 
 295      BE49
 296 06f9 4945CBCF 		.ascii	"IE\313\317U\333\206Qc\210FfLs\375\235R\267!\003\223"
 296      55DB8651 
 296      63884666 
 296      4C73FD9D 
 296      52B72103 
 297 070e 783AD897 		.ascii	"x:\330\227\331yU\243\264\360\3337\025\006\246P\003\223"
 297      D97955A3 
 297      B4F0DB37 
 297      1506A650 
 297      0393
 298 0720 25035724 		.ascii	"%\003W$&\254w\027\015\254M5@\274c\005R&\001\014m\225"
 298      26AC7717 
 298      0DAC4D35 
 298      40BC6305 
 298      5226010C 
 299 0736 79874747 		.ascii	"y\207GG\003S\251\201\375\267\356\265\363\370!3\360@"
ARM GAS  C:\Users\SevenI7\AppData\Local\Temp\cc1OMBjE.s 			page 24


 299      0353A981 
 299      FDB7EEB5 
 299      F3F82133 
 299      F040
 300 0748 45469F06 		.ascii	"EF\237\006w\262\024\350<\323\234\256S\333R;x\365\272"
 300      77B214E8 
 300      3CD39CAE 
 300      53DB523B 
 300      78F5BA
 301 075b 7A32ABAB 		.ascii	"z2\253\253\177\204\004\335\316\277ZW\037+;\225\240\247"
 301      7F8404DD 
 301      CEBF5A57 
 301      1F2B3B95 
 301      A0A7
 302 076d 1E130463 		.ascii	"\036\023\004ca\353\301\264\275\206!\026\322\030\013"
 302      61EBC1B4 
 302      BD862116 
 302      D2180B
 303 077c EDCB4EB6 		.ascii	"\355\313N\266\033TY\330EY\330)\261\320\375\244\361\256"
 303      1B5459D8 
 303      4559D829 
 303      B1D0FDA4 
 303      F1AE
 304 078e 460E534B 		.ascii	"F\016SKI\213 \3505\004\205\266\311Fls&!\235\222pzw\316"
 304      498B20E8 
 304      350485B6 
 304      C9466C73 
 304      26219D92 
 305 07a6 483CC838 		.ascii	"H<\3108\310\316\352\315e\346\031\245\204q1\224\226\262"
 305      C8CEEACD 
 305      65E619A5 
 305      84713194 
 305      96B2
 306 07b8 3AD753D5 		.ascii	":\327S\325\266}\324\266\275\222mi1\253\253\265\312l"
 306      B67DD4B6 
 306      BD926D69 
 306      31ABABB5 
 306      CA6C
 307 07ca 857945B6 		.ascii	"\205yE\266\356\347"
 307      EEE7
 308 07d0 152FE143 		.ascii	"\025/\341C\251\333\367{\342\015n4\004\313\356&\376\315"
 308      A9DBF77B 
 308      E20D6E34 
 308      04CBEE26 
 308      FECD
 309 07e2 F11DAC5C 		.ascii	"\361\035\254\\\2112!\010\362b\261J\336\217\263\226\301"
 309      89322108 
 309      F262B14A 
 309      DE8FB396 
 309      C1
 310 07f3 020D3A00 		.ascii	"\002\015:\0003\031\262\353\373y\361%\274rc\177\265'"
 310      3319B2EB 
 310      FB79F125 
 310      BC72637F 
 310      B527
 311 0805 F58620F6 		.ascii	"\365\206 \3660\256\033.\355\377\002\2471\255\0151\261"
 311      30AE1B2E 
ARM GAS  C:\Users\SevenI7\AppData\Local\Temp\cc1OMBjE.s 			page 25


 311      EDFF02A7 
 311      31AD0D31 
 311      B1
 312 0816 F0FDA612 		.ascii	"\360\375\246\022\370\234\327\004~R!\015|6\204\365\240"
 312      F89CD704 
 312      7E52210D 
 312      7C3684F5 
 312      A0
 313 0827 8BC0DF3B 		.ascii	"\213\300\337;\266v\253\216*&\210,\246\270\265\247\374"
 313      B676AB8E 
 313      2A26882C 
 313      A6B8B5A7 
 313      FC
 314 0838 251B24AF 		.ascii	"%\033$\257\323\\6h\277\263\266\023\253\262{\230\262"
 314      D35C3668 
 314      BFB3B613 
 314      ABB27B98 
 314      B2
 315 0849 7B4862B7 		.ascii	"{Hb\267m\331\223G:9\362\253KY\344\001\205v\313V\354"
 315      6DD99347 
 315      3A39F2AB 
 315      4B59E401 
 315      8576CB56 
 316 085e 768EFC11 		.ascii	"v\216\374\021\032\371U\255\302\221a\370\200\233Z\350"
 316      1AF955AD 
 316      C29161F8 
 316      809B5AE8 
 317 086e 1DC93ACA 		.ascii	"\035\311:\312\314\333R\332o\323\341\"\306V_U\303\012"
 317      CCDB52DA 
 317      6FD3E122 
 317      C6565F55 
 317      C30A
 318 0880 55B60A5E 		.ascii	"U\266\012^\303\326\270\002\312\326q\340\342\230\253"
 318      C3D6B802 
 318      CAD671E0 
 318      E298AB
 319 088f 6D92DFBC 		.ascii	"m\222\337\274\313\203j&\210|\246\271\376\362\315D\244"
 319      CB836A26 
 319      887CA6B9 
 319      FEF2CD44 
 319      A4
 320 08a0 4A4C2125 		.ascii	"JL!%\346'\211\230\346\007\373\355X&&K$\006P(OV\230\347"
 320      E6278998 
 320      E607FBED 
 320      5826264B 
 320      24065028 
 321 08b8 4CCC094A 		.ascii	"L\314\011J\314\223=q\033\275\3619F\214\253-;\230\274"
 321      CC933D71 
 321      1BBDF139 
 321      468CAB2D 
 321      3B98BC
 322 08cb 2EDD6DE8 		.ascii	".\335m\350eV\304\354+\257?{P?\024\315Sl0\346a\317c7"
 322      6556C4EC 
 322      2BAF3F7B 
 322      503F14CD 
 322      536C30E6 
 323 08e3 55A34F53 		.ascii	"U\243OS\243\213%\243\267n\356>\250\005\243\033)G\177"
ARM GAS  C:\Users\SevenI7\AppData\Local\Temp\cc1OMBjE.s 			page 26


 323      A38B25A3 
 323      B76EEE3E 
 323      A805A31B 
 323      29477F
 324 08f6 18C87D28 		.ascii	"\030\310}($\350)\012\235\224\215>\311\263\237K\220\215"
 324      24E8290A 
 324      9D948D3E 
 324      C9B39F4B 
 324      908D
 325 0908 1A9B56D3 		.ascii	"\032\233V\323p\337\200\033\230\261\371M\347\317\352"
 325      70DF801B 
 325      98B1F94D 
 325      E7CFEA
 326 0917 59912120 		.ascii	"Y\221! \362\206\253}|\006\261*C ?\231d\267wd\273\261"
 326      F286AB7D 
 326      7C06B12A 
 326      43203F99 
 326      64B77764 
 327 092d 79525424 		.ascii	"yRT$6\234\356\361$\237\357\202\270\305`\\\336\233\347"
 327      369CEEF1 
 327      249FEF82 
 327      B8C5605C 
 327      DE9BE7
 328 0940 7808071C 		.ascii	"x\010\007\034\224\350,O?\335m\225+\267x\343\026\221"
 328      94E82C4F 
 328      3FDD6D95 
 328      2BB778E3 
 328      1691
 329 0952 96B6CC63 		.ascii	"\226\266\314c\236\342\207\005\351?\026V\237D\270\225"
 329      9EE28705 
 329      E93F1656 
 329      9F44B895 
 330 0962 4E6A0EDB 		.ascii	"Nj\016\333\317\2357 \362Q1T9\324\225\212\225\003\244"
 330      CF9D3720 
 330      F2513154 
 330      39D4958A 
 330      9503A4
 331 0975 D70570A6 		.ascii	"\327\005p\246\\\3450v8t\317\303\231\310\216\365r\361"
 331      5CE53076 
 331      3874CFC3 
 331      99C88EF5 
 331      72F1
 332 0987 C4BD0449 		.ascii	"\304\275\004IU\001\347\341E^\371\305\332\226%\026\006"
 332      5501E7E1 
 332      455EF9C5 
 332      DA962516 
 332      06
 333 0998 2451CB5C 		.ascii	"$Q\313\\JW\324\335\265\231\254\306(\347\235>A\321\211"
 333      4A57D4DD 
 333      B599ACC6 
 333      28E79D3E 
 333      41D189
 334 09ab 4D775778 		.ascii	"MwWx`;K\356\035]55Z\271z=H\017\364+ \370\262\034\213"
 334      603B4BEE 
 334      1D5D3535 
 334      5AB97A3D 
 334      480FF42B 
ARM GAS  C:\Users\SevenI7\AppData\Local\Temp\cc1OMBjE.s 			page 27


 335 09c4 72FE95EA 		.ascii	"r\376\225\352U\262\031U\202\251jf\203\256\353\2333\026"
 335      55B21955 
 335      82A96A66 
 335      83AEEB9B 
 335      3316
 336 09d6 F9AC1757 		.ascii	"\371\254\027W~\244\241\222Ka\355\031Z)U\361>R\004\010"
 336      7EA4A192 
 336      4B61ED19 
 336      5A2955F1 
 336      3E520408 
 337 09ea 7847D2C1 		.ascii	"xG\322\301S\374;\351Rf\364\327\306\013\011>\004\204"
 337      53FC3BE9 
 337      5266F4D7 
 337      C60B093E 
 337      0484
 338 09fc 4A98318A 		.ascii	"J\2301\212\245%4\251\253\371w\210C{\373\006\274\245"
 338      A52534A9 
 338      ABF97788 
 338      437BFB06 
 338      BCA5
 339 0a0e B76FC26B 		.ascii	"\267o\302kJ`t\225'U\351\321\246\204\022\215\032\336"
 339      4A607495 
 339      2755E9D1 
 339      A684128D 
 339      1ADE
 340 0a20 A9EE4535 		.ascii	"\251\356E5t\311\362e\205\003X\2370\264\344gjOT\313\353"
 340      74C9F265 
 340      8503589F 
 340      30B4E467 
 340      6A4F54CB 
 341 0a35 C9BE28D8 		.ascii	"\311\276(\330\266E\353z\225\253\237\255\3205\272\252"
 341      B645EB7A 
 341      95AB9FAD 
 341      D035BAAA 
 342 0a45 AB7EC70B 		.ascii	"\253~\307\013\017\334\3132\360Z]|\201XP{\220\204\274"
 342      0FDCCB32 
 342      F05A5D7C 
 342      8158507B 
 342      9084BC
 343 0a58 B3F9943B 		.ascii	"\263\371\224;K\310\353dzg\305\363-z\274r\030\305\366"
 343      4BC8EB64 
 343      7A67C5F3 
 343      2D7ABC72 
 343      18C5F6
 344 0a6b DB2BFB0D 		.ascii	"\333+\373\015\014K\344\364\226-\337\201T\363\276A\312"
 344      0C4BE4F4 
 344      962DDF81 
 344      54F3BE41 
 344      CA
 345 0a7c FB9B2CEF 		.ascii	"\373\233,\357k\272N\366\030\360\006*I\223\025w\300\256"
 345      6BBA4EF6 
 345      18F0062A 
 345      49931577 
 345      C0AE
 346 0a8e 41FEA310 		.ascii	"A\376\243\020\300\221~\257\3643&|\354\303\333\341\226"
 346      C0917EAF 
 346      F433267C 
ARM GAS  C:\Users\SevenI7\AppData\Local\Temp\cc1OMBjE.s 			page 28


 346      ECC3DBE1 
 346      96
 347 0a9f B835E14A 		.ascii	"\2705\341J\201\262N\260\377\207\014\303\263\216\336"
 347      81B24EB0 
 347      FF870CC3 
 347      B38EDE
 348 0aae A9BB42BA 		.ascii	"\251\273B\272\200Gph\302(4\016\374\272\015\024\335\245"
 348      80477068 
 348      C228340E 
 348      FCBA0D14 
 348      DDA5
 349 0ac0 FAEE0041 		.ascii	"\372\356\000A\215La\321\305\252:/97\020\225]\017\363"
 349      8D4C61D1 
 349      C5AA3A2F 
 349      39371095 
 349      5D0FF3
 350 0ad3 7534C0F7 		.ascii	"u4\300\367hn4H\271qh[Y\267\273^\224\235\360s\262\257"
 350      686E3448 
 350      B971685B 
 350      59B7BB5E 
 350      949DF073 
 351 0ae9 DE5A3345 		.ascii	"\336Z3E)\372\376\353Dw\017\026'{A\332U\212\307\313\275"
 351      29FAFEEB 
 351      44770F16 
 351      277B41DA 
 351      558AC7CB 
 352 0afe 78216639 		.ascii	"x!f9\354\234\007\220x7 \361\240\316S,\276\016#\377\344"
 352      EC9C0790 
 352      783720F1 
 352      A0CE532C 
 352      BE0E23FF 
 353 0b13 39D44453 		.ascii	"9\324DS\257\305n\353\300cv\262j8\211\027\022t\360\356"
 353      AFC56EEB 
 353      C06376B2 
 353      6A388917 
 353      1274F0EE 
 354 0b27 A3A5217B 		.ascii	"\243\245!{{5\363c\000u\273:\371\2747\336\312\242\024"
 354      7B35F363 
 354      0075BB3A 
 354      F9BC37DE 
 354      CAA214
 355 0b3a 975594AF 		.ascii	"\227U\224\257U\015K\213\024\226:\346I[\353\336L\255"
 355      550D4B8B 
 355      14963AE6 
 355      495BEBDE 
 355      4CAD
 356 0b4c 334BF2B7 		.ascii	"3K\362\267\306#\352J\213\344J\376\331\344\027zg\307"
 356      C623EA4A 
 356      8BE44AFE 
 356      D9E4177A 
 356      67C7
 357 0b5e 55D1A793 		.ascii	"U\321\247\223\272\273\220\350xS\252[LZq\314h\364X\364"
 357      BABB90E8 
 357      7853AA5B 
 357      4C5A71CC 
 357      68F458F4 
 358 0b72 1A8A47C5 		.ascii	"\032\212G\305\312\207\242\327\255\324\353\364}\371\325"
ARM GAS  C:\Users\SevenI7\AppData\Local\Temp\cc1OMBjE.s 			page 29


 358      CA87A2D7 
 358      ADD4EBF4 
 358      7DF9D5
 359 0b81 BCB2DC39 		.ascii	"\274\262\3349\355P\356<a\3059\271\223\367}\321\325\215"
 359      ED50EE3C 
 359      61C539B9 
 359      93F77DD1 
 359      D58D
 360 0b93 1E788F98 		.ascii	"\036x\217\230\2427c\006x\226\242^\344\210i\251K\027"
 360      A2376306 
 360      7896A25E 
 360      E48869A9 
 360      4B17
 361 0ba5 D3D94E7F 		.ascii	"\323\331N\177\016}TP\"\376\366\355I*s\333\3566wU\252"
 361      0E7D5450 
 361      22FEF6ED 
 361      492A73DB 
 361      EE367755 
 362 0bba DA25AA9E 		.ascii	"\332%\252\2361\252\204\270\227M\006g\252\354\340\302"
 362      31AA84B8 
 362      974D0667 
 362      AAECE0C2 
 363 0bca 53EAC273 		.ascii	"S\352\302s\352|\273\344\374>[|\341+T\251\242\357\034"
 363      EA7CBBE4 
 363      FC3E5B7C 
 363      E12B54A9 
 363      A2EF1C
 364 0bdd CBBB2151 		.ascii	"\313\273!QU\377\026c\252Cd\012*L\305\3026\221\251\027"
 364      55FF1663 
 364      AA43640A 
 364      2A4CC5C2 
 364      3691A917 
 365 0bf1 94A9FABC 		.ascii	"\224\251\372\274-\247\274\225L]q\370\214\351\024\231"
 365      2DA7BC95 
 365      4C5D71F8 
 365      8CE91499 
 366 0c01 EAA44C1D 		.ascii	"\352\244L\035?\334\321\345@+y\365\311\340\227\"\230"
 366      3FDCD1E5 
 366      402B79F5 
 366      C9E09722 
 366      98
 367 0c12 DCF54B4C 		.ascii	"\334\365KL\021\301fS\330'\321\226w\002\002\002\341/"
 367      11C16653 
 367      D827D196 
 367      77020202 
 367      E12F
 368 0c24 7461F8BC 		.ascii	"ta\370\274\360(K\320\207A\201Q\226\300\205\246\210@"
 368      F0284BD0 
 368      87418151 
 368      96C085A6 
 368      8840
 369 0c36 CBD25072 		.ascii	"\313\322Pr7\0024 T\367\351\027_\215\236\022\024\304"
 369      37023420 
 369      54F7E917 
 369      5F8D9E12 
 369      14C4
 370 0c48 69169B2C 		.ascii	"i\026\233,\213\364Fctx\244u\302x\243u~\350\237C\350"
ARM GAS  C:\Users\SevenI7\AppData\Local\Temp\cc1OMBjE.s 			page 30


 370      8BF44663 
 370      7478A475 
 370      C278A375 
 370      7EE89F43 
 371 0c5d 5A8B353A 		.ascii	"Z\2135:,<*\304\032\025\025a\011Y\020\031=\232>\2156"
 371      2C3C2AC4 
 371      1A151561 
 371      09591019 
 371      3D9A3E8D 
 372 0c72 2D5D3CDA 		.ascii	"-]<\332\274x\2369,\314\034\02621`\334\350\361\343\202"
 372      BC789E39 
 372      2CCC1C16 
 372      323160DC 
 372      E8F1E382 
 373 0c86 26FEEB8F 		.ascii	"&\376\353\217!0\376~dT\244\371}\263i^xHxdhDt\2309d\261"
 373      2130FE7E 
 373      6454A4F9 
 373      7DB3695E 
 373      78487864 
 374 0ca1 0964459A 		.ascii	"\011dE\232C\214a\346\371\246\350\010\253\321\372\375"
 374      438C61E6 
 374      F9A6E808 
 374      ABD1FAFD 
 375 0cb1 12B32560 		.ascii	"\022\263%`!\247\223\364\375\343W\325g\371\336\022b\264"
 375      21A793F4 
 375      FDE357D5 
 375      67F9DE12 
 375      62B4
 376 0cc3 58C34038 		.ascii	"X\303@8(1\204G-\211Zj%\036\032\255\177Q\343\205@,\201"
 376      28318447 
 376      2D895A6A 
 376      251E1AAD 
 376      7F51E385 
 377 0cda 73BE9C39 		.ascii	"s\276\2349a|\340\214\031S\003?\235=}\326w\343%\252\214"
 377      617CE08C 
 377      1953033F 
 377      9D3D7DD6 
 377      77E325AA 
 378 0cef 11116120 		.ascii	"\021\021a \312\215\240\302\3034\037\377-x\206v\306\254"
 378      CA8DA0C2 
 378      C3341FFF 
 378      2D788676 
 378      C6AC
 379 0d01 299F076B 		.ascii	")\237\007k>\231\023\034\214\276A\237iC#\314\246\245"
 379      3E99131C 
 379      8CBE419F 
 379      694323CC 
 379      A6A5
 380 0d13 2285411F 		.ascii	"\"\205A\037\030\255:\351\001[\314\326\311\377\243Z\213"
 380      18AD3AE9 
 380      015BCCD6 
 380      C9FFA35A 
 380      8B
 381 0d24 7531D0B2 		.ascii	"u1\320\262`Ix\024h\305\263\246\006\343\351S\203\265"
 381      60497814 
 381      68C5B3A6 
 381      06E3E953 
ARM GAS  C:\Users\SevenI7\AppData\Local\Temp\cc1OMBjE.s 			page 31


 381      83B5
 382 0d36 B3BF9A3D 		.ascii	"\263\277\232=5x\330\2549\263\247M\233\032\3546\353\313"
 382      3578D8AC 
 382      39B3A74D 
 382      9B1AEC36 
 382      EBCB
 383 0d48 B9B3A705 		.ascii	"\271\263\247\005kg\316\232:-\230X\364\231A^e\264\352"
 383      6B67CE9A 
 383      3A2D9858 
 383      F499415E 
 383      65B4EA
 384 0d5b 99D7E161 		.ascii	"\231\327\341aF\253[\324\374\371`\203\201\030d\234o\262"
 384      46AB5BD4 
 384      FCF96083 
 384      8118649C 
 384      6FB2
 385 0d6d 582719AD 		.ascii	"X'\031\255_\377\272\204K\\\277\247\346\247\210\034J"
 385      5FFFBA84 
 385      4B5CBFA7 
 385      E6A7881C 
 385      4A
 386 0d7e BD859C76 		.ascii	"\275\205\234v\372,\310\323\261\277(O9\017\270}\2634"
 386      FA2CC8D3 
 386      B1BF284F 
 386      390FB87D 
 386      B334
 387 0d90 DC6A8625 		.ascii	"\334j\206%\236\360<\307l\205\247\231Qaf]x\324b\270\031"
 387      9EF03CC7 
 387      6C85A799 
 387      5161665D 
 387      78D462B8 
 388 0da5 AD3E6C78 		.ascii	"\255>lx\266)l\212)\"b\236)t\321t\202\014\025;F\253;"
 388      B6296C8A 
 388      2922629E 
 388      2974D174 
 388      820C153B 
 389 0dbc 30620A23 		.ascii	"0b\012#\204\3702\350\014\310\311!,\310\211\200\276\321"
 389      84F832E8 
 389      0CC8C921 
 389      2CC88980 
 389      BED1
 390 0dce FA5B29DE 		.ascii	"\372[)\336F\340l\301\322\250\350%D\276\007\0355\177"
 390      46E06CC1 
 390      D2A8E825 
 390      44BE071D 
 390      357F
 391 0de0 678EB45A 		.ascii	"g\216\264Z\370\320y\330\264t\001\331mt\300h\3654\032"
 391      F8D079D8 
 391      B47401D9 
 391      6D74C068 
 391      F5341A
 392 0df3 E7474786 		.ascii	"\347GG\206\032\215\001\023\377\364\341$\235\324\323"
 392      1A8D0113 
 392      FFF4E124 
 392      9DD4D3
 393 0e02 842E342D 		.ascii	"\204.4-U\314}0n\202C\357\303\377\002U\377\215\344"
 393      55CC7D30 
ARM GAS  C:\Users\SevenI7\AppData\Local\Temp\cc1OMBjE.s 			page 32


 393      6E8243EF 
 393      C3FF0255 
 393      FF8DE4
 394              		.text
 395              		.section	.gnu.lto_.symtab.1d35b49,"",%progbits
 396 0000 70616C52 		.ascii	"palReadBus\000"
 396      65616442 
 396      757300
 397 000b 00       		.ascii	"\000"
 398 000c 00       		.ascii	"\000"
 399 000d 00       		.ascii	"\000"
 400 000e 00000000 		.ascii	"\000\000\000\000\000\000\000\000"
 400      00000000 
 401 0016 16010000 		.ascii	"\026\001\000\000"
 402 001a 70616C57 		.ascii	"palWriteBus\000"
 402      72697465 
 402      42757300 
 403 0026 00       		.ascii	"\000"
 404 0027 00       		.ascii	"\000"
 405 0028 00       		.ascii	"\000"
 406 0029 00000000 		.ascii	"\000\000\000\000\000\000\000\000"
 406      00000000 
 407 0031 1B010000 		.ascii	"\033\001\000\000"
 408 0035 70616C53 		.ascii	"palSetBusMode\000"
 408      65744275 
 408      734D6F64 
 408      6500
 409 0043 00       		.ascii	"\000"
 410 0044 00       		.ascii	"\000"
 411 0045 00       		.ascii	"\000"
 412 0046 00000000 		.ascii	"\000\000\000\000\000\000\000\000"
 412      00000000 
 413 004e 23010000 		.ascii	"#\001\000\000"
 414 0052 70616C53 		.ascii	"palSetPadCallbackI\000"
 414      65745061 
 414      6443616C 
 414      6C626163 
 414      6B4900
 415 0065 00       		.ascii	"\000"
 416 0066 00       		.ascii	"\000"
 417 0067 00       		.ascii	"\000"
 418 0068 00000000 		.ascii	"\000\000\000\000\000\000\000\000"
 418      00000000 
 419 0070 33010000 		.ascii	"3\001\000\000"
 420 0074 70616C53 		.ascii	"palSetLineCallbackI\000"
 420      65744C69 
 420      6E654361 
 420      6C6C6261 
 420      636B4900 
 421 0088 00       		.ascii	"\000"
 422 0089 00       		.ascii	"\000"
 423 008a 00       		.ascii	"\000"
 424 008b 00000000 		.ascii	"\000\000\000\000\000\000\000\000"
 424      00000000 
 425 0093 3C010000 		.ascii	"<\001\000\000"
 426 0097 5F70616C 		.ascii	"_pal_events\000"
 426      5F657665 
ARM GAS  C:\Users\SevenI7\AppData\Local\Temp\cc1OMBjE.s 			page 33


 426      6E747300 
 427 00a3 00       		.ascii	"\000"
 428 00a4 02       		.ascii	"\002"
 429 00a5 00       		.ascii	"\000"
 430 00a6 00000000 		.ascii	"\000\000\000\000\000\000\000\000"
 430      00000000 
 431 00ae 53010000 		.ascii	"S\001\000\000"
 432 00b2 5F70616C 		.ascii	"_pal_lld_setgroupmode\000"
 432      5F6C6C64 
 432      5F736574 
 432      67726F75 
 432      706D6F64 
 433 00c8 00       		.ascii	"\000"
 434 00c9 02       		.ascii	"\002"
 435 00ca 00       		.ascii	"\000"
 436 00cb 00000000 		.ascii	"\000\000\000\000\000\000\000\000"
 436      00000000 
 437 00d3 42010000 		.ascii	"B\001\000\000"
 438              		.text
 439              		.section	.gnu.lto_.opts,"",%progbits
 440 0000 272D666D 		.ascii	"'-fmath-errno' '-fsigned-zeros' '-ftrapping-math' '"
 440      6174682D 
 440      6572726E 
 440      6F272027 
 440      2D667369 
 441 0033 2D666E6F 		.ascii	"-fno-trapv' '-fno-strict-overflow' '-fno-openmp' '-"
 441      2D747261 
 441      70762720 
 441      272D666E 
 441      6F2D7374 
 442 0066 666E6F2D 		.ascii	"fno-openacc' '-mcpu=cortex-m4' '-mthumb' '-O0' '-fo"
 442      6F70656E 
 442      61636327 
 442      20272D6D 
 442      6370753D 
 443 0099 6D69742D 		.ascii	"mit-frame-pointer' '-falign-functions=16' '-ffuncti"
 443      6672616D 
 443      652D706F 
 443      696E7465 
 443      72272027 
 444 00cc 6F6E2D73 		.ascii	"on-sections' '-fdata-sections' '-fno-common' '-flto"
 444      65637469 
 444      6F6E7327 
 444      20272D66 
 444      64617461 
 445 00ff 2700     		.ascii	"'\000"
 446              		.text
 447              		.comm	__gnu_lto_v1,1,1
 448              		.comm	__gnu_lto_slim,1,1
 449              		.ident	"GCC: (GNU Tools for Arm Embedded Processors 7-2017-q4-major) 7.2.1 20170904 (release) [ARM
ARM GAS  C:\Users\SevenI7\AppData\Local\Temp\cc1OMBjE.s 			page 34


DEFINED SYMBOLS
                            *ABS*:00000000 hal_pal.c
                            *COM*:00000001 __gnu_lto_v1
                            *COM*:00000001 __gnu_lto_slim

NO UNDEFINED SYMBOLS
