ARM GAS  C:\Users\SevenI7\AppData\Local\Temp\cc8Z6pZB.s 			page 1


   1              		.cpu cortex-m4
   2              		.eabi_attribute 20, 1
   3              		.eabi_attribute 21, 1
   4              		.eabi_attribute 23, 3
   5              		.eabi_attribute 24, 1
   6              		.eabi_attribute 25, 1
   7              		.eabi_attribute 26, 1
   8              		.eabi_attribute 30, 6
   9              		.eabi_attribute 34, 1
  10              		.eabi_attribute 18, 4
  11              		.file	"hal_st_lld.c"
  12              		.section	.gnu.lto_.inline.1d35e50,"",%progbits
  13 0000 789C6363 		.ascii	"x\234cc```gd\200\003n\006\006\026f\006\006&\226\017"
  13      60606067 
  13      6480036E 
  13      06061666 
  13      06062696 
  14 0015 7A0C2C0C 		.ascii	"z\014,\014L !F\014\021&\006\026\036 \311\264@\036\256"
  14      4C202146 
  14      0C112606 
  14      161E20C9 
  14      B4401EAE 
  15 0029 860B4830 		.ascii	"\206\013H0c\027f\301.\314\212]\230\015\2730;va\016\354"
  15      631766C1 
  15      2ECC8A5D 
  15      980DBB30 
  15      3B76610E 
  16 003e C29C0C3C 		.ascii	"\302\234\014<\372@a\236\015\271(\302h\004\027\203\204"
  16      FA40619E 
  16      0DB928C2 
  16      68041783 
  16      84
  17 004f 025095DA 		.ascii	"\002P\225\332\201\035L0e\314 \323\2004\000\226h\014"
  17      811D4C30 
  17      65CC20D3 
  17      80340096 
  17      680C
  18 0061 78       		.ascii	"x"
  19              		.text
  20              		.section	.gnu.lto_port_lock.1d35e50,"",%progbits
  21 0000 789C7D50 		.ascii	"x\234}P\317K\025Q\024>\337\334\361\031jQ\213v.\346-"
  21      CF4B1551 
  21      143EDFDC 
  21      F1196A51 
  21      8B762EE6 
  22 0015 5E21C4BB 		.ascii	"^!\304\273\272\210jYo\345\342A\370\376\000\311i\310"
  22      BA886A59 
  22      6FE5E241 
  22      F8FE00C9 
  22      69C8
  23 0027 81C69199 		.ascii	"\201\306\221\231W\350\312\313\313xV\356z\251<\206,-"
  23      57E8CACB 
  23      CB7856EE 
  23      7AA93C86 
  23      2C2D
  24 0039 AA4556F6 		.ascii	"\252EV\366\303|\246N\265\211\240(\241] \250\025\025"
  24      C37CA64E 
ARM GAS  C:\Users\SevenI7\AppData\Local\Temp\cc8Z6pZB.s 			page 2


  24      B589A028 
  24      A15D20A8 
  24      1515
  25 004b 14458B56 		.ascii	"\024E\213V\326\271\243H\253\016\367\007\347\334\363"
  25      D6B9A348 
  25      AB0EF707 
  25      E7DCF3
  26 005a 7DE7FB6E 		.ascii	"}\347\373n\212\210&@t\231\357\335\274I\020\014\342\015"
  26      8A882640 
  26      7499EFDD 
  26      BC49100C 
  26      E20D
  27 006c 2E1268C0 		.ascii	".\022h\300\300\000\206EE\340Y\371\343\254\321rCq\304"
  27      C0008645 
  27      45E059F9 
  27      E3ACD172 
  27      4371C4
  28 007f A3BFF63C 		.ascii	"\243\277\366<=\253\316\267F\202hDP\022\270\217\026\342"
  28      3DABCEB7 
  28      46826844 
  28      5012B88F 
  28      16E2
  29 0091 BE957BEB 		.ascii	"\276\225{\353\227\266\247\314\215:\036 \305,\004~x;"
  29      97B6A7CC 
  29      8D3A1E20 
  29      C52C047E 
  29      783B
  30 00a3 78371217 		.ascii	"x7\022\027D$\000\223\323\037\257\252\253;tj\300\342"
  30      44240093 
  30      D31FAFAA 
  30      AB3B746A 
  30      C0E2
  31 00b5 F4FACBA5 		.ascii	"\364\372\313\245\305Fq\020\232\342\326\324\325\261\246"
  31      C5467110 
  31      9AE2D6D4 
  31      D5B1A6
  32 00c4 CCA45225 		.ascii	"\314\244R%\025\277\301\013eFB`\006\202)\361\010\315"
  32      15BFC10B 
  32      65464260 
  32      068229F1 
  32      08CD
  33 00d6 7888E68D 		.ascii	"x\210\346\215\221\217\221\271\263T\027\253\365?e\025"
  33      918F91B9 
  33      B35417AB 
  33      F53F6515 
  34 00e6 AF5DC3CC 		.ascii	"\257]\303\314\247m\246\221\224\211\206\022]\347\004"
  34      A76DA691 
  34      94898612 
  34      5DE704
  35 00f5 BB115F50 		.ascii	"\273\021_P*RU\030\314]\376\254\346M=V\300\302,\023}"
  35      2A525518 
  35      CC5DFEAC 
  35      E64D3D56 
  35      C0C22C13 
  36 010a 45696572 		.ascii	"Eier\270\266\214-\355\203\211\307\213\225\275H\230\264"
  36      B8B68C2D 
  36      ED8389C7 
ARM GAS  C:\Users\SevenI7\AppData\Local\Temp\cc8Z6pZB.s 			page 3


  36      8B95BD48 
  36      98B4
  37 011c 8711817F 		.ascii	"\207\021\201\177\275\241\206\024\346\2645>\300\006\317"
  37      BDA18614 
  37      E6B4353E 
  37      C006CF
  38 012b 68F4C4F8 		.ascii	"h\364\304\370\364\357\206t\005\343j\314\212\204\251"
  38      F4EF8674 
  38      05E36ACC 
  38      8A84A9
  39 013a 01B757E7 		.ascii	"\001\267W\347\224\226Dx\2024\351\312\373j\255\322\240"
  39      94964478 
  39      8234E9CA 
  39      FB6AADD2 
  39      A0
  40 014b 45CEC3AC 		.ascii	"E\316\303\254jqXH\276\343\346\302\363\017M\351\321M"
  40      6A715848 
  40      BEE3E6C2 
  40      F30F4DE9 
  40      D14D
  41 015d 709D6EFD 		.ascii	"p\235n\37595\375\2561\001/j0b\230\364\015\245+\337_"
  41      3935FDAE 
  41      31012F6A 
  41      306298F4 
  41      0DA52BDF 
  42 0172 EF4AFE55 		.ascii	"\357J\376U\307\020\013#n\331\237\315J^v\267\333\345"
  42      C7100B23 
  42      6ED99FCD 
  42      4A5E76B7 
  42      DBE5
  43 0184 FA61DBA1 		.ascii	"\372a\333\2416\351\207\322\366=\317\357\221\275~P\014"
  43      36E987D2 
  43      F63DCFEF 
  43      91BD7E50 
  43      0C
  44 0195 E5E18E7C 		.ascii	"\345\341\216|.\337\307\035\266\0378\235\247\017x\331"
  44      2EDFC71D 
  44      B61F389D 
  44      A70F78D9 
  45 01a5 6EAAEF3A 		.ascii	"n\252\357:\026:G\003\367\310\177\320N_Qce._h/\310\034"
  45      163A4703 
  45      F7C87FD0 
  45      4E5F5163 
  45      652E5F68 
  46 01bc 83657B8F 		.ascii	"\203e{\217}\362\324qG\332^\350\206\235'l\233\251v\346"
  46      7DF2D471 
  46      47DA5EE8 
  46      869D276C 
  46      9BA976E6 
  47 01d0 0B1D96A6 		.ascii	"\013\035\226\246\353\015\334}V\246\225\214\200\352="
  47      EB0DDC7D 
  47      56A6958C 
  47      80EA3D
  48 01df C7F3837E 		.ascii	"\307\363\203~\372\013%-\256\273"
  48      FA0B252D 
  48      AEBB
  49              		.text
ARM GAS  C:\Users\SevenI7\AppData\Local\Temp\cc8Z6pZB.s 			page 4


  50              		.section	.gnu.lto_port_unlock.1d35e50,"",%progbits
  51 0000 789C7D50 		.ascii	"x\234}P\317KTQ\024>\337\273\317\231P\213Z\270s1\263"
  51      CF4B5451 
  51      143EDFBB 
  51      CF99508B 
  51      5AB87331 
  52 0015 184488B9 		.ascii	"\030D\210\271\272\210jY\263r1\020\316\037 \371z\344"
  52      BA886A59 
  52      B3723110 
  52      CE1F20F9 
  52      7AE4
  53 0027 839E4FDE 		.ascii	"\203\236O\336\233\302V^FEKwM\243\014\217,-\252EV\366"
  53      9BC2565E 
  53      46454B77 
  53      4DA30C8F 
  53      2C2DAA45 
  54 003d D3B1F465 		.ascii	"\323\261\364e\233\010\302\222\332H\020(%\024\004\375"
  54      9B08C292 
  54      DA481028 
  54      251404FD 
  55 004d 58B4B2CE 		.ascii	"X\264\262\316}\206\264\352p\177p\316=\337w\276\357&"
  55      7D86B4EA 
  55      707F70CE 
  55      3DDF77BE 
  55      EF26
  56 005f 88681A44 		.ascii	"\210h\032D\227\370n\342M\202`\020op\221@\003\006\006"
  56      97F86EE2 
  56      4D826010 
  56      6F709140 
  56      030606
  57 0072 302ECA02 		.ascii	"0.\312\002\313#\237\346\215\326\353\212#\232x\333\362"
  57      CB239FE6 
  57      8DD6EB8A 
  57      239A78DB 
  57      F2
  58 0083 6C589D6F 		.ascii	"lX\235o\013\005QEP\034\270\207V\342\276\365\273[\027"
  58      0B055145 
  58      501CB887 
  58      56E2BEF5 
  58      BB5B17
  59 0096 7727CCED 		.ascii	"w'\314\355:\356#\301,\004~x3t'\024c\"\024\200\311\351"
  59      3AEE23C1 
  59      2C047E78 
  59      33742714 
  59      63221480 
  60 00ac B757D58D 		.ascii	"\267W\325\215=:5\220\342\364\332\313\325\245\006q\010"
  60      3D3A3590 
  60      E2F4DACB 
  60      D5A50671 
  60      08
  61 00bd 9AE2E6EC 		.ascii	"\232\342\346\354\225\311\306\314\214R%\025\275\306\013"
  61      95C9C6CC 
  61      8C522515 
  61      BDC60B
  62 00cc 658642E0 		.ascii	"e\206B\340\021\004S\342!\232\361\000\315\333#\037#s"
  62      110453E2 
  62      219AF100 
ARM GAS  C:\Users\SevenI7\AppData\Local\Temp\cc8Z6pZB.s 			page 5


  62      CDDB231F 
  62      2373
  63 00de 7BB52E52 		.ascii	"{\265.R[\277GT\364\363*~l\3562\215\270L4\032\353:'\330"
  63      5BBF4754 
  63      F4F32A7E 
  63      6CEE328D 
  63      B84C341A 
  64 00f6 8DF88C52 		.ascii	"\215\370\214R\221\252\302`\356\312\360\362JR\217\025"
  64      91AAC260 
  64      EECAF0F2 
  64      4A528F15 
  65 0106 20CC33D1 		.ascii	" \3143\321\027\224\326g\306k\037\260\243}(\366xa\255"
  65      1794D667 
  65      C66B1FB0 
  65      A37D28F6 
  65      7861AD
  66 0119 053193F6 		.ascii	"\0051\223\366P\021\370\327\033jH`A[\343\203yhP\243\247"
  66      5011F8D7 
  66      1B6A4860 
  66      415BE383 
  66      796850A3 
  67 012e A7E67ED5 		.ascii	"\247\346~\325\247\313\230R\223\251P\230\032pkcAiI\204"
  67      A7CB9852 
  67      93A95098 
  67      1A706B63 
  67      41694984 
  68 0142 274893AE 		.ascii	"'H\223\256\274\257\326\312\365Z\344S\230U-\016\213\361"
  68      BCAFD6CA 
  68      F55AE453 
  68      98552D0E 
  68      8BF1
  69 0154 77DC587C 		.ascii	"w\334X|\376\2611=\361\027\\\247[\277\317\316\275k\210"
  69      FEB1313D 
  69      F1175CA7 
  69      5BBFCFCE 
  69      BD6B88
  70 0167 C14B1A8C 		.ascii	"\301K\032\214\010&}E\351\362\346\312\276\370_u\214\262"
  70      08267D45 
  70      E9F2E6CA 
  70      BEF85F75 
  70      8CB2
  71 0179 30E29603 		.ascii	"0\342\226\003\331\254\344e\3658\335\216\027\264\037"
  71      D9ACE465 
  71      F538DD8E 
  71      17B41F
  72 0188 6E975E20 		.ascii	"n\227^ -\317u\275^\331\347\371\305@\036\351\314\347"
  72      2DCF75BD 
  72      5ED9E7F9 
  72      C5401EE9 
  72      CCE7
  73 019a F2FDDC61 		.ascii	"\362\375\334ay\276\335u\346\240\233\355\241d\367\361"
  73      79BEDD75 
  73      E6A09BED 
  73      A164F7F1 
  74 01aa C03EE63B 		.ascii	"\300>\346;G\377\203\266\373\213\032+s\371BGA\346\030"
  74      47FF83B6 
  74      FB8B1A2B 
ARM GAS  C:\Users\SevenI7\AppData\Local\Temp\cc8Z6pZB.s 			page 6


  74      73F94247 
  74      41E618
  75 01bd 2C3B7AAD 		.ascii	",;z\255S\247O\330\322r\003'\350:iYL\2657_\350Li\272"
  75      53A74FD8 
  75      D2720327 
  75      E83A6959 
  75      4CB5375F 
  76 01d5 3EDFD99F 		.ascii	">\337\331\237\312\264\221\341S\322\265]\317?K\177\000"
  76      CAB491E1 
  76      53D2B55D 
  76      CF3F4B7F 
  76      00
  77 01e6 8568AF09 		.ascii	"\205h\257\011"
  78              		.text
  79              		.section	.gnu.lto_port_lock_from_isr.1d35e50,"",%progbits
  80 0000 789C6363 		.ascii	"x\234cc``X\004\304\346@,\012\304\014\314\014\214L\014"
  80      60605804 
  80      C4E6402C 
  80      0AC40CCC 
  80      0C8C4C0C 
  81 0014 40CCC808 		.ascii	"@\314\310\010\34402\32431\3263\3660Oaf<\324\376l'\223"
  81      E43032D4 
  81      3331D633 
  81      F6304F61 
  81      663CD4FE 
  82 002b E6F20620 		.ascii	"\346\362\006 80}\222\326\301\326\206.\2039\314\014\014"
  82      38307D92 
  82      D6C1D686 
  82      2E8339CC 
  82      0C0C
  83 003d D39819C0 		.ascii	"\323\230\031\300\200q3\243&\003P\335\243\215\377\246"
  83      807133A3 
  83      260350DD 
  83      A38DFFA6 
  84 004d F2B2B140 		.ascii	"\362\262\261@\304\031\2670\2621\200LZ\177\211\365@\303"
  84      C419B730 
  84      B231804C 
  84      5A7F89F5 
  84      40C3
  85 005f BFFFED0D 		.ascii	"\277\377\355\015\007\336,e\234\371\212\003(\331\001"
  85      07DE2C65 
  85      9CF98A03 
  85      28D901
  86 006e D6D8C90C 		.ascii	"\326\330\311\014\264\216\371\015c\363\202\365W\014\301"
  86      B48EF90D 
  86      63F382F5 
  86      570CC1
  87 007d CA8166EC 		.ascii	"\312\201f\354\334\371\3466{\375\337\006\2169\314\214"
  87      DCF9E636 
  87      7BFDDF06 
  87      8E39CC8C 
  88 008d D39881FA 		.ascii	"\323\230\201\372\031\2672\3263\314\001*}\307\330\264"
  88      19B732D6 
  88      33CC012A 
  88      7DC7D8B4 
  89 009d 60F31541 		.ascii	"`\363\025A\260B\020\350\000\311\002M0\325\323\323\007"
  89      B04210E8 
ARM GAS  C:\Users\SevenI7\AppData\Local\Temp\cc8Z6pZB.s 			page 7


  89      00C9024D 
  89      30D5D3D3 
  89      07
  90 00ae A2E48CCC 		.ascii	"\242\344\214\314\244\314\374bCKC\375\374b\375\344\374"
  90      A4CCFC62 
  90      434B43FD 
  90      FC62FDE4 
  90      FC
  91 00bf DCDCFC3C 		.ascii	"\334\334\374<\375\202\374\242\222b}\307 _g\337\012\240"
  91      FD82FCA2 
  91      92627DC7 
  91      205F67DF 
  91      0AA0
  92 00d1 8AE4FCA2 		.ascii	"\212\344\374\242\324\3702\363\\\275\014\006\000~\031"
  92      D4F832F3 
  92      5CBD0C06 
  92      007E19
  93 00e0 439E     		.ascii	"C\236"
  94              		.text
  95              		.section	.gnu.lto_port_unlock_from_isr.1d35e50,"",%progbits
  96 0000 789C6363 		.ascii	"x\234cc``X\004\304\346@,\012\304\014\314\014\214L\014"
  96      60605804 
  96      C4E6402C 
  96      0AC40CCC 
  96      0C8C4C0C 
  97 0014 40CCC808 		.ascii	"@\314\310\010\34402\32431\3263\3660Oaf<\324\376l'\223"
  97      E43032D4 
  97      3331D633 
  97      F6304F61 
  97      663CD4FE 
  98 002b E6F20620 		.ascii	"\346\362\006 80}\207\326\301\326\206.\2039\314\014\014"
  98      38307D87 
  98      D6C1D686 
  98      2E8339CC 
  98      0C0C
  99 003d D39819C0 		.ascii	"\323\230\031\300\200q3\243&\003P\335\243\215\377\246"
  99      807133A3 
  99      260350DD 
  99      A38DFFA6 
 100 004d F2B2B140 		.ascii	"\362\262\261@\304\031\2670\2621\200LZ\177\211\365@\303"
 100      C419B730 
 100      B231804C 
 100      5A7F89F5 
 100      40C3
 101 005f BFFFED0D 		.ascii	"\277\377\355\015\007\376,e\334\377\212\003(\331\001"
 101      07FE2C65 
 101      DCFF8A03 
 101      28D901
 102 006e D6D8C90C 		.ascii	"\326\330\311\014\264\216\371\015c\363\202\337W\014\301"
 102      B48EF90D 
 102      63F382DF 
 102      570CC1
 103 007d CA8166EC 		.ascii	"\312\201f\354\334\371\3466{\375\337\006\2169\314\214"
 103      DCF9E636 
 103      7BFDDF06 
 103      8E39CC8C 
 104 008d D39881FA 		.ascii	"\323\230\201\372\031\2672\3263\314\001*}\307\330\264"
ARM GAS  C:\Users\SevenI7\AppData\Local\Temp\cc8Z6pZB.s 			page 8


 104      19B732D6 
 104      33CC012A 
 104      7DC7D8B4 
 105 009d E0FF1541 		.ascii	"\340\377\025A\260B\020\350\000\311\002M0\325\323\323"
 105      B04210E8 
 105      00C9024D 
 105      30D5D3D3 
 106 00ad 07A2E48C 		.ascii	"\007\242\344\214\314\244\314\374bCKC\375\374b\375\344"
 106      CCA4CCFC 
 106      62434B43 
 106      FDFC62FD 
 106      E4
 107 00be FCDCDCFC 		.ascii	"\374\334\334\374<\375\202\374\242\222b}\307 _g\337\012"
 107      3CFD82FC 
 107      A292627D 
 107      C7205F67 
 107      DF0A
 108 00d0 A08AE4FC 		.ascii	"\240\212\344\374\242\324\3702\363\\\275\014\006\000"
 108      A2D4F832 
 108      F35CBD0C 
 108      0600
 109 00de F0D54492 		.ascii	"\360\325D\222"
 110              		.text
 111              		.section	.gnu.lto_chSysLockFromISR.1d35e50,"",%progbits
 112 0000 789C6363 		.ascii	"x\234cc``X\010\304\232@,\012\304\014\314\014\214L\014"
 112      60605808 
 112      C49A402C 
 112      0AC40CCC 
 112      0C8C4C0C 
 113 0014 40CCC808 		.ascii	"@\314\310\010\34402\32431\3263\3660Oaf<\324\376l'\223"
 113      E43032D4 
 113      3331D633 
 113      F6304F61 
 113      663CD4FE 
 114 002b E6F20620 		.ascii	"\346\362\006 80}\223\324\232\206\013\015\314s\230\031"
 114      38307D93 
 114      D49A860B 
 114      0DCC7398 
 114      19
 115 003c 18A63133 		.ascii	"\030\24613\200\001\343fFM\006\240\272G\033\377M\345"
 115      8001E366 
 115      464D06A0 
 115      BA471BFF 
 115      4DE5
 116 004e 65638188 		.ascii	"ec\201\2103nadc\000\231\264\376\022\353\201\206\177"
 116      336E6164 
 116      630099B4 
 116      FE12EB81 
 116      867F
 117 0060 FFDB1B0E 		.ascii	"\377\333\033\016\334Y\312\2707\012(\327\001\326\327"
 117      DC59CAB8 
 117      370A28D7 
 117      01D6D7
 118 006f C90CB48D 		.ascii	"\311\014\264\215\371\015c\363\202\367[\230\301\252\201"
 118      F90D63F3 
 118      82F75B98 
 118      C1AA81
ARM GAS  C:\Users\SevenI7\AppData\Local\Temp\cc8Z6pZB.s 			page 9


 119 007e 46ECDCF9 		.ascii	"F\354\334\371\3466{\375\337\006\2169\314\214\323\230"
 119      E6367BFD 
 119      DF068E39 
 119      CC8CD398 
 120 008e 81DA19B7 		.ascii	"\201\332\031\2672\3263\314\001*}\307\330\264\340\367"
 120      32D633CC 
 120      012A7DC7 
 120      D8B4E0F7 
 121 009e 1646B042 		.ascii	"\026F\260B\020\350\000\311\002MP\327\323\323\007\242"
 121      10E800C9 
 121      024D50D7 
 121      D3D307A2 
 122 00ae E48CCCA4 		.ascii	"\344\214\314\244\314\374bCKC\375\374b\375\242\022\375"
 122      CCFC6243 
 122      4B43FDFC 
 122      62FDA212 
 122      FD
 123 00bf CCBCE49C 		.ascii	"\314\274\344\234\322\224T\240Dqe\261^\006\003\000\206"
 123      D29454A0 
 123      447165B1 
 123      5E060300 
 123      86
 124 00d0 023E45   		.ascii	"\002>E"
 125              		.text
 126              		.section	.gnu.lto_chSysUnlockFromISR.1d35e50,"",%progbits
 127 0000 789C6363 		.ascii	"x\234cc``X\010\304\232@,\012\304\014\314\014\214L\014"
 127      60605808 
 127      C49A402C 
 127      0AC40CCC 
 127      0C8C4C0C 
 128 0014 40CCC808 		.ascii	"@\314\310\010\34402\32431\3263\3660Oaf<\324\376l'\223"
 128      E43032D4 
 128      3331D633 
 128      F6304F61 
 128      663CD4FE 
 129 002b E6F20620 		.ascii	"\346\362\006 80\375\227\324\232\206\013\015\314s\230"
 129      3830FD97 
 129      D49A860B 
 129      0DCC7398 
 130 003b 1918A631 		.ascii	"\031\030\24613\200\001\343fFM\006\240\272G\033\377M"
 130      338001E3 
 130      66464D06 
 130      A0BA471B 
 130      FF4D
 131 004d E5656381 		.ascii	"\345ec\201\2103nadc\000\231\264\376\022\353\201\206"
 131      88336E61 
 131      64630099 
 131      B4FE12EB 
 131      8186
 132 005f 7FFFDB1B 		.ascii	"\177\377\333\033\016\274Y\31285\032(\327\001\326\327"
 132      0EBC59CA 
 132      38351A28 
 132      D701D6D7 
 133 006f C90CB48D 		.ascii	"\311\014\264\215\371\015c\363\202\345\333\230\301\252"
 133      F90D63F3 
 133      82E5DB98 
 133      C1AA
ARM GAS  C:\Users\SevenI7\AppData\Local\Temp\cc8Z6pZB.s 			page 10


 134 007d 8146ECDC 		.ascii	"\201F\354\334\371\3466{\375\337\006\2169\314\214\323"
 134      F9E6367B 
 134      FDDF068E 
 134      39CC8CD3 
 135 008d 9881DA19 		.ascii	"\230\201\332\031\2672\3263\314\001*}\307\330\264`\365"
 135      B732D633 
 135      CC012A7D 
 135      C7D8B460 
 135      F5
 136 009e 3646B042 		.ascii	"6F\260B\020\350\000\311\002MP\327\323\323\007\242\344"
 136      10E800C9 
 136      024D50D7 
 136      D3D307A2 
 136      E4
 137 00af 8CCCA4CC 		.ascii	"\214\314\244\314\374bCKC\375\374b\375\242\022\375\314"
 137      FC62434B 
 137      43FDFC62 
 137      FDA212FD 
 137      CC
 138 00c0 BCE49CD2 		.ascii	"\274\344\234\322\224T\240Dqe\261^\006\003\000\201\021"
 138      9454A044 
 138      7165B15E 
 138      06030081 
 138      11
 139 00d1 3DE2     		.ascii	"=\342"
 140              		.text
 141              		.section	.gnu.lto_osalSysLockFromISR.1d35e50,"",%progbits
 142 0000 789C6363 		.ascii	"x\234cc``X\004\304\232@,\012\304\014\314\014\214L\014"
 142      60605804 
 142      C49A402C 
 142      0AC40CCC 
 142      0C8C4C0C 
 143 0014 40CCC808 		.ascii	"@\314\310\010\34402\32431\3263\3660Oaf<\324\376l'\223"
 143      E43032D4 
 143      3331D633 
 143      F6304F61 
 143      663CD4FE 
 144 002b E6F20620 		.ascii	"\346\362\006 80\375\232\322\301\326\206.\2039\314\014"
 144      3830FD9A 
 144      D2C1D686 
 144      2E8339CC 
 144      0C
 145 003c 0CD39819 		.ascii	"\014\323\230\031\300\200q3\243&\003P\335\243\215\377"
 145      C0807133 
 145      A3260350 
 145      DDA38DFF 
 146 004c A6F2B2B1 		.ascii	"\246\362\262\261@\304\031\2670\2621\200LZ\177\211\365"
 146      40C419B7 
 146      30B23180 
 146      4C5A7F89 
 146      F5
 147 005d 40C3BFFF 		.ascii	"@\303\277\377\355\015\007\336,e\274\373\210\003(\331"
 147      ED0D07DE 
 147      2C65BCFB 
 147      880328D9 
 148 006d 01D6D8C9 		.ascii	"\001\326\330\311\014\264\216\371\015c\363\202\355G\015"
 148      0CB48EF9 
ARM GAS  C:\Users\SevenI7\AppData\Local\Temp\cc8Z6pZB.s 			page 11


 148      0D63F382 
 148      ED470D
 149 007c C1CA8166 		.ascii	"\301\312\201f\354\334\371\3466{\375\337\006\2169\314"
 149      ECDCF9E6 
 149      367BFDDF 
 149      068E39CC 
 150 008c 8CD39881 		.ascii	"\214\323\230\201\372\031\2672\3263\314\001*}\307\330"
 150      FA19B732 
 150      D633CC01 
 150      2A7DC7D8 
 151 009c B460F751 		.ascii	"\264`\367QA\260B\020\350\000\311\002MP\327\323\323\007"
 151      41B04210 
 151      E800C902 
 151      4D50D7D3 
 151      D307
 152 00ae A2E48CCC 		.ascii	"\242\344\214\314\244\314\374bCKC\375\374b\375\214\304"
 152      A4CCFC62 
 152      434B43FD 
 152      FC62FD8C 
 152      C4
 153 00bf 1C200524 		.ascii	"\034 \005$\212J\300\264^\006\003\000\030\307>\317"
 153      8A4AC0B4 
 153      5E060300 
 153      18C73ECF 
 154              		.text
 155              		.section	.gnu.lto_osalSysUnlockFromISR.1d35e50,"",%progbits
 156 0000 789C6363 		.ascii	"x\234cc``X\004\304\232@,\012\304\014\314\014\214L\014"
 156      60605804 
 156      C49A402C 
 156      0AC40CCC 
 156      0C8C4C0C 
 157 0014 40CCC808 		.ascii	"@\314\310\010\34402\32431\3263\3660Oaf<\324\376l'\223"
 157      E43032D4 
 157      3331D633 
 157      F6304F61 
 157      663CD4FE 
 158 002b E6F20620 		.ascii	"\346\362\006 80\375\217\322\301\326\206.\2039\314\014"
 158      3830FD8F 
 158      D2C1D686 
 158      2E8339CC 
 158      0C
 159 003c 0CD39819 		.ascii	"\014\323\230\031\300\200q3\243&\003P\335\243\215\377"
 159      C0807133 
 159      A3260350 
 159      DDA38DFF 
 160 004c A6F2B2B1 		.ascii	"\246\362\262\261@\304\031\2670\2621\200LZ\177\211\365"
 160      40C419B7 
 160      30B23180 
 160      4C5A7F89 
 160      F5
 161 005d 40C3BFFF 		.ascii	"@\303\277\377\355\015\007\376,e\234\374\230\003(\331"
 161      ED0D07FE 
 161      2C659CFC 
 161      980328D9 
 162 006d 01D6D8C9 		.ascii	"\001\326\330\311\014\264\216\371\015c\363\202\305\307"
 162      0CB48EF9 
 162      0D63F382 
ARM GAS  C:\Users\SevenI7\AppData\Local\Temp\cc8Z6pZB.s 			page 12


 162      C5C7
 163 007b 0CC1CA81 		.ascii	"\014\301\312\201f\354\334\371\3466{\375\337\006\216"
 163      66ECDCF9 
 163      E6367BFD 
 163      DF068E
 164 008a 39CC8CD3 		.ascii	"9\314\214\323\230\201\372\031\2672\3263\314\001*}\307"
 164      9881FA19 
 164      B732D633 
 164      CC012A7D 
 164      C7
 165 009b D8B460F9 		.ascii	"\330\264`\3711A\260B\020\350\000\311\002MP\327\323\323"
 165      3141B042 
 165      10E800C9 
 165      024D50D7 
 165      D3D3
 166 00ad 07A2E48C 		.ascii	"\007\242\344\214\314\244\314\374bCKC\375\374b\375\214"
 166      CCA4CCFC 
 166      62434B43 
 166      FDFC62FD 
 166      8C
 167 00be C41C2005 		.ascii	"\304\034 \005$\212J\300\264^\006\003\000\015\024>\226"
 167      248A4AC0 
 167      B45E0603 
 167      000D143E 
 167      96
 168              		.text
 169              		.section	.gnu.lto_osalOsTimerHandlerI.1d35e50,"",%progbits
 170 0000 789C6363 		.ascii	"x\234cc``X\004\304\232@,\012\304\014\314\014\214L\014"
 170      60605804 
 170      C49A402C 
 170      0AC40CCC 
 170      0C8C4C0C 
 171 0014 40CCC808 		.ascii	"@\314\310\010\34402\32431\3263\3660Oaf<\324\376l'\223"
 171      E43032D4 
 171      3331D633 
 171      F6304F61 
 171      663CD4FE 
 172 002b E6F20620 		.ascii	"\346\362\006 80\375\223\332\301\326\206.\2039\314\014"
 172      3830FD93 
 172      DAC1D686 
 172      2E8339CC 
 172      0C
 173 003c 0CD39819 		.ascii	"\014\323\230\031\300\200q3\243&\003P\335\243\215\377"
 173      C0807133 
 173      A3260350 
 173      DDA38DFF 
 174 004c A6F2B2B1 		.ascii	"\246\362\262\261@\304\031\2670\2621\200LZ\177\211\365"
 174      40C419B7 
 174      30B23180 
 174      4C5A7F89 
 174      F5
 175 005d 40C3BFFF 		.ascii	"@\303\277\377\355\015\007\276,e\374\371\214\003(\331"
 175      ED0D07BE 
 175      2C65FCF9 
 175      8C0328D9 
 176 006d 01D6D8C9 		.ascii	"\001\326\330\311\014\264\216\371\015c\363\202\367g\015"
 176      0CB48EF9 
ARM GAS  C:\Users\SevenI7\AppData\Local\Temp\cc8Z6pZB.s 			page 13


 176      0D63F382 
 176      F7670D
 177 007c C1CA8166 		.ascii	"\301\312\201f\354\334\371\3466{\375\337\006\2169\314"
 177      ECDCF9E6 
 177      367BFDDF 
 177      068E39CC 
 178 008c 8CD39881 		.ascii	"\214\323\230\201\372\031\2672\3263\314\001*}\307\330"
 178      FA19B732 
 178      D633CC01 
 178      2A7DC7D8 
 179 009c B4E0F359 		.ascii	"\264\340\363YA\260B\020\350\000\311\002MP\327\323\323"
 179      41B04210 
 179      E800C902 
 179      4D50D7D3 
 179      D3
 180 00ad 07A2E48C 		.ascii	"\007\242\344\214\314\244\314\374bCKC\375\374b\375\214"
 180      CCA4CCFC 
 180      62434B43 
 180      FDFC62FD 
 180      8C
 181 00be C41C2005 		.ascii	"\304\034 \005$\212J\300\264^\006\003\000k_?\227"
 181      248A4AC0 
 181      B45E0603 
 181      006B5F3F 
 181      97
 182              		.text
 183              		.section	.gnu.lto_VectorB0.1d35e50,"",%progbits
 184 0000 789C7592 		.ascii	"x\234u\222Oh\023Q\020\306\347{\263\331h5\364\352\301"
 184      4F681351 
 184      10C6E77B 
 184      B3D96835 
 184      F4EAC1
 185 0013 83072FB9 		.ascii	"\203\007/\271\344\021\365\"\342\315\213\320^\264\367"
 185      E411F522 
 185      E2CD8BD0 
 185      5EB4F7
 186 0022 A2F5D042 		.ascii	"\242\365\320B b\212\036\263\351\037\333b{\263\021e\221"
 186      20628A1E 
 186      B3E91FDB 
 186      627BB311 
 186      6591
 187 0034 0583E2A1 		.ascii	"\005\203\342\241\024\361O\334\264\3325\242xQ\301\203"
 187      14F14FDC 
 187      B4DA35A2 
 187      7851C183 
 188 0044 979E142A 		.ascii	"\227\236\024*R\202\010\006\202\242\2553\273Q\213\264"
 188      52820806 
 188      82A2AD33 
 188      BB518BB4 
 189 0054 8FDDF778 		.ascii	"\217\335\367x;\277\371\346\233\267\317%\242K\206\350"
 189      3BBFF9E6 
 189      9BB7CF25 
 189      A24B86E8 
 190 0064 B8AC5979 		.ascii	"\270\254Yy)E\220-\214a\"\317829\014Y\340\000\022\006"
 190      2945902D 
 190      8C6122CF 
 190      3832390C 
ARM GAS  C:\Users\SevenI7\AppData\Local\Temp\cc8Z6pZB.s 			page 14


 190      59E00012 
 191 0079 950D3B28 		.ascii	"\225\015;(c\226\2572\232S\237B\223\275\343\311\210\256"
 191      6396AF32 
 191      9A539F42 
 191      93BDE3C9 
 191      88AE
 192 008b FDE8AD78 		.ascii	"\375\350\255x\223\373|\311\2532\305\003\367\221%\301"
 192      93FB7CC9 
 192      AB32C503 
 192      F79125C1 
 193 009b 3EDEDB98 		.ascii	">\336\333\230\317\270N\362\035\017\340\222J-\276KE\336"
 193      CFB84EF2 
 193      1D0FE092 
 193      4A2DBE4B 
 193      45DE
 194 00ad C6E69417 		.ascii	"\306\346\224\027\265oa\351\324^\220\317R\333g)-\223"
 194      B56F61E9 
 194      D45E90CF 
 194      52DB6729 
 194      2D93
 195 00bf A35BA2E9 		.ascii	"\243[\242\351Xk\206\305\024\257c\254\375yvf\217J\334"
 195      586B86C5 
 195      14AF63AC 
 195      FD797666 
 195      8F4ADC
 196 00d2 6088F29B 		.ascii	"`\210\362\233\205\316\327\236+,$\324\204\203\207\330"
 196      85CED79E 
 196      2B2C24D4 
 196      848387D8 
 197 00e2 4FEB6836 		.ascii	"O\353h6v'\214\021\246:\331|\233N\0305\263\334|\375\322"
 197      76278C11 
 197      A63AD97C 
 197      9B4E1835 
 197      B3DC7CFD 
 198 00f7 0D70B322 		.ascii	"\015p\263\"\374\001\237Y\204\360H\2624\366\276\336\250"
 198      FC019F59 
 198      84F048B2 
 198      34F6BEDE 
 198      A8
 199 0108 67EC8237 		.ascii	"g\354\2027Q\321\220\203:\002\314\307\006\360\030V\204"
 199      51D19083 
 199      3A02CCC7 
 199      06F01856 
 199      84
 200 0119 C77F5EBE 		.ascii	"\307\177^\276\236N\2449Q\177\261\331\211zU\335\300 "
 200      9E4EA439 
 200      517FB1D9 
 200      897A55DD 
 200      C020
 201 012b 149D354C 		.ascii	"\024\2355L\254>?\322e\004Xl\205\3373\011@hh\241\270"
 201      AC3E3FD2 
 201      6504586C 
 201      85DF3309 
 201      406868A1 
 202 0140 1FFED3CF 		.ascii	"\037\376\323\317\334\335\236\004\376k\276\375*\247_"
 202      DCDD9E04 
 202      FE6BBEFD 
ARM GAS  C:\Users\SevenI7\AppData\Local\Temp\cc8Z6pZB.s 			page 15


 202      2AA75F
 203 014f FEF31ADC 		.ascii	"\376\363\032\334\326\003b\345v\262\273\364\317\3562"
 203      D60362E5 
 203      76B2BBF4 
 203      CFEE32
 204 015e ECD6D61D 		.ascii	"\354\326\326\035\251\375D\262Z\030\017Vj\251\370\037"
 204      A9FD44B2 
 204      5A180F56 
 204      6AA9F81F 
 205 016e 483C0C5B 		.ascii	"H<\014[\253\351\362/o\227\317\251\252\2366\236\242,"
 205      ABE9F22F 
 205      6F97CFA9 
 205      AA9E369E 
 205      A22C
 206 0180 55DC18FC 		.ascii	"U\334\030\374pp{N\357\307\312\026nm\007N\234 \352r\332"
 206      70707B4E 
 206      EFC7CA16 
 206      6E6D074E 
 206      9C20EA72 
 207 0195 B2DC2256 		.ascii	"\262\334\"V\376[\215\267O\320k\366\254\233\360\005c"
 207      FE5B8DB7 
 207      4FD06BF6 
 207      AC9BF005 
 207      63
 208 01a6 41A78618 		.ascii	"A\247\206\030\3241\255\366\244\362\261\\\316\31234<"
 208      D431ADF6 
 208      A4F2B15C 
 208      CECA3334 
 208      3C
 209 01b7 7276A458 		.ascii	"rv\244X\312\037\315\333b\311\016\237)\330\363\305\013"
 209      CA1FCDDB 
 209      62C90E9F 
 209      29D8F3C5 
 209      0B
 210 01c8 A3257B7A 		.ascii	"\243%{z\240\377\360!\333\327w\302\016\234\354\277\230"
 210      A0FFF021 
 210      DBD777C2 
 210      0E9CECBF 
 210      98
 211 01d9 D7C86069 		.ascii	"\327\310`it\260P8\227\033\242\337\370)\323\310"
 211      74B05038 
 211      971BA2DF 
 211      F829D3C8 
 212              		.text
 213              		.section	.gnu.lto_st_lld_init.1d35e50,"",%progbits
 214 0000 789C8D95 		.ascii	"x\234\215\225Il\024G\024\206\353\237\352m\214g\274o"
 214      496C1447 
 214      1486EB9F 
 214      EA6D8C67 
 214      BC6F
 215 0012 920F4809 		.ascii	"\222\017H\011\007rp3p!B\312%\\\020p\012w\224\220\003"
 215      07727033 
 215      702142CA 
 215      255C1070 
 215      0A779490 
 216 0027 962C398A 		.ascii	"\226,9\212\021\307\270\261\307K\000E\221\002\216d\015"
 216      11C7B8B1 
ARM GAS  C:\Users\SevenI7\AppData\Local\Temp\cc8Z6pZB.s 			page 16


 216      C74B0045 
 216      91028E64 
 216      0D
 217 0038 D14848E0 		.ascii	"\321HH\340\013b\211\301\013\006\306\023\026\263x\034"
 217      0B6289C1 
 217      0B06C613 
 217      16B3781C 
 218 0048 8831DE20 		.ascii	"\2101\336 \001\0022\006!c\021%\001a\363^u\333\203\361"
 218      01023206 
 218      21631125 
 218      0161F35E 
 218      75DB83F1 
 219 005c B498D6F4 		.ascii	"\264\230\326\364\233W\375\252\336W\377\253\256jC\010"
 219      9B57FDAA 
 219      DE57FFAB 
 219      AE6A4308 
 220 006c B1DE12E2 		.ascii	"\261\336\022\342s\372\377\210n\241\013\004\004\335\220"
 220      73FAFF88 
 220      6EA10B04 
 220      04DD90
 221 007b 642534B2 		.ascii	"d%4\262\032@\001\210\372\200\324P\217\375\362\200D\262"
 221      1A400188 
 221      FA80D450 
 221      8FFDF280 
 221      44B2
 222 008d E5714F60 		.ascii	"\345qO`\365Q\207\256\304\317\263\205\315NSy\214F\264"
 222      F55187AE 
 222      C4CFB385 
 222      CD4E5379 
 222      8C46B4
 223 00a0 49A12EFC 		.ascii	"I\241.\374\212\325\202\272=89w0dh\356st\302\2404\002"
 223      8AD582BA 
 223      3D383977 
 223      306468EE 
 223      7374C2A0 
 224 00b6 14B8193D 		.ascii	"\024\270\031=\021\223\373dL\002\0325_\014\266?\014s"
 224      1193FB64 
 224      4C021A35 
 224      5F0CB63F 
 224      0C73
 225 00c8 338095D4 		.ascii	"3\200\225\324\374\347lt,,?\003\247\350\236m\271g\255"
 225      FCE76C74 
 225      2C2C3F03 
 225      A7E89E6D 
 225      B967AD
 226 00db 3AEC380D 		.ascii	":\3548\015Nb\356\272\321\336\221\210\256\214I\211.H"
 226      4E62EEBA 
 226      D1DE9188 
 226      AE8C4989 
 226      2E48
 227 00ed CA8A33A8 		.ascii	"\312\2123\250\304iT\272\324n\254:~KO8s\363-N\"\265\271"
 227      C46954BA 
 227      D46EAC3A 
 227      7E4B4F38 
 227      73F32D4E 
 228 0104 BB73BEF8 		.ascii	"\273s\276\370c\210\230\324\002d\244dOcOg\317`\317d\317"
 228      638898D4 
ARM GAS  C:\Users\SevenI7\AppData\Local\Temp\cc8Z6pZB.s 			page 17


 228      0264A464 
 228      4F634F67 
 228      CF60CF64 
 229 0119 622F974D 		.ascii	"b/\227M\210\233a2z\0367\363\331+`\257\220\214Q\304\246"
 229      889B6132 
 229      7A1E37F3 
 229      D92B60AF 
 229      908C51C4 
 230 012e 984D099B 		.ascii	"\230M\011\233R6el\312\331T\260\021\242U\225\340{IU\224"
 230      5236656C 
 230      CAD954B0 
 230      11A25595 
 230      E07B4955 
 231 0143 D3687839 		.ascii	"\323hx9u\241\232\205\267K\226\035=t\351q\220ujpfZ\035"
 231      75A19A85 
 231      B74B961D 
 231      3D74E971 
 231      90756A70 
 232 015a 0D3D34F5 		.ascii	"\015=4\365i${\203n\237\000\365ikJ\016\231n\037\326\337"
 232      69247B83 
 232      6E9F00F5 
 232      696B4A0E 
 232      996E1FD6 
 233 016f 971CBC6C 		.ascii	"\227\034\274l\304\361\313\036*5\0117)\021zY0\305F\272"
 233      C4F1CB1E 
 233      2A350937 
 233      29117A59 
 233      30C546BA 
 234 0183 7ABB42F6 		.ascii	"z\273B\3661'\212\230\264p\026q\034Tt\364\301\026\014"
 234      31278A98 
 234      B4701671 
 234      1C5474F4 
 234      C1160C
 235 0196 B7DCB4D2 		.ascii	"\267\334\264\322\3434\376\327\014\367\211\346\262:/"
 235      E334FED7 
 235      0CF789E6 
 235      B23A2F
 236 01a5 5E69B698 		.ascii	"^i\266\230EIq\316\235\313\360^\325'#Z\372\240\317\247"
 236      454971CE 
 236      9DCBF05E 
 236      D527235A 
 236      FAA0CFA7 
 237 01b9 D1176053 		.ascii	"\321\027`SzU\002\351\225\300\233\205\376\276\332\314"
 237      7A5502E9 
 237      95C09B85 
 237      FEBEDACC 
 238 01c9 0CDD8791 		.ascii	"\014\335\207\221P\014\365*\366/\225g.\223gQ\362l\364"
 238      500CF52A 
 238      F62F9567 
 238      2E936751 
 238      F26CF4
 239 01dc 983EAC64 		.ascii	"\230>\254d\232\365\033\353\261\224\036m\251\236\320"
 239      9AF51BEB 
 239      B1941E6D 
 239      A99ED0
 240 01eb FB7A7233 		.ascii	"\373zr32B\313\031{8d\341b\232r\311S\324q\315\313\025"
 240      3242CB19 
ARM GAS  C:\Users\SevenI7\AppData\Local\Temp\cc8Z6pZB.s 			page 18


 240      7B3864E1 
 240      629A72C9 
 240      53D471CD 
 241 0201 A6FE7B1B 		.ascii	"\246\376{\033\373O\251\325\321\341$~t\302\270\274\224"
 241      FB4FA9D5 
 241      D1E1247E 
 241      74C2B8BC 
 241      94
 242 0212 97F7EEDB 		.ascii	"\227\367\356\333\242gz[\202\224\010W2J\034P\360\000"
 242      A2677A5B 
 242      82940857 
 242      324A1C50 
 242      F000
 243 0224 C3AF2E2D 		.ascii	"\303\257.-g\276\307I\227\263\200X\037,g\220Gff]K\263"
 243      67BEC749 
 243      97B38058 
 243      1F2C6790 
 243      4766665D 
 244 023a AE73390B 		.ascii	"\256s9\013\024nj\360\211\351\346/\244\021\251c\377\316"
 244      146E6AF0 
 244      89E9E62F 
 244      A411A963 
 244      FFCE
 245 024c E4B01003 		.ascii	"\344\260\020\003|\252h\270\341\362^\016\254\367x\213"
 245      7CAA68B8 
 245      E1F25E0E 
 245      ACF7788B 
 246 025c 528D6552 		.ascii	"R\215eR\343\337\321\346\313\241D\030\364\251uJMA\035"
 246      E3DFD1E6 
 246      CBA14418 
 246      F4A9754A 
 246      4D411D
 247 026f 4343B0A9 		.ascii	"CC\260\251\303t\352\311!U\\\013C\375\002\277+\032-@"
 247      C374EAC9 
 247      21555C0B 
 247      43FD02BF 
 247      2B1A2D40 
 248 0283 CA2B6ED1 		.ascii	"\312+n\321\362\011d\"\026\371\022o*\"\357\004\334R\304"
 248      F2096422 
 248      16F9126F 
 248      2A22EF04 
 248      DC52C4
 249 0296 A77D2746 		.ascii	"\247}'Fu\2278OW\036\376X`\016y\314\342\354\230\305\276"
 249      7597384F 
 249      571EFE58 
 249      600E79CC 
 249      E2EC98C5 
 250 02ab CC61C5D4 		.ascii	"\314a\305\324\231y[1\027kfA`d\2017\352\361J\262\343"
 250      99795B31 
 250      176B6641 
 250      60648137 
 250      EAF14AB2 
 251 02c0 95F8F056 		.ascii	"\225\370\360V\340\216\342\321\251\307\301\216\347\377"
 251      E08EE2D1 
 251      A9C7C18E 
 251      E7FF
 252 02ce 0F9891E3 		.ascii	"\017\230\221\343\034\214\237R\353>\012\033\237\250\263"
ARM GAS  C:\Users\SevenI7\AppData\Local\Temp\cc8Z6pZB.s 			page 19


 252      1C8C9F52 
 252      EB3E0A1B 
 252      9FA8B3
 253 02dd 1963882C 		.ascii	"\031c\210,\362\247\306\026\026\2764\273\011\224\372"
 253      F2A7C616 
 253      16BE34BB 
 253      0994FA
 254 02ec 0A1E5713 		.ascii	"\012\036W\0230\2310A\260E\205\343\236\302\262\354\000"
 254      30993041 
 254      B04585E3 
 254      9EC2B2EC 
 254      00
 255 02fd 65BE8049 		.ascii	"e\276\200I\005\340\375\217\273\357\002&<@yv\200r_\300"
 255      05E0FD8F 
 255      BBEF0226 
 255      3C407976 
 255      80725FC0 
 256 0311 3D050832 		.ascii	"=\005\0102\340O\265d\247[n\234\314q\227\014\370k\201"
 256      E04FB564 
 256      A75B6E9C 
 256      CC71970C 
 256      F86B81
 257 0324 37E9F12A 		.ascii	"7\351\361*\262\343U\370\362\356+^\016\363\036\220 \006"
 257      B2E355F8 
 257      F2EE2B5E 
 257      0EF31E90 
 257      2006
 258 0336 3C43537C 		.ascii	"<CS|\376\210T\337g\032\321\323\363l\302\254\177\343"
 258      FE8854DF 
 258      671AD1D3 
 258      F36CC2AC 
 258      7FE3
 259 0348 583199DB 		.ascii	"X1\231\333\306\307\023\036\242\236\003\217\256\376\324"
 259      C6C7131E 
 259      A29E038F 
 259      AEFED4
 260 0357 9CCB330B 		.ascii	"\234\3133\013\321G\367oT\362\021\365\352\316\017\226"
 260      D147F76F 
 260      54F211F5 
 260      EACE0F96 
 261 0367 FBC8C223 		.ascii	"\373\310\302#T\306dX<GC\374\365QuJ\250\317r+\347\240"
 261      54C66458 
 261      3C4743FC 
 261      F551754A 
 261      A8CF722B 
 262 037d CDBFA1AA 		.ascii	"\315\277\241\252\312\246\337\216\235\325_U\327\326E"
 262      CAA6DF8E 
 262      9DD55F55 
 262      D7D645
 263 038c 3E8DD8B5 		.ascii	">\215\330\265u\366\316/k\354oj\277\335Ug\177\261m\353"
 263      75F6CE2F 
 263      6BEC6F6A 
 263      BFDD5567 
 263      7FB16DEB 
 264 03a0 BAB5F696 		.ascii	"\272\265\366\226-\033\355m\233\266\356\216pd{\335\256"
 264      2D1BED6D 
 264      9BB6EE8E 
ARM GAS  C:\Users\SevenI7\AppData\Local\Temp\cc8Z6pZB.s 			page 20


 264      70647BDD 
 264      AE
 265 03b1 ED35355F 		.ascii	"\35555_W\355\020\372\356\332\232\2525o\001\010m\242"
 265      57ED10FA 
 265      EEDA9AAA 
 265      356F0108 
 265      6DA2
 266 03c3 B6       		.ascii	"\266"
 267              		.text
 268              		.section	.gnu.lto_.symbol_nodes.1d35e50,"",%progbits
 269 0000 789C5DC8 		.ascii	"x\234]\310\273\015\3020\024F\341\377^'\316{\006V\201"
 269      BB0DC230 
 269      1446E1FF 
 269      5E27CE7B 
 269      065681
 270 0013 8198E11A 		.ascii	"\201\230\341\032!\321\022\262Bj(\350\222\016\245\341"
 270      21D112B2 
 270      426A28E8 
 270      920EA5E1 
 271 0023 256600D1 		.ascii	"%f\000\321f\006\204\023\013\211\2709G\3724\200%\331"
 271      66068413 
 271      0B89B839 
 271      47FA3480 
 271      25D9
 272 0035 F0960428 		.ascii	"\360\226\004(\037\200]cNF[+I\310\267\035\011\373V\221"
 272      1F805D63 
 272      4E465B2B 
 272      49C8B71D 
 272      09FB5691 
 273 0049 28DF1A92 		.ascii	"(\337\032\222\300\267\226$\364m\317\242};\260D\276\035"
 273      C0B79624 
 273      F46DCFA2 
 273      7D3BB044 
 273      BE1D
 274 005b 5962DFCE 		.ascii	"Yb\337\316,\311\317\332\325\302\312\205%\235\010\335"
 274      2CC9CFDA 
 274      D5C2CA85 
 274      259D08DD 
 275 006b 58B25100 		.ascii	"X\262Q\000c\346\026\256,\371\004\356,\305?(\006\352"
 275      63E616AE 
 275      2CF904EE 
 275      2CC53F28 
 275      06EA
 276 007d E7879422 		.ascii	"\347\207\224\"\367\200\335C\345\256\003\367(t\2173\367"
 276      F780DD43 
 276      E5AE03F7 
 276      28748F33 
 276      F7
 277 008e 44E3FD1A 		.ascii	"D\343\375\032\036c\275\351g*\211P\217\317\321\015O\013"
 277      1E63BDE9 
 277      672A8950 
 277      8FCFD10D 
 277      4F0B
 278 00a0 74553FC3 		.ascii	"tU?\303\027z\317e\200"
 278      177ACF65 
 278      80
 279              		.text
ARM GAS  C:\Users\SevenI7\AppData\Local\Temp\cc8Z6pZB.s 			page 21


 280              		.section	.gnu.lto_.refs.1d35e50,"",%progbits
 281 0000 789C6363 		.ascii	"x\234cc```\004b\006\000\000D\000\010"
 281      60606004 
 281      62060000 
 281      440008
 282              		.text
 283              		.section	.gnu.lto_.decls.1d35e50,"",%progbits
 284 0000 789CCD58 		.ascii	"x\234\315XiPTY\226\316\373n\222$\253\006VT\370\303\211"
 284      69505459 
 284      96CEFB6E 
 284      9224AB06 
 284      5654F8C3 
 285 0015 36AA8D90 		.ascii	"6\252\215\220\230\350\226E{\354\351\356\230(MP\210\221"
 285      98E89645 
 285      7BECE9EE 
 285      98284D50 
 285      8891
 286 0027 2A23B13A 		.ascii	"*#\261:fz\250\312\246 -\211f\251\006\254\326\236\211"
 286      667AA8CA 
 286      A6202D89 
 286      66A906AC 
 286      D69E89
 287 003a A9C7A6C9 		.ascii	"\251\307\246\311\246 \270\024\210\242\242\270\240\205"
 287      A620B814 
 287      88A2A2B8 
 287      A085
 288 0048 B6886C82 		.ascii	"\266\210l\202\200\200l\205\240\026(;\210\210\026 ( "
 288      80806C85 
 288      A016283B 
 288      88881620 
 288      2820
 289 005a A0CCB9F7 		.ascii	"\240\314\271\367\276\344\275|$LMGw\304\274\360p\337"
 289      BEE4BD7C 
 289      244C4D47 
 289      77C4BCF0 
 289      70DF
 290 006c 79F73BDF 		.ascii	"y\367;\337=\367\234s\227T\245P(J\377A\241\330k\241P"
 290      3DF79C73 
 290      9754A550 
 290      284AFF41 
 290      A1D86BA1 
 291 0081 FC0C2B14 		.ascii	"\374\014+\024s\360\330\302\267\333\012\361\261\007)"
 291      73F0D8C2 
 291      B7DB0AF1 
 291      B10729
 292 0090 02292158 		.ascii	"\002)!X\241\257\002\344\016H5\310]\220:\220\006\220"
 292      A1AF02E4 
 292      0E4835C8 
 292      5D903A90 
 292      0690
 293 00a2 EF40EE81 		.ascii	"\357@\356\201\264\200\364*\026>\177B\012\205\012\332"
 293      B480F42A 
 293      163E7F42 
 293      0A850ADA 
 294 00b2 DF833880 		.ascii	"\337\2038\200\274\007\322\001\362\014dX\300p\302x\257"
 294      BC07D201 
 294      F20C6458 
ARM GAS  C:\Users\SevenI7\AppData\Local\Temp\cc8Z6pZB.s 			page 22


 294      C070C278 
 294      AF
 295 00c3 CCD8FFE7 		.ascii	"\314\330\377\347\217\264/Y\304\376k\260\307\202\375"
 295      8FB42F59 
 295      C4FE6BB0 
 295      C782FD
 296 00d2 6B904289 		.ascii	"k\220B\211M\2510\256\374\211Z\302\346\2660\226\374\331"
 296      4DA930AE 
 296      FC895AC2 
 296      E6B63096 
 296      FCD9
 297 00e4 BF844D85 		.ascii	"\277\204M\2050\226\374\211_\302\346\216\3024'\306\347"
 297      3096FC89 
 297      5FC2E68E 
 297      C23427C6 
 297      E7
 298 00f5 E01236D5 		.ascii	"\340\0226\325\302X\362'e\011\233\273\302X\362\347\350"
 298      C258F227 
 298      65099BBB 
 298      C258F2E7 
 298      E8
 299 0106 123624F7 		.ascii	"\0226$\367\367\314\330\244\203\215\245`\363Kx_\013\355"
 299      F7CCD8A4 
 299      838DA560 
 299      F34B785F 
 299      0BED
 300 0118 46686724 		.ascii	"Fhg$\034\240*\326\300\037(?Z?\325\002\037\361\243\305"
 300      1CA02AD6 
 300      C01F283F 
 300      5A3FD502 
 300      1FF1A3C5 
 301 012c 0CE749C0 		.ascii	"\014\347I\300.S\230\346\237\360\032\340\373a\304\306"
 301      2E5398E6 
 301      9FF01AE0 
 301      FB61C4C6 
 302 013c D9278C41 		.ascii	"\331'\214A\346I\306\263\0029\202X\235\364\200\330\200"
 302      E649C6B3 
 302      02398258 
 302      9DF480D8 
 302      80
 303 014d 4480FE5F 		.ascii	"D\200\376_\210\305o\003\310O@V\203|\000\362S\342+\210"
 303      88C56F03 
 303      C84F4056 
 303      837C00F2 
 303      53E22B88 
 304 0161 2BC83F22 		.ascii	"+\310?\"6GR\327\346\3529\025\243K\207\372\216*\273P"
 304      364752D7 
 304      E6EA3915 
 304      A34B87FA 
 304      8E2ABB50 
 305 0175 07990A5A 		.ascii	"\007\231\012Z\216\020b\263\222>D\2373>\244\237\0018"
 305      8E1062B3 
 305      923E449F 
 305      333EA49F 
 305      0138
 306 0187 64EC6428 		.ascii	"d\354d(\271\031\355CL8\205\210\025-$\254\022cD\037\005"
 306      B919ED43 
ARM GAS  C:\Users\SevenI7\AppData\Local\Temp\cc8Z6pZB.s 			page 23


 306      4C388588 
 306      152D24AC 
 306      1263441F 
 307 019c 7545EA0B 		.ascii	"uE\352\013\365Lp\017\211\303\243y\214\021/aE\363F\013"
 307      F54C700F 
 307      89C3A379 
 307      8C112F61 
 307      45F3460B 
 308 01b0 BD53B09A 		.ascii	"\275S\260\232 Ax\360\"\341\212m7\352\004\350\277+\024"
 308      204178F0 
 308      22E18A6D 
 308      37EA04E8 
 308      BF2B14
 309 01c3 49EA2044 		.ascii	"I\352 D\276\236\233\234\212\267\307\034}\037\276~,M"
 309      BE9E9B9C 
 309      8AB7C71C 
 309      7D1FBE7E 
 309      2C4D
 310 01d5 8D6DE9FB 		.ascii	"\215m\351\373\203\373\221\021V\353rx\366\250\017b\005"
 310      83FB9111 
 310      56EB7278 
 310      F6A80F62 
 310      05
 311 01e6 BA81B031 		.ascii	"\272\201\2601\240w\346&\313\226\305c\344`\2158P\233"
 311      A077E626 
 311      CB96C563 
 311      E4608D38 
 311      509B
 312 01f8 47EB336C 		.ascii	"G\3533l@}\317\032-\0075'a.\325b\345\021b\230\024\305"
 312      407DCF1A 
 312      2D073527 
 312      612ED562 
 312      E5116298 
 313 020e 2FE7D0EF 		.ascii	"/\347\320\357\337G\005h\025\272\211V\201\223\205h%\374"
 313      DF470568 
 313      15BA8956 
 313      81938568 
 313      25FC
 314 0220 0D5632A6 		.ascii	"\015V2\246\233I\206\246e\037d\362ee|Yu\232czT|\"\237"
 314      9B4986A6 
 314      651F64F2 
 314      65657C59 
 314      759A637A 
 315 0238 893C080A 		.ascii	"\211<\010\012\345!\214\362\321:2\343<26\272\216\272"
 315      E5218CF2 
 315      D13A32E3 
 315      3C3236BA 
 315      8EBA
 316 024a 11FA0BEA 		.ascii	"\021\372\013\352\202)\024\241\017\300\272\373\344\323"
 316      822914A1 
 316      0FC0BAFB 
 316      E4D3
 317 0258 143BBC0F 		.ascii	"\024;\274\017Q\227+\322\316\224X\012T\315'p\032_\026"
 317      51972BD2 
 317      CE94580A 
 317      54CD2770 
 317      1A5F16
ARM GAS  C:\Users\SevenI7\AppData\Local\Temp\cc8Z6pZB.s 			page 24


 318 026b C9F3991C 		.ascii	"\311\363\231\034\245*\026\251\212\345T%\224\252b\342"
 318      A52A16A9 
 318      8AE55425 
 318      94AA62E2 
 319 027b E1654B7C 		.ascii	"\341eK|\210Qu\031J\303\005\246\332\363\246L\267D\246"
 319      88517519 
 319      4AC305A6 
 319      DAF3A64C 
 319      B744A6
 320 028e 5B72A652 		.ascii	"[r\246R\312t\267\377r\271=>\313\230\316\215\276MT\013"
 320      CA74B7FF 
 320      72B93D3E 
 320      CB98CE8D 
 320      BE4D540B 
 321 02a2 54BD174C 		.ascii	"T\275\027L\251\312D\25229\325mJ5:Q\227\214q!\243*\236"
 321      A9CA44AA 
 321      3239D56D 
 321      4A353A51 
 321      978C7121 
 322 02b9 8848B210 		.ascii	"\210H\262\020\250\036\027\254yv\235\347cx\276LI\271"
 322      A81E17AC 
 322      79769DE7 
 322      6378BE4C 
 322      49B9
 323 02cb CA45AE72 		.ascii	"\312E\256r9W\005\345J=[\035\253\304\343\214\353\370"
 323      395705E5 
 323      4A3D5B1D 
 323      ABC4E38C 
 323      EBF8
 324 02dd 6C7B9AD1 		.ascii	"l{\232\321\255\241?\230xU)2U\312\231\356P\246\247\331"
 324      ADA13F98 
 324      78552932 
 324      55CA99EE 
 324      50A6A7D9 
 325 02f1 FCA43DDE 		.ascii	"\374\244=\336\307\212\346\333#\255\243\306\004\326\325"
 325      C78AE6DB 
 325      23ADA3C6 
 325      04D6D5
 326 0300 FD2CAE62 		.ascii	"\375,\256b\037\337\004\211\367\240\211FU\"Y\225\234"
 326      1FDF0489 
 326      F7A08946 
 326      55225995 
 326      9C
 327 0311 AC9A929D 		.ascii	"\254\232\222\235nm\273\246\302\267\031\331\341\204\324"
 327      6E6DBBA6 
 327      C2B719D9 
 327      E184D4
 328 0320 6F904036 		.ascii	"o\220@6\026o\032\255\032\221\252FNu\227RM\275\276}["
 328      166F1AAD 
 328      1A91AA46 
 328      4E759752 
 328      4DBDBE7D 
 329 0335 8D1F32AA 		.ascii	"\215\0372\252\366\322\227\1776\2460\335\224\251Vd\252"
 329      F6D2977F 
 329      36A630DD 
 329      94A95664 
 329      AA
ARM GAS  C:\Users\SevenI7\AppData\Local\Temp\cc8Z6pZB.s 			page 25


 330 0346 9533D551 		.ascii	"\2253\325Q\246\037F^d\333\343!\306\324w}\356\265\035"
 330      A61F465E 
 330      64DBE321 
 330      C6D4777D 
 330      EEB51D
 331 0359 50650255 		.ascii	"Pe\002UW\347\206\322r6\303\017\331\014\353E\262z9Y\003"
 331      57E786D2 
 331      7236C30F 
 331      D90CEB45 
 331      B27A3959 
 332 036e 257B9930 		.ascii	"%{\2310\222\271\014\177\213)Y\334t\366QN k\254\263e"
 332      92B90C7F 
 332      8B2959DC 
 332      74F6514E 
 332      206BACB3 
 333 0383 7EF1CCAF 		.ascii	"~\361\314\257F\221\252QN\365\035\245\212\315\257H\304"
 333      4691AA51 
 333      4EF51DA5 
 333      8ACDAF48 
 333      C4
 334 0394 B88851D5 		.ascii	"\270\210Q\325\346\215\327\223`uC\021t\025\374\246.w"
 334      E68DD793 
 334      60754311 
 334      7415FCA6 
 334      2E77
 335 03a6 90375833 		.ascii	"\2207X3\247\232D\246&a\325\242{\224\241kt\274\332\006"
 335      A79A44A6 
 335      2661D5A2 
 335      7B94A16B 
 335      74BCDA06 
 336 03ba 373286E6 		.ascii	"72\206\346\342\362>;\201\241\"\315\361\335u>\332\202"
 336      E2F23E3B 
 336      81A122CD 
 336      F1DD753E 
 336      DA82
 337 03cc DA378BF6 		.ascii	"\3327\213\366\315F\373\026j\237~\277\367\014\207{\230"
 337      CD46FB16 
 337      6A9F7EBF 
 337      F70C877B 
 337      98
 338 03dd 7D47CD85 		.ascii	"}G\315\205K\030\326\375ZkD\266\242e\244\034^\024\274"
 338      4B18D6FD 
 338      5A6B44B6 
 338      A265A41C 
 338      5E14BC
 339 03f0 B1639FE8 		.ascii	"\261c\237\350\010\007\307\262,\361\030\203\337\213\316"
 339      0807C7B2 
 339      2CF11883 
 339      DF8BCE
 340 03ff 3D8ED9AE 		.ascii	"=\216\331\256\241$qiH\353\263g\273\306\352T\314u\265"
 340      A1247169 
 340      48EBB367 
 340      BBC6EA54 
 340      CC75B5
 341 0412 CDB4DB23 		.ascii	"\315\264\333#kG\003\317G\362\231Q\274\025\224P\033\354"
 341      6B4703CF 
 341      47F29951 
ARM GAS  C:\Users\SevenI7\AppData\Local\Temp\cc8Z6pZB.s 			page 26


 341      BC159450 
 341      1BEC
 342 0424 1AADB06B 		.ascii	"\032\255\260k\240\307\310\221P\022\237\320C\370\370"
 342      A0C7C891 
 342      50129FD0 
 342      43F8F8
 343 0433 003E9E23 		.ascii	"\000>\236#\033L\331\310\334\277|3\306\363\253\321#d"
 343      1B4CD9C8 
 343      DCBF7C33 
 343      C6F3ABD1 
 343      2364
 344 0445 8DBE17FD 		.ascii	"\215\276\027\375^k\3156\230\013Y\311\247U\270_I<\340"
 344      5E6BCD36 
 344      980B59C9 
 344      A755B85F 
 344      493CE0
 345 0458 8AD29FDC 		.ascii	"\212\322\237\334\341\026\033\243s\36112~:\330J\306\350"
 345      E1161BA3 
 345      73F13132 
 345      7E3AD84A 
 345      C6E8
 346 046a 8031DAC5 		.ascii	"\2001\332\3051`H6H\365\371\274\333H\011\007\000E\300"
 346      31604836 
 346      48F5F9BC 
 346      DB480907 
 346      0045C0
 347 047d DE06DFEA 		.ascii	"\336\006\337\352&\263K\225\363\337\272\020\375\370\362"
 347      26B34B95 
 347      F3DFBA10 
 347      FDF8F2
 348 048c 56E7116E 		.ascii	"V\347\021n\321\255\261\207n\215\335H\330\033\263\256"
 348      D1ADB187 
 348      6E8DDD48 
 348      D81BB3AE 
 349 049c 1DBF642B 		.ascii	"\035\277d+\244\347\273\002|\"j_\"\177\012Q\030\272/"
 349      A4E7BB02 
 349      7C226A5F 
 349      227F0A51 
 349      18BA2F
 350 04af 7A71DF98 		.ascii	"zq\337\230\241^\232\241\344\321\261\024\225\265\201"
 350      A15E9AA1 
 350      E4D1B114 
 350      95B581
 351 04be 0C416748 		.ascii	"\014AgH\302m\234\243\002\365\021\227\221\323*\344\274"
 351      C26D9CA3 
 351      02F51197 
 351      91D32AE4 
 351      BC
 352 04cf 8A6EF353 		.ascii	"\212n\363S%\323\266\370\255\005\211\2162'\352\342\250"
 352      25D3B6F8 
 352      AD05898E 
 352      3227EAE2 
 352      A8
 353 04e0 1239AE42 		.ascii	"\0229\256B\200F\326\347\214{\277\002\015\302\004\372"
 353      8046D6E7 
 353      8C7BBF02 
 353      0DC204FA 
ARM GAS  C:\Users\SevenI7\AppData\Local\Temp\cc8Z6pZB.s 			page 27


 354 04f0 8551E049 		.ascii	"\205Q\340I\343\201}\364k\362\031\336\325\264\245\021"
 354      E3817DF4 
 354      6BF219DE 
 354      D5B4A511 
 355 0500 E5CFF078 		.ascii	"\345\317\360x\245\002\255\247\354\350\011\304s\220\016"
 355      A502ADA7 
 355      ECE809C4 
 355      73900E
 356 050f F7140807 		.ascii	"\367\024\010\007\020\0350\262hxF\351\220D\003\000k\010"
 356      101D30B2 
 356      687846E9 
 356      90440300 
 356      6B08
 357 0521 516E3102 		.ascii	"Qn1\002\317\220\203\321I\252\200E\377\314\345B{V5*P"
 357      CF9083D1 
 357      49AA8045 
 357      FFCCE542 
 357      7B56352A 
 358 0536 4BEBA38B 		.ascii	"K\353\243\213m\026\235\336s\343\364\206\330p\257\342"
 358      6D169DDE 
 358      73E3F486 
 358      D870AFE2 
 359 0546 62268592 		.ascii	"b&\205\222\263\004\365\374\300\361\003\266\254\344~"
 359      B304F5FC 
 359      C0F103B6 
 359      ACE47E
 360 0555 49EE05BD 		.ascii	"I\356\005\275\251uH\356\314\017@\366\202\222\015Sg\236"
 360      A97548EE 
 360      CC0F40F6 
 360      82920D53 
 360      679E
 361 0567 336786A9 		.ascii	"3g\206\2513\337\017\224\373\343H\025-\347\213\227O\344"
 361      33DF0F94 
 361      FBE34815 
 361      2DE78B97 
 361      4FE4
 362 0579 DAE324A6 		.ascii	"\332\343$\246\304\227W\034WA\266\321(\215\323\"5q\264"
 362      C497571C 
 362      5741B6D1 
 362      288DD322 
 362      3571B4
 363 058c E574A1DD 		.ascii	"\345t\241\335\242\351\037\247\351\0373\246\177\372\344"
 363      A2E91FA7 
 363      E91F33A6 
 363      7FFAE4
 364 059b E51E4ED8 		.ascii	"\345\036N\330\302&\353\360\343\221\003p4F\360\037\326"
 364      C226EBF0 
 364      E3910370 
 364      3446F01F 
 364      D6
 365 05ac 70048946 		.ascii	"p\004\211F\214\025\200^\"%\321L7\214W\264\030N\316\316"
 365      8C15805E 
 365      2225D14C 
 365      378C57B4 
 365      184ECECE 
 366 05c0 7C636F1B 		.ascii	"|co\0337_\356tu\213\341z\215li\345@\013\340\374\236"
 366      375FEE74 
ARM GAS  C:\Users\SevenI7\AppData\Local\Temp\cc8Z6pZB.s 			page 28


 366      758BE17A 
 366      8D6C69E5 
 366      400BE0FC 
 367 05d5 C3A5562C 		.ascii	"\303\245V,X\255\304\201\264\242W\265\026LW\223\356\341"
 367      58ADC481 
 367      B4A257B5 
 367      164C5793 
 367      EEE1
 368 05e7 4BF9762C 		.ascii	"K\371v,xe\244\273e\340T\264-\353n\242\347\357\303\352"
 368      7865A4BB 
 368      65E054B4 
 368      2DEB6EA2 
 368      E7EFC3EA 
 369 05fb 5125EE61 		.ascii	"Q%\356a\3618\326|\325\235d)\352G-30\250\257\237i\260"
 369      F138D67C 
 369      D59D6429 
 369      EA472D33 
 369      30A8AF9F 
 370 0611 C04F8568 		.ascii	"\300O\205h\336\311\253\022\322VC\364\324\302\212\"\033"
 370      DEC9AB12 
 370      D25643F4 
 370      D4C28A22 
 370      1B
 371 0622 3CC43AFB 		.ascii	"<\304:\373\342z+Tx\204)F\247\034\004\247N>~\015{\372"
 371      E27A2B54 
 371      78842946 
 371      A71C04A7 
 371      4E3E7E0D 
 372 0638 38EB2CCA 		.ascii	"8\353,\312/\256\022&\340,\271\2468\260k\312\215\201"
 372      2FAE1226 
 372      E02CB9A6 
 372      38B06BCA 
 372      8D81
 373 064a BB55D66C 		.ascii	"\273U\326l><\002\275\244\271\375C<\305,\313\307r\263"
 373      3E3C02BD 
 373      A4B9FD43 
 373      3CC52CCB 
 373      C772B3
 374 065d 85B96172 		.ascii	"\205\271ar\317H\252\230[\266h\321\355\347\204\242\333"
 374      CF48AA98 
 374      5BB668D1 
 374      EDE784A2 
 374      DB
 375 066e C7D1A9BC 		.ascii	"\307\321\251\274N\312\335\"V\225\222\346?\232[\205\242"
 375      4ECADD22 
 375      569592E6 
 375      3F9A5B85 
 375      A2
 376 067f 38823670 		.ascii	"8\2026p\016F\033\002\216\3509\333i/E\317,\205\276r\346"
 376      0E461B02 
 376      8EE839DB 
 376      692F45CF 
 376      2C85BE72 
 377 0694 EC516B3C 		.ascii	"\354Qk<\313\234L\037\357x&\344\313\221\\5&\212\242\324"
 377      CB9C4C1F 
 377      EF7826E4 
 377      CB915C35 
ARM GAS  C:\Users\SevenI7\AppData\Local\Temp\cc8Z6pZB.s 			page 29


 377      268AA2D4 
 378 06a8 98B7A47D 		.ascii	"\230\267\244})\2672\032,q4S\214;\255\003\335iQ\344\367"
 378      29B7321A 
 378      2C713453 
 378      8C3BAD03 
 378      DD6951E4 
 379 06bd 9BB181F5 		.ascii	"\233\261\201\365\224&\037\352@8\201)\303\321O\272\205"
 379      94261FEA 
 379      40388129 
 379      C3D14FBA 
 379      85
 380 06ce F8AC2487 		.ascii	"\370\254$\207q\335\363\2658\231u\275\253\251X\213\217"
 380      71DDF3B5 
 380      389975BD 
 380      ABA9588B 
 380      8F
 381 06df B2F7AA1B 		.ascii	"\262\367\252\033\347\263\021\316`\312XZ\325sk|\212)"
 381      E7B311CE 
 381      60CA585A 
 381      D5736B7C 
 381      8A29
 382 06f1 99CDC76F 		.ascii	"\231\315\307o\252q\026S\316M\0359g\213/0\345~\301\003"
 382      AA711653 
 382      CE4D1D39 
 382      678B2F30 
 382      E57EC103 
 383 0705 830DBEC2 		.ascii	"\203\015\276\302\024\303\325\253\307l\3605\246D\026"
 383      14C3D5AB 
 383      C76CF035 
 383      A64416
 384 0714 B5250B57 		.ascii	"\265%\013W\311n\242\367\237\355\317\264\022\262B\326"
 384      C96EA2F7 
 384      9FEDCFB4 
 384      12B242D6 
 385 0724 7B5C73FD 		.ascii	"{\\s\375$\3027\0308?\357\314\210Z\036\332)H\304$MD\006"
 385      24C23718 
 385      383FEFCC 
 385      885A1EDA 
 385      2948C424 
 386 073b 27EE1E80 		.ascii	"'\356\036\200\256\254,y\213\344\241]\014\375~\331\376"
 386      AEAC2C79 
 386      8BE4A15D 
 386      0CFD7ED9 
 386      FE
 387 074c CC181BB4 		.ascii	"\314\030\033\264\206=+\326\030\037G\362\3474\037\035"
 387      863D2BD6 
 387      181F47F2 
 387      E7341F1D 
 388 075c 0587EC08 		.ascii	"\005\207\354\010\216\275\332\177/\202\317ZI\251\022"
 388      8EBDDA7F 
 388      2F82CF5A 
 388      49A912
 389 076b 389825B7 		.ascii	"8\230%\267B,\355x\232\2626\302\256`&\275_\303\011\037"
 389      422CED78 
 389      9AB236C2 
 389      AE6026BD 
 389      5FC3091F 
ARM GAS  C:\Users\SevenI7\AppData\Local\Temp\cc8Z6pZB.s 			page 30


 390 077f 8D293C45 		.ascii	"\215)<E\016O\246p\027\021].A\037\225\243\231\323Ft\004"
 390      0E4FA670 
 390      17115D2E 
 390      411F95A3 
 390      99D34674 
 391 0794 5FF6C880 		.ascii	"_\366\310\200#(<\226s@1\002\334X9(r\201/\265\022\366"
 391      23283C96 
 391      73403102 
 391      DC583928 
 391      72812FB5 
 392 07aa 23E6D9A5 		.ascii	"#\346\331\245\360f\011\374\260\034\036%w}\314\200E\370"
 392      F06609FC 
 392      B01C1E25 
 392      777DCC80 
 392      45F8
 393 07bc 3B2483BF 		.ascii	";$\203\277\225\260'\013\371\340a\237C\351\340n\032\345"
 393      95B0270B 
 393      F9E0619F 
 393      43E9E06E 
 393      1AE5
 394 07ce 2278     		.ascii	"\"x"
 395 07d0 D813502E 		.ascii	"\330\023P.\347\210.rkP6\310)\2203 Y \327@2A\316\203"
 395      E7882E72 
 395      6B5036C8 
 395      29903320 
 395      5920D740 
 396 07e8 E4805C02 		.ascii	"\344\200\\\002\271\016r\022\344/ \247A\256\200\\\000"
 396      B90E7212 
 396      E42F20A7 
 396      41AE805C 
 396      00
 397 07f9 390B7215 		.ascii	"9\013r\025\3442\310\267\334\032zh17\247\377[\364\362"
 397      E432C8B7 
 397      DC1A7A68 
 397      3137A7FF 
 397      5BF4F2
 398 080c 987C524E 		.ascii	"\230|RN\362\020\014IBp\310|\366L\340\322\030\314\231"
 398      F2100C49 
 398      4270C87C 
 398      F64CE0D2 
 398      18CC99
 399 081f 8F813464 		.ascii	"\217\2014d\022_\2761\353\213\004<-q\345\240\034|`\201"
 399      125FBE31 
 399      EB8B043C 
 399      2D71E5A0 
 399      1C7C6081 
 400 0833 2B631278 		.ascii	"+c\022x\222y\270\264\356b%\216O\313\035\177\263\240"
 400      9279B8B4 
 400      EE62258E 
 400      4FCB1D7F 
 400      B3A0
 401 0845 347AA513 		.ascii	"4z\245\023\215\220\323\363\246\336@\215\326\306\012"
 401      8D90D3F3 
 401      A6DE408D 
 401      D6C60A
 402 0854 957A022A 		.ascii	"\225z\002*\365\270\2007.D4!\006\206]\267\206\3379D@"
 402      F5B88037 
ARM GAS  C:\Users\SevenI7\AppData\Local\Temp\cc8Z6pZB.s 			page 31


 402      2E443421 
 402      06865DB7 
 402      86DF3944 
 403 0869 79109442 		.ascii	"y\020\224B\270\344\210\031|g\300\005\360\313'VE\007"
 403      B8E48819 
 403      7C67C005 
 403      F0CB2756 
 403      4507
 404 087b 9F35EFAC 		.ascii	"\2375\357\254dn\217$\221H5_\306&U/\235Z\234\034\037"
 404      646E8F24 
 404      9148355F 
 404      C626552F 
 404      9D5A9C1C 
 405 0890 B9207252 		.ascii	"\271 rRx\242\371\375\200\302\311m\271\376\341y{<Aw2"
 405      78A2F9FD 
 405      80C2C96D 
 405      B9FEE179 
 405      7B3C4177 
 406 08a5 2ECFD096 		.ascii	".\317\320\226\263\0149\256`3~\030\213\243\310\214\363"
 406      B30C39AE 
 406      60337E18 
 406      8BA3C88C 
 406      F3
 407 08b6 C13A8F9B 		.ascii	"\301:\217\233\277\331\221\000,\262`\320\015X'\177\357"
 407      BFD99100 
 407      2CB260D0 
 407      0D58277F 
 407      EF
 408 08c7 35034E17 		.ascii	"5\003N\027\226\236\312WJ/\020\371\222\011*\320M\216"
 408      969ECA57 
 408      4A2F10F9 
 408      92092AD0 
 408      4D8E
 409 08d9 5D20A025 		.ascii	"] \240%?\374\033\252\333\205c\333@N\324\331\363\003"
 409      3FFC1BAA 
 409      DB8563DB 
 409      404ED4D9 
 409      F303
 410 08eb EFE34835 		.ascii	"\357\343H5\335\272\227\276\226\026\031\217P'v\202f\345"
 410      DDBA97BE 
 410      9616198F 
 410      50277682 
 410      66E5
 411 08fd 78B38D1B 		.ascii	"x\263\215\033\260\3026/\202\213\351\306]d<\023\215\347"
 411      B0C2362F 
 411      828BE9C6 
 411      5D643C13 
 411      8DE7
 412 090f B883708E 		.ascii	"\270\203p\216g\335\354\206\262H`\303\226U%\374\200\360"
 412      67DDEC86 
 412      B24860C3 
 412      965525FC 
 412      80F0
 413 0921 51A6187A 		.ascii	"Q\246\030z\366\267\010\310)\242\317\225O\266\332\341"
 413      F6B708C8 
 413      29A2CF95 
 413      4FB6DAE1 
ARM GAS  C:\Users\SevenI7\AppData\Local\Temp\cc8Z6pZB.s 			page 32


 414 0931 0CD639F7 		.ascii	"\014\3269\367\254\355\214p\232\216\322\273ZA\357\250"
 414      ACED8C70 
 414      9A8ED2BB 
 414      5A41EFA8 
 415 0941 3DCE16BC 		.ascii	"=\316\026\274\257x=n\203/1\245\375t\352Y%C\016\022="
 415      AF783D6E 
 415      832F31A5 
 415      FD74EA59 
 415      25430E12 
 416 0956 6376365A 		.ascii	"cv6Z\211sYgsdJ\226\012\0272ef8{T\205+\231R1~\374\245"
 416      89735967 
 416      73644A96 
 416      0A173265 
 416      66387B54 
 417 0972 2D6E644A 		.ascii	"-ndJL\326\375\004K\334\312\224\361\307\211U\266\270"
 417      4CD6FD04 
 417      4BDCCA94 
 417      F1C78955 
 417      B6B8
 418 0984 97299535 		.ascii	"\227)\2255}-j\374\202)\021\203\271\3731\236`\312\313"
 418      7D2D6AFC 
 418      82291183 
 418      B9FB319E 
 418      60CACB
 419 0997 A68A382B 		.ascii	"\246\2128+\314[Q\245!\366\020\354\312\006\246\030\357"
 419      CC5B51A5 
 419      21F610EC 
 419      CA06A618 
 419      EF
 420 09a8 B50EEC5E 		.ascii	"\265\016\354^;\227>\232a\213\223X_\361\231\230\013j"
 420      3B973E9A 
 420      618B9358 
 420      5FF19998 
 420      0B6A
 421 09ba 9CC694E8 		.ascii	"\234\306\224\350\306\304v[|\232)W\006\367\227Y\342\213"
 421      C6C4765B 
 421      7C9A2957 
 421      06F79759 
 421      E28B
 422 09cc 02ACE14D 		.ascii	"\002\254\341M\216=\276&(\217\363\234p1{?5X\220\262\014"
 422      8E3DBE26 
 422      288FF39C 
 422      70317B3F 
 422      355890B2 
 423 09e1 DF614A4F 		.ascii	"\337aJO\307\3238{\334\310\224}\245\207K\254p+S*\273"
 423      C7D3387B 
 423      DCC8947D 
 423      A5874BAC 
 423      702B532A 
 424 09f6 3B11EE61 		.ascii	";\021\356a\357\317\343\312\3328<\304\224\013\005\211"
 424      EFCFE3CA 
 424      DA383CC4 
 424      940B0589 
 425 0a06 3D16789C 		.ascii	"=\026x\234)}\371\321\023J<\311\224K\263'\232\254\360"
 425      297DF9D1 
 425      134A3CC9 
 425      944BB327 
ARM GAS  C:\Users\SevenI7\AppData\Local\Temp\cc8Z6pZB.s 			page 33


 425      9AACF0
 426 0a19 2C539A0A 		.ascii	",S\232\012\273\237\330\343h\366\263q\274\362\374\270"
 426      BB9FD8E3 
 426      68F6B371 
 426      BCF2FCB8 
 427 0a29 70294822 		.ascii	"p)H\")\2555\244;\013w\002+r\265hI{\251\302\373)\366"
 427      29AD35A4 
 427      3B0B7702 
 427      2B72B568 
 427      497BA9C2 
 428 0a40 83B8EEE7 		.ascii	"\203\270\356\347\3279drf\233<\216B\313\026\354\334]"
 428      D7396472 
 428      669B3C8E 
 428      42CB16EC 
 428      DC5D
 429 0a52 8BA94B71 		.ascii	"\213\251Kqp\221.Gt\315\326\302j\033\220\256\331\011"
 429      70912E47 
 429      74CDD6C2 
 429      6A1B90AE 
 429      D909
 430 0a64 E9060255 		.ascii	"\351\006\002U_\366\350S\266\302I\015\266\312\321\013"
 430      5FF6E853 
 430      B6C2490D 
 430      B6CAD10B 
 431 0a74 0F81F24F 		.ascii	"\017\201\362O\305\015\341\261\034.96MVu\017\254\352"
 431      C50DE1B1 
 431      1C2E3936 
 431      4D56750F 
 431      ACEA
 432 0a86 6EDA3720 		.ascii	"n\3327 ,\351\267\260\244G`)>\005\231\001\031\003y\002"
 432      2CE9B7B0 
 432      A4476029 
 432      3E059901 
 432      19037902 
 433 0a9a F206641C 		.ascii	"\362\006d\034\244\037\3449\3103\220\227 <^\203^A;\001"
 433      A41FE439 
 433      C8339097 
 433      203C5E83 
 433      5E413B01 
 434 0aae 320A1201 		.ascii	"2\012\022\001\372\020\264?\200L\201D\201\336\007\355"
 434      FA10B43F 
 434      804C8144 
 434      81DE07ED 
 435 0abe 34C82CC8 		.ascii	"4\310,\310;\220A\220I\220h\350\033\2066\022\3329h_\203"
 435      3B904190 
 435      499068E8 
 435      1B863612 
 435      DA39685F 
 436 0ad3 BC303936 		.ascii	"\274096\207|\304Iu\312'erl\222\335\254W\307v{\270`\241"
 436      877CC449 
 436      75CA2765 
 436      726C92DD 
 436      AC57C776 
 437 0aeb 2A013DBF 		.ascii	"*\001=\277\333\337\221o\241C\222\200=\224s/<\331z?\023"
 437      DBDF916F 
 437      A1439280 
 437      3D94732F 
ARM GAS  C:\Users\SevenI7\AppData\Local\Temp\cc8Z6pZB.s 			page 34


 437      3CD97A3F 
 438 0b00 E18D7238 		.ascii	"\341\215r8\277\020.a\377\336<\273\364\260\330%\242{"
 438      BF102E61 
 438      FFDE3CBB 
 438      F4B0D825 
 438      A27B
 439 0b12 E5E8024E 		.ascii	"\345\350\002N>\321\241\317\304\2116\310'jr\336\023\364"
 439      3ED1A1CF 
 439      C48936C8 
 439      276A72DE 
 439      13F4
 440 0b24 B4242CB7 		.ascii	"\264$,\267\345\3502\271+\275\222\220w\231\015\271\244"
 440      E5E832B9 
 440      2BBD9290 
 440      77990DB9 
 440      A4
 441 0b35 469B3F13 		.ascii	"F\233?\023k\364\236\034\334\264\300\357\261OEO\036\310"
 441      6BF49E1C 
 441      DCB4C0EF 
 441      B14F454F 
 441      1EC8
 442 0b47 3D89977B 		.ascii	"=\211\227{2-\361\244]Nn\346\336(\211x\233\371\365\""
 442      322DF1A4 
 442      5D4E6EE6 
 442      DE288978 
 442      9BF9F522 
 443 0b5b 3D4025E9 		.ascii	"=@%\351l\221\243#\027x\336,$\010\216\000Th>A\022\362"
 443      6C91A323 
 443      1778DE2C 
 443      24088E00 
 443      54683E41 
 444 0b71 5A0979B3 		.ascii	"Z\011y\263\371\260H\013Q'\242+\345\350\362\005\027^"
 444      F9B0480B 
 444      5127A22B 
 444      E5E8F205 
 444      175E
 445 0b83 0977BD1C 		.ascii	"\011w\275\034\275\340\026R+\011\312#\363\273\302\374"
 445      BDE01652 
 445      2B09CA23 
 445      F3BBC2FC 
 446 0b93 34219FB5 		.ascii	"4!\237\265:1\237w\315\357P&\267=I\206:\314gH\342K\263"
 446      3A319F77 
 446      CDEF5026 
 446      B73D4986 
 446      3ACC6748 
 447 0baa 649E3572 		.ascii	"d\2365rt\2328O\341j\322\316.c\003\346.c\235]\016\247"
 447      749A384F 
 447      E16AD2CE 
 447      2E6303E6 
 447      2E639D5D 
 448 0bc0 A3F81A67 		.ascii	"\243\370\032g\312Um\236\313\344'\210d}\335\222\303K"
 448      CA556D9E 
 448      CBE42788 
 448      647DDD92 
 448      C34B
 449 0bd2 16C0A725 		.ascii	"\026\300\247%Q\273o\2768\244\213W\222\221\357\314\357"
 449      51BB6FBE 
ARM GAS  C:\Users\SevenI7\AppData\Local\Temp\cc8Z6pZB.s 			page 35


 449      38A48B57 
 449      9291EFCC 
 449      EF
 450 0be3 0CD2C293 		.ascii	"\014\322\302\223\270Rj\336\025\351\032\220p\327\231"
 450      B8526ADE 
 450      15E91A90 
 450      70D799
 451 0bf2 CFB64942 		.ascii	"\317\266IB$!\2560_J\014N\356:99\0356\270\226\036f\334"
 451      2421AE30 
 451      5F4A0C4E 
 451      EE3A3939 
 451      1D36B896 
 452 0c09 CCC992CB 		.ascii	"\314\311\222\313j\264\302\321\354\351\200\366c\307\377"
 452      6AB4C2D1 
 452      ECE980F6 
 452      63C7FF
 453 0c18 770704AB 		.ascii	"w\007\004\253\222\201A\025\317\253\321>\274\002\305"
 453      92814115 
 453      CFABD13E 
 453      BC02C5
 454 0c27 E0F9FBEB 		.ascii	"\340\371\373\353\000\275\277\302\034'N\366\334\260\220"
 454      00BDBFC2 
 454      1C274EF6 
 454      DCB090
 455 0c36 DE220950 		.ascii	"\336\"\011P\274\320\0310\273EB\013\3407\315\007b,\360"
 455      BCD01930 
 455      BB45420B 
 455      E037CD07 
 455      622CF0
 456 0c49 437613A8 		.ascii	"Cv\023\250\350\310\315U\343\016\246\274\355/\355\266"
 456      E8C8CD55 
 456      E30EA6BC 
 456      ED2FEDB6 
 457 0c59 C2FD5451 		.ascii	"\302\375TQE\217\035\212\262\244\277\327\035W\260\250"
 457      458F1D8A 
 457      B2A4BFD7 
 457      1D57B0A8 
 458 0c69 0F1749AA 		.ascii	"\017\027I\2521\016\334H\306\213\354\231\264\000~#\346"
 458      310EDC48 
 458      C68BEC99 
 458      B4007E23 
 458      E6
 459 0c7a 285E0E5E 		.ascii	"(^\016^\270\255\215\375\332t?^\310mR\271\022t\254yr"
 459      B8AD8DFD 
 459      DA743F5E 
 459      C86D52B9 
 459      1274AC79 
 460 0c8f C91AEB2C 		.ascii	"\311\032\353,bk\014P\3225fR\004\342\177\011\021.R\001"
 460      626B0C50 
 460      D2356652 
 460      04E27F09 
 460      112E5201 
 461 0ca3 49500D09 		.ascii	"IP\015\011\220\221\003 \007A\022\361\374\255\375X\377"
 461      90910320 
 461      074112F1 
 461      FCADFD58 
 461      FF
ARM GAS  C:\Users\SevenI7\AppData\Local\Temp\cc8Z6pZB.s 			page 36


 462 0cb4 DB6E849F 		.ascii	"\333n\204\237\263\232\272r\254\346\242\215\274\246\346"
 462      B39ABA72 
 462      ACE6A28D 
 462      BCA6E6
 463 0cc3 FF9F2015 		.ascii	"\377\237 \025X\3767F\346ec\261\222\3448\005\300\207"
 463      58FE3746 
 463      E66563B1 
 463      92E43805 
 463      C087
 464 0cd5 C41C139F 		.ascii	"\304\034\023\237\351\230\305\031s1V\322\034\247\230"
 464      E998C519 
 464      733156D2 
 464      1CA798
 465 0ce4 E4F8B090 		.ascii	"\344\370\260\220\343\3034\307i\221\271\275*)\270\307"
 465      E3C334C7 
 465      6991B9BD 
 465      2A29B8C7 
 466 0cf4 E4FF258F 		.ascii	"\344\377%\217\010`\322Z}\031\022\032\256\013\014\361"
 466      0860D25A 
 466      7D19121A 
 466      AE0B0CF1 
 467 0d04 FBC3AFD6 		.ascii	"\373\303\257\326\255s\202\177~\273\002>\017\010\011"
 467      AD73827F 
 467      7EBB023E 
 467      0F0809
 468 0d13 73F96717 		.ascii	"s\371g\027\247\2200\247]\276\201N\004\021\346\344\275"
 468      A79030A7 
 468      5DBE814E 
 468      0411E6E4 
 468      BD
 469 0d24 C36BBDAB 		.ascii	"\303k\275\253\323\266mnN;<\275\276r!=\2720\260\014\364"
 469      D3B66D6E 
 469      4E3B3CBD 
 469      BE72213D 
 469      BA30B00C 
 470 0d39 5FE7A7DE 		.ascii	"_\347\247\336\372\321'\2535..\212_\230\343\360\013\011"
 470      FAD127AB 
 470      352E2E8A 
 470      5F98E3F0 
 470      0B09
 471 0d4b 0A0A0916 		.ascii	"\012\012\011\026h6i\2754^{\000\341\027\022\252\327}"
 471      683669BD 
 471      345E7B00 
 471      E11712AA 
 471      D77D
 472 0d5d B53168DD 		.ascii	"\2651h\335.\205\015\365aw0\361\302a\336\037\335\316"
 472      2E850DF5 
 472      617730F1 
 472      C261DE1F 
 472      DDCE
 473 0d6f D090205D 		.ascii	"\320\220 ]@X\350{\222\356\371\217\313\375vy\357\015"
 473      4058E87B 
 473      92EEF98F 
 473      CBFD7679 
 473      EF0D
 474 0d81 DB069FB6 		.ascii	"\333\006\237\266\300\027Oo\355ZsC\207\206;\005\004\373"
 474      C0174F6F 
ARM GAS  C:\Users\SevenI7\AppData\Local\Temp\cc8Z6pZB.s 			page 37


 474      ED5A7343 
 474      87863B05 
 474      04FB
 475 0d93 05EEF6D7 		.ascii	"\005\356\366\327CG\330\3360\030\314\201\032~B\331\004"
 475      4347D8DE 
 475      3018CC81 
 475      1A7E42D9 
 475      04
 476 0da4 53879030 		.ascii	"S\207\2200\337\300\037\301F\202A\240\204\226\264\300"
 476      DFC01FC1 
 476      468241A0 
 476      8496B4C0 
 477 0db4 F69E606A 		.ascii	"\366\236`j\302\267\202|\3748lG@\220>\324\3037\330?P"
 477      C2B7827C 
 477      FC386C47 
 477      40903ED4 
 477      C337D83F 
 478 0dc9 1FEAA9FE 		.ascii	"\037\352\251\376\255\336/<$t\263\363\257\377\3720+l"
 478      ADDE2F3C 
 478      2474B3F3 
 478      AFFFFA30 
 478      2B6C
 479 0ddb D89B2E20 		.ascii	"\330\233. 8 \234\315\303d\014\007\035\215T@\350\037"
 479      38209CCD 
 479      C3640C07 
 479      1D8D5440 
 479      E81F
 480 0ded 75FA2F03 		.ascii	"u\372/\003\002C\276\330\255_\036\374U\200\237{\260\357"
 480      0243BED8 
 480      AD5F1EFC 
 480      55809F7B 
 480      B0EF
 481 0dff E7817AE6 		.ascii	"\347\201z\346\200\265N\267; 8|\275\253.|\247\337\257"
 481      80B54EB7 
 481      3B20387C 
 481      BDAB2E7C 
 481      A7DFAF
 482 0e12 7CA81B61 		.ascii	"|\250\033a\341\273\375\003B|\302CB\002\303|\276\010"
 482      E1BBFD03 
 482      427CC243 
 482      4202C37C 
 482      BE08
 483 0e24 DEBD9ABE 		.ascii	"\336\275\232\276\255\366\015\015Z\255\017\372\\\357"
 483      ADF60D0D 
 483      5AAD0FFA 
 483      5CEF
 484 0e32 EFAFF7F7 		.ascii	"\357\257\367\367\331\270\316y\265\253\263\313\306?n"
 484      D9B8CE79 
 484      B5ABB3CB 
 484      C63F6E
 485 0e41 F081EF3F 		.ascii	"\360\201\357?\017\016\011\326\377\\\357\373y\200\217"
 485      0F0E09D6 
 485      FF5CEFFB 
 485      79808F
 486 0e50 105F9F20 		.ascii	"\020_\237 _\340\012\326\373\350\374\365;}w\007\206\353"
 486      5FE00AD6 
 486      FBE8FCF5 
ARM GAS  C:\Users\SevenI7\AppData\Local\Temp\cc8Z6pZB.s 			page 38


 486      3B7D7707 
 486      86EB
 487 0e62 C2F77EA9 		.ascii	"\302\367~\251'\001W\033\307\373\217\277\351x\220M\037"
 487      2701571B 
 487      C7FB8FBF 
 487      E978904D 
 487      1F
 488 0e73 888C3F90 		.ascii	"\210\214?\220\303 \353\227\216\252P\202B\361\221\230"
 488      C320EB97 
 488      8EAA5082 
 488      42F19198 
 489 0e83 808DD26F 		.ascii	"\200\215\322o\227o\250\235N\027\246\017\327m\336\344"
 489      976FA89D 
 489      4E17A60F 
 489      D76DDEE4 
 490 0e93 EDBE5DEB 		.ascii	"\355\276]\353i\347\033\370'\337\275a\020\340@\230\313"
 490      69E71BF8 
 490      27DFBD61 
 490      10E04098 
 490      CB
 491 0ea4 E625AA59 		.ascii	"\346%\252Y\277'\234\3209i\274\274=\275\2354P\314N\236"
 491      BF279CD0 
 491      3969BCBC 
 491      3DBD9D34 
 491      50CC4E9E 
 492 0eb8 C64A0B0A 		.ascii	"\306J\013\012\013\010\323}\341G\306\260\320h\274\264"
 492      0B08D37D 
 492      E147C6B0 
 492      D068BCB4 
 493 0ec8 EBB98FB5 		.ascii	"\353\271\217\265J7\257MZ\354\246\321*7\273\355\320b"
 493      4A37AF4D 
 493      5AECA6D1 
 493      2A37BBED 
 493      D062
 494 0eda 8D468BB5 		.ascii	"\215F\213\265 \233\264Z\274\335[\2035\037\355Pj4\356"
 494      209BB45A 
 494      BCDD5B83 
 494      351FED50 
 494      6A34EE
 495 0eed 5A8A77A5 		.ascii	"Z\212w\245\177]\260\373V-\347\015\226\236\356Z\245\267"
 495      7F5DB0FB 
 495      562DE70D 
 495      969EEE5A 
 495      A5B7
 496 0eff 17A0355A 		.ascii	"\027\2405ZW\020\027@\376\233\366\377\270\\\303\302\203"
 496      57101740 
 496      FE9BF6FF 
 496      B85CC3C2 
 496      83
 497 0f10 480E02E8 		.ascii	"H\016\002\350z\233Wt\341VZwow\355o\335\3356Zo\337\266"
 497      7A9B5774 
 497      E1565A77 
 497      6F77ED6F 
 497      DDDD365A 
 498 0f27 CDD3D55B 		.ascii	"\315\323\325[\263e\253\326\302\333[\263U;\337\365OX"
 498      B365ABD6 
 498      C2DB5BB3 
ARM GAS  C:\Users\SevenI7\AppData\Local\Temp\cc8Z6pZB.s 			page 39


 498      553BDFF5 
 498      4F58
 499 0f39 E34DFCD6 		.ascii	"\343M\374\326\210\237~a\265i\373f\327m\333\335?\322"
 499      889F7E61 
 499      B569FB66 
 499      D76DDBDD 
 499      3FD2
 500 0f4b 923717F6 		.ascii	"\2227\027\366f\354\335`\265\311c\363z\241\327c\036\347"
 500      66ECDD60 
 500      B5C963F3 
 500      7AA1D763 
 500      1EE7
 501 0f5d 21C7ADB7 		.ascii	"!\307\255\267$,\360\205\264.\322\036WK\302@{<\004\204"
 501      242CF085 
 501      B42ED21E 
 501      574BC240 
 501      7B3C0484 
 502 0f71 8729C245 		.ascii	"\207)\302EMl\265\336;\264\344\305\205\274\314\3679\253"
 502      4D6CB5DE 
 502      3BB4E4C5 
 502      85BCCCF7 
 502      39AB
 503 0f83 8935EBF3 		.ascii	"\2115\353\3630\202<\030\010k<\265J2IK\230/i9\215\326"
 503      30823C18 
 503      086B3CB5 
 503      4A32494B 
 503      982F6939 
 504 0f99 D24DF3AF 		.ascii	"\322M\363\257\344\325l"
 504      E4D56C
 505 0fa0 4C2509F7 		.ascii	"L%\011\367\336\301\342\272e\303\236=,\242;78\273\354"
 505      DEC1E2BA 
 505      65C39E3D 
 505      2CA23B37 
 505      38BBEC
 506 0fb3 D193986A 		.ascii	"\321\223\230j5\032\335\016(y7\375N\025qh\313\357T\236"
 506      351ADD0E 
 506      287937FD 
 506      4E157168 
 506      CBEF549E 
 507 0fc7 6E9A8FDD 		.ascii	"n\232\217\335\334\211\346\272\345w\366n\233\267zi>1"
 507      DC89E6BA 
 507      E577F66E 
 507      9BB77A69 
 507      3E31
 508 0fd9 62FE079E 		.ascii	"b\376\007\236\307}\352"
 508      C77DEA
 509              		.text
 510              		.section	.gnu.lto_.symtab.1d35e50,"",%progbits
 511 0000 56656374 		.ascii	"VectorB0\000"
 511      6F724230 
 511      00
 512 0009 00       		.ascii	"\000"
 513 000a 00       		.ascii	"\000"
 514 000b 00       		.ascii	"\000"
 515 000c 00000000 		.ascii	"\000\000\000\000\000\000\000\000"
 515      00000000 
 516 0014 CD000000 		.ascii	"\315\000\000\000"
ARM GAS  C:\Users\SevenI7\AppData\Local\Temp\cc8Z6pZB.s 			page 40


 517 0018 73745F6C 		.ascii	"st_lld_init\000"
 517      6C645F69 
 517      6E697400 
 518 0024 00       		.ascii	"\000"
 519 0025 00       		.ascii	"\000"
 520 0026 00       		.ascii	"\000"
 521 0027 00000000 		.ascii	"\000\000\000\000\000\000\000\000"
 521      00000000 
 522 002f CF000000 		.ascii	"\317\000\000\000"
 523 0033 63685379 		.ascii	"chSysTimerHandlerI\000"
 523      7354696D 
 523      65724861 
 523      6E646C65 
 523      724900
 524 0046 00       		.ascii	"\000"
 525 0047 02       		.ascii	"\002"
 526 0048 00       		.ascii	"\000"
 527 0049 00000000 		.ascii	"\000\000\000\000\000\000\000\000"
 527      00000000 
 528 0051 D1000000 		.ascii	"\321\000\000\000"
 529 0055 5F706F72 		.ascii	"_port_irq_epilogue\000"
 529      745F6972 
 529      715F6570 
 529      696C6F67 
 529      756500
 530 0068 00       		.ascii	"\000"
 531 0069 02       		.ascii	"\002"
 532 006a 00       		.ascii	"\000"
 533 006b 00000000 		.ascii	"\000\000\000\000\000\000\000\000"
 533      00000000 
 534 0073 D3000000 		.ascii	"\323\000\000\000"
 535 0077 6E766963 		.ascii	"nvicEnableVector\000"
 535      456E6162 
 535      6C655665 
 535      63746F72 
 535      00
 536 0088 00       		.ascii	"\000"
 537 0089 02       		.ascii	"\002"
 538 008a 00       		.ascii	"\000"
 539 008b 00000000 		.ascii	"\000\000\000\000\000\000\000\000"
 539      00000000 
 540 0093 E2000000 		.ascii	"\342\000\000\000"
 541              		.text
 542              		.section	.gnu.lto_.opts,"",%progbits
 543 0000 272D666D 		.ascii	"'-fmath-errno' '-fsigned-zeros' '-ftrapping-math' '"
 543      6174682D 
 543      6572726E 
 543      6F272027 
 543      2D667369 
 544 0033 2D666E6F 		.ascii	"-fno-trapv' '-fno-strict-overflow' '-fno-openmp' '-"
 544      2D747261 
 544      70762720 
 544      272D666E 
 544      6F2D7374 
 545 0066 666E6F2D 		.ascii	"fno-openacc' '-mcpu=cortex-m4' '-mthumb' '-O0' '-fo"
 545      6F70656E 
 545      61636327 
ARM GAS  C:\Users\SevenI7\AppData\Local\Temp\cc8Z6pZB.s 			page 41


 545      20272D6D 
 545      6370753D 
 546 0099 6D69742D 		.ascii	"mit-frame-pointer' '-falign-functions=16' '-ffuncti"
 546      6672616D 
 546      652D706F 
 546      696E7465 
 546      72272027 
 547 00cc 6F6E2D73 		.ascii	"on-sections' '-fdata-sections' '-fno-common' '-flto"
 547      65637469 
 547      6F6E7327 
 547      20272D66 
 547      64617461 
 548 00ff 2700     		.ascii	"'\000"
 549              		.text
 550              		.comm	__gnu_lto_v1,1,1
 551              		.comm	__gnu_lto_slim,1,1
 552              		.ident	"GCC: (GNU Tools for Arm Embedded Processors 7-2017-q4-major) 7.2.1 20170904 (release) [ARM
ARM GAS  C:\Users\SevenI7\AppData\Local\Temp\cc8Z6pZB.s 			page 42


DEFINED SYMBOLS
                            *ABS*:00000000 hal_st_lld.c
                            *COM*:00000001 __gnu_lto_v1
                            *COM*:00000001 __gnu_lto_slim

NO UNDEFINED SYMBOLS
