ARM GAS  C:\Users\SevenI7\AppData\Local\Temp\cccE6arj.s 			page 1


   1              		.cpu cortex-m4
   2              		.eabi_attribute 20, 1
   3              		.eabi_attribute 21, 1
   4              		.eabi_attribute 23, 3
   5              		.eabi_attribute 24, 1
   6              		.eabi_attribute 25, 1
   7              		.eabi_attribute 26, 1
   8              		.eabi_attribute 30, 6
   9              		.eabi_attribute 34, 1
  10              		.eabi_attribute 18, 4
  11              		.file	"hal_pal_lld.c"
  12              		.section	.gnu.lto_.inline.1d355d7,"",%progbits
  13 0000 789C6363 		.ascii	"x\234cc``\010`@\000\026\006\006\016v\006\006&\236\015"
  13      60600860 
  13      40001606 
  13      060E7606 
  13      06269E0D 
  14 0014 B9403613 		.ascii	"\271@6\023H\210\211\341\012\303e\020\275\204\361\303"
  14      488889E1 
  14      0AC36510 
  14      BD84F1C3 
  15 0024 042E9828 		.ascii	"\004.\230(3\203\2166P,\344\303|V\230\020\013\203\212"
  15      33838E36 
  15      502CE4C3 
  15      7C569810 
  15      0B838A
  16 0037 3250C8E5 		.ascii	"2P\310\345\303\"\026\230\020\003\000\254\262\011\362"
  16      C3221698 
  16      100300AC 
  16      B209F2
  17              		.text
  18              		.section	.gnu.lto__pal_lld_init.1d355d7,"",%progbits
  19 0000 789C8552 		.ascii	"x\234\205RMhSA\020\336\357\315\373;\330\210\267\034"
  19      4D685341 
  19      10DEEFCD 
  19      FB3BD888 
  19      B71C
  20 0012 72E8A587 		.ascii	"r\350\245\207^\362H=\365 (\010\"T\024\364.Z\017\015"
  20      5EF2483D 
  20      F5202808 
  20      225414F4 
  20      2E5A0F0D 
  21 0026 04528C78 		.ascii	"\004R\214x\315\222\264i\213U1\264Q\322\207D\252x\262"
  21      CD92B469 
  21      8B5531B4 
  21      51D28744 
  21      AA78B2
  22 0039 B134FEA4 		.ascii	"\2614\376\244\326\032\223\212\242\304j\257\202\210b"
  22      D61A938A 
  22      A2C46AAF 
  22      828862
  23 0048 11AD8596 		.ascii	"\021\255\205\226\"\210\265:\273/\212^ty;\373f\366\233"
  23      2288B53A 
  23      BB2F8A5E 
  23      74793BFB 
  23      66F69B
  24 005b 996F66C7 		.ascii	"\231of\307\026B\\0\204\330\303g7oa\013\260\012\003&"
ARM GAS  C:\Users\SevenI7\AppData\Local\Temp\cccE6arj.s 			page 2


  24      16425C30 
  24      84D8C367 
  24      376F610B 
  24      B00A0326 
  25 006f 4BD2D234 		.ascii	"K\322\3224H\010iX,L\013`\020D\332 \376O\033\246h\255"
  25      48086958 
  25      2C4C0B60 
  25      1044DA20 
  25      FE4F1BA6 
  26 0085 511A23D4 		.ascii	"Q\032#\324\207\226\253F\347u\311\253v1o\347\344`\330"
  26      8796AB46 
  26      E775C9AB 
  26      76316FE7 
  26      E460D8
  27 0098 67DF0205 		.ascii	"g\337\002\005\030\314\240S0\354\345\300M\237\316\220"
  27      18CCA053 
  27      30ECE5C0 
  27      4D9FCE90 
  28 00a8 4F80C9EA 		.ascii	"O\200\311\352Z\263\370.\244T\003\355\254^{\326\230\017"
  28      5AB3F82E 
  28      A45403ED 
  28      AC5E7BD6 
  28      980F
  29 00ba D16E28E4 		.ascii	"\321n(\344\331\027\205\031\253cR\312\214\254-_\012_"
  29      D9178519 
  29      AB6352CA 
  29      8CAC2D5F 
  29      0A5F
  30 00cc C9CA27D2 		.ascii	"\311\312'\322\364\211p\033\304Qq\013\021T\020\321\321"
  30      F489701B 
  30      C451710B 
  30      115410D1 
  30      D1
  31 00dd 19FE767A 		.ascii	"\031\376vzk\274\3156q\007\035AR\334\005\027\304\247"
  31      6BBCCD36 
  31      71071D41 
  31      52DC0517 
  31      C4A7
  32 00ef 329597AC 		.ascii	"2\225\227\254\232\334\3721$k\317\303\263\225\346\016"
  32      9ADCFA31 
  32      246BCFC3 
  32      B395E60E 
  33 00ff 17429949 		.ascii	"\027B\231IKGK!\2065\327\021\342&\320Gd6>\234k\330*J"
  33      4B474B21 
  33      8635D711 
  33      E226D047 
  33      64363E9C 
  34 0117 915481E5 		.ascii	"\221T\201\345\225\352\3276E\225\330\267\252\023\217"
  34      95EAD736 
  34      4595D8B7 
  34      AA138F
  35 0126 10FD829E 		.ascii	"\020\375\202\236\237\204\2022\2560X_t\024\316\324eT"
  35      9F848232 
  35      AE30585F 
  35      7414CED4 
  35      6554
  36 0138 AB2BAF9C 		.ascii	"\253+\257\234\364w\351\262\241D\001\327Jv-\037*\341"
ARM GAS  C:\Users\SevenI7\AppData\Local\Temp\cccE6arj.s 			page 3


  36      F477E9B2 
  36      A14401D7 
  36      4A762D1F 
  36      2AE1
  37 014a 327CB270 		.ascii	"2|\262p\017i\314\252p|1\261.7\267\305\312\252\211\355"
  37      0F69CCAA 
  37      707C31B1 
  37      2E37B7C5 
  37      CAAA89ED 
  38 015e 3ED99843 		.ascii	">\331\230C\011EB\253\304\271\247W\233\216w\243u\353"
  38      094542AB 
  38      C4B9A757 
  38      9B8E77A3 
  38      75EB
  39 0170 E03E62E3 		.ascii	"\340>b\343\2322\346\341\375\231\331a\206\0178\244b\346"
  39      9A32E6E1 
  39      FD99D961 
  39      860F38A4 
  39      62E6
  40 0182 B668FD97 		.ascii	"\266h\375\227G\355\037<\036\376\305\343\333\304\352"
  40      47ED1F3C 
  40      1EFEC5E3 
  40      DBC4EA
  41 0191 EBD06F1E 		.ascii	"\353\320o\036.\352\212\207\236\215\006<DU\336l!\367"
  41      2EEA8A87 
  41      9E8D063C 
  41      4455DE6C 
  41      21F7
  42 01a3 79FA0D82 		.ascii	"y\372\015\202\3569\354\252\262-<\316\271A\003\201\205"
  42      EE39ECAA 
  42      B22D3CCE 
  42      B9410381 
  42      85
  43 01b4 56037988 		.ascii	"V\003y\210\350=\006\026\033\221\000\253\200S\353\033"
  43      E83D0616 
  43      1B9100AB 
  43      8053EB1B 
  44 01c4 537600DC 		.ascii	"Sv\000\334\216G\301\023\177\001\023 cI\205\243|\210"
  44      8E47C113 
  44      7F011320 
  44      634985A3 
  44      7C88
  45 01d6 3D792669 		.ascii	"=y&i\025\231\322\247Q\235F\317\301\260\242\301\317\267"
  45      1599D2A7 
  45      519D46CF 
  45      C1B0A2C1 
  45      CFB7
  46 01e8 2B1AF5F8 		.ascii	"+\032\365\370\353\355\213\037\217'S\261\356\230\227"
  46      EBED8B1F 
  46      8F2753B1 
  46      EE9897
  47 01f7 4C797DC7 		.ascii	"Ly}\307\022^\177\362\344\251\224w\370\310\201\235]^"
  47      125E7FF2 
  47      E4A99477 
  47      F8C8819D 
  47      5D5E
  48 0209 4FCF5E6F 		.ascii	"O\317^o\337\241\375\007Ow\251\253\243\375\274\023\211"
ARM GAS  C:\Users\SevenI7\AppData\Local\Temp\cccE6arj.s 			page 4


  48      DFA1FD07 
  48      4F77A9AB 
  48      A3FDBC13 
  48      89
  49 021a 13D15E81 		.ascii	"\023\321^\201\370O$\330\327\335"
  49      F84F24D8 
  49      D7DD
  50              		.text
  51              		.section	.gnu.lto__pal_lld_setgroupmode.1d355d7,"",%progbits
  52 0000 789CA557 		.ascii	"x\234\245W{TUe\026\377\366\371\316\275\347\276\270W"
  52      7B545565 
  52      16FFF6F9 
  52      CEBDE7BE 
  52      B857
  53 0012 4D0B9FA9 		.ascii	"M\013\237\251\211\204\017\256\240\225\263V\226=L\235"
  53      89840FAE 
  53      A095B356 
  53      963D4C9D 
  54 0022 D5AC6616 		.ascii	"\325\254f\026\276\346\237\312\322Y\272\006\006\0260"
  54      BEE69FCA 
  54      D259BA06 
  54      061630
  55 0031 AE5AABD5 		.ascii	"\256Z\253\325\\\005/a\231\366PV\327[C\201\211kV\251"
  55      5C052F61 
  55      99F65056 
  55      D75B4381 
  55      896B56A9 
  56 0045 2B1A047A 		.ascii	"+\032\004z\020\250\011\023:\030c\201iX#\006\211\"\341"
  56      10A80913 
  56      3A186381 
  56      69582306 
  56      8922E1
  57 0058 03E5317B 		.ascii	"\003\3451{\177\3379\034\356\345N.\026wq~\236\263\317"
  57      7FDF391C 
  57      EEE54E2E 
  57      1677717E 
  57      9EB3CF
  58 006b FEEDBD7F 		.ascii	"\376\355\275\177\373{\234O+c\254q$c\331\370o\036^l\004"
  58      FB7B9C4F 
  58      2B63AC71 
  58      2463D9F8 
  58      6F1E5E6C 
  59 0080 0385E105 		.ascii	"\003\205\341\005\034\221+*c>\305\205\240\252\212\205"
  59      1C912B2A 
  59      633EC585 
  59      A0AA8A85 
  60 0090 EEED746F 		.ascii	"\356\355toQ\254t\257\321\275\025l\350\251\011\264\001"
  60      51AC74AF 
  60      D1BD156C 
  60      E8A909B4 
  60      01
  61 00a1 BA825D71 		.ascii	"\272\202]q\320['\275u\010\213S\240K\211\"\273\233\354"
  61      D05B27BD 
  61      75088B53 
  61      A04B8922 
  61      BB9BEC
  62 00b4 51E0418B 		.ascii	"Q\340A\213[d\361\000`b`\177S\270j\261j6\273\303\351"
ARM GAS  C:\Users\SevenI7\AppData\Local\Temp\cccE6arj.s 			page 5


  62      5B64F100 
  62      6062607F 
  62      53B86AB1 
  62      6A36BBC3 
  63 00c9 8A727B00 		.ascii	"\212r{\000\237\231\376{\205\277\311\2412\247\271T\211"
  63      9F99FE7B 
  63      85BFC9A1 
  63      32A7B954 
  63      89
  64 00da DBE3C35F 		.ascii	"\333\343\303_E^\207\325\357\333\034\035D\217\235\272"
  64      455E87D5 
  64      EFDB1C1D 
  64      448F9DBA 
  65 00ea 177C0471 		.ascii	"\027|\004q\350U\227\275?\310_\346A\016\240\342\343\345"
  65      E85597BD 
  65      3FC85FE6 
  65      410EA0E2 
  65      E3E5
  66 00fc DAC08F6E 		.ascii	"\332\300\217nzT`2>V\035\353;\350\340\013\201\341}\317"
  66      7A546032 
  66      3E561DEB 
  66      3BE8E00B 
  66      81E17DCF 
  67 0110 91ABCDB6 		.ascii	"\221\253\315\266\330\335>\337&_Ew!\367M\013r\016\377"
  67      D8DD3EDF 
  67      265F4577 
  67      21F74D0B 
  67      720EFF
  68 0123 048E01E1 		.ascii	"\004\216\001\341c\230\000\3050\201\241\211A\011\304"
  68      639800C5 
  68      3081A189 
  68      4109C4
  69 0132 A27BDFFB 		.ascii	"\242{\337\373\373sm|\221\240~\263''\340\320\251'w\215"
  69      FB736D7C 
  69      91A07EB3 
  69      2727E0D0 
  69      A927778D 
  70 0146 DA9DE55B 		.ascii	"\332\235\345[\022\344*\034\014'\253\014J\005\371\227"
  70      12E42A1C 
  70      0C27AB0C 
  70      4A05F997 
  71 0156 8F76BFE1 		.ascii	"\217v\277\341\344\277\025\3443\027\213w\031\3443\273"
  71      E4BF15E4 
  71      33178B77 
  71      19E433BB 
  72 0166 C6150AB2 		.ascii	"\306\025\012\262\005\312\302\311\026\006\345\020K\214"
  72      05CAC2C9 
  72      1606E510 
  72      4B8C
  73 0174 5736EE6D 		.ascii	"W6\356m\342\374\011\301>\333\336~\320\021S S\007\243"
  73      E2FC09C1 
  73      3EDBDE7E 
  73      D0115320 
  73      5307A3
  74 0187 DFCDF21D 		.ascii	"\337\315\362\035\365\251An\205OB\371\364C\367\275}\307"
  74      F5A9416E 
  74      854F42F9 
ARM GAS  C:\Users\SevenI7\AppData\Local\Temp\cccE6arj.s 			page 6


  74      F443F7BD 
  74      7DC7
  75 0199 5FB7F124 		.ascii	"_\267\361$A}u\333k\371\036\235Z3!\340\253\310\236L\304"
  75      417D75DB 
  75      6BF91E9D 
  75      5A3321E0 
  75      ABC89E4C 
  76 01ae CF22122F 		.ascii	"\317\"\022/\275q\270V\341\253\0041\257\255\350\262S"
  76      BD71B856 
  76      E1AB0431 
  76      AFADE8B2 
  76      53
  77 01bf 27569AC4 		.ascii	"'V\232\304\212\210\304\346o\263\336\262\362'\005\261"
  77      8A88C4E6 
  77      6FB3DEB2 
  77      F22705B1 
  78 01cf F168D179 		.ascii	"\361h\321y\267N\2741\276\237X\031\221\270\275\247\301"
  78      B74EBC31 
  78      BE9F5819 
  78      91B8BDA7 
  78      C1
  79 01e0 67E57F12 		.ascii	"g\345\177\022\304c\3377\007A'v\230\304C\021\211[/]\177"
  79      C463DF37 
  79      07412776 
  79      98C44311 
  79      895B2F5D 
  80 01f5 57E52982 		.ascii	"W\345)\202\270w\373\226\233v\235\330j\022\217D$\376"
  80      B877FB96 
  80      9B769DD8 
  80      6A128F44 
  80      24FE
  81 0207 70A07747 		.ascii	"p\240wG\224U\205/!\006\016\343U\205\327\027x}\216\327"
  81      9455852F 
  81      21060EE3 
  81      5585D717 
  81      787D8ED7 
  82 021b A71023A7 		.ascii	"\247\020#\247\026\034\005+\320 \234\315\337c\347\031"
  82      161C052B 
  82      D0209CCD 
  82      DF63E719 
  83 022b 224BF0B3 		.ascii	"\"K\360\263\335\365\212\236\345bpta\377 TG.\360\347"
  83      DDF58A9E 
  83      E5627074 
  83      61FF2054 
  83      472EF0E7 
  84 023f 6D2F03DF 		.ascii	"m/\003\337 \250\347n^\331n\214_g\001\367\025\372\024"
  84      20A8E76E 
  84      5ED96E8C 
  84      5F6701F7 
  84      15FA14
  85 0252 22FE2B22 		.ascii	"\"\376+\"qGK\363\001\225?/\210\333\216\372\317\033\203"
  85      71474BF3 
  85      01953F2F 
  85      88DB8EFA 
  85      CF1B83
  86 0265 506F126B 		.ascii	"Po\022k#\022{Z\016\374\303\301_\020\304Ok:s\214b\017"
  86      23127B5A 
ARM GAS  C:\Users\SevenI7\AppData\Local\Temp\cccE6arj.s 			page 7


  86      0EFCC3C1 
  86      5F10C44F 
  86      6B3A738C 
  87 027b BDD74F3C 		.ascii	"\275\327O<\376\253-\3717\266\340\030^_\341U\203\255"
  87      FEAB2DF9 
  87      37B6E018 
  87      5E5FE155 
  87      83AD
  88 028d A02E602F 		.ascii	"\240.`/\352\260\027\2149\376_\307\302i\373NX*|\275}"
  88      EAB0178C 
  88      39FE5FC7 
  88      C269FB4E 
  88      582A7CBD 
  89 02a2 3938D1C7 		.ascii	"98\321\307\237*\256\035\365G\300y\255)\004\234@%\260"
  89      9F2AAE1D 
  89      F547C079 
  89      AD29049C 
  89      4025B0
  90 02b5 10580934 		.ascii	"\020X\0114\002\033\202\315Nw\016\272s\322\235\213 \212"
  90      021B82CD 
  90      4E770EBA 
  90      73D29D8B 
  90      208A
  91 02c7 1EDD74E7 		.ascii	"\036\335t\347!\030A0\222`\024\301m\004\243\011\306\020"
  91      21184130 
  91      926014C1 
  91      6D04A309 
  91      C610
  92 02d9 DC4E7007 		.ascii	"\334Np\007A4\301X\202q\004\343\011hyi\023\011&\021\334"
  92      4134C158 
  92      827104E3 
  92      09687969 
  92      13092611 
  93 02ee 49309960 		.ascii	"I0\231`\012\301T\202\273\010\246\021\304\020L'\210%"
  93      0AC15482 
  93      BB08A611 
  93      C4104C27 
  93      8825
  94 0300 B89B208E 		.ascii	"\270\233 \216`\006\301L\202Y\004\263\011\342\011\274"
  94      6006C14C 
  94      825904B3 
  94      09E209BC 
  95 0310 04730812 		.ascii	"\004s\010\022\010\022\011\346\212\255`\036\243\326\335"
  95      081209E6 
  95      8AAD601E 
  95      A3D6DD
  96 031f C3A879F7 		.ascii	"\303\250y\3672j\337}\214\0328\237Q\373\356\007Z\361"
  96      326ADF7D 
  96      8C1A389F 
  96      51FBEE07 
  96      5AF1
  97 0331 0B84CF03 		.ascii	"\013\204\317\003\302\347A\341\263P\370<\304\250\315"
  97      C2E741E1 
  97      B350F83C 
  97      C4A8CD
  98 0340 0F0BCF47 		.ascii	"\017\013\317G\200\242-b\324\360\307\030\265|1\243\246"
  98      80A22D62 
ARM GAS  C:\Users\SevenI7\AppData\Local\Temp\cccE6arj.s 			page 8


  98      D4F0C718 
  98      B57C31A3 
  98      A6
  99 0351 2F61D4F6 		.ascii	"/a\324\366\245@{V\222\310\270L\304Y.\342\254\020qV\212"
  99      A5407B56 
  99      92C8B84C 
  99      C4592EE2 
  99      AC107156 
 100 0366 F8AB441C 		.ascii	"\370\253D\034\306^\022\333g.\307]\237\267BV\267\377"
 100      C65E12DB 
 100      672EC75D 
 100      9FB74256 
 100      B7FF
 101 0378 74491A0D 		.ascii	"tI\032\015v\200/\010\360\373i\333\355\330\277\307E;"
 101      76802F08 
 101      F0FB69DB 
 101      EDD8BFC7 
 101      453B
 102 038a A8061C4E 		.ascii	"\250\006\034N\340LA\257\016\177[\311~.\335@\272\035"
 102      E04C41AF 
 102      0E7F5BC9 
 102      7E2EDD40 
 102      BA1D
 103 039c EEBB56E1 		.ascii	"\356\273V\341!7\033~<\276\226n\335\376j\335\351\001"
 103      21371B7E 
 103      3CBE966E 
 103      DDFE6ADD 
 103      E901
 104 03ae F443A7E2 		.ascii	"\364C\247\342C_\372m2\026@\275\021\253\247\244XwS0\026"
 104      435FFA6D 
 104      321640BD 
 104      11ABA7A4 
 104      58775330 
 105 03c3 CC0AE33E 		.ascii	"\314\012\343>\210v3\361\326R#1\227\211\253\013\313\272"
 105      887633F1 
 105      D6522331 
 105      9789AB0B 
 105      CBBA
 106 03d5 5D32B105 		.ascii	"]2\261\005\376\023\236x!\372\231\344\267K\233t\273*"
 106      FE139E78 
 106      21FA99E4 
 106      B74B9B74 
 106      BB2A
 107 03e7 C99D5B36 		.ascii	"\311\235[6_\343\222\254\301\311p\362C\350\207N\037v"
 107      5FE392AC 
 107      C1C970F2 
 107      43E8874E 
 107      1F76
 108 03f9 747E6895 		.ascii	"t~h\225U{\340\033\341\264\251\263\250Fwz\030=vn\256"
 108      557BE01B 
 108      E1B4A9B3 
 108      A846777A 
 108      183D766E 
 109 040e 3CAE9107 		.ascii	"<\256\221\007\256\016\370V\254\246\\\374r\350\035\255"
 109      AE0EF856 
 109      ACA65CFC 
 109      72E81DAD 
ARM GAS  C:\Users\SevenI7\AppData\Local\Temp\cccE6arj.s 			page 9


 110 041e 2D7D41BA 		.ascii	"-}A\272Z\002|\256\220}\016\262OU\035\002\335\212\001"
 110      5A027CAE 
 110      907D0EB2 
 110      4F551D02 
 110      DD8A01
 111 0431 F65D28ED 		.ascii	"\366](\355\212\222)\0304\310\345x\025\346\006\370#\012"
 111      8A922918 
 111      34C8E578 
 111      15E606F8 
 111      230A
 112 0443 0BF02477 		.ascii	"\013\360$w\331{up\025\346\341\240(e\227\232\260\345"
 112      D97B7570 
 112      15E6E1A0 
 112      2865979A 
 112      B0E5
 113 0455 2BDD370A 		.ascii	"+\3357\012\032\320t\017\366Vi\024\246e\356-\005h\271"
 113      1AD0740F 
 113      F6566914 
 113      A665EE2D 
 113      0568B9
 114 0468 173BA6B4 		.ascii	"\027;\246\264\246\006\370rwYA\013\032\356\303.(\201"
 114      A606F872 
 114      7759410B 
 114      1AEEC32E 
 114      2881
 115 047a 0E7259E1 		.ascii	"\016rY\341n\024\254\371X\266\322(L\253\334\201\367\277"
 115      6E14ACF9 
 115      58B6D228 
 115      4CABDC81 
 115      F7BF
 116 048c 002C5735 		.ascii	"\000,W5\312\355)\315Wh\241\0078\376\315\037\330$\015"
 116      CAED29CD 
 116      5768A107 
 116      38FECD1F 
 116      D8240D
 117 049f 9BD4289B 		.ascii	"\233\324(\233\024\3607\330\245\223\206~\003\277\273"
 117      14F037D8 
 117      A593867E 
 117      03BFBB
 118 04ae 1AA8704A 		.ascii	"\032\250pJ:\265\373s-\322i\221h\246&\215[\313\237\223"
 118      3AB5FB73 
 118      2DD26991 
 118      68A6268D 
 118      5BCB9F93 
 119 04c2 561BCC9C 		.ascii	"V\033\314\234\200)\250\237\0359{\2714>\206v\231\341"
 119      8029A89F 
 119      1D397BB9 
 119      343E8676 
 119      99E1
 120 04d4 EDF28320 		.ascii	"\355\362\203 mvYH\377\034\323p\216}g\344h\321\211\016"
 120      6D765948 
 120      FF1CD370 
 120      8E7D67E4 
 120      68D1890E 
 121 04e8 9C39E81A 		.ascii	"\2349\350\032\032m1\332\345\240~P\336\244Gsb\264\001"
 121      1A6D31DA 
 121      E5A07E50 
ARM GAS  C:\Users\SevenI7\AppData\Local\Temp\cccE6arj.s 			page 10


 121      DEA44773 
 121      62B401
 122 04fb 3A346975 		.ascii	":4iu\341\013\263\360.\235\0375p\374m8\376\247\001\223"
 122      E10BB3F0 
 122      2E9D1F35 
 122      70FC6D38 
 122      FEA70193 
 123 050f B842932C 		.ascii	"\270B\223,A?\264T\226\265\234\312\362H\223{\340\254"
 123      413FB454 
 123      96B59CCA 
 123      F248937B 
 123      E0AC
 124 0521 E0621FFE 		.ascii	"\340b\037\376\244\262\366\2105\037\336\331\210\007\030"
 124      A4B2F688 
 124      351FDED9 
 124      880718
 125 0530 FC28A1A6 		.ascii	"\374(\241\246\245p\206\206\032\337\235,)+\211\362~\340"
 125      A5708686 
 125      1ADF9D2C 
 125      292B89F2 
 125      7EE0
 126 0542 CBDE48AF 		.ascii	"\313\336H\257\034\360=\344\303\016\2612\241\011\274"
 126      1CF03DE4 
 126      C30EB132 
 126      A109BC
 127 0551 94ADD7DF 		.ascii	"\224\255\327\337\2457\334\203=\222\222\214!\030\201"
 127      A537DC83 
 127      3D92928C 
 127      211881
 128 0560 F9D04EC6 		.ascii	"\371\320N\306\353\376j\2474\216\014p\234\034#\250\256"
 128      EBFE6AA7 
 128      348E0C70 
 128      9C1C23A8 
 128      AE
 129 0571 FA2D0D62 		.ascii	"\372-\015b\034\302\212\310\377\013\273E\031g\3152~\000"
 129      1CC28AC8 
 129      FF0BBB45 
 129      1967CD32 
 129      7E00
 130 0583 2FC6942A 		.ascii	"/\306\224*\2773T\216\032\242\254\037E<q\334\373\257"
 130      BF33548E 
 130      1AA2AC1F 
 130      453C71DC 
 130      FBAF
 131 0595 212B57AF 		.ascii	"!+W\257\3676\034,)\253E\2275\032\023\240]\312j\320\335"
 131      F7361C2C 
 131      29AB4597 
 131      351A13A0 
 131      5DCA6AD0 
 132 05aa C60438CE 		.ascii	"\306\0048\316\360\321\303\222u\316,\243\231d\215\221"
 132      F0D1C392 
 132      75CE2CA3 
 132      99648D91 
 133 05ba B24E1BB2 		.ascii	"\262N\033\262n\037\242\254\363\"\236B\361~2d\031\"\356"
 133      6E1FA2AC 
 133      F3229E42 
 133      F17E3264 
ARM GAS  C:\Users\SevenI7\AppData\Local\Temp\cccE6arj.s 			page 11


 133      1922EE
 134 05cd E89755AD 		.ascii	"\350\227U\255[\2421\001\332\245\254R]\326\330\000\307"
 134      5BA23101 
 134      DAA5AC52 
 134      5DD6D800 
 134      C7
 135 05de 751A3D2C 		.ascii	"u\032=,Y-f\031\255$k\254\314\333V^\250O\374q\264\275"
 135      592D6619 
 135      AD246BAC 
 135      CCDB565E 
 135      A84FFC71 
 136 05f4 9E90FB4F 		.ascii	"\236\220\373OcU\275a\025KI~\005\360\214\317\361\345"
 136      6355BD61 
 136      154B497E 
 136      05F08CCF 
 136      F1E5
 137 0606 F1AA63EF 		.ascii	"\361\252c\357\314\227oi\335U\327\344\025\271\344\366"
 137      CC976F69 
 137      DD55D7E4 
 137      15B9E4F6 
 138 0616 A6C1CFFD 		.ascii	"\246\301\317\375\316V\261c`\343Z\013\364\306\215\037"
 138      CE56B163 
 138      60E35A0B 
 138      F4C68D1F 
 139 0626 62E32E88 		.ascii	"b\343.\210\212\305)\253-\274q\270\314\226\2046n\"&@"
 139      8AC529AB 
 139      2DBC71B8 
 139      CC968436 
 139      6E222640 
 140 063a 7B68E326 		.ascii	"{h\343&\211\315e\242l\\K\304\306\275x\253\306]4\313"
 140      89CD65A2 
 140      6C5C4BC4 
 140      C6BD78AB 
 140      C65D34CB 
 141 064e B8448D9B 		.ascii	"\270D\215\233$\344i\206\274\013\206\274;\207(\257]\304"
 141      24E46986 
 141      BC0B86BC 
 141      3B8728AF 
 141      5DC4
 142 0660 5529EEE5 		.ascii	"U)\356\345py\223\007\311\233\202\011\320\036*o\252\220"
 142      70799307 
 142      C99B8209 
 142      D01E2A6F 
 142      AA90
 143 0672 376558F2 		.ascii	"7eX\362:\3142~!yS\205<\233!\257\255J\227w\327\020\345"
 143      3ACC327E 
 143      21795385 
 143      3C9B21AF 
 143      AD4A9777 
 144 0689 758AB816 		.ascii	"u\212\270\026\212{%|5O\033\264\232c0\001\332CW\363\364"
 144      8A7B257C 
 144      354F1BB4 
 144      9A633001 
 144      DA4357F3 
 145 069e 00C78F5A 		.ascii	"\000\307\217Z\214\224\327\025Q\336\206[\311\273j\226"
 145      8C94D715 
 145      51DE865B 
ARM GAS  C:\Users\SevenI7\AppData\Local\Temp\cccE6arj.s 			page 12


 145      C9BB6A96 
 146 06ae 718DE44D 		.ascii	"q\215\344M\027\362\354\206\274\033\206\274\330!\312"
 146      17F2EC86 
 146      BC1B86BC 
 146      D821CA
 147 06bd BB6EC6ED 		.ascii	"\273n\306\355\012\227w\367 yq\230\000\355\241\362f\010"
 147      0A9777F7 
 147      20797198 
 147      00EDA1F2 
 147      6608
 148 06cf 7971C392 		.ascii	"yq\303\222w\303,\343&\311\233\301\304\002=\363wc\201"
 148      77C32CE3 
 148      26C99BC1 
 148      C4023DF3 
 148      776381
 149 06e2 0E58910E 		.ascii	"\016X\221\016Ct\2671eg\016Qt\267\271\024z\302\247\354"
 149      4374B731 
 149      65670E51 
 149      74B7B914 
 149      7AC2A7EC 
 150 06f6 AC415376 		.ascii	"\254ASv6&@{\350\224\215\027Sv\366\260\246l\257YF\037"
 150      3626407B 
 150      E8948D17 
 150      5376F6B0 
 150      A66CAF59 
 151 070c 898E17F2 		.ascii	"\211\216\027\362\234\206\274^C\236w\210\362|J\377R\330"
 151      9C86BC5E 
 151      439E7788 
 151      F27C4AFF 
 151      52D8
 152 071e A884C99B 		.ascii	"\250\204\311\2333H^\002&@{\250\274D!/aX\3626\231ed)"
 152      33485E02 
 152      26407BA8 
 152      BC44212F 
 152      6158F236 
 153 0736 982251C8 		.ascii	"\230\"Q\310s\311\023\030\036S\353\326\311\243a\022\035"
 153      73C91318 
 153      1E53EBD6 
 153      C9A36112 
 153      1D
 154 0747 1867EAFB 		.ascii	"\030g\352\373\365\311\2429\272u\340\331B\305\003c\266"
 154      F5C9A239 
 154      BA75E0D9 
 154      42C50363 
 154      B6
 155 0758 2227C04B 		.ascii	"\"'\300Kx\014a<\227\273e\240v\177m\235~\226_\206\207"
 155      780C613C 
 155      97BB65A0 
 155      767F6D9D 
 155      7E965F86 
 156 076d 010A24AC 		.ascii	"\001\012$\254\247\3532\245u9~K\215\263z\273\277\255"
 156      A7EB32A5 
 156      75397E4B 
 156      8DB37ABB 
 156      BFAD
 157 077f 2E599A57 		.ascii	".Y\232W\340\267\3104_\371\203\264\256\304\271lXw\372"
 157      E0B7C834 
ARM GAS  C:\Users\SevenI7\AppData\Local\Temp\cccE6arj.s 			page 13


 157      5FF983B4 
 157      AEC4B96C 
 157      5877FA
 158 0792 B77EFDB4 		.ascii	"\267~\375\2644\257\222\237\210\217s\276:\340\220\237"
 158      34AF929F 
 158      888F73BE 
 158      3AE0909F 
 159 07a2 0880CD8A 		.ascii	"\010\200\315\212<\001{\260\216\237\000X\036\016\344"
 159      3C017BB0 
 159      8E9F0058 
 159      1E0EE4
 160 07b1 45D894BF 		.ascii	"E\330\224\277\357MM\376?R\324\212\337_\374V-\210\217"
 160      EF4D4DFE 
 160      3F52D48A 
 160      DF5FFC56 
 160      2D888F
 161 07c4 F7E2DFB3 		.ascii	"\367\342\337\263\353\326?\263>5#\341"
 161      EBD63FB3 
 161      3E3523E1 
 162 07d0 3709DED4 		.ascii	"7\011\336\324\014\357\272\325\311\336\264\324\364\314"
 162      0CEFBAD5 
 162      C9DEB4D4 
 162      F4CC
 163 07de 0C6FD2B2 		.ascii	"\014o\322\262\337\315M\364>\376\370\243\336\305\277"
 163      DFCD4DF4 
 163      3EFEF8A3 
 163      DEC5BF
 164 07ed 5FFAC486 		.ascii	"_\372\304\206Dz\365T\032^\311\311k\342\237e*y\251)\253"
 164      447AF554 
 164      1A5EC9C9 
 164      6BE29F65 
 164      2A79A929 
 165 0802 33FEACA6 		.ascii	"3\376\254\246\244\256Y\313\237Y\237\251\256N\316L\267"
 165      A4AE59CB 
 165      9F599FA9 
 165      AE4ECE4C 
 165      B7
 166 0813 A4FD356D 		.ascii	"\244\3755mM\272\226\232\221\266v\355\232tkj\346\363"
 166      4DBA969A 
 166      91B676ED 
 166      9A746B6A 
 166      E6F3
 167 0825 696BD32D 		.ascii	"ik\323-\344\222\256\244\314SR\022\225\224\004\0339\022"
 167      E492AEA4 
 167      CC535212 
 167      9594041B 
 167      3912
 168 0837 F57FEA4C 		.ascii	"\365\177\352L\304\026"
 168      C416
 169              		.text
 170              		.section	.gnu.lto__pal_lld_enablepadevent.1d355d7,"",%progbits
 171 0000 789C8556 		.ascii	"x\234\205VkL\024W\024\2363wvfw\331u\021\004QAQA\036"
 171      6B4C1457 
 171      149E3377 
 171      766677D9 
 171      75110451 
 172 0018 2AEB5AFF 		.ascii	"*\353Z\3774M\223\376h\323\232\330G\332\246?\2324\215"
ARM GAS  C:\Users\SevenI7\AppData\Local\Temp\cccE6arj.s 			page 14


 172      344D93FE 
 172      68D39AD8 
 172      47DAA63F 
 172      9A348D
 173 002b 851A4931 		.ascii	"\205\032I1\020h\232\376h\342\010\270Hm\3234*\006\\\015"
 173      10689AFE 
 173      68E208B8 
 173      486DD334 
 173      2A065C0D 
 174 003f 3E509022 		.ascii	">P\220\"6\322*j-\005\305'\240V\261\202\322\026\324*"
 174      36D22A6A 
 174      2D05C527 
 174      A056B182 
 174      D216D42A 
 175 0053 158B40AB 		.ascii	"\025\213@\253$\012=\347\336Y\026\227\235\260a.g\316"
 175      240A3DE7 
 175      DE591697 
 175      9DB0612E 
 175      67CE
 176 0065 7EDFFDCE 		.ascii	"~\337\375\316\353^P%I\212vHR\016\376~\033\037\311.\201"
 176      EB5E5025 
 176      498A7648 
 176      520EFE7E 
 176      1B1FC92E 
 177 007a 2CE1030C 		.ascii	",\341\003\014W&+\222\244\313\026\\\024\005T\364X\370"
 177      57262B92 
 177      A4CB165C 
 177      140554F4 
 177      58F8
 178 008c AACA1AF9 		.ascii	"\252\312\032\371\255\344\327\300\206\036+_m\000\270"
 178      ADE4D7C0 
 178      861E2B5F 
 178      6D00B8
 179 009b 05486B65 		.ascii	"\005Hke\246XT\315j\203\265\360\025\333\314\240\261\350"
 179      A65854CD 
 179      6A83B5F0 
 179      15DBCCA0 
 179      B1E8
 180 00ad 4EBD9CB2 		.ascii	"N\275\234\262O\307O\303\326.\273W_\037\343C\201\022"
 180      4FC74FC3 
 180      D62EBB57 
 180      5F1FE343 
 180      8112
 181 00bf 26F10F1C 		.ascii	"&\361\017\034\202\024D]*<\350c\033\231\217\001(\370"
 181      8214445D 
 181      2A3CE863 
 181      1B998F01 
 181      28F8
 182 00d1 FAB0A5AC 		.ascii	"\372\260\245\254g\012\275\312\020\217\257M\255\243G"
 182      670ABDCA 
 182      108FAF4D 
 182      ADA347
 183 00e0 ECEC2590 		.ascii	"\354\354%\220\320~\332\374\337\035kR\205\256\347\353"
 183      D07EDAFC 
 183      DF1D6B52 
 183      85AEE7EB 
 184 00f0 0D172A98 		.ascii	"\015\027*\230\236\340c\014~\004\206\033\302\017\020"
ARM GAS  C:\Users\SevenI7\AppData\Local\Temp\cccE6arj.s 			page 15


 184      9EE0630C 
 184      7E04861B 
 184      C20F10
 185 00ff 0B75102B 		.ascii	"\013u\020+\241K\202\303\220\204\360\315}\347#\330+\234"
 185      A14B82C3 
 185      9084F0CD 
 185      7DE723D8 
 185      2B9C
 186 0111 D956D5B3 		.ascii	"\331V\325\263^5\230\315\325\341\025\005\372k>\246\300"
 186      5E3598CD 
 186      D5E11505 
 186      FA6B3EA6 
 186      C0
 187 0122 9160AE22 		.ascii	"\221`\256\"A=\347\016\036\252\330\024\306\226sr\327"
 187      413DE70E 
 187      1EAAD814 
 187      C6967372 
 187      D7
 188 0133 83BA6D76 		.ascii	"\203\272mv\203\334Z\035#\310\0268\032L\266Hp\014\222"
 188      83DC5A1D 
 188      23C81638 
 188      1A4CB648 
 188      700C92
 189 0146 88B167F4 		.ascii	"\210\261g\364\226\356dopv\365\310\243\235\316\304\335"
 189      96EE646F 
 189      7076F5C8 
 189      A39DCEC4 
 189      DD
 190 0157 9CDD551D 		.ascii	"\234\335U\035\215\3543\272\342c*\034\177\226O\037\204"
 190      8DEC33BA 
 190      E2632A1C 
 190      7F964F1F 
 190      84
 191 0168 1FD95A7A 		.ascii	"\037\331Zz\303\311\336\343\324\356o+\367;\014\352\215"
 191      C3C9DEE3 
 191      D4EE6F2B 
 191      F73B0CEA 
 191      8D
 192 0179 3D4CDFA3 		.ascii	"=L\337\243\313D<\021\222\270\256x\270^f\037pb\307\311"
 192      CB443C11 
 192      92B8AE78 
 192      B85E661F 
 192      7062C7C9 
 193 018d C11D3683 		.ascii	"\301\0356\203xk\367\030\261!$qSE{\273\302\3229\361\372"
 193      786BF718 
 193      B1212471 
 193      53457BBB 
 193      C2D239F1 
 194 01a2 D73B3A5C 		.ascii	"\327;:\\\006\361\376\2561bcHb\353\201s\2032\313\344"
 194      06F1FEAE 
 194      31626348 
 194      62EB8173 
 194      8332CBE4 
 195 01b6 C4BD75FD 		.ascii	"\304\275u\375\0335\277\342\3161\342\311\220\304\356"
 195      1B35BFE2 
 195      CE31E2C9 
 195      90C4EE
ARM GAS  C:\Users\SevenI7\AppData\Local\Temp\cccE6arj.s 			page 16


 196 01c5 EF47B638 		.ascii	"\357G\2668U\005NA\"4\341\363\013>?\343\363\023$\226"
 196      55054E41 
 196      2234E1F3 
 196      0B3E3FE3 
 196      F3132496 
 197 01d9 FBE7039A 		.ascii	"\373\347\003\232q\346p\256T\023T\355eK\203>2Z\204-Y"
 197      71E670AE 
 197      541354ED 
 197      654B833E 
 197      325A842D 
 198 01ee D83B7435 		.ascii	"\330;t5\362\005\034\037l\0356\020\361\330\011d \037"
 198      F2051C1F 
 198      6C1D3610 
 198      F1D80964 
 198      201F
 199 0200 391A7646 		.ascii	"9\032vF\263\342b\265\221e\247%\214\026\007.6'YShq\321"
 199      B3E262B5 
 199      9165A725 
 199      8C16072E 
 199      36275953 
 200 0217 124EBEA9 		.ascii	"\022N\276\251dE\320\022\211\213}\032YQdE\2235\235\254"
 200      6445D012 
 200      898B7D1A 
 200      59516445 
 200      93359DAC 
 201 022b 18B266D0 		.ascii	"\030\262f\3202\223^g\221E#\240\305\321\353l\262\346"
 201      32935E67 
 201      914523A0 
 201      C5D1EB6C 
 201      B2E6
 202 023d 90154FD6 		.ascii	"\220\025O\326\\\262\346\2215\237\226\004zM$k\001YId"
 202      5CB2E691 
 202      359F9604 
 202      7A4D246B 
 202      01594964 
 203 0251 25939542 		.ascii	"%\223\225BV*Y\013\311ZD\313bzM#\313-Q\366K\200\206\333"
 203      562A590B 
 203      C95A44CB 
 203      627A4D23 
 203      CB2D51F6 
 204 0269 23511596 		.ascii	"#Q\025\226\001\2377i\003?O\305\014O0\353\205\202~o\337"
 204      019F3769 
 204      033F4FC5 
 204      0C4F30EB 
 204      85827E6F 
 205 027e B52C2A5F 		.ascii	"\265,*_\031\243\363Tw\362\264\327J\347\311\012\000\247"
 205      19A3F354 
 205      77F2B4D7 
 205      4AE7C90A 
 205      00A7
 206 0290 21B68C31 		.ascii	"!\266\2141\216f\002=\340m\351\\-\320\026\374\012\011"
 206      8E66023D 
 206      E06DE95C 
 206      2DD016FC 
 206      0A09
 207 02a2 A7461F35 		.ascii	"\247F\0375\270\004A\2063\3305D=\361\336\354\274\013"
 207      B8044186 
ARM GAS  C:\Users\SevenI7\AppData\Local\Temp\cccE6arj.s 			page 17


 207      33D83544 
 207      3DF1DEEC 
 207      BC0B
 208 02b4 02A60958 		.ascii	"\002\246\011X\343\300\301}\016\202i\300\340\254\200"
 208      E3C0C17D 
 208      0E8269C0 
 208      E0AC80
 209 02c3 95794B99 		.ascii	"\225yK\231\000\021n\374\331\326@\201s\002\204\361u~"
 209      00116EFC 
 209      D9D64081 
 209      730284F1 
 209      757E
 210 02d5 67EC6545 		.ascii	"g\354eE\314\201\201\241\003\252\320s\301y\012PEX\376"
 210      CC8181A1 
 210      03AAD073 
 210      C1790A50 
 210      4558FE
 211 02e8 88B7CAD8 		.ascii	"\210\267\312\330\313\2158\362\014\024\325\334\374B\270"
 211      CB8D38F2 
 211      0C14D5DC 
 211      FC42B8
 212 02f7 6C656C09 		.ascii	"lel\011\355U\342\275\247\011\217\035\235tV\377\335\325"
 212      ED55E2BD 
 212      A7098F1D 
 212      9D7456FF 
 212      DDD5
 213 0309 6C1782BA 		.ascii	"l\027\202\272\376x4\014.\010\321\001o\251S\000\303\020"
 213      FE78340C 
 213      2E08D101 
 213      6FA95300 
 213      C310
 214 031b 4B7749FF 		.ascii	"KwI\377\305\247\016\241j\207\026\177\226\365\206\244"
 214      C5A70EA1 
 214      6A87167F 
 214      96F586A4 
 215 032b 0771E343 		.ascii	"\007q\343C\3230\264V\016\312\037\272\333w*B\240\034"
 215      D330B456 
 215      0ECA1FBA 
 215      DB772A42 
 215      A01C
 216 033d 08A9296C 		.ascii	"\010\251)l\032\345\325\262\201\336_\250+\320\306a\215"
 216      1AE5D5B2 
 216      81DE5FA8 
 216      2BD0C661 
 216      8D
 217 034e 27CEBE2F 		.ascii	"'\316\276/@N\004\225\254ol\323\004\210\346\377xcK\263"
 217      404E0495 
 217      AC6F6CD3 
 217      0488E6FF 
 217      78634BB3 
 218 0362 5A0E3BD6 		.ascii	"Z\016;\326\341\305X\276_\306\356bP\016\270H'\004\277"
 218      E1C558BE 
 218      5FC6EE62 
 218      500EB848 
 218      2704BF
 219 0375 6E3F7CF4 		.ascii	"n?|\364\260\323]\243\027\256\323\343}\350\277\004\345"
 219      B0D35DA3 
ARM GAS  C:\Users\SevenI7\AppData\Local\Temp\cccE6arj.s 			page 18


 219      17AED3E3 
 219      7DE8BF04 
 219      E5
 220 0386 B0851967 		.ascii	"\260\205\031ggx\250b\213\342\251\245/\313{\361\2149"
 220      6778A862 
 220      8BE2A9A5 
 220      2FCB7BF1 
 220      8C39
 221 0398 E1326081 		.ascii	"\3412`\201,\374B\375\025<\"\217*#\331)\274zNQ\366a\217"
 221      2CFC42FD 
 221      153C228F 
 221      2A23D929 
 221      BC7A4E51 
 222 03af 70BA787E 		.ascii	"p\272x~\274\310Cgf\010_\270\021w\301c\357Y\227pM\345"
 222      BCC84367 
 222      66085FB8 
 222      1177C163 
 222      EF599770 
 223 03c5 74172573 		.ascii	"t\027%s\345\313R^\346\340\330W\211\320\303MC\277b\026"
 223      E5CB525E 
 223      E6E0D857 
 223      89D0C34D 
 223      43BF6216 
 224 03d9 FA5EA0D0 		.ascii	"\372^\240\320\257\006Bo\007\214i\252\210\276\357a\216"
 224      AF06426F 
 224      078C69AA 
 224      88BEEF61 
 224      8E
 225 03ea 0821A28C 		.ascii	"\010!\242\214-\033?\302\032\216\3605\224\272\015\205"
 225      2D1B3FC2 
 225      1A8EF035 
 225      94BA0D85 
 226 03fa 9D4DCB0C 		.ascii	"\235M\313\014\014\002j\357\327\017;\005@\202\337\214"
 226      0C026AEF 
 226      D70F3B05 
 226      4082DF8C 
 227 040a 8BA6186F 		.ascii	"\213\246\030os\032q\354\3307Ev\001\216\244k\253\344"
 227      731A71EC 
 227      D8374576 
 227      018EA46B 
 227      ABE4
 228 041c D82685C0 		.ascii	"\330&\205\300v\320\037S\307\256\213\216\035\265\011"
 228      76D01F53 
 228      C7AE8B8E 
 228      1DB509
 229 042b CCB4F10D 		.ascii	"\314\264\361\015\263Oh\030\346\205e\211\204\216\340"
 229      B34F6818 
 229      E6856589 
 229      848EE0
 230 043a 9479469D 		.ascii	"\224yF\235<a\376\367\360\006\270y\211\255b\333(C\007"
 230      3C61FEF7 
 230      F006B879 
 230      89AD62DB 
 230      284307
 231 044d 2B6C0C7F 		.ascii	"+l\014\1774\036P\224\023\005\206\020\365\025RQ&R7\003"
 231      341E5094 
 231      13058610 
ARM GAS  C:\Users\SevenI7\AppData\Local\Temp\cccE6arj.s 			page 19


 231      F5155251 
 231      26523703 
 232 0461 525D54C7 		.ascii	"R]T\307h\236\263\305\310\271\262\3248\030\323\203\363"
 232      689EB3C5 
 232      C8B9B2D4 
 232      3818D383 
 232      F3
 233 0472 8B09A932 		.ascii	"\213\011\2512\335D\345\367\200\312\037\"\241\021o\275"
 233      DD44E5F7 
 233      80CA1F22 
 233      A1116FBD 
 234 0482 45EC3403 		.ascii	"E\3544\003\023\020S\224,\0343\3759>\361\3478\013\365"
 234      13105394 
 234      2C1C33FD 
 234      393EF1E7 
 234      380BF5
 235 0495 1038598E 		.ascii	"\0208Y\2163M\324\377\014\250wS\216\263x\216\252\270"
 235      334DD4FF 
 235      0CA87753 
 235      8EB3788E 
 235      AAB8
 236 04a7 BA9E786B 		.ascii	"\272\236xk\006\215A\211\025\2032vuixu\365\004\015J\354"
 236      068D4189 
 236      15833276 
 236      75697875 
 236      F5040D4A 
 237 04bc B8C9D0FC 		.ascii	"\270\311\320\374\223\261\315?\031q\301e\232\0352\320"
 237      93B1CD3F 
 237      1971C165 
 237      9A1D32D0 
 238 04cc 3893406F 		.ascii	"8\223@o\361@e\012\364\366\263}\2373\241\357\361\274"
 238      F140650A 
 238      F4F6B37D 
 238      9F33A1EF 
 238      F1BC
 239 04de EFB327AB 		.ascii	"\357\263'\253\311\034\023\251;\001\251\277\250&\361"
 239      C91C13A9 
 239      3B01A9BF 
 239      A826F1
 240 04ed 3C23ABBF 		.ascii	"<#\253\277\357\333\215\276\317\015Nh^H\225\271&*w\003"
 240      EFDB8DBE 
 240      CF0D4E68 
 240      5E4895B9 
 240      262A7703 
 241 0501 2AF782FB 		.ascii	"*\367\202\373>?\270\357\011\023\372\236\210z\010\234"
 241      3E3FB8EF 
 241      0913FA9E 
 241      887A089C 
 242 0511 2CC70413 		.ascii	",\307\004\023\365\336\200\372\337\224c\"\317\321\346"
 242      F5DE80FA 
 242      DF946322 
 242      CFD1E6
 243 0520 EF5AE53E 		.ascii	"\357Z\345>#\311\005\301I&\205\224Y`\"s\237\313\360\177"
 243      23C905C1 
 243      49268594 
 243      59602273 
 243      9FCBF07F 
ARM GAS  C:\Users\SevenI7\AppData\Local\Temp\cccE6arj.s 			page 20


 244 0534 37FA9EED 		.ascii	"7\372\236\355Z\362\204\256\245\360\256%M\226Q\262\211"
 244      5AF284AE 
 244      A5F0AE25 
 244      4D9651B2 
 244      89
 245 0545 D48380D4 		.ascii	"\324\203\200\324?\224Q\012W\253\2542\022I\015Nda\310"
 245      3F94510A 
 245      57ABAC32 
 245      12490D4E 
 245      6461C8
 246 0558 DD534D76 		.ascii	"\335SMv\357\347\273+\264\373C\177\267\212\215n-\032"
 246      EFE7BB2B 
 246      B4FB437F 
 246      B78A8D6E 
 246      2D1A
 247 056a EB569C70 		.ascii	"\353V\234p,\236\320\2554\324C\340d\271-6Q\037\010\250"
 247      2C9ED0AD 
 247      34D443E0 
 247      64B92D36 
 247      511F08A8 
 248 057e 0F526E69 		.ascii	"\017Rni\322\003\310/\257\335\316w\342'n\003\235al\347"
 248      D203C82F 
 248      AFDDCE77 
 248      E2276E03 
 248      9D616CE7 
 249 0592 8B69696E 		.ascii	"\213iin\374I_\235\371Qfv\236\347y\217;;\317\275ze\226"
 249      FC495F9D 
 249      F9516676 
 249      9EE7798F 
 249      3B3BCFBD 
 250 05a9 3B273BF7 		.ascii	";';\367\323<\367;\357\276\376\334R\367\212\025/\273"
 250      D33CF73B 
 250      EFBEFEDC 
 250      52F78A15 
 250      2FBB
 251 05bb 5F7D6BF9 		.ascii	"_}k\371\233\237-\245\257>\314\301'++#-]R\010\305rVf"
 251      9B9F2DA5 
 251      AF3ECCC1 
 251      272B2B23 
 251      2D5D5208 
 252 05d3 286BB233 		.ascii	"(k\2623>\326\350-3\343s5=w\315\312\274O,\351\271\331"
 252      3ED6E82D 
 252      33E37335 
 252      3D77CDCA 
 252      BC4F2CE9 
 253 05e9 AB56E18A 		.ascii	"\253V\341\212.\0151\344\373\037\326\223\321]"
 253      2E0D31E4 
 253      FB1FD693 
 253      D15D
 254              		.text
 255              		.section	.gnu.lto__pal_lld_disablepadevent.1d355d7,"",%progbits
 256 0000 789C8D56 		.ascii	"x\234\215VmP\224U\024\276g\357\373\356.\373\011\210"
 256      6D509455 
 256      14BE67EF 
 256      FBEE2EFB 
 256      0988
 257 0012 0ACA8CA8 		.ascii	"\012\312\214\250 \371\207\015\353O\3238\323L5\21536"
ARM GAS  C:\Users\SevenI7\AppData\Local\Temp\cccE6arj.s 			page 21


 257      20F9870D 
 257      EB4FD338 
 257      D34C358D 
 257      3336
 258 0024 3653FD74 		.ascii	"6S\375t\032\303\030\231h`\300\251~4\371\312\307\022"
 258      1AC31899 
 258      6860C0A9 
 258      7E34F9CA 
 258      C712
 259 0036 99CD9442 		.ascii	"\231\315\224B#\022\263(DM\201:\232\270\342\007\201\""
 259      2312B328 
 259      444D813A 
 259      9AB8E207 
 259      8122
 260 0048 68E01751 		.ascii	"h\340\027Qhj)\"\231\020\256\233\342\350\262\235s\357"
 260      686A2922 
 260      9910AE9B 
 260      E2E8B29D 
 260      73EF
 261 005a BB0B2EBB 		.ascii	"\273\013.\273\332\316\336\303\375x\3169\3179\367\334"
 261      DACEDEC3 
 261      FD78CE39 
 261      CF39F7DC 
 262 006a C31A1963 		.ascii	"\303\032\031c\351V\306>\300\277O\343`F\006\006\206\303"
 262      E956C63E 
 262      C0BF4FE3 
 262      60460606 
 262      86C3
 263 007c C019D30C 		.ascii	"\300\031\323\014*\012\205\203\202;\012\340\002T\000"
 263      2A0A8583 
 263      823B0AE0 
 263      025400
 264 008b 0401DB60 		.ascii	"\004\001\333`\340\212\012\033\3403\276\225CG\305\260"
 264      E08A0A1B 
 264      E033BE95 
 264      4347C5B0 
 265 009b D7B0B449 		.ascii	"\327\260\264I\303O\373W\017\035n\255<\271\026\325\253"
 265      C34FFB57 
 265      0F1D6EAD 
 265      3CB916D5 
 265      AB
 266 00ac 39131FD8 		.ascii	"9\023\037\330\013K\021u\266lw-\337\304k9\200\202\313"
 266      0B4B1175 
 266      B66C772D 
 266      DFC46B39 
 266      8082CB
 267 00bf DBBD35D7 		.ascii	"\333\2755\327\034\2644@\032.;\373\202\007,\374\005`"
 267      1CB43440 
 267      1A2E3BFB 
 267      82072CFC 
 267      0560
 268 00d1 380F74DD 		.ascii	"8\017t\335\0356g6jZ\211\326\336\337\310\265\364Z\316"
 268      1D366736 
 268      6A5A89D6 
 268      DEDFC8B5 
 268      F45ACE
 269 00e4 613F7034 		.ascii	"a?p4\010?B*\354\203T\206[\014Z!\023\341[GO%\362\227"
ARM GAS  C:\Users\SevenI7\AppData\Local\Temp\cccE6arj.s 			page 22


 269      083F422A 
 269      EC835486 
 269      5B0C5A21 
 269      13E15B47 
 270 00fc 85E6E9EF 		.ascii	"\205\346\351\357\256\225\033C\232MBS\201\003\221\232"
 270      AE951B43 
 270      9A4D4253 
 270      8103919A 
 271 010c 0A032F64 		.ascii	"\012\003/d\022\276\244mO}\034_!t+\264\3721k\306N\241"
 271      12BEA46D 
 271      4F7D1C5F 
 271      21742BB4 
 271      FA316BC6 
 272 0122 3BD996BC 		.ascii	";\331\226\274\263T\353\326\224Z\256\302\301G\365\351"
 272      B354EBD6 
 272      945AAEC2 
 272      C147F5E9 
 273 0132 83F0D62B 		.ascii	"\203\360\326+G\206\235|\225P\275^\376\303\213\272\346"
 273      47869D7C 
 273      9550BD5E 
 273      FEC38BBA 
 273      E6
 274 0143 AD1D5C6B 		.ascii	"\255\035\\k\320\014\244w(\252^_\313\311;\006\376\246"
 274      D00CA477 
 274      28AA5E5F 
 274      CBC93B06 
 274      FEA6
 275 0155 D0FB66DF 		.ascii	"\320\373f\337\370&\223\2568T\037V<\022U\361\352\236"
 275      F82693AE 
 275      38541F56 
 275      3C1255F1 
 275      EA9E
 276 0167 C92ABB51 		.ascii	"\311*\273Q\201\243\220\001\207q\264A\206'\224eh\007"
 276      81A39001 
 276      8771B441 
 276      86279465 
 276      6807
 277 0179 2320A621 		.ascii	"# \246!8\244\331\371ja\374\373\311{\365v\335\370\335"
 277      38A4D9F9 
 277      6A61FCFB 
 277      C97BF576 
 277      DDF8DD
 278 018c C3C90DE1 		.ascii	"\303\311\015\341x~\212\316\253\264\273E\345\357\010"
 278      787E8ACE 
 278      ABB4BB45 
 278      E5EF08
 279 019b D5A37BCF 		.ascii	"\325\243{\317\237\017\245bhg\230WgT\305\215\225\367"
 279      9F0FA562 
 279      68679857 
 279      6754C58D 
 279      95F7
 280 01ad BD069E2F 		.ascii	"\275\006\236/\024/\034\273S\02773\023\307\243*ni\034"
 280      142F1CBB 
 280      53173733 
 280      13C7A32A 
 280      6E691C
 281 01c0 18507891 		.ascii	"\030Px\221P\034\334\\w\301\251+\372\2472q\342\261\231"
ARM GAS  C:\Users\SevenI7\AppData\Local\Temp\cccE6arj.s 			page 23


 281      501CDC5C 
 281      77C1A92B 
 281      FAA73271 
 281      E2B199
 282 01d3 E8C62C74 		.ascii	"\350\306,t\3418\206\243\0032D\0260\027=\230\013\306"
 282      E13886A3 
 282      03324416 
 282      30173D98 
 282      0BC6
 283 01e5 CC11898A 		.ascii	"\314\021\211\212D\357:\247\266k\223\301\012L\316\363"
 283      44EF3AA7 
 283      B66B93C1 
 283      0A4CCEF3 
 284 01f5 417F7F92 		.ascii	"A\177\177\222\013\2602\214\006\022\034\205I!\241\222"
 284      0BB0328C 
 284      06121C85 
 284      4921A192 
 285 0205 30923091 		.ascii	"0\2220\2210\223\210Ca\266\320\314J\302F\032v\2329H8"
 285      30938843 
 285      61B6D0CC 
 285      4AC2461A 
 285      769A3948 
 286 021a 69194FB3 		.ascii	"i\031O\263\004\232%\322l\026\211$Z\316\246\331\034\022"
 286      049A25D2 
 286      6C168924 
 286      5ACEA6D9 
 286      1C12
 287 022c 7369994C 		.ascii	"si\231L\263\024\022\363h9\237fT\240\306\005\214\230"
 287      B31412F3 
 287      68399F66 
 287      54A0C605 
 287      8C98
 288 023e A731E2BE 		.ascii	"\2471\342\276\020\250Z\0271\212g\261\010#\235Q \031"
 288      10A85A17 
 288      318A67B1 
 288      08239D51 
 288      2019
 289 0250 40F5BF84 		.ascii	"@\365\277\204Q0\231\214\302b\354\023\361\344*9>a~\023"
 289      5130998C 
 289      C262EC13 
 289      F1E42A39 
 289      3E617E13 
 290 0264 4AFC23BD 		.ascii	"J\374#\2757L\224\225\032N\325\321W\335\266E\241'g\004"
 290      374C9495 
 290      1A4ED5D1 
 290      57DDB645 
 290      A1276704 
 291 0278 6DA24C53 		.ascii	"m\242LS\340$\346\364&t\034\354I\221\240\005\010\252"
 291      E024E6F4 
 291      26741CEC 
 291      4991A005 
 291      08AA
 292 028a 2EEF386D 		.ascii	".\3578m\222 \312\365\241\216\336.\243\007\3526\342\343"
 292      9220CAF5 
 292      A18EDE2E 
 292      A307EA36 
 292      E2E3
ARM GAS  C:\Users\SevenI7\AppData\Local\Temp\cccE6arj.s 			page 24


 293 029c F67C8CDC 		.ascii	"\366|\214\334\342\320\026\234\242\313\300\323\201\326"
 293      E2D0169C 
 293      A2CBC0D3 
 293      81D6
 294 02aa 83AD7657 		.ascii	"\203\255vW\263V\266QK\253\345\026\370\031<P%8@/\270"
 294      B356B651 
 294      4BABE516 
 294      F8193C50 
 294      2538402F 
 295 02bf 1851F8B6 		.ascii	"\030Q\370\266Og`\230\341.-\206}CL\373}\302\276hA\247"
 295      4F676098 
 295      E12E2D86 
 295      7D434CFB 
 295      7DC2BE68 
 296 02d5 85FDD271 		.ascii	"\205\375\322qw\363\203|in\021*\354;v\302m&\366V\000"
 296      77F3837C 
 296      696E112A 
 296      EC3B76C2 
 296      6D26F656 
 297 02ea 3803A935 		.ascii	"8\003\2515|!\241&\334\227\036|$Q\034\303D\327\264\373"
 297      7C21A126 
 297      DC971E7C 
 297      24511CC3 
 297      44D7B4FB 
 298 02fe D05DA973 		.ascii	"\320]\251sSP\033\217\330u(\273\330\371\254\2767=\031"
 298      53501B8F 
 298      D87528BB 
 298      D8F9ACBE 
 298      373D19
 299 0311 2A3038AB 		.ascii	"*08\253W`%\002)\275\245>\367\327\201B*\267\032\276\030"
 299      57602502 
 299      29BDA53E 
 299      F7D78142 
 299      2AB71ABE 
 300 0326 1D21FE78 		.ascii	"\035!\376x\360^\273S\2727\3009\021.zi\016\214\203\204"
 300      F05EBB53 
 300      BA37C039 
 300      112E7A69 
 300      0E8C8384 
 301 033a A912D6E1 		.ascii	"\251\022\326\341\333\335d#\230\0118\234\227\260\032"
 301      DBDD6423 
 301      9809389C 
 301      97B01A
 302 0349 B7974B50 		.ascii	"\267\227KP:\342\246\367K\023\366\336~\001*\361U\214"
 302      3AE2A6F7 
 302      4B13F6DE 
 302      7E012AF1 
 302      558C
 303 035b 061A745B 		.ascii	"\006\032t[\370\315 \305jwe\234\3341\341&*^\376wG\227"
 303      F8CD20C5 
 303      6A77659C 
 303      DC31E126 
 303      2A5EFE77 
 304 0371 452A6ADA 		.ascii	"E*j\332D\320\012\277H\017>\267\327.\201f\304R\237\035"
 304      44D00ABF 
 304      480F3EB7 
 304      D72E8166 
ARM GAS  C:\Users\SevenI7\AppData\Local\Temp\cccE6arj.s 			page 25


 304      C4529F1D 
 305 0385 3F13B049 		.ascii	"?\023\260I\266\026\030\010\261\035\324i,A\034\202Z|"
 305      B6161808 
 305      B11DD469 
 305      2C411C82 
 305      5A7C
 306 0397 FE16A3B4 		.ascii	"\376\026\243\264\346\204_%\015\377\310D\223U\242\342"
 306      E6845F25 
 306      0DFFC844 
 306      9355A2E2 
 307 03a7 10D25CD6 		.ascii	"\020\322\\\326\031\024Q\233A\033\247\272\372M^\364\221"
 307      1914519B 
 307      411BA7BA 
 307      FA4D5EF4 
 307      91
 308 03b8 9EE51264 		.ascii	"\236\345\022d\231\236J\363\314\272\332Oo\317\206\306"
 308      999E4AF3 
 308      CCBADA4F 
 308      6FCF86C6 
 309 03c8 6030EAC5 		.ascii	"`0\352\305\333\341\202\270x\203|\377\367\375\215UJ\366"
 309      DBE182B8 
 309      78837CFF 
 309      F7FD8D55 
 309      4AF6
 310 03da 2E3AF4DC 		.ascii	".:\364\334\005\252\213\213\340\302;\020u\367;d\313`"
 310      05AA8B8B 
 310      E0C23B10 
 310      75F73B64 
 310      CB60
 311 03ec 07F5AC58 		.ascii	"\007\365\254X\321?&U\006\327\243\007\227\211\373\"\032"
 311      D13F2655 
 311      06D7A307 
 311      9789FB22 
 311      1A
 312 03fd BA4E25F4 		.ascii	"\272N%\364Z6WZ\344\261-\\\253\272\021{\004\3454Q\250"
 312      5A36575A 
 312      E4B12D5C 
 312      ABBA117B 
 312      04E53451 
 313 0412 B699852A 		.ascii	"\266\231\205*\350\\\022lEc\276,\237\301\244\333\253"
 313      E85C126C 
 313      4563BE2C 
 313      9FC1A4DB 
 313      AB
 314 0423 4A4B0E2C 		.ascii	"JK\016,5\221\303\356\247\344\206S\367\205\354\364\233"
 314      3591C3EE 
 314      A7E48653 
 314      F785ECF4 
 314      9B
 315 0434 8D477F08 		.ascii	"\215G\177\010$\377\375\237\212\275\250\336\2351\274"
 315      24FFFD9F 
 315      8ABDA8DE 
 315      9D31BC
 316 0443 5F99F2FE 		.ascii	"_\231\362\376\007\345%^\276\303\317\365P\022\"cK\214"
 316      07E5255E 
 316      BEC3CFF5 
 316      50122263 
ARM GAS  C:\Users\SevenI7\AppData\Local\Temp\cccE6arj.s 			page 26


 316      4B8C
 317 0455 6A3D2186 		.ascii	"j=!\206\365?\205u\205\254_\215\214mVdlI3b\233\215\376"
 317      F53F8575 
 317      85AC5F8D 
 317      8C6D5664 
 317      6C493362 
 318 046c 10F8A4D8 		.ascii	"\020\370\244\330\222bx\2776\345}\210b\233-\011\004\276"
 318      926278BF 
 318      36E57D88 
 318      629B2D09 
 318      04BE
 319 047e 18D5EDCF 		.ascii	"\030\325\355\317\011SH\221\033s\247(l3\311\255d\321"
 319      09534891 
 319      1B73A728 
 319      6C33C9AD 
 319      64D1
 320 0490 02E6480E 		.ascii	"\002\346H\016\333\324($<\271\262\023\315\215\331\211"
 320      DBD42824 
 320      3CB9B213 
 320      CD8DD989 
 321 04a0 AE4F75BA 		.ascii	"\256Ou\272a\"\222,\211l\336\022\"\222\022Id\336L\"\363"
 321      6122922C 
 321      896CDE12 
 321      22921249 
 321      64DE4C22 
 322 04b5 B11121F2 		.ascii	"\261\021!\362\177\020\231\027\223\310\215\251\2268B"
 322      7F109917 
 322      93C88DA9 
 322      963842
 323 04c4 44E6CBDB 		.ascii	"D\346\313\333\336\246_nj\350\266\253{\226>\306~jL\373"
 323      DEA65F6E 
 323      6AE8B6AB 
 323      7B963EC6 
 323      7E6A4CFB 
 324 04d8 7F09FB2A 		.ascii	"\177\011\373*\331\277I\366eP#uy\272\265\360\273v\210"
 324      D9BF49F6 
 324      65502375 
 324      79BAB5F0 
 324      BB7688
 325 04eb 77EDF5DE 		.ascii	"w\355\365\336\272h\332\020\320\314\270\341!Z\324\224"
 325      BA68DA10 
 325      D0CCB8E1 
 325      215AD494 
 326 04fb 4B6F7FE9 		.ascii	"Ko\177\351@\207x\203N\270\205\277\032\377\326}m\367"
 326      40877883 
 326      4EB885BF 
 326      1AFFD67D 
 326      6DF7
 327 050d 690F6DF8 		.ascii	"i\017m\370\220\345\265\307\303(\372\242\216-\237\371"
 327      90E5B5C7 
 327      C328FAA2 
 327      8E2D9FF9 
 328 051d A1930DBD 		.ascii	"\241\223\015\275&d\"O\023`\014\262\253\270\221\210\374"
 328      2664224F 
 328      13600CB2 
 328      ABB89188 
 328      FC
ARM GAS  C:\Users\SevenI7\AppData\Local\Temp\cccE6arj.s 			page 27


 329 052e 03AEE99E 		.ascii	"\003\256\351\236\023\2609\217\353\235\311\254\323z\""
 329      13B0398F 
 329      EB9DC9AC 
 329      D37A22
 330 053d 8FDB8FE1 		.ascii	"\217\333\217\341\341{\204\307\203\355c\227\035a\036"
 330      E17B84C7 
 330      83ED6397 
 330      1D611E
 331 054c 89708778 		.ascii	"\211p\207x\230\210\207\037\\\220%{\010&\210\217A\211"
 331      9888871F 
 331      5C90257B 
 331      0826888F 
 331      4189
 332 055e A7A911E4 		.ascii	"\247\251\021\344\317\020F\377\215\321/\366\254\345Y"
 332      CF1046FF 
 332      8DD12FF6 
 332      ACE559
 333 056d 592EFCE6 		.ascii	"Y.\374\346\254\313{;\257\2408\373\271lWA\261k\335\232"
 333      ACCB7B3B 
 333      AFA038FB 
 333      B96C5741 
 333      B16BDD9A 
 334 0581 7C576141 		.ascii	"|WaA\321\372b\327\353o\274\372\3142\327\312\225/\271"
 334      D1FA62D7 
 334      EB6FBCFA 
 334      CC32D7CA 
 334      952FB9
 335 0594 5E796DC5 		.ascii	"^ym\305\252\367\227\321\321[\2058\362\363\327f\3450"
 335      AAF797D1 
 335      D15B8538 
 335      F2F3D766 
 335      E530
 336 05a6 8550BC70 		.ascii	"\205P\274p\315Z5w}qQ\266ZD\322\204\353\367\326\024\277"
 336      CD5A3577 
 336      7D7151B6 
 336      5A44D284 
 336      EBF7D614 
 337 05bb 6BA2C3BC 		.ascii	"k\242\303\274\265\037\032s\212h\246\346\024\025\344"
 337      B51F1A73 
 337      8A68A6E6 
 337      1415E4
 338 05ca E6A2C4AD 		.ascii	"\346\242\304\255\377\000\270\335\227\272"
 338      FF00B8DD 
 338      97BA
 339              		.text
 340              		.section	.gnu.lto_.symbol_nodes.1d355d7,"",%progbits
 341 0000 789C6363 		.ascii	"x\234cc``\010\006b\006\246\223L\365\014\014\023\316"
 341      60600806 
 341      6206A693 
 341      4CF50C0C 
 341      13CE
 342 0012 313000A9 		.ascii	"10\000\251]\215\216\014\014\254'\230\030Z\225@R\247"
 342      5D8D8E0C 
 342      0CAC2798 
 342      185A9540 
 342      52A7
 343 0024 98EA1951 		.ascii	"\230\352\031Q\244\230N3\3253\241\212\234a\252gF\021"
ARM GAS  C:\Users\SevenI7\AppData\Local\Temp\cccE6arj.s 			page 28


 343      A4984E33 
 343      D533A18A 
 343      9C61AA67 
 343      4611
 344 0036 61000068 		.ascii	"a\000\000hL\024p"
 344      4C1470
 345              		.text
 346              		.section	.gnu.lto_.refs.1d355d7,"",%progbits
 347 0000 789C6363 		.ascii	"x\234cc``\020\004b&\006FF&FFf&\026FF-FFm\006\000\004"
 347      60601004 
 347      62260646 
 347      46264646 
 347      66261646 
 348 001c 100082   		.ascii	"\020\000\202"
 349              		.text
 350              		.section	.gnu.lto_.decls.1d355d7,"",%progbits
 351 0000 789CAD58 		.ascii	"x\234\255XkTSW\026\316\271'\201\020\022p\320\266v\352"
 351      6B545357 
 351      16CEB927 
 351      81101270 
 351      D0B676EA 
 352 0014 0F574B95 		.ascii	"\017WK\225\3255\025QW\235\266vVg\024\252kDYA\373\230"
 352      D5351551 
 352      579DB676 
 352      566714AA 
 352      6B445941 
 353 002a B29A2244 		.ascii	"\262\232\"De\225\207#\261c\177\315\345\341\023[\005"
 353      65958723 
 353      B1637FCD 
 353      E5E1135B 
 353      05
 354 003b F141808A 		.ascii	"\361A\200\212\242V\020\020\025D\0055\362\320\250\200"
 354      A2561010 
 354      15440535 
 354      F2D0A880 
 355 004b 88820282 		.ascii	"\210\202\002\202\370\002\337\"(\">\230}\316\2717\367"
 355      F802DF22 
 355      28223E98 
 355      7DCEB937 
 355      F7
 356 005c 129299CE 		.ascii	"\022\222\231\316t\262\330\334{\356\335g\177{\177g\357"
 356      74B2D8DC 
 356      7BEEDD67 
 356      7F7B7F67 
 356      EF
 357 006d 7376E2A2 		.ascii	"sv\342\242P(\202\336T(\332\261B\241\346\024\212\001"
 357      502882DE 
 357      5428DAB1 
 357      42A1E614 
 357      8A01
 358 007f F8A8E0D9 		.ascii	"\370\250\340\331q\205\364Q\202\224\202h\220B\361:\310"
 358      7185F451 
 358      82948268 
 358      9042F13A 
 358      C8
 359 0090 5B20F0A7 		.ascii	"[ \360\247\230\200\024\203>\377\200\261\033\\\277\005"
 359      98801483 
ARM GAS  C:\Users\SevenI7\AppData\Local\Temp\cccE6arj.s 			page 29


 359      3EFF80B1 
 359      1B5CBF05 
 360 00a0 F1021901 		.ascii	"\361\002\031\001\362\025\310Dx\356\0072\036d\014\210"
 360      F215C844 
 360      78EE0732 
 360      1E640C88 
 361 00b0 019E0194 		.ascii	"\001\236\001\224\342\017p\377\236`\213\330wd\3635Pt"
 361      E20F70FF 
 361      9E608BD8 
 361      7764F335 
 361      5074
 362 00c2 B7B3E902 		.ascii	"\267\263\351\002:\325p\265\202T\201\214\005\371\033"
 362      3AD570B5 
 362      8254818C 
 362      05F91B
 363 00d1 0886E7E7 		.ascii	"\010\206\347\347\310{\220' \003 } \317A^\201\274\024"
 363      C87B9027 
 363      2003207D 
 363      20CF415E 
 363      81BC14
 364 00e4 303402E6 		.ascii	"04\002\346$;\254\367\001\313\323\001\326\357@tH\302"
 364      243BACF7 
 364      01CBD301 
 364      D6EF4074 
 364      48C2
 365 00f6 223105C2 		.ascii	"\"1\005\302\370[\220\231 \237\010\270\337\300\225p\027"
 365      F85B9099 
 365      209F08B8 
 365      DFC09570 
 365      17
 366 0107 00D7B920 		.ascii	"\000\327\271 _\203|\011\362\271\200\367\272p\215\262"
 366      5F837C09 
 366      F2B980F7 
 366      BA708DB2 
 367 0117 C39D0CB8 		.ascii	"\303\235\014\270\303\235\340\022L\2023V\300\374F\300"
 367      C39DE012 
 367      4C823356 
 367      C0FC46C0 
 368 0127 223E88D8 		.ascii	"\">\210\330\216\370U+$\037\002d~|\201\006\363N\326\222"
 368      8EF8552B 
 368      241F0264 
 368      7E7C8106 
 368      F34ED692 
 369 013b AC85090D 		.ascii	"\254\205\011\015\345>\025\243\335)\3277)\257\240V\362"
 369      E53E15A3 
 369      DD29D737 
 369      29AFA056 
 369      F2
 370 014c 060D4348 		.ascii	"\006\015CH\230%\377\220\361\200\370!\357\231\002\207"
 370      9825FF90 
 370      F180F821 
 370      EF990287 
 371 015c C4974CCB 		.ascii	"\304\227L\313~\032}\207\230p\012IW\232!\263*\233\214"
 371      7E1A7D87 
 371      98700A49 
 371      579A21B3 
 371      2A9B8C
ARM GAS  C:\Users\SevenI7\AppData\Local\Temp\cccE6arj.s 			page 30


 372 016f E847415D 		.ascii	"\350GA]\221\373B=\023\334C\022<\262\351\210\3722\253"
 372      91FB423D 
 372      13DC4312 
 372      3CB2E988 
 372      FA32AB
 373 0182 C83669A8 		.ascii	"\3106i\250w\360\301\002\011\015\367\326\024h\333Q\033"
 373      77F0C102 
 373      090DF7D6 
 373      1468DB51 
 373      1B
 374 0193 A802EDEB 		.ascii	"\250\002\355\353\324\260~\36047/\355\246\033\346\350"
 374      D4B07EF0 
 374      34372FED 
 374      A61BE6E8 
 375 01a3 7D5EDBF5 		.ascii	"}^\333\365\024O<\214\336\257\275\372,\331c\\\036\317"
 375      144F3C8C 
 375      DEAFBDFA 
 375      2CD9635C 
 375      1ECF
 376 01b5 3EEA4CAC 		.ascii	">\352L\254@\007\020\026\011\255\032xj\361L\302\310K"
 376      40071016 
 376      09AD1A78 
 376      6AF14CC2 
 376      C84B
 377 01c7 833818D6 		.ascii	"\2038\030\326wUg\272\303p\204\006\015#v\326\014\244"
 377      775567BA 
 377      C3708406 
 377      0D2376D6 
 377      0CA4
 378 01d9 AA466E24 		.ascii	"\252Fn$\023\327%\360\3038\364\355\353\350\020\032\205"
 378      13D725F0 
 378      C338F4ED 
 378      EBE8101A 
 378      85
 379 01ea 0EA251E0 		.ascii	"\016\242Q\340\344a4\022\376G+\231\245\272K\011\033<"
 379      E4613412 
 379      FE472B99 
 379      A5BA4B09 
 379      1B3C
 380 01fc DECEE2B3 		.ascii	"\336\316\342\263,\274\345\251\331{s\365r\276\016\346"
 380      2CBCE5A9 
 380      D97B73F5 
 380      72BE0EE6 
 381 020c 7D4AF550 		.ascii	"}J\365P1\302\250\004\215#1\027\023tT\204\332\021\332"
 381      31C2A804 
 381      8D233117 
 381      13745484 
 381      DA11DA
 382 021f 8FAE4010 		.ascii	"\217\256@\020\245\350m\230\177\177G\302zO\234\212\250"
 382      A5E86D98 
 382      7F7F47C2 
 382      7A4F9C8A 
 382      A8
 383 0230 D3ADD69C 		.ascii	"\323\255\326\234\335\030\374\030\253A\204\032Ox\264"
 383      DD18FC18 
 383      AB41841A 
 383      4F78B4
ARM GAS  C:\Users\SevenI7\AppData\Local\Temp\cccE6arj.s 			page 31


 384 023f E7DEA167 		.ascii	"\347\336\241g:\366\210h\324\257\355\336\356\212s\231"
 384      3AF68868 
 384      D4AFEDDE 
 384      EE8A7399 
 385 024f FAB9C4C2 		.ascii	"\372\271\304\302\014\314\242P\302\360Q\215\371\272\007"
 385      0CCCA250 
 385      C2F0518D 
 385      F9BA07
 386 025e 8B62742A 		.ascii	"\213bt*\346\2564=\277\354\2014>+y>\236\317J\340\335"
 386      E6AE343D 
 386      BFEC8134 
 386      3E2B793E 
 386      9ECF4AE0 
 387 0273 A62BD071 		.ascii	"\246+\320q\210\302\002Q\240\012\344CL\022\337\320Qx"
 387      88C20251 
 387      A00AE443 
 387      4C12DFD0 
 387      5178
 388 0285 78041EEE 		.ascii	"x\004\036\356$\001[\036\026\374)\255\233\347G\243r\244"
 388      24015B1E 
 388      16FC29AD 
 388      9BE747A3 
 388      72A4
 389 0297 41C724FF 		.ascii	"A\307$\377\307jX\3009\333\223\267\271\340\014\3128W"
 389      C76A58C0 
 389      39DB93B7 
 389      B9E00CCA 
 389      3857
 390 02a9 9A7EB38A 		.ascii	"\232~\263\212s\206q\3029F\365\333'\226\361<\207\252"
 390      738671C2 
 390      3946F5DB 
 390      2796F13C 
 390      87AA
 391 02bb 00A352C2 		.ascii	"\000\243R\302\000H\006\222[\223\363B\211\3430\005\351"
 391      00480692 
 391      5B93F342 
 391      89E33005 
 391      E9
 392 02cc ADECCC56 		.ascii	"\255\354\314V;\0039\345\024\344\342\355)\007/\220@\254"
 392      3B0339E5 
 392      14E4E2ED 
 392      29072F90 
 392      40AC
 393 02de 00725202 		.ascii	"\000rR\002\251\022AJ\254\307Vj\224\220\365T\003\026"
 393      A912414A 
 393      ACC7566A 
 393      9490F554 
 393      0316
 394 02f0 149E2556 		.ascii	"\024\236%V\366&\353\260\225\001w<K,rw\006\\\343\024"
 394      F626EBB0 
 394      9501773C 
 394      4B2C7277 
 394      065CE314 
 395 0304 B8FE8F90 		.ascii	"\270\376\217\220p\250\032l\236q\200:\220\366S\266\013"
 395      70A81A6C 
 395      9E71803A 
 395      90F653B6 
ARM GAS  C:\Users\SevenI7\AppData\Local\Temp\cccE6arj.s 			page 32


 395      0B
 396 0315 45251AA7 		.ascii	"E%\032\247\021\205\025\227\316\213.\035*\034Hm\327\341"
 396      11851597 
 396      CE8B2E1D 
 396      2A1C486D 
 396      D7E1
 397 0327 06EA05DA 		.ascii	"\006\352\005\332\\\277\327_\003.$\374*\202a\302\203"
 397      5CBFD75F 
 397      032E24FC 
 397      2A8261C2 
 397      83
 398 0338 C49BEDEE 		.ascii	"\304\233\355\356\314\330H\030^\213/\262\352p33\366c"
 398      CCD84818 
 398      5E8B2FB2 
 398      EA703333 
 398      F663
 399 034a 6A79B912 		.ascii	"jy\271\022\267\263AvZ\362\012\025\276\311\0069)\353"
 399      B7B34176 
 399      5AF20A15 
 399      BEC90639 
 399      29EB
 400 035c 0A35B853 		.ascii	"\0125\270S\300\314\275\330\357\206o\263\301\216\376"
 400      C0CCBDD8 
 400      EF866FB3 
 400      C18EFE
 401 036b E75D24CD 		.ascii	"\347]$\315\306\220\254\304\262\234\034\303r\362\330"
 401      C690ACC4 
 401      B29C1CC3 
 401      72F2D8
 402 037a 99533BB5 		.ascii	"\231S;\265\370!\343\254\300\374\342\205\247\310\031"
 402      F821E3AC 
 402      C0FCE285 
 402      A7C819
 403 0389 548FCA47 		.ascii	"T\217\312Ga\253\035t\031\034\036#8\334\004\017/\311"
 403      61AB1D74 
 403      191C1E23 
 403      38DC040F 
 403      2FC9
 404 039b B26ECCA6 		.ascii	"\262n\314\246\025$#Z\200\224f\211\2661\002kG\223[:4"
 404      1524235A 
 404      80946689 
 404      B631026B 
 404      47935B3A 
 405 03b0 B89F61C4 		.ascii	"\270\237a\304\327m\350q\212q\3059F\365\204J\232um\200"
 405      D76DE871 
 405      8A71C539 
 405      46F5844A 
 405      9A756D80 
 406 03c4 D12A61B4 		.ascii	"\321*a\264\210K\023\337\267\255L\215\023\224\004D\331"
 406      884B13DF 
 406      B7AD4C8D 
 406      13940444 
 406      D9
 407 03d5 BBABB8D1 		.ascii	"\273\253\270\321\003\015\367\366\366I\246\033\001\010"
 407      030DF7F6 
 407      F649A61B 
 407      0108
ARM GAS  C:\Users\SevenI7\AppData\Local\Temp\cccE6arj.s 			page 33


 408 03e3 E224F215 		.ascii	"\342$\362\025\350*\032N,\240\033\000x\015y\243\353\310"
 408      E82A1A4E 
 408      2CA01B00 
 408      780D79A3 
 408      EBC8
 409 03f5 9B6E2FDB 		.ascii	"\233n/\333\210W\226\201\225\270,\273v\015\237u\034Q"
 409      88579681 
 409      95B82CBB 
 409      760D9F75 
 409      1C51
 410 0407 BC76C023 		.ascii	"\274v\300#3l~\372\022\033~\243l\023\356\274\225\306"
 410      336C7EFA 
 410      121B7EA3 
 410      6C13EEBC 
 410      95C6
 411 0419 5BE23155 		.ascii	"[\3421U\276\350P\371\020\201\025biK\327\220$\003%\205"
 411      BEE850F9 
 411      10811562 
 411      694BD790 
 411      24032585 
 412 042d 1006DBD9 		.ascii	"\020\006\333\331\224'\313\357\026i\220\267\367\010\037"
 412      9427CBEF 
 412      166990B7 
 412      F7081F
 413 043c 66B631DD 		.ascii	"f\2661\335+;\201\267\216\247\245\326\000v;\321\010)"
 413      2B3B81B7 
 413      8EA7A5D6 
 413      00763BD1 
 413      0829
 414 044e 83063901 		.ascii	"\203\0069\001f{\323=\342\250\027\004\275\321\271v\012"
 414      667BD33D 
 414      E2A81704 
 414      BDD1B976 
 414      0A
 415 045f D18674E4 		.ascii	"\321\206t\344!}e\224\020mB\311-\240\344&P\322!P\302"
 415      217D6594 
 415      106D42C9 
 415      2DA0E426 
 415      50D22150 
 416 0474 7CAE4D1F 		.ascii	"|\256M\037\031\0073\210\326`\247Q\315\341\224\"\267"
 416      19073388 
 416      D660A751 
 416      CDE19422 
 416      B7
 417 0485 116034CE 		.ascii	"\021`4\316\271Q\305 \213\262M\333\213m\332\211\025\015"
 417      B951C520 
 417      8BB24DDB 
 417      8B6DDA89 
 417      150D
 418 0497 C55A5C49 		.ascii	"\305Z\\I\027\017\335<\263'^\215\255l`.}|Z\305\024\325"
 418      170FDD3C 
 418      B3275E8D 
 418      AD6C602E 
 418      7D7C5AC5 
 419 04ad 30FCB9A6 		.ascii	"0\374\271\246\340\214\012W\263w\245\273\013\3529\\\317"
 419      E08C0A57 
 419      B377A5BB 
ARM GAS  C:\Users\SevenI7\AppData\Local\Temp\cccE6arj.s 			page 34


 419      0BEA395C 
 419      CF
 420 04be 067987BA 		.ascii	"\006y\207\272\222\020nf\203G+\366\230\360Uv\237\336"
 420      92106E66 
 420      83472BF6 
 420      98F05576 
 420      9FDE
 421 04d0 D37ADB8D 		.ascii	"\323z\333\215Y\360!gK\335\226\0265\333h-\344\370\350"
 421      59F02167 
 421      4BDD9616 
 421      35DB682D 
 421      E4F8E8
 422 04e3 DB7A2385 		.ascii	"\333z#\205\303\235TW\273\246.\341\254\012\026\000>\303"
 422      C39D5457 
 422      BBA62EE1 
 422      AC0A1600 
 422      3EC3
 423 04f5 BD7DC865 		.ascii	"\275}\310e\033\237\230\300[:\314\302B\234\203\205\350"
 423      1B9F98C0 
 423      5B3ACCC2 
 423      429C8385 
 423      E8
 424 0506 026AFB81 		.ascii	"\002j\373\201\342\301\324\036Gl%\210z\371[f\336\222"
 424      E2C1D41E 
 424      476C2588 
 424      7AF95B66 
 424      DE92
 425 0518 88A9F65D 		.ascii	"\210\251\366]{\355;\310^\275\377\367\222\372=\307\352"
 425      7BED3BC8 
 425      5EBDFFF7 
 425      92FA3DC7 
 425      EA
 426 0529 7E9276B7 		.ascii	"~\222v\267L\373\201\275\366\375!\306\313GI\352\347\355"
 426      4CFB81BD 
 426      F6FD21C6 
 426      CB4749EA 
 426      E7ED
 427 053b D5EB65EA 		.ascii	"\325\353e\352R\245\300\012\366\200F7}\331/T\312\013"
 427      52A5C00A 
 427      F6804637 
 427      7DD92F54 
 427      CA0B
 428 054d 488B97B0 		.ascii	"H\213\227\260\210O@\006@\372@\236\202\364\202\360\234"
 428      884F4006 
 428      40FA409E 
 428      82F482F0 
 428      9C
 429 055e 377A06D7 		.ascii	"7z\006\327\347 \257l\225D\320O\313\320\353\354\321\317"
 429      E720AF6C 
 429      9544D04F 
 429      CBD0EBEC 
 429      D1CF
 430 0570 4AA10949 		.ascii	"J\241\011If\366\242I\326?\2702\230\2516\371\032<r\270"
 430      66F6A249 
 430      D63FB832 
 430      98A936F9 
 430      1A3C72B8 
ARM GAS  C:\Users\SevenI7\AppData\Local\Temp\cccE6arj.s 			page 35


 431 0584 063296EA 		.ascii	"\0062\226\352e\300\217\035\003\313Y\272##\365\241cR"
 431      65C08F1D 
 431      03CB59BA 
 431      2323F5A1 
 431      6352
 432 0596 45E35063 		.ascii	"E\343Pc\257\3225L\3756\244\367\005\307\244Ru\310/KM"
 432      AFD2354C 
 432      FD36A4F7 
 432      05C7A452 
 432      75C82F4B 
 433 05ab 5F910ADF 		.ascii	"_\221\012\337\243\371\305\035=\260\343\210+\362\031"
 433      A3F9C51D 
 433      3DB0E388 
 433      2BF219
 434 05ba 2EEC0319 		.ascii	".\354\003\031.d\037H\340\206\2438\316\266\243\221\340"
 434      2E641F48 
 434      E086A338 
 434      CEB6A391 
 434      E0
 435 05cb 9DAC068A 		.ascii	"\235\254\006\212\347|\376\347\005\001_2\013\012\036"
 435      E77CFEE7 
 435      05015F32 
 435      0B0A1E
 436 05da 61ED6ADB 		.ascii	"a\355j\333\211H\241\245bM\344\264\202\023\344\200]\265"
 436      8948A1A5 
 436      624DE4B4 
 436      8213E480 
 436      5DB5
 437 05ec B953879F 		.ascii	"\271S\207\2371\277/\335:z\337\025i}\234LE+\300/i\266"
 437      31BF2FDD 
 437      3A7ADF15 
 437      697D9C4C 
 437      452BC02F 
 438 0602 78847B97 		.ascii	"x\204{\227v\221#|9\274X&\305\007z\014\241\272\371D>"
 438      7691237C 
 438      39BC5826 
 438      C5077A0C 
 438      A1BAF944 
 439 0617 3BC28946 		.ascii	";\302\211F-;L\343n\365\337uq\332\276\255\342H\373\266"
 439      2D3B4CE3 
 439      6EF5DF75 
 439      71DABEAD 
 439      E248FBB6 
 440 062b 9213FAB7 		.ascii	"\222\023\372\267\244\365/JTR\377\226.\365o\240\210\312"
 440      A4F52F4A 
 440      5452FF96 
 440      2EF56FA0 
 440      88CA
 441 063d A453A2CC 		.ascii	"\244S\242\314\276\177[\315\221\376\255\263\373`\222"
 441      BE7F5BCD 
 441      91FEADB3 
 441      FB6092
 442 064c 074E54B1 		.ascii	"\007NT\261\223\362UU;\306\031t\30054\367f\353\234u\017"
 442      93F25555 
 442      3BC61974 
 442      C03534F7 
 442      66EB9C75 
ARM GAS  C:\Users\SevenI7\AppData\Local\Temp\cccE6arj.s 			page 36


 443 0661 3F71CEDB 		.ascii	"?q\316\333\026\357\303\264m\371\221\323\2405\334\320"
 443      16EFC3B4 
 443      6DF991D3 
 443      A035DCD0 
 444 0671 0662D585 		.ascii	"\006b\325\205[)*\0323\321`mKk\355\256Y8\227\341\266"
 444      5B292A1A 
 444      33D1606D 
 444      4B6BEDAE 
 444      593897E1 
 445 0686 C6C5EF47 		.ascii	"\306\305\357G\316pS\234\342v\177L\022)\031L\256s\000"
 445      CE70539C 
 445      E2767F4C 
 445      1229194C 
 445      AE7300
 446 0699 7AA8FBCE 		.ascii	"z\250\373\316\\\212I\024\326r\024\264\264`y\274\316"
 446      5C8A4914 
 446      D67214B4 
 446      B46079BC 
 446      CE
 447 06aa 46FE7AF6 		.ascii	"F\376z\366\260f\323\346e\256N\311\337@\311O\025\311"
 447      B066D3E6 
 447      65AE4EC9 
 447      DF40C94F 
 447      15C9
 448 06bc 5F653657 		.ascii	"_e6W\270\333\310\237\222+\221\017\212(I\362\003n\007"
 448      B8DBC89F 
 448      922B910F 
 448      8A2849F2 
 448      036E07
 449 06cf 93BF9192 		.ascii	"\223\277\221\222\277\351bn>\306E\214\374\375\217S\226"
 449      BFE9626E 
 449      3EC6458C 
 449      FCFD8F53 
 449      96
 450 06e0 BBD87C64 		.ascii	"\273\330|d\274d\236.z\246\265\271\270\231\271\330\262"
 450      BC649E2E 
 450      7AA6B5B9 
 450      B899B9D8 
 450      B2
 451 06f1 DEBC5DE7 		.ascii	"\336\274]\347\324E3u1Mt\321\232\271\347$\026\\\354\376"
 451      D4453375 
 451      314D74D1 
 451      9AB9E724 
 451      165CECFE 
 452 0705 184A369E 		.ascii	"\030J6\236'-\004h\241M\222\177\233\354\375K\247\376"
 452      272D0468 
 452      A14D927F 
 452      9BECFD4B 
 452      A7FE
 453 0717 6535B4DE 		.ascii	"e5\264\336\320\342\032\346\337\201\216S'4\354\020\341"
 453      D0E21AE6 
 453      DF818E53 
 453      2734EC10 
 453      E1
 454 0728 118C5F36 		.ascii	"\021\214_6\336\255D\354\024\341\311\271T\320\375\270"
 454      DEAD44EC 
 454      14E1C9B9 
ARM GAS  C:\Users\SevenI7\AppData\Local\Temp\cccE6arj.s 			page 37


 454      54D0FDB8 
 455 0738 C085BD27 		.ascii	"\300\205\275'\215\177r\353\361~\035\351\373x\241Z\340"
 455      8D7F72EB 
 455      F17E1DE9 
 455      FB78A15A 
 455      E0
 456 0749 B9546759 		.ascii	"\271TgY\034,\014\354Xh\013G{\276\362\272U\033=q\023"
 456      1C2C0CEC 
 456      58680B47 
 456      7BBEF2BA 
 456      551B3D71 
 457 075e 432AC87B 		.ascii	"C*\310{^\310\252\302\240\025\210\3102'\025:\2179\233"
 457      5EC8AAC2 
 457      A01588C8 
 457      3227153A 
 457      8F399B
 458 0771 C6BC4D8C 		.ascii	"\306\274M\2149+.\351\274J^\343\360^\206\275]^\343{\323"
 458      392B2EE9 
 458      BC4A5EE3 
 458      F05E86BD 
 458      5D5EE37B 
 459 0786 3377E9F0 		.ascii	"3w\351\360e\226z\313\256%\007\014.q\371L\364\013$\337"
 459      65967ACB 
 459      AE25070C 
 459      2E71F94C 
 459      F40B24DF 
 460 079a 76FB123F 		.ascii	"v\373\022?\202\363\226\301\004%\332\011ovH\224n\027"
 460      82F396C1 
 460      0425DA09 
 460      6F764894 
 460      6E17
 461 07ac 6BBCE4C1 		.ascii	"k\274\344\301\356\022\235p\332\222\361]>\351\010\302"
 461      EE129D70 
 461      DA92F15D 
 461      3EE908C2 
 462 07bc 1B5C6897 		.ascii	"\033\\h\227\266\257\353\344)-\"'-kwj\363G\260\035"
 462      B6AFEBE4 
 462      292D2227 
 462      2D6B776A 
 462      F347B01D 
 463 07d0 1E22CF01 		.ascii	"\036\"\317\001c\2739\307\207\354\240\275q\0277J\330"
 463      63BB39C7 
 463      87ECA0BD 
 463      7117374A 
 463      D8
 464 07e1 A0893AD9 		.ascii	"\240\211:\331\030\363\301\323<\330\000s9yO\367 O8>\210"
 464      18F3C1D3 
 464      3CD80073 
 464      39794FF7 
 464      204F383E 
 465 07f6 AB5B1D5A 		.ascii	"\253[\035Z\227\235D\215\273\331I\004Jv\355NY\352\265"
 465      979D448D 
 465      BBD94904 
 465      4A76ED4E 
 465      59EAB5
 466 0809 15EE388D 		.ascii	"\025\3568\215F\300m\351khPI\373y>\335\317\013\301p\201"
 466      46C06DE9 
ARM GAS  C:\Users\SevenI7\AppData\Local\Temp\cccE6arj.s 			page 38


 466      6B685049 
 466      FB793EDD 
 466      CF0BC170 
 467 081e C40531E1 		.ascii	"\304\0051\341\304g\264\007\\u\3466`]\332\220\363\235"
 467      C467B407 
 467      5C75E636 
 467      605DDA90 
 467      F39D
 468 0830 D73A61E6 		.ascii	"\327:a\346\247Jj\371g\230\233\311\021w\367r^b2\021\345"
 468      A74A6AF9 
 468      67989BC9 
 468      1177F772 
 468      5E623211 
 469 0845 654F2ACF 		.ascii	"eO*\317\242w\263\371v\266\031Ve\303,D\224P\006sF65\203"
 469      A277B3F9 
 469      76B61956 
 469      65C32C44 
 469      94500673 
 470 085d A6FC3EEE 		.ascii	"\246\374>\356]\230wp\337\343>N\2360d\212\2240\373\351"
 470      5D987770 
 470      DFE33E4E 
 470      9E30648A 
 470      9430FBE9 
 471 0871 52D22B69 		.ascii	"R\322+i\254\342.\234\304\357le\034\345p\374J5$#\335"
 471      ACE22E9C 
 471      C4EF6C65 
 471      1CE570FC 
 471      4A352423 
 472 0886 4ED90F04 		.ascii	"N\331\017\004E\334;\344KLyJ\004\336N)B\311]\335\353"
 472      45DC3BE4 
 472      4B4C794A 
 472      04DE4E29 
 472      42C95DDD 
 473 089b 5D9C96C2 		.ascii	"]\234\226\302\001\261\024\306\323J()\316~\250\226GL"
 473      01B114C6 
 473      D34A2829 
 473      CE7EA896 
 473      474C
 474 08ad 1A5F6985 		.ascii	"\032_i\205Kh\304\007\304\210\305\242\034!\024\345\355"
 474      4B68C407 
 474      C488C5A2 
 474      1C2114E5 
 474      ED
 475 08be D5196D5A 		.ascii	"\325\031mZ\234\317p\313\273\013\177\321\262\212$_{\332"
 475      9CCF70CB 
 475      BB0B7FD1 
 475      B28A245F 
 475      7BDA
 476 08d0 D7550C78 		.ascii	"\327U\014x:u\243Tt\3430\253\310'\353\012\003\354\335"
 476      3A75A354 
 476      74E330AB 
 476      C827EB0A 
 476      03ECDD
 477 08e3 38086EB0 		.ascii	"8\010n\260f\254\214\272Q*\272\021wuG\233\207\\\373\334"
 477      66AC8CBA 
 477      512ABA11 
 477      7775479B 
ARM GAS  C:\Users\SevenI7\AppData\Local\Temp\cccE6arj.s 			page 39


 477      875CFBDC 
 478 08f7 BFD33EF2 		.ascii	"\277\323>\362\254\355)l{\314\311\315-\265<\207\017\262"
 478      ACED296C 
 478      7BCCC9CD 
 478      2DB53C87 
 478      0FB2
 479 0909 415FD9B9 		.ascii	"A_\331\271m\034\363\330\233|\215\266$Y1\213.\2134\252"
 479      6D1CF3D8 
 479      9B7C8DB6 
 479      2459318B 
 479      2E8B34AA 
 480 091d 35CD7DF9 		.ascii	"5\315}\371J|\214\352\272\256=\321\361\304\215|\301!"
 480      4A7C8CEA 
 480      BAAE3DD1 
 480      F1C48D7C 
 480      C121
 481 092f 5DEAA0DC 		.ascii	"]\352\240\334:\016\300\026\272\310\025Bb\235\204\304"
 481      3A0EC016 
 481      BAC81542 
 481      629D84C4 
 482 093f AA84C4B2 		.ascii	"\252\204\304\262\202\234\000\251\0029\305\311\273\264"
 482      829C00A9 
 482      0239C5C9 
 482      BBB4
 483 094d 8797705B 		.ascii	"\207\227p[\316\352\037\371\254rD\235?\006\011S\341\270"
 483      CEEA1FF9 
 483      AC72449D 
 483      3F060953 
 483      E1B8
 484 095f 3CD8578D 		.ascii	"<\330W\215\323\263\342h\377\003\013\202\212\005e[R\327"
 484      D3B3E268 
 484      FF030B82 
 484      8A05655B 
 484      52D7
 485 0971 DBB74BE5 		.ascii	"\333\267K\345\202\366\021\320>$h\213\374\310\233+VE"
 485      82F611D0 
 485      3E24688B 
 485      FCC89B2B 
 485      5645
 486 0983 1D35ACF4 		.ascii	"\0355\254\364*8\007M\340\253\032\257m\266&\360\250C"
 486      2A38074D 
 486      E0AB1AAF 
 486      6DB626F0 
 486      A843
 487 0995 37E56D5D 		.ascii	"7\345m]\375,\251\255+\267\327\226\265\237@o\261\271"
 487      FD2CA9AD 
 487      2BB7D796 
 487      B59F406F 
 487      B1B9
 488 09a7 FA048779 		.ascii	"\372\004\207yWZ\327g\343\373\340\373\243\255\256ki]"
 488      575AD767 
 488      E3FBE0FB 
 488      A3ADAE6B 
 488      695D
 489 09b9 57C3E4D3 		.ascii	"W\303\344\323R]W\014\255k\221{t\006(\3775\364\003\356"
 489      525D570C 
 489      AD6B917B 
ARM GAS  C:\Users\SevenI7\AppData\Local\Temp\cccE6arj.s 			page 40


 489      740628FF 
 489      35F403EE 
 490 09cd 96E79DA7 		.ascii	"\226\347\235\247\325\362\362\253\036\324\223\325\010"
 490      D5F2F2AB 
 490      1ED493D5 
 490      08
 491 09da E55743CB 		.ascii	"\345WC\313/\261\365\3722w\274\226:\211V\233\2636\252"
 491      2FB1F5FA 
 491      3277BC96 
 491      3A89569B 
 491      B336AA
 492 09ed F10636B8 		.ascii	"\361\0066\270\226qn\243\022\233\331\240h\307\332^w\274"
 492      96716EA3 
 492      129BD9A0 
 492      68C7DA5E 
 492      77BC
 493 09ff 850D5676 		.ascii	"\205\015Vvn\330\347\212\263\331\240\260,\361\276\360"
 493      6ED8E78A 
 493      B3D9A0B0 
 493      2CF1BEF0 
 494 0a0f 33938594 		.ascii	"3\223\205\224\314\236\223\207\007\224\370\027\372R\235"
 494      CC9E9387 
 494      0794F817 
 494      FA529D
 495 0a1e 96647DC0 		.ascii	"\226d}\300!\366\345\207\354\311\204\301F\253\214\360"
 495      21F6E587 
 495      ECC984C1 
 495      46AB8CF0 
 496 0a2e 3A88BE89 		.ascii	":\210\276\211s\332\031\223~\177\272D\3709{\355!\313"
 496      73DA1993 
 496      7E7FBA44 
 496      F8397BED 
 496      21CB
 497 0a40 7347A67D 		.ascii	"sG\246}\301^{\350\367\244r\231z\275C\343~C\216\207\363"
 497      C15E7BE8 
 497      F7A47299 
 497      7ABD43E3 
 497      7E438E87 
 498 0a55 B0242C21 		.ascii	"\260$,!\233\204\365\270\014\353q\011\326\240\021\244"
 498      9B84F5B8 
 498      0CEB7109 
 498      D6A011A4 
 499 0a65 01A405A4 		.ascii	"\001\244\005\244\031\344\342\240\222\270&\303\252u\354"
 499      19E4E2A0 
 499      92B826C3 
 499      AA75EC
 500 0a74 9A2CEC66 		.ascii	"\232,\354f\231\366Y\307$\035\227\375\000\320{\214\245"
 500      99F659C7 
 500      241D97FD 
 500      00D07B8C 
 500      A5
 501 0a85 78D390D3 		.ascii	"x\323\220\323\245r\353.3\302\271,\013\367\265\230g\241"
 501      A572EB2E 
 501      33C2B92C 
 501      0BF7B598 
 501      67A1
 502 0a97 E13E0EE3 		.ascii	"\341>\016\343AW \214_\033\222\200j\245i\334\006\223"
ARM GAS  C:\Users\SevenI7\AppData\Local\Temp\cccE6arj.s 			page 41


 502      4157208C 
 502      5F1B9280 
 502      6AA569DC 
 502      0693
 503 0aa9 5AA5346E 		.ascii	"Z\2454n\242i\014\320\033K\016\225!y\"\266\015J\304v"
 503      A2690CD0 
 503      1B4B0E95 
 503      217922B6 
 503      0D4AC476 
 504 0abd 2111DB69 		.ascii	"!\021\333i\"\366\345\366\244{\340\022\226T[kz6jp\025"
 504      22F6E5F6 
 504      A47BE012 
 504      96545B6B 
 504      7A366A70 
 505 0ad2 1BF46C5A 		.ascii	"\033\364lZ\266J\315v\2617\310\273=\017\356\251\235\356"
 505      B64ACD76 
 505      B137C8BB 
 505      3D0FEEA9 
 505      9DEE
 506 0ae4 BB37C47D 		.ascii	"\2737\304}\367:\333w\033\372\216\364kq-\265\244\314"
 506      F73ADB77 
 506      1BFA8EF4 
 506      6B712DB5 
 506      A4CC
 507 0af6 4BC8ED52 		.ascii	"K\310\355R\"\237Q\010\324\221f\247\370k\260\002\335"
 507      229F5108 
 507      D49166A7 
 507      F86BB002 
 507      DD
 508 0b07 8616F126 		.ascii	"\206\026\361&\207\005\326\024f\036\314w\375\223<\206"
 508      8705D614 
 508      661ECC77 
 508      FD933C86 
 509 0b17 7B35BDD2 		.ascii	"{5\275\322\376\231\317\346\361H\005\232HO\027\324\001"
 509      FE99CFE6 
 509      F148059A 
 509      484F17D4 
 509      01
 510 0b28 24DDA678 		.ascii	"$\335\246x\267\200\303N\006\370tM~\203l\357F\324\266"
 510      B780C34E 
 510      06F8744D 
 510      7E836CEF 
 510      46D4B6
 511 0b3b 943377E8 		.ascii	"\2243w\350\336}C\334\273\367fX\237\271i\004\333+\377"
 511      DE7D43DC 
 511      BBF76658 
 511      9FB96904 
 511      DB2BFF
 512 0b4e 93EDD52F 		.ascii	"\223\355\325/\255\215Hn\373\356\277\263\335x\371\314"
 512      AD8D486E 
 512      FBEEBFB3 
 512      DD78F9CC 
 513 0b5e 551738BE 		.ascii	"U\0278\276\353\340\370\3561O\311\213\267\360\011\237"
 513      EBE0F8EE 
 513      314FC98B 
 513      B7F0099F 
 514 0b6e A27BB065 		.ascii	"\242{\260e^\203\305\202\226Y6\365*<\371\206\203\314"
ARM GAS  C:\Users\SevenI7\AppData\Local\Temp\cccE6arj.s 			page 42


 514      5E83C582 
 514      965936F5 
 514      2A3CF986 
 514      83CC
 515 0b80 A207F895 		.ascii	"\242\007\370\225\3757\012\021>\317\350\177\274\251\272"
 515      FD370A11 
 515      3ECFE87F 
 515      BCA9BA
 516 0b8f 49F871FC 		.ascii	"I\370q\374Mr\300$\326wp\254\336\255\244\336Wl)\216S"
 516      4D72C024 
 516      D67770AC 
 516      DEADA4DE 
 516      576C298E 
 517 0ba4 395D8E47 		.ascii	"9]\216G\342r\324\263\037#\017ox5\240\261g\247\013\334"
 517      E272D4B3 
 517      1F230F6F 
 517      7835A0B1 
 517      67A70BDC 
 518 0bb8 78480F98 		.ascii	"xH\017\230n\032\301#1\202\212'%m\236\366\361:\325\316"
 518      6E1AC123 
 518      31828A27 
 518      256D9EF6 
 518      F13AD5CE 
 519 0bcc DD95794C 		.ascii	"\335\225yL#\304\333xL\023\227e\211\033\215z\204p\241"
 519      23C4DB78 
 519      4C139765 
 519      891B8D7A 
 519      8470A1
 520 0bdf 0397CD7C 		.ascii	"\003\227\315| \204\373\230{W\2413,\012\2154DF\206\033"
 520      2084FB98 
 520      7B57A133 
 520      2C0A8D34 
 520      4446861B 
 521 0bf3 22A2234C 		.ascii	"\"\242#LS\306\215\363\205\277\260\205\021\363\"bb\375"
 521      53C68DF3 
 521      85BFB085 
 521      11F32262 
 521      62FD
 522 0c05 3EF4F38D 		.ascii	">\364\363\215\211\365]\030\032\351\273(f\261)\3267x"
 522      89F55D18 
 522      1AE9BB28 
 522      66B129D6 
 522      3778
 523 0c17 4EE0C409 		.ascii	"N\340\304\011\2763gN\363\375,h\306\354\357'\220W\342"
 523      BE33674E 
 523      F3FD2C68 
 523      C6ECEF27 
 523      9057E2
 524 0c2a FC7161EA 		.ascii	"\374qa\352\317f\315\035=\325\317O\361\311o\261\242x"
 524      CF66CD1D 
 524      3DD5CF4F 
 524      F1C96FB1 
 524      A278
 525 0c3c CDE651AC 		.ascii	"\315\346Q\254\321\264`q\314\222EQ1\341F\215\301\260"
 525      D1B46071 
 525      CC924551 
 525      31E1468D 
ARM GAS  C:\Users\SevenI7\AppData\Local\Temp\cccE6arj.s 			page 43


 525      C1B0
 526 0c4e 2422DA34 		.ascii	"$\"\3324q\202\3014?\354\243\020j;\326\264$<\"&\304\024"
 526      7182C134 
 526      3FECA310 
 526      6A3BD6B4 
 526      243C2226 
 527 0c64 1313191B 		.ascii	"\023\023\031\033\262 z\311hz7:tq\324hc\324<cx\2701<"
 527      B2207AC9 
 527      687A373A 
 527      7471D468 
 527      63D43C63 
 528 0c7c 64F2B8F1 		.ascii	"d\362\270\361\243'\214\367\233\374\367I!\360\374\375"
 528      A3278CF7 
 528      9BFCF749 
 528      21F0FCFD 
 529 0c8c E89868E3 		.ascii	"\350\230h\343\373\306\320y\021!\021\321a\221K\302\215"
 529      FBC6D079 
 529      112111D1 
 529      61914BC2 
 529      8D
 530 0c9d 2151A160 		.ascii	"!Q\241`+\332\030b\0107\316\017]\022i2\230~Xd\214\035"
 530      2BDA1862 
 530      0837CE0F 
 530      5D126932 
 530      987E5864 
 531 0cb3 B750A116 		.ascii	"\267P\241\026\361\276\376\277\342\305\376\020\033b\210"
 531      F1BEFEBF 
 531      E2C5FE10 
 531      1B6288
 532 0cc2 35858371 		.ascii	"5\205\203q\002\022\021C\2423\230~\013g\013\025\332\210"
 532      02121143 
 532      A233987E 
 532      0B670B15 
 532      DA88
 533 0cd4 18A21715 		.ascii	"\030\242\027\025\032\373\235\301\244\374s\200~\246j"
 533      1AFB9DC1 
 533      A4FC7380 
 533      7EA66A
 534 0ce3 E6ECA97F 		.ascii	"\346\354\251\177\325+\377\022\254\327\243/\320tUX\244"
 534      D52BFF12 
 534      ACD7A32F 
 534      D0745558 
 534      A4
 535 0cf4 3174B140 		.ascii	"1t\261@\242\337\007\006\223Z\274\301\300\362\177\273"
 535      A2DF0706 
 535      935ABCC1 
 535      C0F27FBB 
 536 0d04 ECB1A628 		.ascii	"\354\261\246( f\301\242\210\030\300\306\263\247\351"
 536      2066C1A2 
 536      8818C0C6 
 536      B3A7E9
 537 0d13 F18C697A 		.ascii	"\361\214izU\320\334\240iz\327\331\301A\376\376\323\364"
 537      55D0DCA0 
 537      697AD7D9 
 537      C141FEFE 
 537      D3F4
 538 0d25 2EB3E77C 		.ascii	".\263\347|\025\344\257W\005\316\236\346\257'\036M\327"
ARM GAS  C:\Users\SevenI7\AppData\Local\Temp\cccE6arj.s 			page 44


 538      15E4AF57 
 538      05CE9EE6 
 538      AF271E4D 
 538      D7
 539 0d36 4AB30C26 		.ascii	"J\263\014&\015s8\"\334`z\303\266\336\306\350\320y\221"
 539      0D733822 
 539      DC607AC3 
 539      B6DEC6E8 
 539      D07991
 540 0d49 C645A1E1 		.ascii	"\306E\241\341\306\357\215\321&]D\014\2752~\334`Bh8\321"
 540      C6EF8DD1 
 540      265D440C 
 540      BD327EDC 
 540      60426838 
 541 0d5e 1F69D30F 		.ascii	"\037i\323\017\217\210\225Op\247/\350m,\0276O\007\243"
 541      8F88954F 
 541      70A72FE8 
 541      6D2C1736 
 541      4F07A3
 542 0d71 B0D0C8C8 		.ascii	"\260\320\310\310y\241a@\312{\316B\024\326E$\224\004"
 542      79A16140 
 542      CA7BCE42 
 542      14D64524 
 542      9404
 543 0d83 14BA7881 		.ascii	"\024\272x\201\006n\251%`J\357\037\354\257\377\334\177"
 543      066EA925 
 543      604AEF1F 
 543      ECAFFFDC 
 543      7F
 544 0d94 9A8BFF97 		.ascii	"\232\213\377\227sfL\325\343\240\300\251.\201\376\201"
 544      73664CD5 
 544      E3A0C0A9 
 544      2E81FE81 
 545 0da4 FAC020D5 		.ascii	"\372\300 \325\324\300\240\251\372\217\034\231\016\213"
 545      D4C0A0A9 
 545      FA8F1C99 
 545      0E8B
 546 0db2 898A8A89 		.ascii	"\211\212\212\211\3665.5\001}\214\301\200IK\2272\352"
 546      F6352E35 
 546      017D8CC1 
 546      80494B97 
 546      32EA
 547 0dc4 E64F1AEF 		.ascii	"\346O\032\357\267\324\010P\036\301_\005O\015\370\314"
 547      B7D40850 
 547      1EC15F05 
 547      4F0DF8CC 
 548 0dd4 3007726E 		.ascii	"0\007rn\232q\276*\370\213\031\300V\300\234`\275R\017"
 548      9A71BE2A 
 548      F88B19C0 
 548      56C09C60 
 548      BD520F
 549 0de7 FF30A0E0 		.ascii	"\3770\240\340\031\201z.H\257%\340\242\236\316`\230\277"
 549      19817A2E 
 549      48AF25E0 
 549      A29ECE60 
 549      98BF
 550 0df9 243ACC60 		.ascii	"$:\314`\0307\371\203\011\037\252\305\2212la\350b\371"
ARM GAS  C:\Users\SevenI7\AppData\Local\Temp\cccE6arj.s 			page 45


 550      1837F983 
 550      091FAAC5 
 550      91326C61 
 550      E862F9
 551 0e0c BB497EFF 		.ascii	"\273I~\377\002,\001n\273"
 551      022C016E 
 551      BB
 552              		.text
 553              		.section	.gnu.lto_.symtab.1d355d7,"",%progbits
 554 0000 5F70616C 		.ascii	"_pal_lld_init\000"
 554      5F6C6C64 
 554      5F696E69 
 554      7400
 555 000e 00       		.ascii	"\000"
 556 000f 00       		.ascii	"\000"
 557 0010 00       		.ascii	"\000"
 558 0011 00000000 		.ascii	"\000\000\000\000\000\000\000\000"
 558      00000000 
 559 0019 BB000000 		.ascii	"\273\000\000\000"
 560 001d 5F70616C 		.ascii	"_pal_events\000"
 560      5F657665 
 560      6E747300 
 561 0029 00       		.ascii	"\000"
 562 002a 00       		.ascii	"\000"
 563 002b 00       		.ascii	"\000"
 564 002c 00000000 		.ascii	"\000\000\000\000\000\000\000\000"
 564      00000000 
 565 0034 32010000 		.ascii	"2\001\000\000"
 566 0038 5F70616C 		.ascii	"_pal_lld_setgroupmode\000"
 566      5F6C6C64 
 566      5F736574 
 566      67726F75 
 566      706D6F64 
 567 004e 00       		.ascii	"\000"
 568 004f 00       		.ascii	"\000"
 569 0050 00       		.ascii	"\000"
 570 0051 00000000 		.ascii	"\000\000\000\000\000\000\000\000"
 570      00000000 
 571 0059 0A010000 		.ascii	"\012\001\000\000"
 572 005d 5F70616C 		.ascii	"_pal_lld_enablepadevent\000"
 572      5F6C6C64 
 572      5F656E61 
 572      626C6570 
 572      61646576 
 573 0075 00       		.ascii	"\000"
 574 0076 00       		.ascii	"\000"
 575 0077 00       		.ascii	"\000"
 576 0078 00000000 		.ascii	"\000\000\000\000\000\000\000\000"
 576      00000000 
 577 0080 16010000 		.ascii	"\026\001\000\000"
 578 0084 5F70616C 		.ascii	"_pal_lld_disablepadevent\000"
 578      5F6C6C64 
 578      5F646973 
 578      61626C65 
 578      70616465 
 579 009d 00       		.ascii	"\000"
 580 009e 00       		.ascii	"\000"
ARM GAS  C:\Users\SevenI7\AppData\Local\Temp\cccE6arj.s 			page 46


 581 009f 00       		.ascii	"\000"
 582 00a0 00000000 		.ascii	"\000\000\000\000\000\000\000\000"
 582      00000000 
 583 00a8 1B010000 		.ascii	"\033\001\000\000"
 584              		.text
 585              		.section	.gnu.lto_.opts,"",%progbits
 586 0000 272D666D 		.ascii	"'-fmath-errno' '-fsigned-zeros' '-ftrapping-math' '"
 586      6174682D 
 586      6572726E 
 586      6F272027 
 586      2D667369 
 587 0033 2D666E6F 		.ascii	"-fno-trapv' '-fno-strict-overflow' '-fno-openmp' '-"
 587      2D747261 
 587      70762720 
 587      272D666E 
 587      6F2D7374 
 588 0066 666E6F2D 		.ascii	"fno-openacc' '-mcpu=cortex-m4' '-mthumb' '-O0' '-fo"
 588      6F70656E 
 588      61636327 
 588      20272D6D 
 588      6370753D 
 589 0099 6D69742D 		.ascii	"mit-frame-pointer' '-falign-functions=16' '-ffuncti"
 589      6672616D 
 589      652D706F 
 589      696E7465 
 589      72272027 
 590 00cc 6F6E2D73 		.ascii	"on-sections' '-fdata-sections' '-fno-common' '-flto"
 590      65637469 
 590      6F6E7327 
 590      20272D66 
 590      64617461 
 591 00ff 2700     		.ascii	"'\000"
 592              		.text
 593              		.comm	__gnu_lto_v1,1,1
 594              		.comm	__gnu_lto_slim,1,1
 595              		.ident	"GCC: (GNU Tools for Arm Embedded Processors 7-2017-q4-major) 7.2.1 20170904 (release) [ARM
ARM GAS  C:\Users\SevenI7\AppData\Local\Temp\cccE6arj.s 			page 47


DEFINED SYMBOLS
                            *ABS*:00000000 hal_pal_lld.c
                            *COM*:00000001 __gnu_lto_v1
                            *COM*:00000001 __gnu_lto_slim

NO UNDEFINED SYMBOLS
