ARM GAS  C:\Users\SevenI7\AppData\Local\Temp\ccNZriM1.s 			page 1


   1              		.cpu cortex-m4
   2              		.eabi_attribute 20, 1
   3              		.eabi_attribute 21, 1
   4              		.eabi_attribute 23, 3
   5              		.eabi_attribute 24, 1
   6              		.eabi_attribute 25, 1
   7              		.eabi_attribute 26, 1
   8              		.eabi_attribute 30, 6
   9              		.eabi_attribute 34, 1
  10              		.eabi_attribute 18, 4
  11              		.file	"nvic.c"
  12              		.section	.gnu.lto_.inline.1d35141,"",%progbits
  13 0000 789C6363 		.ascii	"x\234cc``\360f@\000\026\006\006^\036\006\006&\261\003"
  13      6060F066 
  13      40001606 
  13      065E1E06 
  13      0626B103 
  14 0014 BB19811C 		.ascii	"\273\031\201\034&\220\030#\003\007;P\210gC.L\204\211"
  14      26901823 
  14      03073B50 
  14      8867432E 
  14      4C8489
  15 0027 8115A890 		.ascii	"\201\025\250\220\211\355\200\035L\204\231\201\235\015"
  15      89ED801D 
  15      4C849981 
  15      9D0D
  16 0035 28C2F520 		.ascii	"(\302\365 \026&\302\000\000\366\221\005\300"
  16      1626C200 
  16      00F69105 
  16      C0
  17              		.text
  18              		.section	.gnu.lto_nvicEnableVector.1d35141,"",%progbits
  19 0000 789C8592 		.ascii	"x\234\205\222\317KTQ\024\307\357\367\235\367c~9\213"
  19      CF4B5451 
  19      14C7EFF7 
  19      9DF7637E 
  19      398B
  20 0012 A04520E5 		.ascii	"\240E \345\"\0207>\206 \012\332D\320\316M\377A\315\306"
  20      2210373E 
  20      86200ADA 
  20      44D0CE4D 
  20      FF41CDC6 
  21 0026 819C110D 		.ascii	"\201\234\021\015i\347s\264Q\313E\220\2434\274b\"-!l"
  21      69E773B4 
  21      51CB4590 
  21      A334BC62 
  21      222D216C 
  22 003a 922CD3AC 		.ascii	"\222,\323\254\246\311\374AH\024\322\276\222\002!)q\221"
  22      A6C9FC41 
  22      4814D2BE 
  22      92022129 
  22      7191
  23 004c A0D639EF 		.ascii	"\240\3269\357\215\025\214\322e\336\235\363\353{\357"
  23      8D158CD2 
  23      65DE9DF3 
  23      EB7BEF
  24 005b F99CF74C 		.ascii	"\371\234\367L\245\324\022)u\202\377\367\363\243HAS\374"
ARM GAS  C:\Users\SevenI7\AppData\Local\Temp\ccNZriM1.s 			page 2


  24      A5D41229 
  24      7582FFF7 
  24      F3A34841 
  24      53FC
  25 006d 00EC40B5 		.ascii	"\000\354@\265khG\037\365\023J\335_&\265\272\273\016"
  25      6B68471F 
  25      F5134ADD 
  25      5F26B5BA 
  25      BB0E
  26 007f AFE2E0DA 		.ascii	"\257\342\340\332\001g\244\010\227\205\003\244\274\205"
  26      0167A408 
  26      978503A4 
  26      BC85
  27 008d 87A8E3AA 		.ascii	"\207\250\343\252w]\017\\\272B.\001:\273?\026s\237\243"
  27      775D0F5C 
  27      BA422E01 
  27      3ABB3F16 
  27      739FA3
  28 00a0 E26AA861 		.ascii	"\342j\250aw\313\351\037\210\322Q(\266\227\337\334\276"
  28      77CBE91F 
  28      88D25128 
  28      B697DFDC 
  28      BE
  29 00b1 6AD50E3B 		.ascii	"j\325\016;N\332)\316\014\221s\330%\302c\020\037\210"
  29      4EDA29CE 
  29      0C9173D8 
  29      25C26310 
  29      1F88
  30 00c3 47A8C638 		.ascii	"G\250\3068\252\025\207\024&P\313\345\367\322_\277\021"
  30      AA158714 
  30      2650CBE5 
  30      F7D25FBF 
  30      11
  31 00d4 1DF3A49F 		.ascii	"\035\363\244\237\346?\366\033e\351\362pY\372d\027\351"
  31      E63FF61B 
  31      65E9F270 
  31      59FA6417 
  31      E9
  32 00e5 246ABDFA 		.ascii	"$j\275\372\261\355l\225\251\373\275b\012\246\022\270"
  32      B1ED6C95 
  32      A9FBBD62 
  32      0AA612B8 
  33 00f5 C27BA3E8 		.ascii	"\302{\243\350l\377\352v\212Kw0xz\037X\243k\274\031$"
  33      6CFFEA76 
  33      8A4B7730 
  33      787A1F58 
  33      A36BBC19 
  34 010a 96CE9B69 		.ascii	"\226\316\233i\210k\212e\361f\005\304\012J,$VXb\021\310"
  34      886B8A65 
  34      F16605C4 
  34      0A4A2C24 
  34      56586211 
  35 011f 3551489F 		.ascii	"5QH\237J\365x\343\350%\236!\255 \275\326\275U\010\311"
  35      4AF578E3 
  35      E8259E21 
  35      AD20BDD6 
  35      BD5508C9 
ARM GAS  C:\Users\SevenI7\AppData\Local\Temp\ccNZriM1.s 			page 3


  36 0133 8D39428E 		.ascii	"\2159B\216\"\212C\353\363\226\037\320\270\263\361[\253"
  36      228A43EB 
  36      F3961FD0 
  36      B8B3F15B 
  36      AB
  37 0144 3F23321F 		.ascii	"?#2\037\003N\251\323\211\342)\267\276\202\316\357\231"
  37      034EA9D3 
  37      89E229B7 
  37      BE82CEEF 
  37      99
  38 0155 EB865F45 		.ascii	"\353\206_E\254\374w\256\026tL{E\245\245\313\033$E\234"
  38      ACFC77AE 
  38      16744C7B 
  38      45A5A5CB 
  38      1B24459C 
  39 0169 1EB8547A 		.ascii	"\036\270Tzk\371\347\010\360tiq\326\314\343f\007\277"
  39      6BF9E708 
  39      F0746971 
  39      D6CCE366 
  39      07BF
  40 017b ACFC4197 		.ascii	"\254\374A\227\002|\033\236\261J\222\037&\246&\252\354"
  40      027C1B9E 
  40      B14A921F 
  40      26A626AA 
  40      EC
  41 018c 51A7ABC3 		.ascii	"Q\247\253\303\251q)\210\347\310#\353\265\315\311\215"
  41      A9712988 
  41      E7C823EB 
  41      B5CDC98D 
  42 019c F5E1AC1E 		.ascii	"\365\341\254\036+H2\237t)\204\027\260s\024\365\336p"
  42      2B48329F 
  42      74298417 
  42      B07314F5 
  42      DE70
  43 01ae 1131EE47 		.ascii	"\0211\356G\332\333\314\334\030\033\321\374\006uN\263"
  43      DADBCCDC 
  43      181BD1FC 
  43      06754EB3 
  44 01be F0DAD0FD 		.ascii	"\360\332\320\375\311*\351\300\304!\274\364\032\374\213"
  44      C92AE9C0 
  44      C421BCF4 
  44      1AFC8B
  45 01cd 6AEC70AD 		.ascii	"j\354p\255ez\313\\\246/[\030\232\332\214\370\\\006J"
  45      657ACB5C 
  45      A62F5B18 
  45      9ADA8CF8 
  45      5C064A
  46 01e0 3BF00B65 		.ascii	";\360\013e\235%#\232\231\313\004\374\012\340\025\252"
  46      9D25239A 
  46      99CB04FC 
  46      0AE015AA 
  47 01f0 F9C632BC 		.ascii	"\371\3062\274Q\206\337\205\326\330\2036\214\031\217"
  47      5186DF85 
  47      D6D88336 
  47      8C198F
  48 01ff 1695B46D 		.ascii	"\026\225\264m.E\360ZhM\217vVh-\237v\364\017-\237\035"
  48      2E45F05A 
ARM GAS  C:\Users\SevenI7\AppData\Local\Temp\ccNZriM1.s 			page 4


  48      684D8F76 
  48      56682D9F 
  48      76F40F2D 
  49 0215 ADC00B56 		.ascii	"\255\300\013V\342\205\244\256\202'\354\003\004\376\017"
  49      E285A4AE 
  49      8227EC03 
  49      04FE0F
  50 0224 10DC1360 		.ascii	"\020\334\023`\316\003\320\366\000\230\027\200\220\007"
  50      CE03D0F6 
  50      00981780 
  50      9007
  51 0232 B0200061 		.ascii	"\260 \000a\265\212t\276\320\007\357\263\227\325#\360"
  51      B58A74BE 
  51      D007EFB3 
  51      97D523F0 
  52 0242 2C3F525F 		.ascii	",?R_o\363/\336\2308\227H\265\306\216\307\354T\253\335"
  52      6FF32FDE 
  52      98389748 
  52      B5C68EC7 
  52      EC54ABDD 
  53 0256 78F6BCDD 		.ascii	"x\366\274\335\234j\271\320j\307SMM\251\244}\362L\303"
  53      9C6AB9D0 
  53      6AC7534D 
  53      4DA9A47D 
  53      F24CC3
  54 0269 A9868B76 		.ascii	"\251\206\213v\262-\021\257\217+$\365\346\226D\3527\027"
  54      B22D11AF 
  54      8F2B24F5 
  54      E69644EA 
  54      3717
  55 027b 1C3DAE   		.ascii	"\034=\256"
  56              		.text
  57              		.section	.gnu.lto_nvicDisableVector.1d35141,"",%progbits
  58 0000 789C7552 		.ascii	"x\234uRAk\023A\030\235\267\337\356\246\266&7\301C\260"
  58      416B1341 
  58      189DB7DF 
  58      EEA6B626 
  58      37C143B0 
  59 0014 3D08A597 		.ascii	"=\010\245\227,AP<\212\340\255\027\377\201\346\322\200"
  59      2C41503C 
  59      8AE0AD17 
  59      FF81E6D2 
  59      80
  60 0025 CD8A91E2 		.ascii	"\315\212\221\342\255\323\244M[kA\260\211\020\026\211"
  60      ADD3A44D 
  60      5B6B41B0 
  60      89101689 
  61 0035 986241B4 		.ascii	"\230bA\264J\2431\261\352\272\026m\321 \212\372\003l"
  61      4AA331B1 
  61      EABA166D 
  61      D1208AFA 
  61      036C
  62 0047 11E9A1A8 		.ascii	"\021\351\241\250\344`\241V\277\231\315AP\207\335\331"
  62      E460A156 
  62      BF99CD41 
  62      5087DDD9 
  63 0057 793B6FDF 		.ascii	"y;o\337{\337|k\013!f\015!\216\360s\037\337\202\004\030"
ARM GAS  C:\Users\SevenI7\AppData\Local\Temp\ccNZriM1.s 			page 5


  63      7BDF7C6B 
  63      0B21660D 
  63      218EF073 
  63      1FDF8204 
  64 006c C2001840 		.ascii	"\302\000\030@\214\032\030\305%\232#\004\223\237\033"
  64      8C1A18C5 
  64      259A2304 
  64      939F1B
  65 007b C6C04DC9 		.ascii	"\306\300M\311\303\277Z\263\013rb\277GB\224H\350\201"
  65      C3BF5AB3 
  65      0B7262BF 
  65      47429448 
  65      E881
  66 008d 250C30EB 		.ascii	"%\0140\353\355\370]\217f\310#\300d\370\255U^\217)h\240"
  66      EDF85D8F 
  66      66C823C0 
  66      64F8AD55 
  66      5E8F2968 
  67 00a2 8FE14F39 		.ascii	"\217\341O9W\212\321a\010^o\274\272q9\322?/eN\372\257"
  67      578AD161 
  67      085E6FBC 
  67      BA7139D2 
  67      3F2F654E 
  68 00b8 AB240F7A 		.ascii	"\253$\017zDx\000bA\334G\0345\304\005\277\022\250\243"
  68      44780062 
  68      41DC471C 
  68      35C405BF 
  68      12A8A3
  69 00cb 5FF13FDD 		.ascii	"_\361?\335\333-Fm34\304C\330B%\\|g\371r\367\327\244"
  69      DB2D466D 
  69      3334C443 
  69      D842255C 
  69      7C67F972 
  70 00e2 F437AAF8 		.ascii	"\3647\252\370p\242\033\374\215i\360d\221Z\231<\331\226"
  70      70A21BFC 
  70      8D69F064 
  70      915A993C 
  70      D996
  71 00f4 8236B490 		.ascii	"\2026\264\220\230\322y\247\211\213\244M\344w\012\255"
  71      98D279A7 
  71      898BA44D 
  71      E4770AAD 
  72 0104 A50543C9 		.ascii	"\245\005C\311\225\011e\262\331\350J\365N#\2522\233\350"
  72      950965B2 
  72      D9E84AF5 
  72      4E23AA32 
  72      9BE8
  73 0116 4583536C 		.ascii	"E\203Sl\"\327^\215\204\034\203\011\265\353[?\366*\202"
  73      22D75E8D 
  73      841C8309 
  73      B5EB5B3F 
  73      F62A82
  74 0129 0519E465 		.ascii	"\005\031\344e\014MM\312\177/L[!\213B\245\265jsG\023"
  74      0C4D4DCA 
  74      7F2F4C5B 
  74      218B42A5 
  74      B56A7347 
ARM GAS  C:\Users\SevenI7\AppData\Local\Temp\ccNZriM1.s 			page 6


  75 013e 6D587814 		.ascii	"mXx\024\222\276\026\326:R\352|j+/\013]!\003XF\234C0"
  75      92BE16D6 
  75      3A52EA7C 
  75      6A2B2F0B 
  75      5D210358 
  76 0156 29787F71 		.ascii	")x\177q[+1\2434\021\274\211\204f\352\024\226\203\326"
  76      5B2B31A3 
  76      3411BC89 
  76      8466EA14 
  76      9683D6
  77 0169 0BBB826B 		.ascii	"\013\273\202kc\334\206\312\001\217\"\034\011\217YZm"
  77      63DC86CA 
  77      018F221C 
  77      098F595A 
  77      6D
  78 017a 7EAC37EB 		.ascii	"~\2547\353Q\347\266\034\037\223}\036u\341\011*(\352"
  78      51E7B61C 
  78      1F937D1E 
  78      75E1092A 
  78      28EA
  79 018c 7A7973BB 		.ascii	"zys\273=_4\223\213j\2632\342\321\036<\205\303Iu\357"
  79      3D5F3493 
  79      8B6AB332 
  79      E2D11E3C 
  79      85C34975 
  80 01a1 7C24398F 		.ascii	"|$9\217.\364\313\302:\302|V\247\256\240\275\332\333"
  80      2EF4CBC2 
  80      3AC27C56 
  80      A7AEA0BD 
  80      DADB
  81 01b3 09F30F77 		.ascii	"\011\363\017w\353?\356\335x\246\335\361\267{\306\243"
  81      EB3FEEDD 
  81      78A6DDF1 
  81      B77BC6A3 
  82 01c3 1E04CADD 		.ascii	"\036\004\312\335\326\356\317\221\374\263\320\036\010"
  82      D6EECF91 
  82      FCB3D01E 
  82      08
  83 01d0 ACB0E616 		.ascii	"\254\260\346\026r\225[\263:\214\376\303\246\224\026"
  83      72955BB3 
  83      3A8CFEC3 
  83      A69416
  84 01df B7ED5022 		.ascii	"\267\355P\"\341\360\225\032J\237N\273\331\344\321\244"
  84      E1F0951A 
  84      4A9F4EBB 
  84      D9E4D1A4 
  85 01ef E3669DA1 		.ascii	"\343f\235\241Sg\234\263\356\271\363Y'\345\016\017\273"
  85      53679CB3 
  85      EEB9F359 
  85      27E50E0F 
  85      BB
  86 0200 19E7D8C9 		.ascii	"\031\347\330\311\301\343\203\027\234\314H:\225H\011"
  86      C1E38317 
  86      9CCC483A 
  86      954809
  87 020f 647E0332 		.ascii	"d~\0032J\332\006"
  87      4ADA06
ARM GAS  C:\Users\SevenI7\AppData\Local\Temp\ccNZriM1.s 			page 7


  88              		.text
  89              		.section	.gnu.lto_nvicSetSystemHandlerPriority.1d35141,"",%progbits
  90 0000 789C6D51 		.ascii	"x\234mQ\317k\023Q\020\236og\367%=\264\347\"9\364 \204"
  90      CF6B1351 
  90      109E6F67 
  90      F7253DB4 
  90      E72239F4 
  91 0016 5EF20882 		.ascii	"^\362\010\202\340EP/^z\361?\250i!\2016[\022\021o}I\332"
  91      E045502F 
  91      5E7AF13F 
  91      A8692181 
  91      365B1211 
  92 002e A6FEA017 		.ascii	"\246\376\240\027\223V\302\"{\011=\210T\251\032\323\256"
  92      9356C222 
  92      7B093D88 
  92      54A91AD3 
  92      AE
  93 003f 35E420BD 		.ascii	"5\344 \275\004\261\210`o\376@\241\240\370#\227^\252"
  93      04B18860 
  93      6FFE40A1 
  93      A0F82397 
  93      5EAA
  94 0051 B39B0A1E 		.ascii	"\263\233\012\036\372\330}\357\315\314\367\315\3147O"
  94      FAD87DEF 
  94      CDCCF7CD 
  94      CC374F
  95 0060 11D19045 		.ascii	"\021\321\220EtQ\316\204\374d\023\304\204\005\226\235"
  95      7451CE84 
  95      FC6413C4 
  95      8405969D 
  96 0070 017181E6 		.ascii	"\001q\201\346-\306<\356p\215\321\255~i[\343\353FVg\255"
  96      2DC63CEE 
  96      708DD1AD 
  96      7E695BE3 
  96      EB465667 
  97 0085 AF96CCE2 		.ascii	"\257\226\314\342\250'\320U\246ha\023\343\202z\263\360"
  97      A827D055 
  97      A6686113 
  97      E3827AB3 
  97      F0
  98 0096 C8E3DBEC 		.ascii	"\310\343\333\354I\002[\314\237\275\306\247\221\320\264"
  98      49025BCC 
  98      9FBDC6A7 
  98      91D0B4
  99 00a5 302666E5 		.ascii	"0&f\345\356N\020\347\263 \271\357m\336\273\234l\032"
  99      EE4E10E7 
  99      B320B9EF 
  99      6DDEBB9C 
  99      6C1A
 100 00b7 53369DCF 		.ascii	"S6\235\317M6\247=f<\003K><E\002O\220 q\021ZH\012\372"
 100      4D36A73D 
 100      663C034B 
 100      3E3C4502 
 100      4F902071 
 101 00d0 41F9EB37 		.ascii	"A\371\3537\346\363\021\363\343\356\207\232sL\355\257"
 101      E6F311F3 
 101      E3EE879A 
ARM GAS  C:\Users\SevenI7\AppData\Local\Temp\ccNZriM1.s 			page 8


 101      734CEDAF 
 102 00e0 1F539F9F 		.ascii	"\037S\237\237@m#\031\341\037\037\325\207\225\355\377"
 102      406D2319 
 102      E11F1FD5 
 102      8795EDFF 
 103 00f0 EB165B50 		.ascii	"\353\026[P\242\215 \236\215=\247c\216\376T\245\211\321"
 103      A28D209E 
 103      8D3DA763 
 103      8EFE54A5 
 103      89D1
 104 0102 FDDFF138 		.ascii	"\375\337\3618\204i[\2629\034\336l\204I\024\302.\210"
 104      84695BB2 
 104      391CDE6C 
 104      844914C2 
 104      2E88
 105 0114 9623ADCB 		.ascii	"\226#\255\313,s\342\233R\200\370\000\345_\325^;@\230"
 105      2C73E29B 
 105      5280F800 
 105      E55FD55E 
 105      3B4098
 106 0127 B3C168B0 		.ascii	"\263\301h\260M\342\353\357\252\201\303\222\362\245v"
 106      4DE2EBEF 
 106      AA81C392 
 106      F2A576
 107 0136 5073C219 		.ascii	"Ps\302\03180\373\0253\202m\351\357\000\225\037K\207"
 107      3830FB15 
 107      33826DE9 
 107      EF00951F 
 107      4B87
 108 0148 CE00C5C2 		.ascii	"\316\000\305\302\374\177v\0126\202\010\324}{\353}\004"
 108      FC7F760A 
 108      368208D4 
 108      7D7BEB7D 
 108      04
 109 0159 92F0EA62 		.ascii	"\222\360\352b\367ul\220'T\025t{\257\224\217\373%y\020"
 109      F7756C90 
 109      27541574 
 109      7BAF948F 
 109      FB257910 
 110 016d FF94C731 		.ascii	"\377\224\3071\251\206\027\302\012\203\357Z[\255a\375"
 110      A98617C2 
 110      0A83EF5A 
 110      5BAD61FD 
 111 017d D02C94CC 		.ascii	"\320,\224\314\230\307q\354\300G=\352^\202\207\375f\335"
 111      98C771EC 
 111      C0473DEA 
 111      5E8287FD 
 111      66DD
 112 018f 4E6F8441 		.ascii	"No\204A?\357\361\020^B7XE\257\330AZ\372\241\357(\373"
 112      3FEFF110 
 112      5E423758 
 112      45AFD841 
 112      5AFAA1EF 
 113 01a5 DB2B912A 		.ascii	"\333+\221*\032h\226y\211\3543\251\224\226/\223\315]"
 113      1A689679 
 113      89EC33A9 
 113      94962F93 
ARM GAS  C:\Users\SevenI7\AppData\Local\Temp\ccNZriM1.s 			page 9


 113      CD5D
 114 01b7 CDB9C5F4 		.ascii	"\315\271\305\364\271\264v\213:;9\243\347\334\302\265"
 114      B9B4768B 
 114      3A3B39A3 
 114      E7DCC2B5 
 115 01c7 A2CEB8B3 		.ascii	"\242\316\270\263\263n^_\2702qi\342\206\316_\317eR\031"
 115      B36E5E5F 
 115      B8327169 
 115      E286CE5F 
 115      CF655219 
 116 01db 8A6527F3 		.ascii	"\212e'\363S3\323\005{\256\220s\377\002/\250\261\230"
 116      5333D305 
 116      7BAE9073 
 116      FF022FA8 
 116      B198
 117              		.text
 118              		.section	.gnu.lto_nvicClearPending.1d35141,"",%progbits
 119 0000 789C3551 		.ascii	"x\2345Q\315k\023Q\020\237\337\316~X0\271\011\036\202"
 119      CD6B1351 
 119      109FDFCE 
 119      7E5830B9 
 119      091E82
 120 0013 F6209422 		.ascii	"\366 \224\"d\011\202\342Q<x\352\305\377@si\300f\305"
 120      640982E2 
 120      513C78EA 
 120      C5FF4073 
 120      69C066C5 
 121 0027 48F1D6D7 		.ascii	"H\361\326\327\264MZ-Xh\223BXd\245)\342A\253X\215I\253"
 121      B44D5A2D 
 121      58689342 
 121      5864A529 
 121      E241AB58 
 122 003e 86454491 		.ascii	"\206ED\221\"\025\361\344I\245\240\207\242\245\007\205"
 122      2215F1E4 
 122      49A5A087 
 122      A2A50785 
 123 004e 7E38EFAD 		.ascii	"~8\357\255\035\366\315\276\231\371\315o>\236KD\260\210"
 123      1DF6CDBE 
 123      99F9CD6F 
 123      3E9E4B44 
 123      B088
 124 0060 CEC8FF88 		.ascii	"\316\310\377\210\034bc\302\002t\204F,\214`\232\347\030"
 124      1C6263C2 
 124      02748446 
 124      2C8C609A 
 124      E718
 125 0072 7175A36D 		.ascii	"qu\243m\365\337S\"\335\371\216WQ\023GC&\2523\031\301"
 125      F5DF5322 
 125      DDF98E57 
 125      51134743 
 125      26AA3319 
 126 0087 13F40B6A 		.ascii	"\023\364\013j}\374Q\310\2678d\300\026\363\367Z\343["
 126      7DFC51C8 
 126      B73864C0 
 126      16F3F75A 
 126      E35B
 127 0099 5A9B167A 		.ascii	"Z\233\026z\305\334Us\3654\237\006\311\375\373\373\205"
ARM GAS  C:\Users\SevenI7\AppData\Local\Temp\ccNZriM1.s 			page 10


 127      C5DC5573 
 127      F5349F06 
 127      C9FDFBFB 
 127      85
 128 00aa 19AF6F51 		.ascii	"\031\257oQ\251\262\352\276n\262:\0212\343\031X\010\361"
 128      A9B2EABE 
 128      6EB23A11 
 128      32E31958 
 128      08F1
 129 00bc 14192C23 		.ascii	"\024\031,#C\342\"\264\320\247\361_\037\357\325R\256"
 129      43E222B4 
 129      D0A7F15F 
 129      1FEFD552 
 129      AE
 130 00cd 9D14C473 		.ascii	"\235\024\304s\270\244;\\\372\350t\325\336~Uu\2774\261"
 130      B8A43B5C 
 130      FAE874D5 
 130      DE7E5575 
 130      BF34B1
 131 00e0 7EA10792 		.ascii	"~\241\007\222c[\242\034\026%p1\035\255\\\030\"\2324"
 131      635BA21C 
 131      16257031 
 131      1DAD5C18 
 131      229A34
 132 00f3 FD4EB10C 		.ascii	"\375N\261\014\311?1\266S\331]\211,M\327`4\330\225B\263"
 132      C93F31B6 
 132      53D95D89 
 132      2C4DD760 
 132      34D89542 
 133 0108 CD87ED94 		.ascii	"\315\207\355\224\356\331\306q\264\245\013\201\375\252"
 133      EED9C671 
 133      B4A50B81 
 133      FDAA
 134 0116 DCF71290 		.ascii	"\334\367\022\220\205\223\031\201\212\263\274\375\366"
 134      85931981 
 134      8AB3BCFD 
 134      F6
 135 0123 BF4FAF67 		.ascii	"\277O\257g\371\356\346\237\303:\313\205\212\307T\032"
 135      F9EEE69F 
 135      C33ACB85 
 135      8AC7541A 
 136 0133 9D2473AB 		.ascii	"\235$s\2532\345$(;\241\177\327\354\354\030\240\003\007"
 136      32E52428 
 136      3BA17FD7 
 136      ECEC18A0 
 136      0307
 137 0145 2B0654DE 		.ascii	"+\006T\336\252\036\320;RA<\361\247\233?L\232$\324'\342"
 137      AA1ED03B 
 137      52413CF1 
 137      A79B3F4C 
 137      9A24D427 
 138 015a 0F5EC2AC 		.ascii	"\017^\302\254\367\260\032\257\275q#\334\031\225\207"
 138      F7B01AAF 
 138      BD7123DC 
 138      199587
 139 0169 888E85EC 		.ascii	"\210\216\205\354I}\254\012\217\016~nuZ)\377\201\032"
 139      497DAC0A 
ARM GAS  C:\Users\SevenI7\AppData\Local\Temp\ccNZriM1.s 			page 11


 139      8F0E7E6E 
 139      755A29FF 
 139      811A
 140 017b 1F55BD21 		.ascii	"\037U\275!\037\302\013D\250\231\211%\370w{\261f\347"
 140      1FC20B44 
 140      A8998925 
 140      F8777BB1 
 140      66E7
 141 018d 9674301A 		.ascii	"\226t0\032\016\271\007/\341K[\346\365^!'\305i\023\345"
 141      0EB9072F 
 141      E14B5BE6 
 141      F55E2127 
 141      C56913E5 
 142 01a1 68E136CC 		.ascii	"h\3416\314z\265L\312\244$\253:\225\315\372\362\345\007"
 142      7AB54CCA 
 142      A424AB3A 
 142      95CDFAF2 
 142      E507
 143 01b3 0B970B41 		.ascii	"\013\227\013A)w6\347\007%\177\360\322\025\377jp\355"
 143      297736E7 
 143      07257FF0 
 143      D215FF6A 
 143      70ED
 144 01c5 7AC9CF07 		.ascii	"z\311\317\007CCA\321?wq\340\374\300\015\2778\\\310g"
 144      434341D1 
 144      3F7771E0 
 144      FCC00DBF 
 144      385CC867 
 145 01d9 F384E23F 		.ascii	"\363\204\342?[\014\253\016"
 145      5B0CAB0E 
 146              		.text
 147              		.section	.gnu.lto_.symbol_nodes.1d35141,"",%progbits
 148 0000 789C6363 		.ascii	"x\234cc``\360\002b\006\246\023L\365\014\014\023\316"
 148      6060F002 
 148      6206A613 
 148      4CF50C0C 
 148      13CE
 149 0012 313000A9 		.ascii	"10\000\251]\215\216@\221\223L\365\214\250\"\247\230"
 149      5D8D8E40 
 149      91934CF5 
 149      8CA822A7 
 149      98
 150 0023 EA995045 		.ascii	"\352\231PEN3\3253\243\2100\000\000\335\336\022\355"
 150      4E33D533 
 150      A3883000 
 150      00DDDE12 
 150      ED
 151              		.text
 152              		.section	.gnu.lto_.refs.1d35141,"",%progbits
 153 0000 789C6363 		.ascii	"x\234cc```\004b\006\000\000D\000\010"
 153      60606004 
 153      62060000 
 153      440008
 154              		.text
 155              		.section	.gnu.lto_.decls.1d35141,"",%progbits
 156 0000 789CBD58 		.ascii	"x\234\275XkPU\327\025\276\373\354\013\\\336\026\231"
 156      6B5055D7 
ARM GAS  C:\Users\SevenI7\AppData\Local\Temp\ccNZriM1.s 			page 12


 156      15BEFBEC 
 156      0B5CDE16 
 156      99
 157 0011 C6B4646A 		.ascii	"\306\264dj\0353\362\243\001\3244\246\375\321\206\\\265"
 157      1D33F2A3 
 157      01D434A6 
 157      FDD1865C 
 157      B5
 158 0022 F2C384B9 		.ascii	"\362\303\204\271$\316\244eJ\020n\"\011\217\024\260\243"
 158      24CEA465 
 158      4A106E22 
 158      098F14B0 
 158      A3
 159 0033 BF7A7818 		.ascii	"\277zx\030A\024A\011(\217\200\200\257\340\213( \"zA"
 159      41144109 
 159      288F8080 
 159      AFE08B28 
 159      20227A41 
 160 0047 41E4A5A2 		.ascii	"A\344\245\242h\220\247\010\210\210<E\004\021\272\366"
 160      6890A708 
 160      88883C45 
 160      0411BAF6 
 161 0057 E3700F07 		.ascii	"\343p\017\007\256Mg:=\303\272\347\256\275\277\275\326"
 161      AE4D673A 
 161      3DC3BAE7 
 161      AEBDBFBD 
 161      D6
 162 0068 B7D7DA7B 		.ascii	"\267\327\332{\355}1W\251T>o\252T\315\202Ju\000\251T"
 162      ED7D3157 
 162      A9543E6F 
 162      AA54CD82 
 162      4A7500A9 
 163 007d 33F09841 		.ascii	"3\360\230A[\231\312\370\250A\256\201\324\200\324\201"
 163      5B99CAF8 
 163      A841AE81 
 163      D480D481 
 164 008d DC50CD7F 		.ascii	"\334P\315\177\366\302X[x\177\016\342\000\342\010b\000"
 164      F6C2585B 
 164      787F0EE2 
 164      00E20862 
 164      00
 165 009e 7102F92D 		.ascii	"q\002\371-\364\255\200\367g \277\201\357\275\360~\004"
 165      F4AD80F7 
 165      6720BF81 
 165      EFBDF07E 
 165      04
 166 00af F202641C 		.ascii	"\362\002d\034\004\203,\202v'\020{\020\304\375)\237\024"
 166      04832C82 
 166      7627107B 
 166      10C4FD29 
 166      9F14
 167 00c1 E8B059C0 		.ascii	"\350\260Y\300\307\012\356C\262/\331\225\374\300\324"
 167      C70AEE43 
 167      B22FD995 
 167      FCC0D4
 168 00d0 548B11F3 		.ascii	"T\213\021\363\201\370<\224O\032tX\231\340\037\312m\177"
 168      81F83C94 
ARM GAS  C:\Users\SevenI7\AppData\Local\Temp\ccNZriM1.s 			page 13


 168      4F1A7458 
 168      99E01FCA 
 168      6D7F
 169 00e2 03EF8F10 		.ascii	"\003\357\217\020\263I\354|\306\355\325q=\002\315\265"
 169      B349EC7C 
 169      C6EDD571 
 169      3D02CDB5 
 170 00f2 9969C226 		.ascii	"\231i\302&\341\373W\316Y\316\227\014w\3426\027\212q"
 170      E1FB57CE 
 170      59CE970C 
 170      77E23617 
 170      8A71
 171 0104 124679FB 		.ascii	"\022Fy\373\036\246\250\333Q+\201\240E\010q\264\374!"
 171      1EA6A8DB 
 171      512B81A0 
 171      450871B4 
 171      FC21
 172 0116 FA8CF490 		.ascii	"\372\214\364\220~\006\020\220\324\311P\312a\264\017"
 172      7E061090 
 172      D4C950CA 
 172      61B40F
 173 0125 31115446 		.ascii	"1\021TF\254q\204\314\252l0\242\217\212R\221s\241\314"
 173      AC7184CC 
 173      AA6C30A2 
 173      8F8A5291 
 173      73A1CC
 174 0138 383D6474 		.ascii	"8=dt\217f1\022^f\025\315\016\232\317N\305\326\011\011"
 174      8F663112 
 174      5E6615CD 
 174      0E9ACF4E 
 174      C5D60909 
 175 014c 4263FFEE 		.ascii	"Bc\377\356S6\035\250\015\240\220\226\004M\020\"\255"
 175      53361DA8 
 175      0DA09096 
 175      044D1022 
 175      AD
 176 015d 69773A73 		.ascii	"iw:s\004,\320\357y\375Uc\266x1\375\036\231\3222f\355"
 176      042CD0EF 
 176      79FD5563 
 176      B67831FD 
 176      1E99D232 
 177 0173 7242648F 		.ascii	"rBd\217&\036\253P!\302R@[\253\216\347\3418\214VX!\302"
 177      261EAB50 
 177      21C25240 
 177      5BAB8EE7 
 177      E1388C56 
 178 018a C11E9A4E 		.ascii	"\301\036\232N\367\027O\330\262&\202h\330;\222k\201?"
 178      F7174FD8 
 178      B2268268 
 178      D83B926B 
 178      813F
 179 019c A6DF6F45 		.ascii	"\246\337oE\237I'h\007+\244\006u\270.\365\241\035\250"
 179      9F492768 
 179      072BA406 
 179      75B82EF5 
 179      A11DA8
 180 01af 8E566869 		.ascii	"\216Vhi\022\026\332\233^\266\330!+\347\030Q\214\024"
ARM GAS  C:\Users\SevenI7\AppData\Local\Temp\ccNZriM1.s 			page 14


 180      1216DA9B 
 180      5EB6D821 
 180      2BE71851 
 180      8C14
 181 01c1 B3A244CB 		.ascii	"\263\242D\313\015*t\0219\241\022\344\244B\227\2203\261"
 181      0D2A7411 
 181      39A112E4 
 181      A4429790 
 181      33B1
 182 01d3 58845C54 		.ascii	"X\204\\T\250\030\032\317C\343\021\302\310p/\355O\007"
 182      A8181ACF 
 182      43E311C2 
 182      C8702FED 
 182      4F07
 183 01e5 47447129 		.ascii	"GDq)*EV\350\002\302\024\0031Xa\305(\036\317M\3146\307"
 183      2A4556E8 
 183      02C21403 
 183      315861C5 
 183      281ECF4D 
 184 01fc 65883010 		.ascii	"e\2100\020J\322\272+\004S>\312L\373(^V\271C\024\005"
 184      4AD2BA2B 
 184      04533ECA 
 184      4CFB285E 
 184      56B94314 
 185 0211 64001F97 		.ascii	"d\000\037\227\215>\300%sr\355XA\031RC\342)\"XM\332j"
 185      8D3EC025 
 185      7372ED58 
 185      41195243 
 185      E2292258 
 186 0228 C68F5E56 		.ascii	"\306\217^V\317\266\225#\332X13n\260g!\020Ht\206j3\254"
 186      CFB69523 
 186      DA583133 
 186      6EB06721 
 186      10487486 
 187 023f 59081691 		.ascii	"Y\010\026\221\210\\jK\026\226$\023\237\011Q\342\"\001"
 187      885C6A4B 
 187      16962413 
 187      9F0951E2 
 187      2201
 188 0251 7DFE4B54 		.ascii	"}\376KT\001L\256\002\023\025\252DK\340\363\012R3\237"
 188      014CAE02 
 188      1315AA44 
 188      4BE0F30A 
 188      52339F
 189 0264 151999BB 		.ascii	"\025\031\231\273,\227e\211Y\006\3210^\273\374\3219Q"
 189      2C976589 
 189      5906D130 
 189      5EBBFCD1 
 189      3951
 190 0276 048EA29A 		.ascii	"\004\216\242\232\340P\201\221d\001I\027:\207:\020:\213"
 190      E0508191 
 190      64014917 
 190      3A873A10 
 190      3A8B
 191 0288 DA21EBD7 		.ascii	"\332!\353\327\3202\262\014\332J\2070\276\3172\276\020"
 191      D032B20C 
 191      DA4A8730 
ARM GAS  C:\Users\SevenI7\AppData\Local\Temp\ccNZriM1.s 			page 15


 191      BECF32BE 
 191      10
 192 0299 FF94DBD9 		.ascii	"\377\224\333\331\027lM\222\251\246d\256Kd\316\237\235"
 192      176C4D92 
 192      A9A664AE 
 192      4B64CE9F 
 192      9D
 193 02aa 68C29C4C 		.ascii	"h\302\234L\303\233\251\242!R$\361\002\024\2522R\251"
 193      C39BA9A2 
 193      215224F1 
 193      0214AA32 
 193      52A9
 194 02bc 5252A9A1 		.ascii	"RR\251\241T\362_<\211\302\270\237Q)\273Z\271\307\\\262"
 194      54F25F3C 
 194      89C2B89F 
 194      5129BB5A 
 194      B9C75CB2 
 195 02d0 F4EB594B 		.ascii	"\364\353YKdR\265FK\265JKu\324R\351\321\024\017\034\213"
 195      6452B546 
 195      4BB54A4B 
 195      75D452E9 
 195      D1140F1C 
 196 02e5 A9A1B8D2 		.ascii	"\251\241\270\322}\307\0207\324\367\326\034J\365FC\365"
 196      7DC71037 
 196      D4F7D61C 
 196      4AF54643 
 196      F5
 197 02f6 4A4337A8 		.ascii	"JC7\250\241\023\215\231%6,O\242\023\311L\331\316s\\"
 197      A1138D99 
 197      25362C4F 
 197      A213C94C 
 197      D9CE735C 
 198 030a 1FB2003D 		.ascii	"\037\262\000=\351\344\303\"\304\364\004G\320{\033\217"
 198      E9E4C322 
 198      C4F40447 
 198      D07B1B8F 
 199 031a A6DAB244 		.ascii	"\246\332\262D\212\207\0204dLME\253q*\243\362\340\356"
 199      8A871034 
 199      644C4D45 
 199      AB712AA3 
 199      F2E0EE
 200 032d 740D5FF8 		.ascii	"t\015_\370Qfdit\267|gk\025CBK\027!\351\220\226\241\012"
 200      51666469 
 200      74B77C67 
 200      6B154342 
 200      4B1721E9 
 201 0345 DD25AB0A 		.ascii	"\335%\253\012\271:\241FP\311vL\316.\300\016\0114\021"
 201      B93AA146 
 201      50C9764C 
 201      CE2EC00E 
 201      093411
 202 0358 A2F8819A 		.ascii	"\242\370\201\232\346\3506\300\033(\374\036r\220\006"
 202      E6E836C0 
 202      1B28FC1E 
 202      729006
 203 0367 1174D7E1 		.ascii	"\021t\327\341\256,K\316\334\034\364o\023;s\3548sB\354"
 203      AE2C4BCE 
ARM GAS  C:\Users\SevenI7\AppData\Local\Temp\ccNZriM1.s 			page 16


 203      DC1CF46F 
 203      133B73EC 
 203      387342EC 
 204 037b 66E2EEFD 		.ascii	"f\342\356\375j\316\224\354\327\370{\211\177\306\271"
 204      6ACE94EC 
 204      D7F87B89 
 204      7FC6B9
 205 038a 8CE74FF9 		.ascii	"\214\347O\371\373\317\2301\354 \301^H\275\233jm\222"
 205      FBCF9831 
 205      EC20C15E 
 205      48BD9B6A 
 205      6D92
 206 039c 67ABC4B3 		.ascii	"g\253\304\263\205\361<\275\243\353\270\006F;A1@\262"
 206      85F13CBD 
 206      A3EBB806 
 206      463B4131 
 206      40B2
 207 03ae 4AE0C42A 		.ascii	"J\340\304*\3019\303\350I5>J=\011\371'\273\276B\316V"
 207      C139C3E8 
 207      49353E4A 
 207      3D09F927 
 207      BBBE42CE 
 208 03c3 D21676D9 		.ascii	"\322\026v\331\261\223\344\246\023&\326a\314\215\023"
 208      B193E4A6 
 208      1326D661 
 208      CC8D13
 209 03d2 9912DDAA 		.ascii	"\231\022\335\252b\216\210\227\250\320j'\344\006\033"
 209      628E8897 
 209      A8D06A27 
 209      E4061B
 210 03e1 F5016C54 		.ascii	"\365\001lT'\276Q\333\201N\033\363\177<\363\330U[\234"
 210      27BE51DB 
 210      814E1BF3 
 210      7F3CF3D8 
 210      555B9C
 211 03f4 CF1CB49D 		.ascii	"\317\034\264\235\034\254\307F\017\305\313\316\322\015"
 211      1CACC746 
 211      0FC5CBCE 
 211      D20D
 212 0402 DC0D1E1E 		.ascii	"\334\015\036\036\032=t\"\023.\272\026v\321\330\236\334"
 212      1A3D7422 
 212      132EBA16 
 212      76D1D89E 
 212      DC
 213 0413 6C6D4C05 		.ascii	"lmL\005\242\366\356C\177\023\215H\017ME\253\224\212"
 213      A2F6EE43 
 213      7F138D48 
 213      0F4D45AB 
 213      948A
 214 0425 C8ABB14F 		.ascii	"\310\253\261O\020\011_\324\317\263~\240bbP-\267\376"
 214      10095FD4 
 214      CFB37EA0 
 214      6262502D 
 214      B7FE
 215 0437 E875D60B 		.ascii	"\350u\326\013\333\223b\371\222\314\"\345\364B\353\260"
 215      DB9362F9 
 215      92CC22E5 
ARM GAS  C:\Users\SevenI7\AppData\Local\Temp\ccNZriM1.s 			page 17


 215      F442EBB0 
 216 0447 C19AE91D 		.ascii	"\301\232\351\035$\374\023\375\007\0325<\321v\240_\031"
 216      24FC13FD 
 216      071A353C 
 216      D176A05F 
 216      19
 217 0458 4D1FB6C1 		.ascii	"M\037\266\301\305,\323\345\315\2451<\323k@\255\215/"
 217      C52CD3E5 
 217      CDA5313C 
 217      D36B40AD 
 217      8D2F
 218 046a EE36BD20 		.ascii	"\3566\275 \007\244D?e<\247\263\322\357\012\312\005\371"
 218      07A4443F 
 218      653CA7B3 
 218      D2EF0ACA 
 218      05F9
 219 047c 04E07D14 		.ascii	"\004\340}\024>Hy\016H<S\236N\374\212\257Gy\325w\240"
 219      3E48790E 
 219      483C539E 
 219      4EFC8AAF 
 219      4779D577 
 220 0491 551F9DEA 		.ascii	"U\037\235\352\275\234n\305Y\222\212x\345vZ\236\005\276"
 220      BD9C6EC5 
 220      59928A78 
 220      E5765A9E 
 220      05BE
 221 04a3 C2583EDB 		.ascii	"\302X>\333\265c\234\357\033\262\351\272\252G~\2643\311"
 221      B5639CEF 
 221      1BB2E9BA 
 221      AA477EB4 
 221      33C9
 222 04b5 724C62F9 		.ascii	"rLb\371\214\261L\357\033\235\261S\262\034\001\3700\205"
 222      8CB14CEF 
 222      1B9DB153 
 222      B21C01F8 
 222      3085
 223 04c7 3FA72CC7 		.ascii	"?\247,\307$\226\007\032\362\327\261T\375\234c\001\006"
 223      2496071A 
 223      F2D7B154 
 223      FD9C6301 
 223      06
 224 04d8 DCBE3479 		.ascii	"\334\2764y\303^n~\374u\346\307\013_6\363Yga\2624J\232"
 224      C35E6E7E 
 224      FC75E6C7 
 224      0B5F36F3 
 224      596761B2 
 225 04ef 12F939D0 		.ascii	"\022\3719\320!\337\265\216|\327F\364\236\331\211q\025"
 225      21DFB58E 
 225      7CD746F4 
 225      9ED98971 
 225      15
 226 0500 0BC368CA 		.ascii	"\013\303h\312\216X\015\003\277\001\352\241\323\003\375"
 226      8E580D03 
 226      BF01EAA1 
 226      D303FD
 227 050f 1A936198 		.ascii	"\032\223a\230\226\302\360\212\361|U\336\236m\257\014"
 227      96C2F08A 
ARM GAS  C:\Users\SevenI7\AppData\Local\Temp\ccNZriM1.s 			page 18


 227      F17C55DE 
 227      9E6DAF0C 
 228 051f C34B804F 		.ascii	"\303K\200OR\370\014\3459-\361<W:|X\252\036\204gw^g\216"
 228      52F80CE5 
 228      392DF13C 
 228      573A7C58 
 228      AA1E8467 
 229 0537 156E603C 		.ascii	"\025n`<~0\304U\361td\221\\\315\244\015e\330\340{\254"
 229      7E30C455 
 229      F1746491 
 229      5CCDA40D 
 229      65D8E07B 
 230 054c 534AA403 		.ascii	"SJ\244\003O\344\215\307\205\371\002~\300:_\265'$X\360"
 230      4FE48DC7 
 230      85F9027E 
 230      C03A5FB5 
 230      272458F0 
 231 0560 91646DB6 		.ascii	"\221dm\26675\346\333\340\036\326Y\330s\275R\032I:cO"
 231      3735E6DB 
 231      E01ED659 
 231      D873BD52 
 231      1A493A63 
 232 0575 77C699E1 		.ascii	"w\306\231\341A^:[\037\355\262\303\317\230r\2552\362"
 232      415E3A5B 
 232      1FEDB2C3 
 232      CF9872AD 
 232      32F2
 233 0587 2B3CCDBE 		.ascii	"+<\315\276\327<\214\376\035\033\024M\012tEn~&f\001\314"
 233      D73C8CFE 
 233      1D1B144D 
 233      0A74456E 
 233      7E266601 
 234 059c A2CBFF6C 		.ascii	"\242\313\377l\331\256({\034\245&`\373\366\311\250v\033"
 234      D9AE287B 
 234      1CA52660 
 234      FBF6C9A8 
 234      761B
 235 05ae B49C3D8B 		.ascii	"\264\234=\213\227;\323w\266\030\035!\032\256\305\342"
 235      973BD377 
 235      B6181D21 
 235      1AAEC5E2 
 236 05be F375D510 		.ascii	"\363u\325\020\312r\204^ \007\024'`\224,,\236M%\204\022"
 236      CA72845E 
 236      20071427 
 236      60942C2C 
 236      9E4D2584 
 237 05d3 02B492DC 		.ascii	"\002\264\222\334d\331\200\206@\370\210\200\222\017\340"
 237      64D98086 
 237      40F88880 
 237      920FE0
 238 05e2 66C4C0D2 		.ascii	"f\304\300\322&E?!\031\232T\236\311\257\001\035\215I"
 238      26453F21 
 238      199A549E 
 238      C9AF011D 
 238      8D49
 239 05f4 9CD11447 		.ascii	"\234\321\024GK\321G\023Ha\273<\220\241\011\221Q\244"
 239      4BD14713 
ARM GAS  C:\Users\SevenI7\AppData\Local\Temp\ccNZriM1.s 			page 19


 239      4861BB3C 
 239      90A10991 
 239      51A4
 240 0606 2032A444 		.ascii	" 2\244D7|mD\307*i\307\010\012&}2&Q\202\202I\244\034"
 240      377C6D44 
 240      C72A69C7 
 240      080A267D 
 240      32265182 
 241 061e 1D1D251A 		.ascii	"\035\035%\032:\003S)\232\254\352x\216\236\335\0227\215"
 241      3A035329 
 241      9AACEA78 
 241      8E9EDD12 
 241      378D
 242 0630 4C12F9C2 		.ascii	"L\022\371\302\022\341&\200\366\010Nh7\265D\340\260c"
 242      12E12680 
 242      F6084E68 
 242      37B544E0 
 242      B063
 243 0642 D001C119 		.ascii	"\320\001\301\031\355\025\226\243T\220\375 ) \031 I "
 243      ED1596A3 
 243      5490FD20 
 243      29201920 
 243      4920
 244 0654 E9208920 		.ascii	"\351 \211 \373@\322@\022@\016\202|',\247\367KF\373\276"
 244      FB40D240 
 244      12400E82 
 244      7C272CA7 
 244      F74B46FB 
 245 0669 8CF64E25 		.ascii	"\214\366N%\355o\215\264Y\241\177\336\347\020\001\\\010"
 245      ED6F8DB4 
 245      59A17FDE 
 245      E710015C 
 245      08
 246 067a 4AC58BBC 		.ascii	"J\305\213\274\321T[\277\343>Q\254r#G&\272\303\303+\035"
 246      D1545BBF 
 246      E33E51AC 
 246      72234726 
 246      BAC3C32B 
 247 068f A4E89632 		.ascii	"\244\350\2262u\3252\317\273\224\236\207\347\241y\352"
 247      75D532CF 
 247      BB949E87 
 247      E7A179EA 
 248 069f A0FAA17E 		.ascii	"\240\372\241~n[\252\211\350\2612u#\262\324E(S'\012\012"
 248      6E5BAA89 
 248      E8B13275 
 248      23B2D445 
 248      2853270A 
 249 06b4 74A70CBD 		.ascii	"t\247\014\275C\211\2166\242Im\276\333~\025\341j\272"
 249      43898E36 
 249      A2496DBE 
 249      DB7E15E1 
 249      6ABA
 250 06c6 EC85C8C9 		.ascii	"\354\205\310\311\374B3\264\330y\301$\301\036v\376\237"
 250      FC4233B4 
 250      D879C124 
 250      C11E76FE 
 250      9F
ARM GAS  C:\Users\SevenI7\AppData\Local\Temp\ccNZriM1.s 			page 20


 251 06d7 E489451E 		.ascii	"\344\211E\036j\022\374>@\231`\360{a\366\200%y\240\274"
 251      6A12FC3E 
 251      409960F0 
 251      7B61F680 
 251      2579A0BC 
 252 06eb 621F4DD6 		.ascii	"b\037M\326`\233]\263\367n\0124V\255C\202\015\375U\003"
 252      609B5DB3 
 252      F76E0A34 
 252      56AD4382 
 252      0DFD5503 
 253 06ff 6F72FBAA 		.ascii	"or\373\252\273\326\302\013M\014\331\3133\217\233rxU"
 253      BBD6C20B 
 253      4D0CD9CB 
 253      338F9B72 
 253      7855
 254 0711 1A22C686 		.ascii	"\032\"\306\206\2472\212\270\356(\253.\216\274\272\364"
 254      A7328AB8 
 254      EE28AB2E 
 254      8EBCBAF4 
 255 0721 1F888BB2 		.ascii	"\037\210\213\2627Y \217\010\274@\226\260\002y\247\265"
 255      3759208F 
 255      08BC4096 
 255      B00279A7 
 255      B5
 256 0732 3BD94659 		.ascii	";\331FY \017C\220ri`\217\012\016\322 \202.h\270\367"
 256      200F4390 
 256      7269608F 
 256      0A0ED220 
 256      822E68B8 
 257 0747 DC12DFA1 		.ascii	"\334\022\337\241\361EM\311\273\372\315\244S#\346\347"
 257      F1454DC9 
 257      BBFACDA4 
 257      5323E6E7 
 258 0757 9C1AB93D 		.ascii	"\234\032\271=\371\203\226rg\307\205\3278\273\335s(\232"
 258      F9839672 
 258      67C785D7 
 258      38BBDD73 
 258      289A
 259 0769 1FF13755 		.ascii	"\037\3617U\262\237\013\016\354\347\202T8\035y\341,\251"
 259      B29F0B0E 
 259      ECE78254 
 259      381D79E1 
 259      2CA9
 260 077b 6CB88E70 		.ascii	"l\270\216p\023\343V>r\346(\037K\012yG\302\225\031\323"
 260      13E3563E 
 260      72E6281F 
 260      4B0A7947 
 260      C29519D3 
 261 078f 313923C5 		.ascii	"19#\305\344\264@i\216%\234Y\257\014\311I`y\202\262\314"
 261      E4B44069 
 261      8E259C59 
 261      AF0CC949 
 261      607982B2 
 262 07a4 A72CCF48 		.ascii	"\247,\317H,\017f\364\235\022\224s2\211\216\253(\250"
 262      2C0F66F4 
 262      9D129473 
 262      32898EAB 
ARM GAS  C:\Users\SevenI7\AppData\Local\Temp\ccNZriM1.s 			page 21


 262      28A8
 263 07b6 E4B9AD22 		.ascii	"\344\271\255\"z\317\364\331j\013\334\306H\357\337\367"
 263      7ACFF4D9 
 263      6A0BDCC6 
 263      48EFDFF7 
 264 07c6 A25A833B 		.ascii	"\242Z\203;\231R4\220Wd"
 264      99523490 
 264      5764
 265 07d0 CB9006A2 		.ascii	"\313\220\006\242\247\226<\253\346w\026\215\254\333\221"
 265      A7963CAB 
 265      E677168D 
 265      ACDB91
 266 07df 778FE60D 		.ascii	"w\217\346\015\0356\307=ll\342\320\310~s\223\323\275"
 266      1D36C73D 
 266      6C6CE2D0 
 266      C87E7393 
 266      D3BD
 267 07f1 204DD78D 		.ascii	" M\327\215\316\266\250 gP\243\234\356y\230@\021\235"
 267      CEB6A820 
 267      6750A39C 
 267      EE799840 
 267      119D
 268 0803 40099DC0 		.ascii	"@\011\235\300\005i\002%\021\271\215X9]\223\350c=\351"
 268      05690225 
 268      11B98D58 
 268      395D93E8 
 268      633DE9
 269 0816 F13C0DEF 		.ascii	"\361<\015\357\223k\306\304\241>[\334\307H>\035\230:"
 269      936BC6C4 
 269      A13E5BDC 
 269      C7483E1D 
 269      983A
 270 0828 6D870799 		.ascii	"m\207\007\231RRt\261\222\317\316\215\\\372O\224\325"
 270      525274B1 
 270      92CFCE8D 
 270      5CFA4F94 
 270      D5
 271 0839 5BE367AC 		.ascii	"[\343g\254o*!\363\254%\236dJ\332h\353c\276\370\235I"
 271      6F2A21F3 
 271      AC259E64 
 271      4ADA68EB 
 271      63BEF89D 
 272 084e 9E73BEDF 		.ascii	"\236s\276\337g\211gX\337LB\314A\013\034mF\225\244\372"
 272      67896758 
 272      DF4C42CC 
 272      410B1C6D 
 272      4695A4FA 
 273 0862 A41C6B1C 		.ascii	"\244\034k\034\313\224\201\350\356\016\276t\226\200\372"
 273      CB9481E8 
 273      EE0EBE74 
 273      9680FA
 274 0871 B237A989 		.ascii	"\2627\251\211\377~\261\221]G\034\371u\344\324\363\370"
 274      FF7EB191 
 274      5D471CF9 
 274      75E4D4F3 
 274      F8
 275 0882 146BBC97 		.ascii	"\024k\274\227\015\275\327\024]\314\261\326\240F\235"
ARM GAS  C:\Users\SevenI7\AppData\Local\Temp\ccNZriM1.s 			page 22


 275      0DBDD714 
 275      5DCCB1D6 
 275      A0469D
 276 0891 B8546866 		.ascii	"\270Thf2\264\265Rhk\330J\332s*\367\262\271\362\306|"
 276      32B4B552 
 276      686BD84A 
 276      DA732AF7 
 276      B2B9F2C6 
 277 08a6 1DA25545 		.ascii	"\035\242UE\243UG\243U+E\253\276'\356\206\265\362\006"
 277      A35547A3 
 277      552B45AB 
 277      BE27EE86 
 277      B5F206
 278 08b9 6C125DDA 		.ascii	"l\022]\332\320\362\001\336\317H\216\325\267<@8\205)"
 278      D0F201DE 
 278      CF488ED5 
 278      B73C4038 
 278      8529
 279 08cb D135D78F 		.ascii	"\3215\327\217Z\3404\246\364\037\257\2532\307\207\230"
 279      5AE034A6 
 279      F41FAFAB 
 279      32C78798 
 280 08db D2D53379 		.ascii	"\322\3253y\036\343#L9\322\237\275\307\022\347\3611]"
 280      1EE3234C 
 280      39D29FBD 
 280      C712E7F1 
 280      315D
 281 08ed 03F53C40 		.ascii	"\003\365<@\273\311fz9TxG\012\011Yn}c\3353\032\234O\301"
 281      BBC9667A 
 281      39547847 
 281      0A09596E 
 281      7D63DD33 
 282 0905 6FE437D4 		.ascii	"o\3447\324fY\"z\2270>\316\374\235-&A\271n\233\340\207"
 282      6659227A 
 282      97303ECE 
 282      FC9D2D26 
 282      41B96E9B 
 283 091b CD8F8203 		.ascii	"\315\217\202\003:\005\025\261\031\012\236\264+P\236"
 283      3A0515B1 
 283      190A9EB4 
 283      2B509E
 284 092a B2C4976F 		.ascii	"\262\304\227oc\267\212z@Ws\2644qtM\216N\202\323\271"
 284      63B78A7A 
 284      405773B4 
 284      3471744D 
 284      8E4E82D3 
 285 093f 613B3B9D 		.ascii	"a;;\235\311\322;\307\321\263\245\347,E_D\363\216\347"
 285      C9D23BC7 
 285      D1B3A5E7 
 285      2C455F44 
 285      F38EE7
 286 0952 BB60AF91 		.ascii	"\273`\257\221v6\363\262\377\010\312~\037\224\3626\220"
 286      7636F3B2 
 286      FF08CA7E 
 286      1F94F236 
 286      90
 287 0963 5E90A720 		.ascii	"^\220\247 \035 \017@\232@\036\203<\001\351\002\351\001"
ARM GAS  C:\Users\SevenI7\AppData\Local\Temp\ccNZriM1.s 			page 23


 287      1D200F40 
 287      9A401E83 
 287      3C01E902 
 287      E901
 288 0975 E9066901 		.ascii	"\351\006i\001\351\007\031\000i\007\271\017\362\023H"
 288      E9071900 
 288      6907B90F 
 288      F21348
 289 0984 2BC84390 		.ascii	"+\310C\220\316\331\343\233\334#F\266\031\357\021\227"
 289      CED9E39B 
 289      DC2346B6 
 289      19EF1197 
 290 0994 954C4BE7 		.ascii	"\225LK\347\314\213\034t\333\331A\367\003D\341\030GK"
 290      CC8B1C74 
 290      DBD941F7 
 290      0344E118 
 290      474B
 291 09a6 D5915F58 		.ascii	"\325\221_Xew\224\373!F\333\267\225\266]\215A`1\253\226"
 291      657794FB 
 291      2146DBB7 
 291      95B65D8D 
 291      416031AB 
 292 09bb C5AC60E1 		.ascii	"\305\254`\341\230\311l\217\310l\337T\242O(\321\2232"
 292      98C96C8F 
 292      C86CDF54 
 292      A24F28D1 
 292      9332
 293 09cd F48D85D1 		.ascii	"\364\215\205\321\022\025j|\273\021~O\011\317\236wq\343"
 293      12156A7C 
 293      BB117E4F 
 293      09CF9E77 
 293      71E3
 294 09df 4181C381 		.ascii	"A\201\303\201\336C\346\004%g\236\361\373\262\210_U\032"
 294      DE43E604 
 294      25679EF1 
 294      FBB2885F 
 294      551A
 295 09f1 BF320FDE 		.ascii	"\2772\017\336'\203\227)\341\206y\360N\031\274|a\270"
 295      27839729 
 295      E18679F0 
 295      4E19BC7C 
 295      61B8
 296 0a03 EC3A5639 		.ascii	"\354:V9\310\256c\315\312\353\0301\3253\350\230\035E"
 296      C8AE63CD 
 296      CAEB1831 
 296      D533E898 
 296      1D45
 297 0a15 7608B1D5 		.ascii	"v\010\261\325\240\264U\244\214q\265\314s\245\022\315"
 297      A0B455A4 
 297      8C71B5CC 
 297      73A512CD 
 298 0a25 AE63F274 		.ascii	"\256c\362t7\204\030\323}g\301\305!\263\335 \263]\261"
 298      378418D3 
 298      7D67C1C5 
 298      21B3DD20 
 298      B35DB1
 299 0a38 70CCE4D9 		.ascii	"p\314\344\331\226\241/-\274\246\347DX\2668n-<\315Y\342"
ARM GAS  C:\Users\SevenI7\AppData\Local\Temp\ccNZriM1.s 			page 24


 299      96A12F2D 
 299      BCA6E744 
 299      58B6386E 
 299      2D3CCD59 
 300 0a4d A412F074 		.ascii	"\244\022\360t_\204t\027s\270t\274\240\3029\227\275\372"
 300      5F847417 
 300      73B874BC 
 300      A0C23997 
 300      BDFA
 301 0a5f F6EFEAD5 		.ascii	"\366\357\352\325\270\210\326$\241\365\361\2718k\345"
 301      B888D624 
 301      A1F5F1B9 
 301      386BE5
 302 0a6e 654FDAF2 		.ascii	"eO\332\362h\030v\372\377c\327\263\274OO\230\223\313"
 302      681876FA 
 302      FF63D7B3 
 302      BC4F4F98 
 302      93CB
 303 0a80 E010381C 		.ascii	"\340\0208\0344^\006\233\245\313`NO\347\025\265\3742"
 303      345E069B 
 303      A5CB604E 
 303      4FE715B5 
 303      FC32
 304 0a92 3834E732 		.ascii	"84\34728\302/\203#\3642\230t\343V\214\200\015\254Jg"
 304      38C22F83 
 304      23F43298 
 304      74E3568C 
 304      800DAC4A 
 305 0aa7 F7D65DE7 		.ascii	"\367\326]\347\247\344[\344\3771\373\373\343\021+\322"
 305      A7E45BE4 
 305      FF31FBFB 
 305      E3112BD2 
 306 0ab7 BDA4681F 		.ascii	"\275\244h\037\252\033M\266\302\365\014{\276\364\351"
 306      AA1B4DB6 
 306      C2F50C7B 
 306      BEF4E9
 307 0ac6 2A06253F 		.ascii	"*\006%?\020[\343Z\232\221\311c\353\205tl\215\263c\253"
 307      105BE35A 
 307      9A91C963 
 307      EB85746C 
 307      8DB363AB 
 308 0ada F145E924 		.ascii	"\361E\351$\374\264\245\206\324'\242~\030R#g'\004p\304"
 308      FCB4A586 
 308      D427A27E 
 308      18522367 
 308      270470C4 
 309 0aee FEA344FE 		.ascii	"\376\243D\376\027\256B\257`mM\010X\372\017{\252\010"
 309      17AE42AF 
 309      606D4D08 
 309      58FA0F7B 
 309      AA08
 310 0b00 E687FE45 		.ascii	"\346\207\376E\232\341\273\206\276\027\370\337\322$\204"
 310      9AE1BB86 
 310      BE17F8DF 
 310      D22484
 311 0b0f FF15F537 		.ascii	"\377\025\3657\005\331y\311\034ff^\272\213\344'\037\261"
 311      05D979C9 
ARM GAS  C:\Users\SevenI7\AppData\Local\Temp\ccNZriM1.s 			page 25


 311      1C66665E 
 311      BA8BE427 
 311      1FB1
 312 0b21 3D06FDCF 		.ascii	"=\006\375\317h\306\247\351\311\367B:\371\362\323\253"
 312      68C6A7E9 
 312      C9F7423A 
 312      F9F2D3AB 
 313 0b31 262CADB8 		.ascii	"&,\255\270\355\230\377d;o$wj\316\251:\363:\333;\353"
 313      ED98FF64 
 313      3B6F2477 
 313      6ACEA93A 
 313      F33ADB3B 
 314 0b46 1EC79BBD 		.ascii	"\036\307\233\275\235#\3364\210\206\321Z\267\264H\203"
 314      9D23DE34 
 314      8886D15A 
 314      B7B44883 
 315 0b56 18F50112 		.ascii	"\030\365\001\022\261\003z\016\251\254C\313dCG\241\345"
 315      B1037A0E 
 315      A9AC43CB 
 315      644347A1 
 315      E5
 316 0b67 EF820A45 		.ascii	"\357\202\012E\340\267U\213\202\377\031\340\267.\330"
 316      E0B7558B 
 316      82FF19E0 
 316      B72ED8
 317 0b76 7773A07E 		.ascii	"ws\240~\223\336/<$t\225\213\213+\374\371m\011\330\034"
 317      93DE2F3C 
 317      2474958B 
 317      8B2BFCF9 
 317      6D09D81C 
 318 0b8a 1012B6F2 		.ascii	"\020\022\266\362\017+]C\302\\\267\370\006\272~\023\022"
 318      0F2B5D43 
 318      C25CB7F8 
 318      06BA7E13 
 318      12
 319 0b9b 1A1EE6EA 		.ascii	"\032\036\346\352\027\022\024\024\022\354\352\256\333"
 319      17121414 
 319      12ECEAAE 
 319      DB
 320 0ba8 A8DDB8CD 		.ascii	"\250\335\270\315\225\014v\361\323\374\345\243O\227j"
 320      950C76F1 
 320      D3FCE5A3 
 320      4F976A
 321 0bb7 57AE5459 		.ascii	"W\256TY\371\370l\015\010\016_\275\312'\374\013\277?"
 321      F9F86C0D 
 321      080E5FBD 
 321      CA27FC0B 
 321      BF3F
 322 0bc9 7A531B61 		.ascii	"zS\033a\341[\375\003B\274\303CB\002\303\274\277\014"
 322      E15BFD03 
 322      42BCC343 
 322      4202C3BC 
 322      BF0C
 323 0bdb DEBA947E 		.ascii	"\336\272\224~[\352\033\032\264T\037\264Y\357\357\257"
 323      5BEA1B1A 
 323      B4541FB4 
 323      59EFEFAF 
ARM GAS  C:\Users\SevenI7\AppData\Local\Temp\ccNZriM1.s 			page 26


 324 0beb F7F75EE3 		.ascii	"\367\367^\343\342\266t\225\333\3125\377x\327\033\332"
 324      E2B67495 
 324      DBCA35FF 
 324      78D71BDA 
 325 0bfb DF090E09 		.ascii	"\337\011\016\011\326\277\243\367\335\034\340\035\020"
 325      D6BFA3F7 
 325      DD1CE01D 
 325      10
 326 0c08 EC17B8D5 		.ascii	"\354\027\270\325_\357\035\344\013\266\202\365\336>\376"
 326      5FEF1DE4 
 326      0BB682F5 
 326      DE3EFE
 327 0c17 FA2F7CB7 		.ascii	"\372/|\267\006\206\373\204o\377F\037\346\262E\245\221"
 327      0686FB84 
 327      6FFF461F 
 327      E6B245A5 
 327      91
 328 0c28 FCFDED7F 		.ascii	"\374\375\355\177\352/l{\230\267OX\270?\030\007'\253"
 328      EA2F6C7B 
 328      98B74F58 
 328      B83F1807 
 328      27AB
 329 0c3a FFFB90A8 		.ascii	"\377\373\220\250~A\336k\003\302\214\201u\"-^\372p\257"
 329      7E41DE6B 
 329      03C28C81 
 329      75222D5E 
 329      FA70AF
 330 0c4d ED61E1FA 		.ascii	"\355a\341\372\240\015\276\301\376\201\372P\317\320\200"
 330      A00DBEC1 
 330      FE81FA50 
 330      CFD080
 331 0c5c 90D080F0 		.ascii	"\220\320\200\360\3554\015\332@\275o\250\247>\030\334"
 331      ED340DDA 
 331      40BD6FA8 
 331      A73E18DC 
 332 0c6c 7E69A95B 		.ascii	"~i\251[\347\265N\267i\335\332\337\013\036\236\226,\256"
 332      E7B54EB7 
 332      69DDDADF 
 332      0B1E9E96 
 332      2CAE
 333 0c7e EFFB845B 		.ascii	"\357\373\204[\360\367l\367\273j\017\367\017u\263\352"
 333      F0F76CF7 
 333      BB6A0FF7 
 333      0F75B3EA 
 334 0c8e 6AB587D6 		.ascii	"j\265\207\326\323\250\256R{xy\3524:\246\255\204\316"
 334      D3A8AE52 
 334      7B7879EA 
 334      343AA6AD 
 334      84CE
 335 0ca0 75C64E37 		.ascii	"u\306N7\350\\\247S{}\342\241s_h\206|^\372m\341dn\256"
 335      E85CA753 
 335      7B7DE2A1 
 335      735F6886 
 335      7C5EFA6D 
 336 0cb8 DA8D5E1E 		.ascii	"\332\215^\036^\256\332\220P\275\253\007\013\023 B\365"
 336      5EAEDA90 
 336      50BDAB07 
ARM GAS  C:\Users\SevenI7\AppData\Local\Temp\ccNZriM1.s 			page 27


 336      0B132042 
 336      F5
 337 0cc9 3E7E41EF 		.ascii	">~A\357B\214,?\332\344\241\365\371\004\322\002V\335"
 337      428C2C3F 
 337      DAE4A1F5 
 337      F904D202 
 337      56DD
 338 0cdb 75EA8D1B 		.ascii	"u\352\215\033\327\353\260\373Z\035^\013o\317\365:\265"
 338      D7EBB0FB 
 338      5A1D5E0B 
 338      6FCFF53A 
 338      B5
 339 0cec FB7A2F9D 		.ascii	"\373z/\235\372\303\365\356:3\350\002\300Z\242o \037"
 339      FAC3F5EE 
 339      3A33E802 
 339      C05AA26F 
 339      201F
 340 0cfe 5AF830F3 		.ascii	"Z\3700\363\332\240\365\322a\257\015\236X\253\205\267"
 340      DAA0F5D2 
 340      61AF0D9E 
 340      58AB85B7 
 341 0d0e 5667E6EE 		.ascii	"Vg\346\356\241\323\352\324\233>\371X\007\264\001\241"
 341      A1D3EAD4 
 341      9B3EF958 
 341      07B401A1 
 342 0d1e F5FCD463 		.ascii	"\365\374\324c-|\272ku\032/\355\207\324\227\255\217\317"
 342      2D7CBA6B 
 342      751A2FED 
 342      87D497AD 
 342      8FCF
 343 0d30 175B83FD 		.ascii	"\027[\203\375||\\\326\274\347\366\236F\322\324~[|C\377"
 343      7C7C5CD6 
 343      BCE7F69E 
 343      46D2D47E 
 343      5B7C43FF 
 344 0d44 0DF70921 		.ascii	"\015\367\011!\211"
 344      89
 345              		.text
 346              		.section	.gnu.lto_.symtab.1d35141,"",%progbits
 347 0000 6E766963 		.ascii	"nvicEnableVector\000"
 347      456E6162 
 347      6C655665 
 347      63746F72 
 347      00
 348 0011 00       		.ascii	"\000"
 349 0012 00       		.ascii	"\000"
 350 0013 00       		.ascii	"\000"
 351 0014 00000000 		.ascii	"\000\000\000\000\000\000\000\000"
 351      00000000 
 352 001c C7000000 		.ascii	"\307\000\000\000"
 353 0020 6E766963 		.ascii	"nvicDisableVector\000"
 353      44697361 
 353      626C6556 
 353      6563746F 
 353      7200
 354 0032 00       		.ascii	"\000"
 355 0033 00       		.ascii	"\000"
ARM GAS  C:\Users\SevenI7\AppData\Local\Temp\ccNZriM1.s 			page 28


 356 0034 00       		.ascii	"\000"
 357 0035 00000000 		.ascii	"\000\000\000\000\000\000\000\000"
 357      00000000 
 358 003d CB000000 		.ascii	"\313\000\000\000"
 359 0041 6E766963 		.ascii	"nvicSetSystemHandlerPriority\000"
 359      53657453 
 359      79737465 
 359      6D48616E 
 359      646C6572 
 360 005e 00       		.ascii	"\000"
 361 005f 00       		.ascii	"\000"
 362 0060 00       		.ascii	"\000"
 363 0061 00000000 		.ascii	"\000\000\000\000\000\000\000\000"
 363      00000000 
 364 0069 CD000000 		.ascii	"\315\000\000\000"
 365 006d 6E766963 		.ascii	"nvicClearPending\000"
 365      436C6561 
 365      7250656E 
 365      64696E67 
 365      00
 366 007e 00       		.ascii	"\000"
 367 007f 00       		.ascii	"\000"
 368 0080 00       		.ascii	"\000"
 369 0081 00000000 		.ascii	"\000\000\000\000\000\000\000\000"
 369      00000000 
 370 0089 CF000000 		.ascii	"\317\000\000\000"
 371              		.text
 372              		.section	.gnu.lto_.opts,"",%progbits
 373 0000 272D666D 		.ascii	"'-fmath-errno' '-fsigned-zeros' '-ftrapping-math' '"
 373      6174682D 
 373      6572726E 
 373      6F272027 
 373      2D667369 
 374 0033 2D666E6F 		.ascii	"-fno-trapv' '-fno-strict-overflow' '-fno-openmp' '-"
 374      2D747261 
 374      70762720 
 374      272D666E 
 374      6F2D7374 
 375 0066 666E6F2D 		.ascii	"fno-openacc' '-mcpu=cortex-m4' '-mthumb' '-O0' '-fo"
 375      6F70656E 
 375      61636327 
 375      20272D6D 
 375      6370753D 
 376 0099 6D69742D 		.ascii	"mit-frame-pointer' '-falign-functions=16' '-ffuncti"
 376      6672616D 
 376      652D706F 
 376      696E7465 
 376      72272027 
 377 00cc 6F6E2D73 		.ascii	"on-sections' '-fdata-sections' '-fno-common' '-flto"
 377      65637469 
 377      6F6E7327 
 377      20272D66 
 377      64617461 
 378 00ff 2700     		.ascii	"'\000"
 379              		.text
 380              		.comm	__gnu_lto_v1,1,1
 381              		.comm	__gnu_lto_slim,1,1
ARM GAS  C:\Users\SevenI7\AppData\Local\Temp\ccNZriM1.s 			page 29


 382              		.ident	"GCC: (GNU Tools for Arm Embedded Processors 7-2017-q4-major) 7.2.1 20170904 (release) [ARM
ARM GAS  C:\Users\SevenI7\AppData\Local\Temp\ccNZriM1.s 			page 30


DEFINED SYMBOLS
                            *ABS*:00000000 nvic.c
                            *COM*:00000001 __gnu_lto_v1
                            *COM*:00000001 __gnu_lto_slim

NO UNDEFINED SYMBOLS
